#
# There is insufficient memory for the Java Runtime Environment to continue.
# Native memory allocation (malloc) failed to allocate 1182976 bytes for Chunk::new
# Possible reasons:
#   The system is out of physical RAM or swap space
#   The process is running with CompressedOops enabled, and the Java Heap may be blocking the growth of the native heap
# Possible solutions:
#   Reduce memory load on the system
#   Increase physical memory or swap space
#   Check if swap backing store is full
#   Decrease Java heap size (-Xmx/-Xms)
#   Decrease number of Java threads
#   Decrease Java thread stack sizes (-Xss)
#   Set larger code cache with -XX:ReservedCodeCacheSize=
#   JVM is running with Unscaled Compressed Oops mode in which the Java heap is
#     placed in the first 4GB address space. The Java Heap base address is the
#     maximum limit for the native heap growth. Please use -XX:HeapBaseMinAddress
#     to set the Java Heap base and to place the Java Heap above 4GB virtual address.
# This output file may be truncated or incomplete.
#
#  Out of Memory Error (arena.cpp:189), pid=11148, tid=17224
#
# JRE version: OpenJDK Runtime Environment (17.0.6) (build 17.0.6+0-b2043.56-10027231)
# Java VM: OpenJDK 64-Bit Server VM (17.0.6+0-b2043.56-10027231, mixed mode, tiered, compressed oops, compressed class ptrs, g1 gc, windows-amd64)
# No core dump will be written. Minidumps are not enabled by default on client versions of Windows
#

---------------  S U M M A R Y ------------

Command Line: --add-opens=java.base/java.util=ALL-UNNAMED --add-opens=java.base/java.lang=ALL-UNNAMED --add-opens=java.base/java.lang.invoke=ALL-UNNAMED --add-opens=java.prefs/java.util.prefs=ALL-UNNAMED --add-opens=java.base/java.nio.charset=ALL-UNNAMED --add-opens=java.base/java.net=ALL-UNNAMED --add-opens=java.base/java.util.concurrent.atomic=ALL-UNNAMED -Xmx2048m -Dfile.encoding=UTF-8 -Duser.country=GB -Duser.language=en -Duser.variant org.gradle.launcher.daemon.bootstrap.GradleDaemon 8.0

Host: Intel(R) Core(TM) i5-10210U CPU @ 1.60GHz, 8 cores, 7G,  Windows 11 , 64 bit Build 22621 (10.0.22621.2070)
Time: Thu Aug 31 22:48:42 2023 Mauritius Standard Time elapsed time: 14.167270 seconds (0d 0h 0m 14s)

---------------  T H R E A D  ---------------

Current thread (0x000001642e432960):  JavaThread "C2 CompilerThread0" daemon [_thread_in_native, id=17224, stack(0x0000002af5800000,0x0000002af5900000)]


Current CompileTask:
C2:  14167 8579       4       java.beans.Introspector::addMethod (196 bytes)

Stack: [0x0000002af5800000,0x0000002af5900000]
Native frames: (J=compiled Java code, j=interpreted, Vv=VM code, C=native code)
V  [jvm.dll+0x683c9a]
V  [jvm.dll+0x8427a4]
V  [jvm.dll+0x843f9e]
V  [jvm.dll+0x844603]
V  [jvm.dll+0x249b75]
V  [jvm.dll+0xabcac]
V  [jvm.dll+0xac27c]
V  [jvm.dll+0x2b0eef]
V  [jvm.dll+0x58a267]
V  [jvm.dll+0x2243b2]
V  [jvm.dll+0x22478f]
V  [jvm.dll+0x21e055]
V  [jvm.dll+0x21b51b]
V  [jvm.dll+0x1a4fdd]
V  [jvm.dll+0x22b098]
V  [jvm.dll+0x229159]
V  [jvm.dll+0x7f81ec]
V  [jvm.dll+0x7f274a]
V  [jvm.dll+0x682ad5]
C  [ucrtbase.dll+0x29363]
C  [KERNEL32.DLL+0x126ad]
C  [ntdll.dll+0x5aa68]


---------------  P R O C E S S  ---------------

Threads class SMR info:
_java_thread_list=0x0000016432afb6b0, length=126, elements={
0x0000016413cc7ab0, 0x000001642e413260, 0x000001642db01550, 0x000001642db17ee0,
0x000001642db18a90, 0x000001642db1dda0, 0x000001642e42d000, 0x000001642e432960,
0x000001642e4340d0, 0x000001642e438ad0, 0x000001642e5c9240, 0x000001642e5c9710,
0x000001642f938640, 0x000001642fafa140, 0x0000016430023c90, 0x000001642ff74ee0,
0x00000164300421b0, 0x0000016430042680, 0x000001642ff9a840, 0x0000016430c973b0,
0x0000016430c96540, 0x0000016430c96a10, 0x0000016430c97880, 0x0000016430c97d50,
0x0000016430c98bc0, 0x0000016430c96070, 0x0000016430c96ee0, 0x0000016430c98220,
0x0000016430c99090, 0x0000016430c99560, 0x0000016430c99a30, 0x0000016430c986f0,
0x000001642f355e10, 0x000001642f353790, 0x000001642f357150, 0x000001642f355940,
0x000001642f3567b0, 0x000001642f358960, 0x000001642f359300, 0x000001642f354fa0,
0x000001642f355470, 0x000001642f357fc0, 0x000001642f356c80, 0x000001642f35a170,
0x000001642f358490, 0x000001642f357620, 0x000001642f353c60, 0x000001642f358e30,
0x000001642f359ca0, 0x000001642f35a640, 0x000001642f3532c0, 0x000001642f354130,
0x000001642f354600, 0x00000164333eab80, 0x00000164333e8030, 0x00000164333e9840,
0x00000164333e9d10, 0x00000164333e6350, 0x00000164333ec860, 0x00000164333edba0,
0x00000164333ea1e0, 0x00000164333e8500, 0x00000164333e7690, 0x00000164333eb520,
0x00000164333e6820, 0x00000164333ebec0, 0x00000164333ea6b0, 0x00000164333eb050,
0x00000164333e6cf0, 0x00000164333e7b60, 0x00000164333eb9f0, 0x00000164333ec390,
0x00000164333e71c0, 0x00000164333e89d0, 0x00000164333e8ea0, 0x00000164333e9370,
0x00000164333ecd30, 0x00000164333ed200, 0x00000164333ed6d0, 0x00000164316dbb20,
0x00000164316dacb0, 0x00000164316d94a0, 0x00000164316ddcd0, 0x00000164316de1a0,
0x00000164316d8630, 0x00000164316dd800, 0x00000164316db180, 0x00000164316db650,
0x00000164316de670, 0x00000164316da310, 0x00000164316deb40, 0x00000164316d7c90,
0x00000164316dbff0, 0x00000164316df4e0, 0x00000164316dc4c0, 0x00000164316dce60,
0x00000164316d8b00, 0x00000164316dc990, 0x00000164316d8160, 0x00000164316dd330,
0x00000164316d8fd0, 0x00000164316d9970, 0x00000164316d9e40, 0x00000164316df010,
0x00000164316da7e0, 0x0000016433516c30, 0x0000016433517100, 0x00000164335158f0,
0x0000016433518de0, 0x0000016433517aa0, 0x0000016433515dc0, 0x00000164335175d0,
0x0000016433515420, 0x0000016433517f70, 0x0000016433518910, 0x0000016433518440,
0x00000164335192b0, 0x00000164335145b0, 0x000001643351a120, 0x0000016433512da0,
0x0000016433519780, 0x0000016433514a80, 0x0000016433514f50, 0x0000016432b48d70,
0x0000016433516290, 0x0000016433519c50
}

Java Threads: ( => current thread )
  0x0000016413cc7ab0 JavaThread "main" [_thread_blocked, id=2512, stack(0x0000002af4b00000,0x0000002af4c00000)]
  0x000001642e413260 JavaThread "Reference Handler" daemon [_thread_blocked, id=18720, stack(0x0000002af5200000,0x0000002af5300000)]
  0x000001642db01550 JavaThread "Finalizer" daemon [_thread_blocked, id=20440, stack(0x0000002af5300000,0x0000002af5400000)]
  0x000001642db17ee0 JavaThread "Signal Dispatcher" daemon [_thread_blocked, id=5464, stack(0x0000002af5400000,0x0000002af5500000)]
  0x000001642db18a90 JavaThread "Attach Listener" daemon [_thread_blocked, id=19452, stack(0x0000002af5500000,0x0000002af5600000)]
  0x000001642db1dda0 JavaThread "Service Thread" daemon [_thread_blocked, id=18116, stack(0x0000002af5600000,0x0000002af5700000)]
  0x000001642e42d000 JavaThread "Monitor Deflation Thread" daemon [_thread_blocked, id=19332, stack(0x0000002af5700000,0x0000002af5800000)]
=>0x000001642e432960 JavaThread "C2 CompilerThread0" daemon [_thread_in_native, id=17224, stack(0x0000002af5800000,0x0000002af5900000)]
  0x000001642e4340d0 JavaThread "C1 CompilerThread0" daemon [_thread_blocked, id=3168, stack(0x0000002af5900000,0x0000002af5a00000)]
  0x000001642e438ad0 JavaThread "Sweeper thread" daemon [_thread_blocked, id=16472, stack(0x0000002af5a00000,0x0000002af5b00000)]
  0x000001642e5c9240 JavaThread "Common-Cleaner" daemon [_thread_blocked, id=18636, stack(0x0000002af5b00000,0x0000002af5c00000)]
  0x000001642e5c9710 JavaThread "Notification Thread" daemon [_thread_blocked, id=9928, stack(0x0000002af5c00000,0x0000002af5d00000)]
  0x000001642f938640 JavaThread "Daemon health stats" [_thread_blocked, id=17796, stack(0x0000002af6200000,0x0000002af6300000)]
  0x000001642fafa140 JavaThread "Incoming local TCP Connector on port 63841" [_thread_in_native, id=14176, stack(0x0000002af6300000,0x0000002af6400000)]
  0x0000016430023c90 JavaThread "Daemon periodic checks" [_thread_blocked, id=9776, stack(0x0000002af6400000,0x0000002af6500000)]
  0x000001642ff74ee0 JavaThread "Daemon" [_thread_blocked, id=13536, stack(0x0000002af6500000,0x0000002af6600000)]
  0x00000164300421b0 JavaThread "Handler for socket connection from /127.0.0.1:63841 to /127.0.0.1:63842" [_thread_in_native, id=18340, stack(0x0000002af6600000,0x0000002af6700000)]
  0x0000016430042680 JavaThread "Cancel handler" [_thread_blocked, id=19980, stack(0x0000002af6700000,0x0000002af6800000)]
  0x000001642ff9a840 JavaThread "Daemon worker" [_thread_in_Java, id=5228, stack(0x0000002af6800000,0x0000002af6900000)]
  0x0000016430c973b0 JavaThread "Asynchronous log dispatcher for DefaultDaemonConnection: socket connection from /127.0.0.1:63841 to /127.0.0.1:63842" [_thread_blocked, id=14540, stack(0x0000002af6900000,0x0000002af6a00000)]
  0x0000016430c96540 JavaThread "Stdin handler" [_thread_blocked, id=15568, stack(0x0000002af6a00000,0x0000002af6b00000)]
  0x0000016430c96a10 JavaThread "Daemon client event forwarder" [_thread_blocked, id=14500, stack(0x0000002af6b00000,0x0000002af6c00000)]
  0x0000016430c97880 JavaThread "Cache worker for journal cache (C:\Users\varda maghoo\.gradle\caches\journal-1)" [_thread_blocked, id=1672, stack(0x0000002af7000000,0x0000002af7100000)]
  0x0000016430c97d50 JavaThread "File lock request listener" [_thread_in_native, id=5220, stack(0x0000002af7100000,0x0000002af7200000)]
  0x0000016430c98bc0 JavaThread "Cache worker for file hash cache (C:\Users\varda maghoo\.gradle\caches\8.0\fileHashes)" [_thread_blocked, id=15760, stack(0x0000002af7200000,0x0000002af7300000)]
  0x0000016430c96070 JavaThread "File watcher server" daemon [_thread_in_native, id=19960, stack(0x0000002af7400000,0x0000002af7500000)]
  0x0000016430c96ee0 JavaThread "File watcher consumer" daemon [_thread_blocked, id=4428, stack(0x0000002af7500000,0x0000002af7600000)]
  0x0000016430c98220 JavaThread "Cache worker for checksums cache (C:\Users\varda maghoo\AS projects\Firebase\.gradle\8.0\checksums)" [_thread_blocked, id=14636, stack(0x0000002af7300000,0x0000002af7400000)]
  0x0000016430c99090 JavaThread "Cache worker for cache directory md-rule (C:\Users\varda maghoo\.gradle\caches\8.0\md-rule)" [_thread_blocked, id=19772, stack(0x0000002af7600000,0x0000002af7700000)]
  0x0000016430c99560 JavaThread "Cache worker for file content cache (C:\Users\varda maghoo\.gradle\caches\8.0\fileContent)" [_thread_blocked, id=17816, stack(0x0000002af7700000,0x0000002af7800000)]
  0x0000016430c99a30 JavaThread "Cache worker for file hash cache (C:\Users\varda maghoo\AS projects\Firebase\.gradle\8.0\fileHashes)" [_thread_blocked, id=8216, stack(0x0000002af7800000,0x0000002af7900000)]
  0x0000016430c986f0 JavaThread "Cache worker for cache directory md-supplier (C:\Users\varda maghoo\.gradle\caches\8.0\md-supplier)" [_thread_blocked, id=13564, stack(0x0000002af7900000,0x0000002af7a00000)]
  0x000001642f355e10 JavaThread "Cache worker for execution history cache (C:\Users\varda maghoo\.gradle\caches\8.0\executionHistory)" [_thread_blocked, id=12712, stack(0x0000002af7a00000,0x0000002af7b00000)]
  0x000001642f353790 JavaThread "jar transforms" [_thread_blocked, id=19444, stack(0x0000002af7b00000,0x0000002af7c00000)]
  0x000001642f357150 JavaThread "jar transforms Thread 2" [_thread_blocked, id=7820, stack(0x0000002af7c00000,0x0000002af7d00000)]
  0x000001642f355940 JavaThread "jar transforms Thread 3" [_thread_blocked, id=8908, stack(0x0000002af7d00000,0x0000002af7e00000)]
  0x000001642f3567b0 JavaThread "jar transforms Thread 4" [_thread_blocked, id=15416, stack(0x0000002af7e00000,0x0000002af7f00000)]
  0x000001642f358960 JavaThread "Cache worker for dependencies-accessors (C:\Users\varda maghoo\AS projects\Firebase\.gradle\8.0\dependencies-accessors)" [_thread_blocked, id=13908, stack(0x0000002af7f00000,0x0000002af8000000)]
  0x000001642f359300 JavaThread "jar transforms Thread 5" [_thread_blocked, id=16492, stack(0x0000002af8000000,0x0000002af8100000)]
  0x000001642f354fa0 JavaThread "Cache worker for Build Output Cleanup Cache (C:\Users\varda maghoo\AS projects\Firebase\.gradle\buildOutputCleanup)" [_thread_blocked, id=3856, stack(0x0000002af8100000,0x0000002af8200000)]
  0x000001642f355470 JavaThread "Unconstrained build operations" [_thread_blocked, id=18856, stack(0x0000002af8200000,0x0000002af8300000)]
  0x000001642f357fc0 JavaThread "Unconstrained build operations Thread 2" [_thread_blocked, id=11752, stack(0x0000002af8300000,0x0000002af8400000)]
  0x000001642f356c80 JavaThread "Unconstrained build operations Thread 3" [_thread_blocked, id=18624, stack(0x0000002af8400000,0x0000002af8500000)]
  0x000001642f35a170 JavaThread "Unconstrained build operations Thread 4" [_thread_blocked, id=14244, stack(0x0000002af8500000,0x0000002af8600000)]
  0x000001642f358490 JavaThread "Unconstrained build operations Thread 5" [_thread_blocked, id=19248, stack(0x0000002af8600000,0x0000002af8700000)]
  0x000001642f357620 JavaThread "Unconstrained build operations Thread 6" [_thread_blocked, id=3324, stack(0x0000002af8700000,0x0000002af8800000)]
  0x000001642f353c60 JavaThread "Unconstrained build operations Thread 7" [_thread_blocked, id=20360, stack(0x0000002af8800000,0x0000002af8900000)]
  0x000001642f358e30 JavaThread "Unconstrained build operations Thread 8" [_thread_blocked, id=17256, stack(0x0000002af8900000,0x0000002af8a00000)]
  0x000001642f359ca0 JavaThread "Unconstrained build operations Thread 9" [_thread_blocked, id=20352, stack(0x0000002af8a00000,0x0000002af8b00000)]
  0x000001642f35a640 JavaThread "Unconstrained build operations Thread 10" [_thread_blocked, id=10640, stack(0x0000002af8b00000,0x0000002af8c00000)]
  0x000001642f3532c0 JavaThread "Unconstrained build operations Thread 11" [_thread_blocked, id=8536, stack(0x0000002af8c00000,0x0000002af8d00000)]
  0x000001642f354130 JavaThread "Unconstrained build operations Thread 12" [_thread_blocked, id=8116, stack(0x0000002af8d00000,0x0000002af8e00000)]
  0x000001642f354600 JavaThread "Unconstrained build operations Thread 13" [_thread_blocked, id=18456, stack(0x0000002af8e00000,0x0000002af8f00000)]
  0x00000164333eab80 JavaThread "Unconstrained build operations Thread 14" [_thread_blocked, id=17576, stack(0x0000002af8f00000,0x0000002af9000000)]
  0x00000164333e8030 JavaThread "Unconstrained build operations Thread 15" [_thread_blocked, id=3312, stack(0x0000002af9000000,0x0000002af9100000)]
  0x00000164333e9840 JavaThread "Unconstrained build operations Thread 16" [_thread_blocked, id=19184, stack(0x0000002af9100000,0x0000002af9200000)]
  0x00000164333e9d10 JavaThread "Unconstrained build operations Thread 17" [_thread_blocked, id=16456, stack(0x0000002af9200000,0x0000002af9300000)]
  0x00000164333e6350 JavaThread "Unconstrained build operations Thread 18" [_thread_blocked, id=19920, stack(0x0000002af9300000,0x0000002af9400000)]
  0x00000164333ec860 JavaThread "Unconstrained build operations Thread 19" [_thread_blocked, id=8284, stack(0x0000002af9400000,0x0000002af9500000)]
  0x00000164333edba0 JavaThread "Unconstrained build operations Thread 20" [_thread_blocked, id=20192, stack(0x0000002af9500000,0x0000002af9600000)]
  0x00000164333ea1e0 JavaThread "Unconstrained build operations Thread 21" [_thread_blocked, id=19128, stack(0x0000002af9600000,0x0000002af9700000)]
  0x00000164333e8500 JavaThread "Unconstrained build operations Thread 22" [_thread_blocked, id=16692, stack(0x0000002af9700000,0x0000002af9800000)]
  0x00000164333e7690 JavaThread "Unconstrained build operations Thread 23" [_thread_blocked, id=15124, stack(0x0000002af9800000,0x0000002af9900000)]
  0x00000164333eb520 JavaThread "Unconstrained build operations Thread 24" [_thread_blocked, id=17020, stack(0x0000002af9900000,0x0000002af9a00000)]
  0x00000164333e6820 JavaThread "Unconstrained build operations Thread 25" [_thread_blocked, id=13088, stack(0x0000002af9a00000,0x0000002af9b00000)]
  0x00000164333ebec0 JavaThread "Unconstrained build operations Thread 26" [_thread_blocked, id=11576, stack(0x0000002af9b00000,0x0000002af9c00000)]
  0x00000164333ea6b0 JavaThread "Unconstrained build operations Thread 27" [_thread_blocked, id=18540, stack(0x0000002af9c00000,0x0000002af9d00000)]
  0x00000164333eb050 JavaThread "Unconstrained build operations Thread 28" [_thread_blocked, id=13692, stack(0x0000002af9d00000,0x0000002af9e00000)]
  0x00000164333e6cf0 JavaThread "Unconstrained build operations Thread 29" [_thread_blocked, id=17260, stack(0x0000002af9e00000,0x0000002af9f00000)]
  0x00000164333e7b60 JavaThread "Unconstrained build operations Thread 30" [_thread_blocked, id=15676, stack(0x0000002af9f00000,0x0000002afa000000)]
  0x00000164333eb9f0 JavaThread "Unconstrained build operations Thread 31" [_thread_blocked, id=356, stack(0x0000002afa000000,0x0000002afa100000)]
  0x00000164333ec390 JavaThread "Unconstrained build operations Thread 32" [_thread_blocked, id=19052, stack(0x0000002afa100000,0x0000002afa200000)]
  0x00000164333e71c0 JavaThread "Unconstrained build operations Thread 33" [_thread_blocked, id=16312, stack(0x0000002afa200000,0x0000002afa300000)]
  0x00000164333e89d0 JavaThread "Unconstrained build operations Thread 34" [_thread_blocked, id=10940, stack(0x0000002afa300000,0x0000002afa400000)]
  0x00000164333e8ea0 JavaThread "Unconstrained build operations Thread 35" [_thread_blocked, id=11140, stack(0x0000002afa400000,0x0000002afa500000)]
  0x00000164333e9370 JavaThread "Unconstrained build operations Thread 36" [_thread_blocked, id=19024, stack(0x0000002afa500000,0x0000002afa600000)]
  0x00000164333ecd30 JavaThread "Unconstrained build operations Thread 37" [_thread_blocked, id=19496, stack(0x0000002afa600000,0x0000002afa700000)]
  0x00000164333ed200 JavaThread "Unconstrained build operations Thread 38" [_thread_blocked, id=9228, stack(0x0000002afa700000,0x0000002afa800000)]
  0x00000164333ed6d0 JavaThread "Unconstrained build operations Thread 39" [_thread_blocked, id=19620, stack(0x0000002afa800000,0x0000002afa900000)]
  0x00000164316dbb20 JavaThread "Unconstrained build operations Thread 40" [_thread_blocked, id=17980, stack(0x0000002afa900000,0x0000002afaa00000)]
  0x00000164316dacb0 JavaThread "Unconstrained build operations Thread 41" [_thread_blocked, id=20468, stack(0x0000002afaa00000,0x0000002afab00000)]
  0x00000164316d94a0 JavaThread "Unconstrained build operations Thread 42" [_thread_blocked, id=14748, stack(0x0000002afab00000,0x0000002afac00000)]
  0x00000164316ddcd0 JavaThread "Unconstrained build operations Thread 43" [_thread_blocked, id=17588, stack(0x0000002afac00000,0x0000002afad00000)]
  0x00000164316de1a0 JavaThread "Unconstrained build operations Thread 44" [_thread_blocked, id=11040, stack(0x0000002afad00000,0x0000002afae00000)]
  0x00000164316d8630 JavaThread "Unconstrained build operations Thread 45" [_thread_blocked, id=1440, stack(0x0000002afae00000,0x0000002afaf00000)]
  0x00000164316dd800 JavaThread "Unconstrained build operations Thread 46" [_thread_blocked, id=2460, stack(0x0000002afaf00000,0x0000002afb000000)]
  0x00000164316db180 JavaThread "Unconstrained build operations Thread 47" [_thread_blocked, id=18320, stack(0x0000002afb000000,0x0000002afb100000)]
  0x00000164316db650 JavaThread "Unconstrained build operations Thread 48" [_thread_blocked, id=17932, stack(0x0000002afb100000,0x0000002afb200000)]
  0x00000164316de670 JavaThread "Unconstrained build operations Thread 49" [_thread_blocked, id=16468, stack(0x0000002afb200000,0x0000002afb300000)]
  0x00000164316da310 JavaThread "Unconstrained build operations Thread 50" [_thread_blocked, id=16512, stack(0x0000002afb300000,0x0000002afb400000)]
  0x00000164316deb40 JavaThread "Unconstrained build operations Thread 51" [_thread_blocked, id=14792, stack(0x0000002afb400000,0x0000002afb500000)]
  0x00000164316d7c90 JavaThread "Unconstrained build operations Thread 52" [_thread_blocked, id=18476, stack(0x0000002afb500000,0x0000002afb600000)]
  0x00000164316dbff0 JavaThread "Unconstrained build operations Thread 53" [_thread_blocked, id=2744, stack(0x0000002afb600000,0x0000002afb700000)]
  0x00000164316df4e0 JavaThread "Unconstrained build operations Thread 54" [_thread_blocked, id=18724, stack(0x0000002afb700000,0x0000002afb800000)]
  0x00000164316dc4c0 JavaThread "Unconstrained build operations Thread 55" [_thread_blocked, id=15012, stack(0x0000002afb800000,0x0000002afb900000)]
  0x00000164316dce60 JavaThread "Unconstrained build operations Thread 56" [_thread_blocked, id=9304, stack(0x0000002afb900000,0x0000002afba00000)]
  0x00000164316d8b00 JavaThread "Unconstrained build operations Thread 57" [_thread_blocked, id=18912, stack(0x0000002afba00000,0x0000002afbb00000)]
  0x00000164316dc990 JavaThread "Unconstrained build operations Thread 58" [_thread_blocked, id=16096, stack(0x0000002afbb00000,0x0000002afbc00000)]
  0x00000164316d8160 JavaThread "Unconstrained build operations Thread 59" [_thread_blocked, id=17868, stack(0x0000002afbc00000,0x0000002afbd00000)]
  0x00000164316dd330 JavaThread "Unconstrained build operations Thread 60" [_thread_blocked, id=15452, stack(0x0000002afbd00000,0x0000002afbe00000)]
  0x00000164316d8fd0 JavaThread "Unconstrained build operations Thread 61" [_thread_blocked, id=6284, stack(0x0000002afbe00000,0x0000002afbf00000)]
  0x00000164316d9970 JavaThread "Unconstrained build operations Thread 62" [_thread_blocked, id=8220, stack(0x0000002afbf00000,0x0000002afc000000)]
  0x00000164316d9e40 JavaThread "Unconstrained build operations Thread 63" [_thread_blocked, id=15352, stack(0x0000002afc000000,0x0000002afc100000)]
  0x00000164316df010 JavaThread "Unconstrained build operations Thread 64" [_thread_blocked, id=20284, stack(0x0000002afc100000,0x0000002afc200000)]
  0x00000164316da7e0 JavaThread "Unconstrained build operations Thread 65" [_thread_blocked, id=6412, stack(0x0000002afc200000,0x0000002afc300000)]
  0x0000016433516c30 JavaThread "Unconstrained build operations Thread 66" [_thread_blocked, id=17340, stack(0x0000002afc300000,0x0000002afc400000)]
  0x0000016433517100 JavaThread "Unconstrained build operations Thread 67" [_thread_blocked, id=13232, stack(0x0000002afc400000,0x0000002afc500000)]
  0x00000164335158f0 JavaThread "Unconstrained build operations Thread 68" [_thread_blocked, id=12100, stack(0x0000002afc500000,0x0000002afc600000)]
  0x0000016433518de0 JavaThread "Unconstrained build operations Thread 69" [_thread_blocked, id=8000, stack(0x0000002afc600000,0x0000002afc700000)]
  0x0000016433517aa0 JavaThread "Unconstrained build operations Thread 70" [_thread_blocked, id=9932, stack(0x0000002afc700000,0x0000002afc800000)]
  0x0000016433515dc0 JavaThread "Unconstrained build operations Thread 71" [_thread_blocked, id=11156, stack(0x0000002afc800000,0x0000002afc900000)]
  0x00000164335175d0 JavaThread "Unconstrained build operations Thread 72" [_thread_blocked, id=10760, stack(0x0000002afc900000,0x0000002afca00000)]
  0x0000016433515420 JavaThread "Unconstrained build operations Thread 73" [_thread_blocked, id=5032, stack(0x0000002afca00000,0x0000002afcb00000)]
  0x0000016433517f70 JavaThread "Unconstrained build operations Thread 74" [_thread_blocked, id=1404, stack(0x0000002afcb00000,0x0000002afcc00000)]
  0x0000016433518910 JavaThread "Unconstrained build operations Thread 75" [_thread_blocked, id=9260, stack(0x0000002afcc00000,0x0000002afcd00000)]
  0x0000016433518440 JavaThread "Unconstrained build operations Thread 76" [_thread_blocked, id=11624, stack(0x0000002afcd00000,0x0000002afce00000)]
  0x00000164335192b0 JavaThread "Unconstrained build operations Thread 77" [_thread_blocked, id=4616, stack(0x0000002afce00000,0x0000002afcf00000)]
  0x00000164335145b0 JavaThread "Unconstrained build operations Thread 78" [_thread_blocked, id=17384, stack(0x0000002afcf00000,0x0000002afd000000)]
  0x000001643351a120 JavaThread "Unconstrained build operations Thread 79" [_thread_blocked, id=18568, stack(0x0000002afd000000,0x0000002afd100000)]
  0x0000016433512da0 JavaThread "Unconstrained build operations Thread 80" [_thread_blocked, id=14472, stack(0x0000002afd100000,0x0000002afd200000)]
  0x0000016433519780 JavaThread "jar transforms Thread 6" [_thread_blocked, id=11464, stack(0x0000002afd200000,0x0000002afd300000)]
  0x0000016433514a80 JavaThread "jar transforms Thread 7" [_thread_blocked, id=15196, stack(0x0000002afd300000,0x0000002afd400000)]
  0x0000016433514f50 JavaThread "jar transforms Thread 8" [_thread_blocked, id=2384, stack(0x0000002afd400000,0x0000002afd500000)]
  0x0000016432b48d70 JavaThread "C2 CompilerThread1" daemon [_thread_in_native, id=10608, stack(0x0000002afd500000,0x0000002afd600000)]
  0x0000016433516290 JavaThread "build event listener" [_thread_blocked, id=17076, stack(0x0000002afd600000,0x0000002afd700000)]
  0x0000016433519c50 JavaThread "Memory manager" [_thread_blocked, id=17668, stack(0x0000002afd700000,0x0000002afd800000)]

Other Threads:
  0x000001642daffdb0 VMThread "VM Thread" [stack: 0x0000002af5100000,0x0000002af5200000] [id=9048]
  0x000001642e5c9be0 WatcherThread [stack: 0x0000002af5d00000,0x0000002af5e00000] [id=2788]
  0x0000016413d22740 GCTaskThread "GC Thread#0" [stack: 0x0000002af4c00000,0x0000002af4d00000] [id=8224]
  0x000001642fa0b3f0 GCTaskThread "GC Thread#1" [stack: 0x0000002af5e00000,0x0000002af5f00000] [id=19264]
  0x000001642fa0baa0 GCTaskThread "GC Thread#2" [stack: 0x0000002af5f00000,0x0000002af6000000] [id=10020]
  0x000001642f719cc0 GCTaskThread "GC Thread#3" [stack: 0x0000002af6000000,0x0000002af6100000] [id=8436]
  0x000001642fcc1c60 GCTaskThread "GC Thread#4" [stack: 0x0000002af6100000,0x0000002af6200000] [id=2560]
  0x0000016430d6b020 GCTaskThread "GC Thread#5" [stack: 0x0000002af6c00000,0x0000002af6d00000] [id=12924]
  0x0000016430f299d0 GCTaskThread "GC Thread#6" [stack: 0x0000002af6d00000,0x0000002af6e00000] [id=13876]
  0x0000016430f29c80 GCTaskThread "GC Thread#7" [stack: 0x0000002af6e00000,0x0000002af6f00000] [id=11344]
  0x0000016413d337e0 ConcurrentGCThread "G1 Main Marker" [stack: 0x0000002af4d00000,0x0000002af4e00000] [id=16092]
  0x0000016413d34990 ConcurrentGCThread "G1 Conc#0" [stack: 0x0000002af4e00000,0x0000002af4f00000] [id=16260]
  0x0000016430c73f20 ConcurrentGCThread "G1 Conc#1" [stack: 0x0000002af6f00000,0x0000002af7000000] [id=11600]
  0x000001642d9724c0 ConcurrentGCThread "G1 Refine#0" [stack: 0x0000002af4f00000,0x0000002af5000000] [id=19152]
  0x0000016413d8c9d0 ConcurrentGCThread "G1 Service" [stack: 0x0000002af5000000,0x0000002af5100000] [id=15164]

Threads with active compile tasks:
C2 CompilerThread0    14216 8579       4       java.beans.Introspector::addMethod (196 bytes)
C1 CompilerThread0    14216 8643       2       org.codehaus.groovy.reflection.ParameterTypes::correctArguments (79 bytes)
C2 CompilerThread1    14216 8573       4       groovy.lang.MetaClassImpl::inheritInterfaceNewMetaMethods (195 bytes)

VM state: not at safepoint (normal execution)

VM Mutex/Monitor currently owned by a thread: None

Heap address: 0x0000000080000000, size: 2048 MB, Compressed Oops mode: 32-bit

CDS archive(s) not mapped
Compressed class space mapped at: 0x0000000100000000-0x0000000140000000, reserved size: 1073741824
Narrow klass base: 0x0000000000000000, Narrow klass shift: 3, Narrow klass range: 0x140000000

GC Precious Log:
 CPUs: 8 total, 8 available
 Memory: 8025M
 Large Page Support: Disabled
 NUMA Support: Disabled
 Compressed Oops: Enabled (32-bit)
 Heap Region Size: 1M
 Heap Min Capacity: 8M
 Heap Initial Capacity: 126M
 Heap Max Capacity: 2G
 Pre-touch: Disabled
 Parallel Workers: 8
 Concurrent Workers: 2
 Concurrent Refinement Workers: 8
 Periodic GC: Disabled

Heap:
 garbage-first heap   total 246784K, used 118031K [0x0000000080000000, 0x0000000100000000)
  region size 1024K, 51 young (52224K), 3 survivors (3072K)
 Metaspace       used 82614K, committed 83200K, reserved 1122304K
  class space    used 11261K, committed 11520K, reserved 1048576K

Heap Regions: E=young(eden), S=young(survivor), O=old, HS=humongous(starts), HC=humongous(continues), CS=collection set, F=free, OA=open archive, CA=closed archive, TAMS=top-at-mark-start (previous, next)
|   0|0x0000000080000000, 0x0000000080100000, 0x0000000080100000|100%|HS|  |TAMS 0x0000000080100000, 0x0000000080000000| Complete 
|   1|0x0000000080100000, 0x0000000080200000, 0x0000000080200000|100%|HC|  |TAMS 0x0000000080200000, 0x0000000080100000| Complete 
|   2|0x0000000080200000, 0x0000000080300000, 0x0000000080300000|100%|HC|  |TAMS 0x0000000080300000, 0x0000000080200000| Complete 
|   3|0x0000000080300000, 0x0000000080400000, 0x0000000080400000|100%|HC|  |TAMS 0x0000000080400000, 0x0000000080300000| Complete 
|   4|0x0000000080400000, 0x0000000080500000, 0x0000000080500000|100%| O|  |TAMS 0x0000000080500000, 0x0000000080400000| Untracked 
|   5|0x0000000080500000, 0x0000000080600000, 0x0000000080600000|100%| O|  |TAMS 0x0000000080600000, 0x0000000080500000| Untracked 
|   6|0x0000000080600000, 0x0000000080700000, 0x0000000080700000|100%| O|  |TAMS 0x0000000080700000, 0x0000000080600000| Untracked 
|   7|0x0000000080700000, 0x0000000080800000, 0x0000000080800000|100%| O|  |TAMS 0x0000000080800000, 0x0000000080700000| Untracked 
|   8|0x0000000080800000, 0x0000000080900000, 0x0000000080900000|100%| O|  |TAMS 0x0000000080900000, 0x0000000080800000| Untracked 
|   9|0x0000000080900000, 0x0000000080a00000, 0x0000000080a00000|100%| O|  |TAMS 0x0000000080a00000, 0x0000000080900000| Untracked 
|  10|0x0000000080a00000, 0x0000000080b00000, 0x0000000080b00000|100%| O|  |TAMS 0x0000000080b00000, 0x0000000080a00000| Untracked 
|  11|0x0000000080b00000, 0x0000000080c00000, 0x0000000080c00000|100%| O|  |TAMS 0x0000000080c00000, 0x0000000080b00000| Untracked 
|  12|0x0000000080c00000, 0x0000000080d00000, 0x0000000080d00000|100%| O|  |TAMS 0x0000000080d00000, 0x0000000080c00000| Untracked 
|  13|0x0000000080d00000, 0x0000000080e00000, 0x0000000080e00000|100%| O|  |TAMS 0x0000000080e00000, 0x0000000080d00000| Untracked 
|  14|0x0000000080e00000, 0x0000000080f00000, 0x0000000080f00000|100%| O|  |TAMS 0x0000000080f00000, 0x0000000080e00000| Untracked 
|  15|0x0000000080f00000, 0x0000000081000000, 0x0000000081000000|100%| O|  |TAMS 0x0000000081000000, 0x0000000080f00000| Untracked 
|  16|0x0000000081000000, 0x0000000081100000, 0x0000000081100000|100%| O|  |TAMS 0x0000000081100000, 0x0000000081000000| Untracked 
|  17|0x0000000081100000, 0x0000000081200000, 0x0000000081200000|100%| O|  |TAMS 0x0000000081200000, 0x0000000081100000| Untracked 
|  18|0x0000000081200000, 0x0000000081300000, 0x0000000081300000|100%| O|  |TAMS 0x0000000081300000, 0x0000000081200000| Untracked 
|  19|0x0000000081300000, 0x0000000081400000, 0x0000000081400000|100%| O|  |TAMS 0x0000000081400000, 0x0000000081300000| Untracked 
|  20|0x0000000081400000, 0x0000000081500000, 0x0000000081500000|100%| O|  |TAMS 0x0000000081500000, 0x0000000081400000| Untracked 
|  21|0x0000000081500000, 0x0000000081600000, 0x0000000081600000|100%| O|  |TAMS 0x0000000081600000, 0x0000000081500000| Untracked 
|  22|0x0000000081600000, 0x0000000081700000, 0x0000000081700000|100%| O|  |TAMS 0x0000000081700000, 0x0000000081600000| Untracked 
|  23|0x0000000081700000, 0x0000000081800000, 0x0000000081800000|100%| O|  |TAMS 0x0000000081800000, 0x0000000081700000| Untracked 
|  24|0x0000000081800000, 0x0000000081900000, 0x0000000081900000|100%| O|  |TAMS 0x0000000081900000, 0x0000000081800000| Untracked 
|  25|0x0000000081900000, 0x0000000081a00000, 0x0000000081a00000|100%| O|  |TAMS 0x0000000081a00000, 0x0000000081900000| Untracked 
|  26|0x0000000081a00000, 0x0000000081b00000, 0x0000000081b00000|100%| O|  |TAMS 0x0000000081b00000, 0x0000000081a00000| Untracked 
|  27|0x0000000081b00000, 0x0000000081c00000, 0x0000000081c00000|100%| O|  |TAMS 0x0000000081c00000, 0x0000000081b00000| Untracked 
|  28|0x0000000081c00000, 0x0000000081d00000, 0x0000000081d00000|100%| O|  |TAMS 0x0000000081c00000, 0x0000000081c00000| Untracked 
|  29|0x0000000081d00000, 0x0000000081e00000, 0x0000000081e00000|100%|HS|  |TAMS 0x0000000081e00000, 0x0000000081d00000| Complete 
|  30|0x0000000081e00000, 0x0000000081f00000, 0x0000000081f00000|100%| O|  |TAMS 0x0000000081f00000, 0x0000000081e00000| Untracked 
|  31|0x0000000081f00000, 0x0000000082000000, 0x0000000082000000|100%| O|  |TAMS 0x0000000082000000, 0x0000000081f00000| Untracked 
|  32|0x0000000082000000, 0x0000000082100000, 0x0000000082100000|100%|HS|  |TAMS 0x0000000082100000, 0x0000000082000000| Complete 
|  33|0x0000000082100000, 0x0000000082200000, 0x0000000082200000|100%|HS|  |TAMS 0x0000000082200000, 0x0000000082100000| Complete 
|  34|0x0000000082200000, 0x0000000082300000, 0x0000000082300000|100%| O|  |TAMS 0x0000000082300000, 0x0000000082200000| Untracked 
|  35|0x0000000082300000, 0x0000000082400000, 0x0000000082400000|100%| O|  |TAMS 0x0000000082400000, 0x0000000082300000| Untracked 
|  36|0x0000000082400000, 0x0000000082500000, 0x0000000082500000|100%| O|  |TAMS 0x0000000082500000, 0x0000000082400000| Untracked 
|  37|0x0000000082500000, 0x0000000082600000, 0x0000000082600000|100%| O|  |TAMS 0x0000000082600000, 0x0000000082500000| Untracked 
|  38|0x0000000082600000, 0x0000000082700000, 0x0000000082700000|100%| O|  |TAMS 0x0000000082700000, 0x0000000082600000| Untracked 
|  39|0x0000000082700000, 0x0000000082800000, 0x0000000082800000|100%| O|  |TAMS 0x0000000082800000, 0x0000000082700000| Untracked 
|  40|0x0000000082800000, 0x0000000082900000, 0x0000000082900000|100%| O|  |TAMS 0x0000000082900000, 0x0000000082800000| Untracked 
|  41|0x0000000082900000, 0x0000000082a00000, 0x0000000082a00000|100%| O|  |TAMS 0x0000000082a00000, 0x0000000082900000| Untracked 
|  42|0x0000000082a00000, 0x0000000082b00000, 0x0000000082b00000|100%| O|  |TAMS 0x0000000082b00000, 0x0000000082a00000| Untracked 
|  43|0x0000000082b00000, 0x0000000082c00000, 0x0000000082c00000|100%| O|  |TAMS 0x0000000082c00000, 0x0000000082b00000| Untracked 
|  44|0x0000000082c00000, 0x0000000082d00000, 0x0000000082d00000|100%| O|  |TAMS 0x0000000082d00000, 0x0000000082c00000| Untracked 
|  45|0x0000000082d00000, 0x0000000082e00000, 0x0000000082e00000|100%| O|  |TAMS 0x0000000082e00000, 0x0000000082d00000| Untracked 
|  46|0x0000000082e00000, 0x0000000082f00000, 0x0000000082f00000|100%| O|  |TAMS 0x0000000082f00000, 0x0000000082e00000| Untracked 
|  47|0x0000000082f00000, 0x0000000083000000, 0x0000000083000000|100%| O|  |TAMS 0x0000000083000000, 0x0000000082f00000| Untracked 
|  48|0x0000000083000000, 0x0000000083100000, 0x0000000083100000|100%| O|  |TAMS 0x0000000083100000, 0x0000000083000000| Untracked 
|  49|0x0000000083100000, 0x0000000083200000, 0x0000000083200000|100%| O|  |TAMS 0x0000000083200000, 0x0000000083100000| Untracked 
|  50|0x0000000083200000, 0x0000000083300000, 0x0000000083300000|100%| O|  |TAMS 0x0000000083300000, 0x0000000083200000| Untracked 
|  51|0x0000000083300000, 0x0000000083400000, 0x0000000083400000|100%| O|  |TAMS 0x0000000083400000, 0x0000000083300000| Untracked 
|  52|0x0000000083400000, 0x0000000083500000, 0x0000000083500000|100%| O|  |TAMS 0x0000000083500000, 0x0000000083400000| Untracked 
|  53|0x0000000083500000, 0x0000000083600000, 0x0000000083600000|100%| O|  |TAMS 0x0000000083600000, 0x0000000083500000| Untracked 
|  54|0x0000000083600000, 0x0000000083700000, 0x0000000083700000|100%| O|  |TAMS 0x0000000083700000, 0x0000000083600000| Untracked 
|  55|0x0000000083700000, 0x0000000083700000, 0x0000000083800000|  0%| F|  |TAMS 0x0000000083700000, 0x0000000083700000| Untracked 
|  56|0x0000000083800000, 0x0000000083900000, 0x0000000083900000|100%| O|  |TAMS 0x0000000083900000, 0x0000000083800000| Untracked 
|  57|0x0000000083900000, 0x0000000083a00000, 0x0000000083a00000|100%| O|  |TAMS 0x0000000083a00000, 0x0000000083900000| Untracked 
|  58|0x0000000083a00000, 0x0000000083b00000, 0x0000000083b00000|100%| O|  |TAMS 0x0000000083b00000, 0x0000000083a00000| Untracked 
|  59|0x0000000083b00000, 0x0000000083c00000, 0x0000000083c00000|100%| O|  |TAMS 0x0000000083c00000, 0x0000000083b00000| Untracked 
|  60|0x0000000083c00000, 0x0000000083d00000, 0x0000000083d00000|100%| O|  |TAMS 0x0000000083d00000, 0x0000000083c00000| Untracked 
|  61|0x0000000083d00000, 0x0000000083e00000, 0x0000000083e00000|100%| O|  |TAMS 0x0000000083d26800, 0x0000000083d00000| Untracked 
|  62|0x0000000083e00000, 0x0000000083f00000, 0x0000000083f00000|100%| O|  |TAMS 0x0000000083e00000, 0x0000000083e00000| Untracked 
|  63|0x0000000083f00000, 0x0000000084000000, 0x0000000084000000|100%| O|  |TAMS 0x0000000083f00000, 0x0000000083f00000| Untracked 
|  64|0x0000000084000000, 0x0000000084100000, 0x0000000084100000|100%| O|  |TAMS 0x0000000084000000, 0x0000000084000000| Untracked 
|  65|0x0000000084100000, 0x0000000084200000, 0x0000000084200000|100%| O|  |TAMS 0x0000000084100000, 0x0000000084100000| Untracked 
|  66|0x0000000084200000, 0x0000000084274000, 0x0000000084300000| 45%| O|  |TAMS 0x0000000084200000, 0x0000000084200000| Untracked 
|  67|0x0000000084300000, 0x0000000084300000, 0x0000000084400000|  0%| F|  |TAMS 0x0000000084300000, 0x0000000084300000| Untracked 
|  68|0x0000000084400000, 0x0000000084400000, 0x0000000084500000|  0%| F|  |TAMS 0x0000000084400000, 0x0000000084400000| Untracked 
|  69|0x0000000084500000, 0x0000000084500000, 0x0000000084600000|  0%| F|  |TAMS 0x0000000084500000, 0x0000000084500000| Untracked 
|  70|0x0000000084600000, 0x0000000084600000, 0x0000000084700000|  0%| F|  |TAMS 0x0000000084600000, 0x0000000084600000| Untracked 
|  71|0x0000000084700000, 0x0000000084700000, 0x0000000084800000|  0%| F|  |TAMS 0x0000000084700000, 0x0000000084700000| Untracked 
|  72|0x0000000084800000, 0x0000000084800000, 0x0000000084900000|  0%| F|  |TAMS 0x0000000084800000, 0x0000000084800000| Untracked 
|  73|0x0000000084900000, 0x0000000084900000, 0x0000000084a00000|  0%| F|  |TAMS 0x0000000084900000, 0x0000000084900000| Untracked 
|  74|0x0000000084a00000, 0x0000000084a00000, 0x0000000084b00000|  0%| F|  |TAMS 0x0000000084a00000, 0x0000000084a00000| Untracked 
|  75|0x0000000084b00000, 0x0000000084b00000, 0x0000000084c00000|  0%| F|  |TAMS 0x0000000084b00000, 0x0000000084b00000| Untracked 
|  76|0x0000000084c00000, 0x0000000084c00000, 0x0000000084d00000|  0%| F|  |TAMS 0x0000000084c00000, 0x0000000084c00000| Untracked 
|  77|0x0000000084d00000, 0x0000000084d00000, 0x0000000084e00000|  0%| F|  |TAMS 0x0000000084d00000, 0x0000000084d00000| Untracked 
|  78|0x0000000084e00000, 0x0000000084e00000, 0x0000000084f00000|  0%| F|  |TAMS 0x0000000084e00000, 0x0000000084e00000| Untracked 
|  79|0x0000000084f00000, 0x0000000084f00000, 0x0000000085000000|  0%| F|  |TAMS 0x0000000084f00000, 0x0000000084f00000| Untracked 
|  80|0x0000000085000000, 0x0000000085000000, 0x0000000085100000|  0%| F|  |TAMS 0x0000000085000000, 0x0000000085000000| Untracked 
|  81|0x0000000085100000, 0x0000000085100000, 0x0000000085200000|  0%| F|  |TAMS 0x0000000085100000, 0x0000000085100000| Untracked 
|  82|0x0000000085200000, 0x0000000085200000, 0x0000000085300000|  0%| F|  |TAMS 0x0000000085200000, 0x0000000085200000| Untracked 
|  83|0x0000000085300000, 0x0000000085300000, 0x0000000085400000|  0%| F|  |TAMS 0x0000000085300000, 0x0000000085300000| Untracked 
|  84|0x0000000085400000, 0x0000000085400000, 0x0000000085500000|  0%| F|  |TAMS 0x0000000085400000, 0x0000000085400000| Untracked 
|  85|0x0000000085500000, 0x00000000855cfff0, 0x0000000085600000| 81%| S|CS|TAMS 0x0000000085500000, 0x0000000085500000| Complete 
|  86|0x0000000085600000, 0x0000000085700000, 0x0000000085700000|100%| S|CS|TAMS 0x0000000085600000, 0x0000000085600000| Complete 
|  87|0x0000000085700000, 0x0000000085800000, 0x0000000085800000|100%| S|CS|TAMS 0x0000000085700000, 0x0000000085700000| Complete 
|  88|0x0000000085800000, 0x0000000085800000, 0x0000000085900000|  0%| F|  |TAMS 0x0000000085800000, 0x0000000085800000| Untracked 
|  89|0x0000000085900000, 0x0000000085900000, 0x0000000085a00000|  0%| F|  |TAMS 0x0000000085900000, 0x0000000085900000| Untracked 
|  90|0x0000000085a00000, 0x0000000085a00000, 0x0000000085b00000|  0%| F|  |TAMS 0x0000000085a00000, 0x0000000085a00000| Untracked 
|  91|0x0000000085b00000, 0x0000000085b00000, 0x0000000085c00000|  0%| F|  |TAMS 0x0000000085b00000, 0x0000000085b00000| Untracked 
|  92|0x0000000085c00000, 0x0000000085c00000, 0x0000000085d00000|  0%| F|  |TAMS 0x0000000085c00000, 0x0000000085c00000| Untracked 
|  93|0x0000000085d00000, 0x0000000085d00000, 0x0000000085e00000|  0%| F|  |TAMS 0x0000000085d00000, 0x0000000085d00000| Untracked 
|  94|0x0000000085e00000, 0x0000000085e00000, 0x0000000085f00000|  0%| F|  |TAMS 0x0000000085e00000, 0x0000000085e00000| Untracked 
|  95|0x0000000085f00000, 0x0000000085f00000, 0x0000000086000000|  0%| F|  |TAMS 0x0000000085f00000, 0x0000000085f00000| Untracked 
|  96|0x0000000086000000, 0x0000000086000000, 0x0000000086100000|  0%| F|  |TAMS 0x0000000086000000, 0x0000000086000000| Untracked 
|  97|0x0000000086100000, 0x0000000086100000, 0x0000000086200000|  0%| F|  |TAMS 0x0000000086100000, 0x0000000086100000| Untracked 
|  98|0x0000000086200000, 0x0000000086200000, 0x0000000086300000|  0%| F|  |TAMS 0x0000000086200000, 0x0000000086200000| Untracked 
|  99|0x0000000086300000, 0x0000000086300000, 0x0000000086400000|  0%| F|  |TAMS 0x0000000086300000, 0x0000000086300000| Untracked 
| 100|0x0000000086400000, 0x0000000086400000, 0x0000000086500000|  0%| F|  |TAMS 0x0000000086400000, 0x0000000086400000| Untracked 
| 101|0x0000000086500000, 0x0000000086500000, 0x0000000086600000|  0%| F|  |TAMS 0x0000000086500000, 0x0000000086500000| Untracked 
| 102|0x0000000086600000, 0x0000000086600000, 0x0000000086700000|  0%| F|  |TAMS 0x0000000086600000, 0x0000000086600000| Untracked 
| 103|0x0000000086700000, 0x0000000086700000, 0x0000000086800000|  0%| F|  |TAMS 0x0000000086700000, 0x0000000086700000| Untracked 
| 104|0x0000000086800000, 0x0000000086800000, 0x0000000086900000|  0%| F|  |TAMS 0x0000000086800000, 0x0000000086800000| Untracked 
| 105|0x0000000086900000, 0x0000000086900000, 0x0000000086a00000|  0%| F|  |TAMS 0x0000000086900000, 0x0000000086900000| Untracked 
| 106|0x0000000086a00000, 0x0000000086a00000, 0x0000000086b00000|  0%| F|  |TAMS 0x0000000086a00000, 0x0000000086a00000| Untracked 
| 107|0x0000000086b00000, 0x0000000086b00000, 0x0000000086c00000|  0%| F|  |TAMS 0x0000000086b00000, 0x0000000086b00000| Untracked 
| 108|0x0000000086c00000, 0x0000000086c00000, 0x0000000086d00000|  0%| F|  |TAMS 0x0000000086c00000, 0x0000000086c00000| Untracked 
| 109|0x0000000086d00000, 0x0000000086d00000, 0x0000000086e00000|  0%| F|  |TAMS 0x0000000086d00000, 0x0000000086d00000| Untracked 
| 110|0x0000000086e00000, 0x0000000086e00000, 0x0000000086f00000|  0%| F|  |TAMS 0x0000000086e00000, 0x0000000086e00000| Untracked 
| 111|0x0000000086f00000, 0x0000000086f00000, 0x0000000087000000|  0%| F|  |TAMS 0x0000000086f00000, 0x0000000086f00000| Untracked 
| 112|0x0000000087000000, 0x0000000087000000, 0x0000000087100000|  0%| F|  |TAMS 0x0000000087000000, 0x0000000087000000| Untracked 
| 113|0x0000000087100000, 0x0000000087100000, 0x0000000087200000|  0%| F|  |TAMS 0x0000000087100000, 0x0000000087100000| Untracked 
| 114|0x0000000087200000, 0x0000000087200000, 0x0000000087300000|  0%| F|  |TAMS 0x0000000087200000, 0x0000000087200000| Untracked 
| 115|0x0000000087300000, 0x0000000087300000, 0x0000000087400000|  0%| F|  |TAMS 0x0000000087300000, 0x0000000087300000| Untracked 
| 116|0x0000000087400000, 0x0000000087400000, 0x0000000087500000|  0%| F|  |TAMS 0x0000000087400000, 0x0000000087400000| Untracked 
| 117|0x0000000087500000, 0x0000000087500000, 0x0000000087600000|  0%| F|  |TAMS 0x0000000087500000, 0x0000000087500000| Untracked 
| 118|0x0000000087600000, 0x0000000087600000, 0x0000000087700000|  0%| F|  |TAMS 0x0000000087600000, 0x0000000087600000| Untracked 
| 119|0x0000000087700000, 0x0000000087700000, 0x0000000087800000|  0%| F|  |TAMS 0x0000000087700000, 0x0000000087700000| Untracked 
| 120|0x0000000087800000, 0x0000000087800000, 0x0000000087900000|  0%| F|  |TAMS 0x0000000087800000, 0x0000000087800000| Untracked 
| 121|0x0000000087900000, 0x0000000087900000, 0x0000000087a00000|  0%| F|  |TAMS 0x0000000087900000, 0x0000000087900000| Untracked 
| 122|0x0000000087a00000, 0x0000000087a00000, 0x0000000087b00000|  0%| F|  |TAMS 0x0000000087a00000, 0x0000000087a00000| Untracked 
| 123|0x0000000087b00000, 0x0000000087b00000, 0x0000000087c00000|  0%| F|  |TAMS 0x0000000087b00000, 0x0000000087b00000| Untracked 
| 124|0x0000000087c00000, 0x0000000087c00000, 0x0000000087d00000|  0%| F|  |TAMS 0x0000000087c00000, 0x0000000087c00000| Untracked 
| 125|0x0000000087d00000, 0x0000000087d00000, 0x0000000087e00000|  0%| F|  |TAMS 0x0000000087d00000, 0x0000000087d00000| Untracked 
| 126|0x0000000087e00000, 0x0000000087e00000, 0x0000000087f00000|  0%| F|  |TAMS 0x0000000087e00000, 0x0000000087e00000| Untracked 
| 127|0x0000000087f00000, 0x0000000087f00000, 0x0000000088000000|  0%| F|  |TAMS 0x0000000087f00000, 0x0000000087f00000| Untracked 
| 128|0x0000000088000000, 0x0000000088000000, 0x0000000088100000|  0%| F|  |TAMS 0x0000000088000000, 0x0000000088000000| Untracked 
| 129|0x0000000088100000, 0x0000000088100000, 0x0000000088200000|  0%| F|  |TAMS 0x0000000088100000, 0x0000000088100000| Untracked 
| 130|0x0000000088200000, 0x0000000088200000, 0x0000000088300000|  0%| F|  |TAMS 0x0000000088200000, 0x0000000088200000| Untracked 
| 131|0x0000000088300000, 0x0000000088300000, 0x0000000088400000|  0%| F|  |TAMS 0x0000000088300000, 0x0000000088300000| Untracked 
| 132|0x0000000088400000, 0x0000000088400000, 0x0000000088500000|  0%| F|  |TAMS 0x0000000088400000, 0x0000000088400000| Untracked 
| 133|0x0000000088500000, 0x0000000088500000, 0x0000000088600000|  0%| F|  |TAMS 0x0000000088500000, 0x0000000088500000| Untracked 
| 134|0x0000000088600000, 0x0000000088600000, 0x0000000088700000|  0%| F|  |TAMS 0x0000000088600000, 0x0000000088600000| Untracked 
| 135|0x0000000088700000, 0x0000000088700000, 0x0000000088800000|  0%| F|  |TAMS 0x0000000088700000, 0x0000000088700000| Untracked 
| 136|0x0000000088800000, 0x0000000088800000, 0x0000000088900000|  0%| F|  |TAMS 0x0000000088800000, 0x0000000088800000| Untracked 
| 137|0x0000000088900000, 0x0000000088900000, 0x0000000088a00000|  0%| F|  |TAMS 0x0000000088900000, 0x0000000088900000| Untracked 
| 138|0x0000000088a00000, 0x0000000088a00000, 0x0000000088b00000|  0%| F|  |TAMS 0x0000000088a00000, 0x0000000088a00000| Untracked 
| 139|0x0000000088b00000, 0x0000000088b00000, 0x0000000088c00000|  0%| F|  |TAMS 0x0000000088b00000, 0x0000000088b00000| Untracked 
| 140|0x0000000088c00000, 0x0000000088c00000, 0x0000000088d00000|  0%| F|  |TAMS 0x0000000088c00000, 0x0000000088c00000| Untracked 
| 141|0x0000000088d00000, 0x0000000088d00000, 0x0000000088e00000|  0%| F|  |TAMS 0x0000000088d00000, 0x0000000088d00000| Untracked 
| 142|0x0000000088e00000, 0x0000000088e00000, 0x0000000088f00000|  0%| F|  |TAMS 0x0000000088e00000, 0x0000000088e00000| Untracked 
| 143|0x0000000088f00000, 0x0000000088f00000, 0x0000000089000000|  0%| F|  |TAMS 0x0000000088f00000, 0x0000000088f00000| Untracked 
| 144|0x0000000089000000, 0x0000000089000000, 0x0000000089100000|  0%| F|  |TAMS 0x0000000089000000, 0x0000000089000000| Untracked 
| 145|0x0000000089100000, 0x0000000089100000, 0x0000000089200000|  0%| F|  |TAMS 0x0000000089100000, 0x0000000089100000| Untracked 
| 146|0x0000000089200000, 0x0000000089200000, 0x0000000089300000|  0%| F|  |TAMS 0x0000000089200000, 0x0000000089200000| Untracked 
| 147|0x0000000089300000, 0x0000000089300000, 0x0000000089400000|  0%| F|  |TAMS 0x0000000089300000, 0x0000000089300000| Untracked 
| 148|0x0000000089400000, 0x0000000089400000, 0x0000000089500000|  0%| F|  |TAMS 0x0000000089400000, 0x0000000089400000| Untracked 
| 149|0x0000000089500000, 0x0000000089500000, 0x0000000089600000|  0%| F|  |TAMS 0x0000000089500000, 0x0000000089500000| Untracked 
| 150|0x0000000089600000, 0x0000000089600000, 0x0000000089700000|  0%| F|  |TAMS 0x0000000089600000, 0x0000000089600000| Untracked 
| 151|0x0000000089700000, 0x0000000089700000, 0x0000000089800000|  0%| F|  |TAMS 0x0000000089700000, 0x0000000089700000| Untracked 
| 152|0x0000000089800000, 0x0000000089800000, 0x0000000089900000|  0%| F|  |TAMS 0x0000000089800000, 0x0000000089800000| Untracked 
| 153|0x0000000089900000, 0x0000000089900000, 0x0000000089a00000|  0%| F|  |TAMS 0x0000000089900000, 0x0000000089900000| Untracked 
| 154|0x0000000089a00000, 0x0000000089a00000, 0x0000000089b00000|  0%| F|  |TAMS 0x0000000089a00000, 0x0000000089a00000| Untracked 
| 155|0x0000000089b00000, 0x0000000089b00000, 0x0000000089c00000|  0%| F|  |TAMS 0x0000000089b00000, 0x0000000089b00000| Untracked 
| 156|0x0000000089c00000, 0x0000000089c00000, 0x0000000089d00000|  0%| F|  |TAMS 0x0000000089c00000, 0x0000000089c00000| Untracked 
| 157|0x0000000089d00000, 0x0000000089d00000, 0x0000000089e00000|  0%| F|  |TAMS 0x0000000089d00000, 0x0000000089d00000| Untracked 
| 158|0x0000000089e00000, 0x0000000089e00000, 0x0000000089f00000|  0%| F|  |TAMS 0x0000000089e00000, 0x0000000089e00000| Untracked 
| 159|0x0000000089f00000, 0x0000000089f00000, 0x000000008a000000|  0%| F|  |TAMS 0x0000000089f00000, 0x0000000089f00000| Untracked 
| 160|0x000000008a000000, 0x000000008a000000, 0x000000008a100000|  0%| F|  |TAMS 0x000000008a000000, 0x000000008a000000| Untracked 
| 161|0x000000008a100000, 0x000000008a100000, 0x000000008a200000|  0%| F|  |TAMS 0x000000008a100000, 0x000000008a100000| Untracked 
| 162|0x000000008a200000, 0x000000008a200000, 0x000000008a300000|  0%| F|  |TAMS 0x000000008a200000, 0x000000008a200000| Untracked 
| 163|0x000000008a300000, 0x000000008a300000, 0x000000008a400000|  0%| F|  |TAMS 0x000000008a300000, 0x000000008a300000| Untracked 
| 164|0x000000008a400000, 0x000000008a400000, 0x000000008a500000|  0%| F|  |TAMS 0x000000008a400000, 0x000000008a400000| Untracked 
| 165|0x000000008a500000, 0x000000008a500000, 0x000000008a600000|  0%| F|  |TAMS 0x000000008a500000, 0x000000008a500000| Untracked 
| 166|0x000000008a600000, 0x000000008a600000, 0x000000008a700000|  0%| F|  |TAMS 0x000000008a600000, 0x000000008a600000| Untracked 
| 167|0x000000008a700000, 0x000000008a700000, 0x000000008a800000|  0%| F|  |TAMS 0x000000008a700000, 0x000000008a700000| Untracked 
| 168|0x000000008a800000, 0x000000008a800000, 0x000000008a900000|  0%| F|  |TAMS 0x000000008a800000, 0x000000008a800000| Untracked 
| 169|0x000000008a900000, 0x000000008a900000, 0x000000008aa00000|  0%| F|  |TAMS 0x000000008a900000, 0x000000008a900000| Untracked 
| 170|0x000000008aa00000, 0x000000008aa00000, 0x000000008ab00000|  0%| F|  |TAMS 0x000000008aa00000, 0x000000008aa00000| Untracked 
| 171|0x000000008ab00000, 0x000000008ab00000, 0x000000008ac00000|  0%| F|  |TAMS 0x000000008ab00000, 0x000000008ab00000| Untracked 
| 172|0x000000008ac00000, 0x000000008ac00000, 0x000000008ad00000|  0%| F|  |TAMS 0x000000008ac00000, 0x000000008ac00000| Untracked 
| 173|0x000000008ad00000, 0x000000008ad00000, 0x000000008ae00000|  0%| F|  |TAMS 0x000000008ad00000, 0x000000008ad00000| Untracked 
| 174|0x000000008ae00000, 0x000000008ae00000, 0x000000008af00000|  0%| F|  |TAMS 0x000000008ae00000, 0x000000008ae00000| Untracked 
| 175|0x000000008af00000, 0x000000008af00000, 0x000000008b000000|  0%| F|  |TAMS 0x000000008af00000, 0x000000008af00000| Untracked 
| 176|0x000000008b000000, 0x000000008b000000, 0x000000008b100000|  0%| F|  |TAMS 0x000000008b000000, 0x000000008b000000| Untracked 
| 177|0x000000008b100000, 0x000000008b100000, 0x000000008b200000|  0%| F|  |TAMS 0x000000008b100000, 0x000000008b100000| Untracked 
| 178|0x000000008b200000, 0x000000008b200000, 0x000000008b300000|  0%| F|  |TAMS 0x000000008b200000, 0x000000008b200000| Untracked 
| 179|0x000000008b300000, 0x000000008b300000, 0x000000008b400000|  0%| F|  |TAMS 0x000000008b300000, 0x000000008b300000| Untracked 
| 180|0x000000008b400000, 0x000000008b400000, 0x000000008b500000|  0%| F|  |TAMS 0x000000008b400000, 0x000000008b400000| Untracked 
| 181|0x000000008b500000, 0x000000008b500000, 0x000000008b600000|  0%| F|  |TAMS 0x000000008b500000, 0x000000008b500000| Untracked 
| 182|0x000000008b600000, 0x000000008b600000, 0x000000008b700000|  0%| F|  |TAMS 0x000000008b600000, 0x000000008b600000| Untracked 
| 183|0x000000008b700000, 0x000000008b700000, 0x000000008b800000|  0%| F|  |TAMS 0x000000008b700000, 0x000000008b700000| Untracked 
| 184|0x000000008b800000, 0x000000008b800000, 0x000000008b900000|  0%| F|  |TAMS 0x000000008b800000, 0x000000008b800000| Untracked 
| 185|0x000000008b900000, 0x000000008b900000, 0x000000008ba00000|  0%| F|  |TAMS 0x000000008b900000, 0x000000008b900000| Untracked 
| 186|0x000000008ba00000, 0x000000008ba00000, 0x000000008bb00000|  0%| F|  |TAMS 0x000000008ba00000, 0x000000008ba00000| Untracked 
| 187|0x000000008bb00000, 0x000000008bb00000, 0x000000008bc00000|  0%| F|  |TAMS 0x000000008bb00000, 0x000000008bb00000| Untracked 
| 188|0x000000008bc00000, 0x000000008bc00000, 0x000000008bd00000|  0%| F|  |TAMS 0x000000008bc00000, 0x000000008bc00000| Untracked 
| 189|0x000000008bd00000, 0x000000008bd00000, 0x000000008be00000|  0%| F|  |TAMS 0x000000008bd00000, 0x000000008bd00000| Untracked 
| 190|0x000000008be00000, 0x000000008be00000, 0x000000008bf00000|  0%| F|  |TAMS 0x000000008be00000, 0x000000008be00000| Untracked 
| 191|0x000000008bf00000, 0x000000008bf00000, 0x000000008c000000|  0%| F|  |TAMS 0x000000008bf00000, 0x000000008bf00000| Untracked 
| 192|0x000000008c000000, 0x000000008c080800, 0x000000008c100000| 50%| E|  |TAMS 0x000000008c000000, 0x000000008c000000| Complete 
| 193|0x000000008c100000, 0x000000008c200000, 0x000000008c200000|100%| E|CS|TAMS 0x000000008c100000, 0x000000008c100000| Complete 
| 194|0x000000008c200000, 0x000000008c300000, 0x000000008c300000|100%| E|CS|TAMS 0x000000008c200000, 0x000000008c200000| Complete 
| 195|0x000000008c300000, 0x000000008c400000, 0x000000008c400000|100%| E|CS|TAMS 0x000000008c300000, 0x000000008c300000| Complete 
| 196|0x000000008c400000, 0x000000008c500000, 0x000000008c500000|100%| E|CS|TAMS 0x000000008c400000, 0x000000008c400000| Complete 
| 197|0x000000008c500000, 0x000000008c600000, 0x000000008c600000|100%| E|CS|TAMS 0x000000008c500000, 0x000000008c500000| Complete 
| 198|0x000000008c600000, 0x000000008c700000, 0x000000008c700000|100%| E|CS|TAMS 0x000000008c600000, 0x000000008c600000| Complete 
| 199|0x000000008c700000, 0x000000008c800000, 0x000000008c800000|100%| E|CS|TAMS 0x000000008c700000, 0x000000008c700000| Complete 
| 200|0x000000008c800000, 0x000000008c900000, 0x000000008c900000|100%| E|CS|TAMS 0x000000008c800000, 0x000000008c800000| Complete 
| 201|0x000000008c900000, 0x000000008ca00000, 0x000000008ca00000|100%| E|CS|TAMS 0x000000008c900000, 0x000000008c900000| Complete 
| 202|0x000000008ca00000, 0x000000008cb00000, 0x000000008cb00000|100%| E|CS|TAMS 0x000000008ca00000, 0x000000008ca00000| Complete 
| 203|0x000000008cb00000, 0x000000008cc00000, 0x000000008cc00000|100%| E|CS|TAMS 0x000000008cb00000, 0x000000008cb00000| Complete 
| 204|0x000000008cc00000, 0x000000008cd00000, 0x000000008cd00000|100%| E|CS|TAMS 0x000000008cc00000, 0x000000008cc00000| Complete 
| 205|0x000000008cd00000, 0x000000008ce00000, 0x000000008ce00000|100%| E|CS|TAMS 0x000000008cd00000, 0x000000008cd00000| Complete 
| 206|0x000000008ce00000, 0x000000008cf00000, 0x000000008cf00000|100%| E|CS|TAMS 0x000000008ce00000, 0x000000008ce00000| Complete 
| 207|0x000000008cf00000, 0x000000008d000000, 0x000000008d000000|100%| E|CS|TAMS 0x000000008cf00000, 0x000000008cf00000| Complete 
| 208|0x000000008d000000, 0x000000008d100000, 0x000000008d100000|100%| E|CS|TAMS 0x000000008d000000, 0x000000008d000000| Complete 
| 209|0x000000008d100000, 0x000000008d200000, 0x000000008d200000|100%| E|CS|TAMS 0x000000008d100000, 0x000000008d100000| Complete 
| 210|0x000000008d200000, 0x000000008d300000, 0x000000008d300000|100%| E|CS|TAMS 0x000000008d200000, 0x000000008d200000| Complete 
| 211|0x000000008d300000, 0x000000008d400000, 0x000000008d400000|100%| E|CS|TAMS 0x000000008d300000, 0x000000008d300000| Complete 
| 212|0x000000008d400000, 0x000000008d500000, 0x000000008d500000|100%| E|CS|TAMS 0x000000008d400000, 0x000000008d400000| Complete 
| 213|0x000000008d500000, 0x000000008d600000, 0x000000008d600000|100%| E|CS|TAMS 0x000000008d500000, 0x000000008d500000| Complete 
| 214|0x000000008d600000, 0x000000008d700000, 0x000000008d700000|100%| E|CS|TAMS 0x000000008d600000, 0x000000008d600000| Complete 
| 215|0x000000008d700000, 0x000000008d800000, 0x000000008d800000|100%| E|CS|TAMS 0x000000008d700000, 0x000000008d700000| Complete 
| 216|0x000000008d800000, 0x000000008d900000, 0x000000008d900000|100%| E|CS|TAMS 0x000000008d800000, 0x000000008d800000| Complete 
| 217|0x000000008d900000, 0x000000008da00000, 0x000000008da00000|100%| E|CS|TAMS 0x000000008d900000, 0x000000008d900000| Complete 
| 218|0x000000008da00000, 0x000000008db00000, 0x000000008db00000|100%| E|CS|TAMS 0x000000008da00000, 0x000000008da00000| Complete 
| 219|0x000000008db00000, 0x000000008dc00000, 0x000000008dc00000|100%| E|CS|TAMS 0x000000008db00000, 0x000000008db00000| Complete 
| 220|0x000000008dc00000, 0x000000008dd00000, 0x000000008dd00000|100%| E|CS|TAMS 0x000000008dc00000, 0x000000008dc00000| Complete 
| 221|0x000000008dd00000, 0x000000008de00000, 0x000000008de00000|100%| E|CS|TAMS 0x000000008dd00000, 0x000000008dd00000| Complete 
| 222|0x000000008de00000, 0x000000008df00000, 0x000000008df00000|100%| E|CS|TAMS 0x000000008de00000, 0x000000008de00000| Complete 
| 223|0x000000008df00000, 0x000000008e000000, 0x000000008e000000|100%| E|CS|TAMS 0x000000008df00000, 0x000000008df00000| Complete 
| 224|0x000000008e000000, 0x000000008e100000, 0x000000008e100000|100%| E|CS|TAMS 0x000000008e000000, 0x000000008e000000| Complete 
| 225|0x000000008e100000, 0x000000008e200000, 0x000000008e200000|100%| E|CS|TAMS 0x000000008e100000, 0x000000008e100000| Complete 
| 226|0x000000008e200000, 0x000000008e300000, 0x000000008e300000|100%| E|CS|TAMS 0x000000008e200000, 0x000000008e200000| Complete 
| 227|0x000000008e300000, 0x000000008e400000, 0x000000008e400000|100%| E|CS|TAMS 0x000000008e300000, 0x000000008e300000| Complete 
| 228|0x000000008e400000, 0x000000008e500000, 0x000000008e500000|100%| E|CS|TAMS 0x000000008e400000, 0x000000008e400000| Complete 
| 229|0x000000008e500000, 0x000000008e600000, 0x000000008e600000|100%| E|CS|TAMS 0x000000008e500000, 0x000000008e500000| Complete 
| 230|0x000000008e600000, 0x000000008e700000, 0x000000008e700000|100%| E|CS|TAMS 0x000000008e600000, 0x000000008e600000| Complete 
| 231|0x000000008e700000, 0x000000008e800000, 0x000000008e800000|100%| E|CS|TAMS 0x000000008e700000, 0x000000008e700000| Complete 
| 232|0x000000008e800000, 0x000000008e900000, 0x000000008e900000|100%| E|CS|TAMS 0x000000008e800000, 0x000000008e800000| Complete 
| 233|0x000000008e900000, 0x000000008ea00000, 0x000000008ea00000|100%| E|CS|TAMS 0x000000008e900000, 0x000000008e900000| Complete 
| 234|0x000000008ea00000, 0x000000008eb00000, 0x000000008eb00000|100%| E|CS|TAMS 0x000000008ea00000, 0x000000008ea00000| Complete 
| 235|0x000000008eb00000, 0x000000008ec00000, 0x000000008ec00000|100%| E|CS|TAMS 0x000000008eb00000, 0x000000008eb00000| Complete 
| 236|0x000000008ec00000, 0x000000008ed00000, 0x000000008ed00000|100%| E|CS|TAMS 0x000000008ec00000, 0x000000008ec00000| Complete 
| 237|0x000000008ed00000, 0x000000008ee00000, 0x000000008ee00000|100%| E|CS|TAMS 0x000000008ed00000, 0x000000008ed00000| Complete 
| 238|0x000000008ee00000, 0x000000008ef00000, 0x000000008ef00000|100%| E|CS|TAMS 0x000000008ee00000, 0x000000008ee00000| Complete 
| 239|0x000000008ef00000, 0x000000008f000000, 0x000000008f000000|100%| E|CS|TAMS 0x000000008ef00000, 0x000000008ef00000| Complete 
| 240|0x000000008f000000, 0x000000008f100000, 0x000000008f100000|100%| E|CS|TAMS 0x000000008f000000, 0x000000008f000000| Complete 

Card table byte_map: [0x00000164268c0000,0x0000016426cc0000] _byte_map_base: 0x00000164264c0000

Marking Bits (Prev, Next): (CMBitMap*) 0x0000016413d22d90, (CMBitMap*) 0x0000016413d22d50
 Prev Bits: [0x00000164290c0000, 0x000001642b0c0000)
 Next Bits: [0x00000164270c0000, 0x00000164290c0000)

Polling page: 0x0000016411cd0000

Metaspace:

Usage:
  Non-class:     69.69 MB used.
      Class:     11.00 MB used.
       Both:     80.69 MB used.

Virtual space:
  Non-class space:       72.00 MB reserved,      70.06 MB ( 97%) committed,  9 nodes.
      Class space:        1.00 GB reserved,      11.31 MB (  1%) committed,  1 nodes.
             Both:        1.07 GB reserved,      81.38 MB (  7%) committed. 

Chunk freelists:
   Non-Class:  1.37 MB
       Class:  767.00 KB
        Both:  2.12 MB

MaxMetaspaceSize: unlimited
CompressedClassSpaceSize: 1.00 GB
Initial GC threshold: 21.00 MB
Current GC threshold: 122.31 MB
CDS: off
MetaspaceReclaimPolicy: balanced
 - commit_granule_bytes: 65536.
 - commit_granule_words: 8192.
 - virtual_space_node_default_size: 1048576.
 - enlarge_chunks_in_place: 1.
 - new_chunks_are_fully_committed: 0.
 - uncommit_free_chunks: 1.
 - use_allocation_guard: 0.
 - handle_deallocations: 1.


Internal statistics:

num_allocs_failed_limit: 6.
num_arena_births: 786.
num_arena_deaths: 0.
num_vsnodes_births: 10.
num_vsnodes_deaths: 0.
num_space_committed: 1302.
num_space_uncommitted: 0.
num_chunks_returned_to_freelist: 6.
num_chunks_taken_from_freelist: 3706.
num_chunk_merges: 6.
num_chunk_splits: 2456.
num_chunks_enlarged: 1637.
num_purges: 0.
num_inconsistent_stats: 0.

CodeHeap 'non-profiled nmethods': size=120000Kb used=3988Kb max_used=3988Kb free=116011Kb
 bounds [0x000001641ec60000, 0x000001641f050000, 0x0000016426190000]
CodeHeap 'profiled nmethods': size=120000Kb used=14902Kb max_used=14902Kb free=105097Kb
 bounds [0x0000016417190000, 0x0000016418020000, 0x000001641e6c0000]
CodeHeap 'non-nmethods': size=5760Kb used=2363Kb max_used=2486Kb free=3396Kb
 bounds [0x000001641e6c0000, 0x000001641e940000, 0x000001641ec60000]
 total_blobs=8589 nmethods=7697 adapters=804
 compilation: enabled
              stopped_count=0, restarted_count=0
 full_count=0

Compilation events (20 events):
Event: 14.069 Thread 0x000001642e4340d0 8622       2       jdk.proxy1.$Proxy63::<init> (6 bytes)
Event: 14.070 Thread 0x000001642e4340d0 nmethod 8622 0x0000016418006c90 code [0x0000016418006e40, 0x0000016418007068]
Event: 14.078 Thread 0x000001642e4340d0 8624   !   2       jdk.internal.reflect.GeneratedConstructorAccessor35::newInstance (53 bytes)
Event: 14.079 Thread 0x000001642e4340d0 nmethod 8624 0x0000016418007190 code [0x00000164180073a0, 0x0000016418007908]
Event: 14.093 Thread 0x000001642e4340d0 8625       2       org.codehaus.groovy.runtime.metaclass.MetaMethodIndex::copyNonPrivateNonNewMetaMethods (24 bytes)
Event: 14.093 Thread 0x000001642e4340d0 nmethod 8625 0x0000016418007c90 code [0x0000016418007e40, 0x0000016418008008]
Event: 14.098 Thread 0x0000016432b48d70 nmethod 8270% 0x000001641f037710 code [0x000001641f037dc0, 0x000001641f040510]
Event: 14.099 Thread 0x000001642e4340d0 8626 %     3       java.beans.Introspector::processPropertyDescriptors @ 222 (964 bytes)
Event: 14.100 Thread 0x0000016432b48d70 8573       4       groovy.lang.MetaClassImpl::inheritInterfaceNewMetaMethods (195 bytes)
Event: 14.107 Thread 0x000001642e4340d0 nmethod 8626% 0x0000016418008190 code [0x0000016418008b60, 0x0000016418010018]
Event: 14.125 Thread 0x000001642e4340d0 8630       3       groovy.lang.MetaClassImpl::applyStrayPropertyMethods (288 bytes)
Event: 14.128 Thread 0x000001642e4340d0 nmethod 8630 0x0000016418011d90 code [0x0000016418012240, 0x0000016418014b98]
Event: 14.128 Thread 0x000001642e4340d0 8631       2       org.codehaus.groovy.runtime.metaclass.MetaMethodIndex::copyNonPrivateMethods (24 bytes)
Event: 14.129 Thread 0x000001642e4340d0 nmethod 8631 0x0000016418015b10 code [0x0000016418015cc0, 0x0000016418015e88]
Event: 14.132 Thread 0x000001642e4340d0 8632 %     3       java.beans.Introspector::getTargetMethodInfo @ 62 (250 bytes)
Event: 14.134 Thread 0x000001642e4340d0 nmethod 8632% 0x0000016418016010 code [0x00000164180163c0, 0x0000016418017cb8]
Event: 14.135 Thread 0x000001642e4340d0 8633       2       org.codehaus.groovy.runtime.MetaClassHelper::convertToTypeArray (42 bytes)
Event: 14.135 Thread 0x000001642e4340d0 nmethod 8633 0x0000016418018490 code [0x0000016418018660, 0x0000016418018a68]
Event: 14.150 Thread 0x000001642e4340d0 8634       2       java.beans.Introspector::getTargetPropertyInfo (293 bytes)
Event: 14.152 Thread 0x000001642e4340d0 nmethod 8634 0x0000016418018c10 code [0x0000016418018f40, 0x0000016418019b18]

GC Heap History (20 events):
Event: 10.542 GC heap before
{Heap before GC invocations=18 (full 0):
 garbage-first heap   total 119808K, used 95727K [0x0000000080000000, 0x0000000100000000)
  region size 1024K, 49 young (50176K), 8 survivors (8192K)
 Metaspace       used 62881K, committed 63424K, reserved 1105920K
  class space    used 8299K, committed 8576K, reserved 1048576K
}
Event: 10.547 GC heap after
{Heap after GC invocations=19 (full 0):
 garbage-first heap   total 119808K, used 58406K [0x0000000080000000, 0x0000000100000000)
  region size 1024K, 7 young (7168K), 7 survivors (7168K)
 Metaspace       used 62881K, committed 63424K, reserved 1105920K
  class space    used 8299K, committed 8576K, reserved 1048576K
}
Event: 11.060 GC heap before
{Heap before GC invocations=19 (full 0):
 garbage-first heap   total 119808K, used 93222K [0x0000000080000000, 0x0000000100000000)
  region size 1024K, 41 young (41984K), 7 survivors (7168K)
 Metaspace       used 66353K, committed 66880K, reserved 1114112K
  class space    used 8741K, committed 9024K, reserved 1048576K
}
Event: 11.064 GC heap after
{Heap after GC invocations=20 (full 0):
 garbage-first heap   total 119808K, used 54724K [0x0000000080000000, 0x0000000100000000)
  region size 1024K, 3 young (3072K), 3 survivors (3072K)
 Metaspace       used 66353K, committed 66880K, reserved 1114112K
  class space    used 8741K, committed 9024K, reserved 1048576K
}
Event: 11.374 GC heap before
{Heap before GC invocations=20 (full 0):
 garbage-first heap   total 119808K, used 91588K [0x0000000080000000, 0x0000000100000000)
  region size 1024K, 39 young (39936K), 3 survivors (3072K)
 Metaspace       used 67211K, committed 67776K, reserved 1114112K
  class space    used 8879K, committed 9152K, reserved 1048576K
}
Event: 11.380 GC heap after
{Heap after GC invocations=21 (full 0):
 garbage-first heap   total 119808K, used 57961K [0x0000000080000000, 0x0000000100000000)
  region size 1024K, 5 young (5120K), 5 survivors (5120K)
 Metaspace       used 67211K, committed 67776K, reserved 1114112K
  class space    used 8879K, committed 9152K, reserved 1048576K
}
Event: 11.658 GC heap before
{Heap before GC invocations=21 (full 0):
 garbage-first heap   total 119808K, used 84585K [0x0000000080000000, 0x0000000100000000)
  region size 1024K, 32 young (32768K), 5 survivors (5120K)
 Metaspace       used 69103K, committed 69696K, reserved 1114112K
  class space    used 9139K, committed 9408K, reserved 1048576K
}
Event: 11.663 GC heap after
{Heap after GC invocations=22 (full 0):
 garbage-first heap   total 119808K, used 60549K [0x0000000080000000, 0x0000000100000000)
  region size 1024K, 3 young (3072K), 3 survivors (3072K)
 Metaspace       used 69103K, committed 69696K, reserved 1114112K
  class space    used 9139K, committed 9408K, reserved 1048576K
}
Event: 12.268 GC heap before
{Heap before GC invocations=23 (full 0):
 garbage-first heap   total 119808K, used 95365K [0x0000000080000000, 0x0000000100000000)
  region size 1024K, 36 young (36864K), 3 survivors (3072K)
 Metaspace       used 73194K, committed 73792K, reserved 1114112K
  class space    used 9892K, committed 10176K, reserved 1048576K
}
Event: 12.272 GC heap after
{Heap after GC invocations=24 (full 0):
 garbage-first heap   total 119808K, used 61798K [0x0000000080000000, 0x0000000100000000)
  region size 1024K, 4 young (4096K), 4 survivors (4096K)
 Metaspace       used 73194K, committed 73792K, reserved 1114112K
  class space    used 9892K, committed 10176K, reserved 1048576K
}
Event: 12.287 GC heap before
{Heap before GC invocations=24 (full 0):
 garbage-first heap   total 119808K, used 62822K [0x0000000080000000, 0x0000000100000000)
  region size 1024K, 5 young (5120K), 4 survivors (4096K)
 Metaspace       used 73310K, committed 73920K, reserved 1114112K
  class space    used 9907K, committed 10176K, reserved 1048576K
}
Event: 12.291 GC heap after
{Heap after GC invocations=25 (full 0):
 garbage-first heap   total 119808K, used 62229K [0x0000000080000000, 0x0000000100000000)
  region size 1024K, 1 young (1024K), 1 survivors (1024K)
 Metaspace       used 73310K, committed 73920K, reserved 1114112K
  class space    used 9907K, committed 10176K, reserved 1048576K
}
Event: 12.549 GC heap before
{Heap before GC invocations=25 (full 0):
 garbage-first heap   total 119808K, used 96021K [0x0000000080000000, 0x0000000100000000)
  region size 1024K, 34 young (34816K), 1 survivors (1024K)
 Metaspace       used 74454K, committed 75008K, reserved 1114112K
  class space    used 10093K, committed 10368K, reserved 1048576K
}
Event: 12.553 GC heap after
{Heap after GC invocations=26 (full 0):
 garbage-first heap   total 119808K, used 64582K [0x0000000080000000, 0x0000000100000000)
  region size 1024K, 3 young (3072K), 3 survivors (3072K)
 Metaspace       used 74454K, committed 75008K, reserved 1114112K
  class space    used 10093K, committed 10368K, reserved 1048576K
}
Event: 12.999 GC heap before
{Heap before GC invocations=27 (full 0):
 garbage-first heap   total 124928K, used 96326K [0x0000000080000000, 0x0000000100000000)
  region size 1024K, 34 young (34816K), 3 survivors (3072K)
 Metaspace       used 76540K, committed 77120K, reserved 1122304K
  class space    used 10385K, committed 10624K, reserved 1048576K
}
Event: 13.005 GC heap after
{Heap after GC invocations=28 (full 0):
 garbage-first heap   total 124928K, used 67526K [0x0000000080000000, 0x0000000100000000)
  region size 1024K, 3 young (3072K), 3 survivors (3072K)
 Metaspace       used 76540K, committed 77120K, reserved 1122304K
  class space    used 10385K, committed 10624K, reserved 1048576K
}
Event: 13.043 GC heap before
{Heap before GC invocations=28 (full 0):
 garbage-first heap   total 124928K, used 70598K [0x0000000080000000, 0x0000000100000000)
  region size 1024K, 6 young (6144K), 3 survivors (3072K)
 Metaspace       used 76738K, committed 77312K, reserved 1122304K
  class space    used 10416K, committed 10688K, reserved 1048576K
}
Event: 13.046 GC heap after
{Heap after GC invocations=29 (full 0):
 garbage-first heap   total 124928K, used 67613K [0x0000000080000000, 0x0000000100000000)
  region size 1024K, 1 young (1024K), 1 survivors (1024K)
 Metaspace       used 76738K, committed 77312K, reserved 1122304K
  class space    used 10416K, committed 10688K, reserved 1048576K
}
Event: 13.582 GC heap before
{Heap before GC invocations=29 (full 0):
 garbage-first heap   total 124928K, used 101405K [0x0000000080000000, 0x0000000100000000)
  region size 1024K, 34 young (34816K), 1 survivors (1024K)
 Metaspace       used 81313K, committed 81984K, reserved 1122304K
  class space    used 11082K, committed 11392K, reserved 1048576K
}
Event: 13.587 GC heap after
{Heap after GC invocations=30 (full 0):
 garbage-first heap   total 246784K, used 69903K [0x0000000080000000, 0x0000000100000000)
  region size 1024K, 3 young (3072K), 3 survivors (3072K)
 Metaspace       used 81313K, committed 81984K, reserved 1122304K
  class space    used 11082K, committed 11392K, reserved 1048576K
}

Dll operation events (2 events):
Event: 0.010 Loaded shared library C:\Program Files\Android\Android Studio\jbr\bin\java.dll
Event: 0.449 Loaded shared library C:\Program Files\Android\Android Studio\jbr\bin\verify.dll

Deoptimization events (20 events):
Event: 13.645 Thread 0x0000016430023c90 DEOPT PACKING pc=0x000001641742fad6 sp=0x0000002af64fe7a0
Event: 13.645 Thread 0x0000016430023c90 DEOPT UNPACKING pc=0x000001641e717143 sp=0x0000002af64fdcb0 mode 0
Event: 13.700 Thread 0x000001642ff9a840 Uncommon trap: trap_request=0xffffff45 fr.pc=0x000001641ef08bcc relative=0x000000000000076c
Event: 13.700 Thread 0x000001642ff9a840 Uncommon trap: reason=unstable_if action=reinterpret pc=0x000001641ef08bcc method=java.util.HashMap.putVal(ILjava/lang/Object;Ljava/lang/Object;ZZ)Ljava/lang/Object; @ 109 c2
Event: 13.700 Thread 0x000001642ff9a840 DEOPT PACKING pc=0x000001641ef08bcc sp=0x0000002af68f8e50
Event: 13.700 Thread 0x000001642ff9a840 DEOPT UNPACKING pc=0x000001641e7169a3 sp=0x0000002af68f8d68 mode 2
Event: 13.700 Thread 0x000001642ff9a840 Uncommon trap: trap_request=0xffffff45 fr.pc=0x000001641ef922dc relative=0x00000000000006fc
Event: 13.700 Thread 0x000001642ff9a840 Uncommon trap: reason=unstable_if action=reinterpret pc=0x000001641ef922dc method=java.util.HashMap.putVal(ILjava/lang/Object;Ljava/lang/Object;ZZ)Ljava/lang/Object; @ 109 c2
Event: 13.700 Thread 0x000001642ff9a840 DEOPT PACKING pc=0x000001641ef922dc sp=0x0000002af68f8da0
Event: 13.700 Thread 0x000001642ff9a840 DEOPT UNPACKING pc=0x000001641e7169a3 sp=0x0000002af68f8d58 mode 2
Event: 13.707 Thread 0x000001642ff9a840 DEOPT PACKING pc=0x0000016417581398 sp=0x0000002af68f8070
Event: 13.707 Thread 0x000001642ff9a840 DEOPT UNPACKING pc=0x000001641e717143 sp=0x0000002af68f7550 mode 0
Event: 13.851 Thread 0x000001642ff9a840 Uncommon trap: trap_request=0xffffff45 fr.pc=0x000001641efdcac8 relative=0x0000000000000688
Event: 13.851 Thread 0x000001642ff9a840 Uncommon trap: reason=unstable_if action=reinterpret pc=0x000001641efdcac8 method=java.util.HashMap$HashIterator.<init>(Ljava/util/HashMap;)V @ 45 c2
Event: 13.851 Thread 0x000001642ff9a840 DEOPT PACKING pc=0x000001641efdcac8 sp=0x0000002af68fbbf0
Event: 13.851 Thread 0x000001642ff9a840 DEOPT UNPACKING pc=0x000001641e7169a3 sp=0x0000002af68fba80 mode 2
Event: 13.862 Thread 0x000001642ff9a840 DEOPT PACKING pc=0x000001641741415e sp=0x0000002af68f8ae0
Event: 13.862 Thread 0x000001642ff9a840 DEOPT UNPACKING pc=0x000001641e717143 sp=0x0000002af68f7f90 mode 0
Event: 14.125 Thread 0x000001642ff9a840 DEOPT PACKING pc=0x00000164175166f6 sp=0x0000002af68f7ea0
Event: 14.125 Thread 0x000001642ff9a840 DEOPT UNPACKING pc=0x000001641e717143 sp=0x0000002af68f73f0 mode 0

Classes unloaded (0 events):
No events

Classes redefined (0 events):
No events

Internal exceptions (20 events):
Event: 14.111 Thread 0x000001642ff9a840 Exception <a 'java/lang/ClassNotFoundException'{0x000000008cb664a0}: org/gradle/api/tasks/compile/JavaCompileBeanInfo> (0x000000008cb664a0) 
thrown [s\src\hotspot\share\classfile\systemDictionary.cpp, line 256]
Event: 14.112 Thread 0x000001642ff9a840 Exception <a 'java/lang/ClassNotFoundException'{0x000000008cb73ea0}: org/gradle/api/tasks/compile/AbstractCompileBeanInfo> (0x000000008cb73ea0) 
thrown [s\src\hotspot\share\classfile\systemDictionary.cpp, line 256]
Event: 14.113 Thread 0x000001642ff9a840 Exception <a 'java/lang/ClassNotFoundException'{0x000000008cb7f1c0}: org/gradle/api/tasks/SourceTaskBeanInfo> (0x000000008cb7f1c0) 
thrown [s\src\hotspot\share\classfile\systemDictionary.cpp, line 256]
Event: 14.113 Thread 0x000001642ff9a840 Exception <a 'java/lang/ClassNotFoundException'{0x000000008cb8aa20}: org/gradle/api/tasks/SourceTaskCustomizer> (0x000000008cb8aa20) 
thrown [s\src\hotspot\share\classfile\systemDictionary.cpp, line 256]
Event: 14.116 Thread 0x000001642ff9a840 Exception <a 'java/lang/ClassNotFoundException'{0x000000008cbbafa8}: org/gradle/api/tasks/compile/AbstractCompileCustomizer> (0x000000008cbbafa8) 
thrown [s\src\hotspot\share\classfile\systemDictionary.cpp, line 256]
Event: 14.117 Thread 0x000001642ff9a840 Exception <a 'java/lang/ClassNotFoundException'{0x000000008cbdfd80}: org/gradle/api/tasks/compile/JavaCompileCustomizer> (0x000000008cbdfd80) 
thrown [s\src\hotspot\share\classfile\systemDictionary.cpp, line 256]
Event: 14.120 Thread 0x000001642ff9a840 Exception <a 'java/lang/ClassNotFoundException'{0x000000008ca05ae8}: org/gradle/api/tasks/compile/JavaCompile_DecoratedCustomizer> (0x000000008ca05ae8) 
thrown [s\src\hotspot\share\classfile\systemDictionary.cpp, line 256]
Event: 14.129 Thread 0x000001642ff9a840 Exception <a 'java/lang/ClassNotFoundException'{0x000000008cace020}: com/android/build/gradle/tasks/MergeSourceSetFolders_DecoratedBeanInfo> (0x000000008cace020) 
thrown [s\src\hotspot\share\classfile\systemDictionary.cpp, line 256]
Event: 14.130 Thread 0x000001642ff9a840 Exception <a 'java/lang/ClassNotFoundException'{0x000000008cad99e0}: com/android/build/gradle/tasks/MergeSourceSetFoldersBeanInfo> (0x000000008cad99e0) 
thrown [s\src\hotspot\share\classfile\systemDictionary.cpp, line 256]
Event: 14.130 Thread 0x000001642ff9a840 Exception <a 'java/lang/ClassNotFoundException'{0x000000008cae50d8}: com/android/build/gradle/tasks/MergeSourceSetFoldersCustomizer> (0x000000008cae50d8) 
thrown [s\src\hotspot\share\classfile\systemDictionary.cpp, line 256]
Event: 14.132 Thread 0x000001642ff9a840 Exception <a 'java/lang/ClassNotFoundException'{0x000000008c913278}: com/android/build/gradle/tasks/MergeSourceSetFolders_DecoratedCustomizer> (0x000000008c913278) 
thrown [s\src\hotspot\share\classfile\systemDictionary.cpp, line 256]
Event: 14.139 Thread 0x000001642ff9a840 Exception <a 'java/lang/ClassNotFoundException'{0x000000008c9ac020}: com/android/build/gradle/tasks/ShaderCompile_DecoratedBeanInfo> (0x000000008c9ac020) 
thrown [s\src\hotspot\share\classfile\systemDictionary.cpp, line 256]
Event: 14.139 Thread 0x000001642ff9a840 Exception <a 'java/lang/ClassNotFoundException'{0x000000008c9b78f0}: com/android/build/gradle/tasks/ShaderCompileBeanInfo> (0x000000008c9b78f0) 
thrown [s\src\hotspot\share\classfile\systemDictionary.cpp, line 256]
Event: 14.140 Thread 0x000001642ff9a840 Exception <a 'java/lang/ClassNotFoundException'{0x000000008c9c2ef8}: com/android/build/gradle/tasks/ShaderCompileCustomizer> (0x000000008c9c2ef8) 
thrown [s\src\hotspot\share\classfile\systemDictionary.cpp, line 256]
Event: 14.142 Thread 0x000001642ff9a840 Exception <a 'java/lang/ClassNotFoundException'{0x000000008c9ec4f8}: com/android/build/gradle/tasks/ShaderCompile_DecoratedCustomizer> (0x000000008c9ec4f8) 
thrown [s\src\hotspot\share\classfile\systemDictionary.cpp, line 256]
Event: 14.146 Thread 0x000001642ff9a840 Exception <a 'java/lang/ClassNotFoundException'{0x000000008c8825a8}: com/android/build/gradle/internal/tasks/CompressAssetsTask_DecoratedBeanInfo> (0x000000008c8825a8) 
thrown [s\src\hotspot\share\classfile\systemDictionary.cpp, line 256]
Event: 14.147 Thread 0x000001642ff9a840 Exception <a 'java/lang/ClassNotFoundException'{0x000000008c88e148}: com/android/build/gradle/internal/tasks/CompressAssetsTaskBeanInfo> (0x000000008c88e148) 
thrown [s\src\hotspot\share\classfile\systemDictionary.cpp, line 256]
Event: 14.148 Thread 0x000001642ff9a840 Exception <a 'java/lang/ClassNotFoundException'{0x000000008c899a28}: com/android/build/gradle/internal/tasks/CompressAssetsTaskCustomizer> (0x000000008c899a28) 
thrown [s\src\hotspot\share\classfile\systemDictionary.cpp, line 256]
Event: 14.150 Thread 0x000001642ff9a840 Exception <a 'java/lang/ClassNotFoundException'{0x000000008c8bb948}: com/android/build/gradle/internal/tasks/CompressAssetsTask_DecoratedCustomizer> (0x000000008c8bb948) 
thrown [s\src\hotspot\share\classfile\systemDictionary.cpp, line 256]
Event: 14.162 Thread 0x000001642ff9a840 Exception <a 'java/lang/ClassNotFoundException'{0x000000008c7fc0e8}: com/android/build/gradle/internal/tasks/ProcessJavaResTask_DecoratedBeanInfo> (0x000000008c7fc0e8) 
thrown [s\src\hotspot\share\classfile\systemDictionary.cpp, line 256]

VM Operations (20 events):
Event: 12.999 Executing VM operation: G1CollectForAllocation
Event: 13.005 Executing VM operation: G1CollectForAllocation done
Event: 13.043 Executing VM operation: G1CollectForAllocation
Event: 13.046 Executing VM operation: G1CollectForAllocation done
Event: 13.122 Executing VM operation: HandshakeAllThreads
Event: 13.122 Executing VM operation: HandshakeAllThreads done
Event: 13.366 Executing VM operation: HandshakeAllThreads
Event: 13.367 Executing VM operation: HandshakeAllThreads done
Event: 13.432 Executing VM operation: HandshakeAllThreads
Event: 13.432 Executing VM operation: HandshakeAllThreads done
Event: 13.446 Executing VM operation: ICBufferFull
Event: 13.447 Executing VM operation: ICBufferFull done
Event: 13.582 Executing VM operation: G1CollectForAllocation
Event: 13.587 Executing VM operation: G1CollectForAllocation done
Event: 13.595 Executing VM operation: HandshakeAllThreads
Event: 13.595 Executing VM operation: HandshakeAllThreads done
Event: 13.648 Executing VM operation: HandshakeAllThreads
Event: 13.648 Executing VM operation: HandshakeAllThreads done
Event: 13.973 Executing VM operation: ICBufferFull
Event: 13.973 Executing VM operation: ICBufferFull done

Events (20 events):
Event: 13.415 loading class java/util/EnumMap$EntryIterator$Entry
Event: 13.416 loading class java/util/EnumMap$EntryIterator$Entry done
Event: 13.428 loading class jdk/internal/reflect/UnsafeBooleanFieldAccessorImpl
Event: 13.428 loading class jdk/internal/reflect/UnsafeBooleanFieldAccessorImpl done
Event: 13.636 loading class java/util/concurrent/LinkedBlockingDeque$Itr
Event: 13.636 loading class java/util/concurrent/LinkedBlockingDeque$AbstractItr
Event: 13.636 loading class java/util/concurrent/LinkedBlockingDeque$AbstractItr done
Event: 13.636 loading class java/util/concurrent/LinkedBlockingDeque$Itr done
Event: 13.839 loading class java/util/IdentityHashMap$KeyIterator
Event: 13.839 loading class java/util/IdentityHashMap$IdentityHashMapIterator
Event: 13.839 loading class java/util/IdentityHashMap$IdentityHashMapIterator done
Event: 13.839 loading class java/util/IdentityHashMap$KeyIterator done
Event: 13.954 loading class java/lang/ClassBeanInfo
Event: 13.954 loading class java/lang/ClassBeanInfo done
Event: 13.954 loading class java/lang/ClassBeanInfo
Event: 13.954 loading class java/lang/ClassBeanInfo done
Event: 13.954 loading class java/lang/ClassCustomizer
Event: 13.954 loading class java/lang/ClassCustomizer done
Event: 13.955 loading class java/lang/ClassCustomizer
Event: 13.955 loading class java/lang/ClassCustomizer done


Dynamic libraries:
0x00007ff7bc270000 - 0x00007ff7bc27a000 	C:\Program Files\Android\Android Studio\jbr\bin\java.exe
0x00007ffbd6d50000 - 0x00007ffbd6f64000 	C:\WINDOWS\SYSTEM32\ntdll.dll
0x00007ffbd5dc0000 - 0x00007ffbd5e84000 	C:\WINDOWS\System32\KERNEL32.DLL
0x00007ffbd43a0000 - 0x00007ffbd4744000 	C:\WINDOWS\System32\KERNELBASE.dll
0x00007ffbd4750000 - 0x00007ffbd4861000 	C:\WINDOWS\System32\ucrtbase.dll
0x00007ffbcb390000 - 0x00007ffbcb3ab000 	C:\Program Files\Android\Android Studio\jbr\bin\VCRUNTIME140.dll
0x00007ffbca320000 - 0x00007ffbca337000 	C:\Program Files\Android\Android Studio\jbr\bin\jli.dll
0x00007ffbd5480000 - 0x00007ffbd562a000 	C:\WINDOWS\System32\USER32.dll
0x00007ffbd4130000 - 0x00007ffbd4156000 	C:\WINDOWS\System32\win32u.dll
0x00007ffbd5630000 - 0x00007ffbd5659000 	C:\WINDOWS\System32\GDI32.dll
0x00007ffbb8b80000 - 0x00007ffbb8e0f000 	C:\WINDOWS\WinSxS\amd64_microsoft.windows.common-controls_6595b64144ccf1df_6.0.22621.2070_none_2713e6537381f706\COMCTL32.dll
0x00007ffbd41e0000 - 0x00007ffbd42f9000 	C:\WINDOWS\System32\gdi32full.dll
0x00007ffbd4300000 - 0x00007ffbd439a000 	C:\WINDOWS\System32\msvcp_win.dll
0x00007ffbd6c60000 - 0x00007ffbd6d07000 	C:\WINDOWS\System32\msvcrt.dll
0x00007ffbd5d80000 - 0x00007ffbd5db1000 	C:\WINDOWS\System32\IMM32.DLL
0x00007ffbcb2f0000 - 0x00007ffbcb2fc000 	C:\Program Files\Android\Android Studio\jbr\bin\vcruntime140_1.dll
0x00007ffba1970000 - 0x00007ffba19fd000 	C:\Program Files\Android\Android Studio\jbr\bin\msvcp140.dll
0x00007ffb5dcf0000 - 0x00007ffb5e95e000 	C:\Program Files\Android\Android Studio\jbr\bin\server\jvm.dll
0x00007ffbd5fa0000 - 0x00007ffbd6050000 	C:\WINDOWS\System32\ADVAPI32.dll
0x00007ffbd6050000 - 0x00007ffbd60f6000 	C:\WINDOWS\System32\sechost.dll
0x00007ffbd4fe0000 - 0x00007ffbd50f7000 	C:\WINDOWS\System32\RPCRT4.dll
0x00007ffbcb310000 - 0x00007ffbcb319000 	C:\WINDOWS\SYSTEM32\WSOCK32.dll
0x00007ffbc98c0000 - 0x00007ffbc98f4000 	C:\WINDOWS\SYSTEM32\WINMM.dll
0x00007ffbc9410000 - 0x00007ffbc941a000 	C:\WINDOWS\SYSTEM32\VERSION.dll
0x00007ffbd6360000 - 0x00007ffbd63d1000 	C:\WINDOWS\System32\WS2_32.dll
0x00007ffbd3210000 - 0x00007ffbd3228000 	C:\WINDOWS\SYSTEM32\kernel.appcore.dll
0x00007ffbcacf0000 - 0x00007ffbcacfa000 	C:\Program Files\Android\Android Studio\jbr\bin\jimage.dll
0x00007ffbd1b20000 - 0x00007ffbd1d4e000 	C:\WINDOWS\SYSTEM32\DBGHELP.DLL
0x00007ffbd4bc0000 - 0x00007ffbd4f4a000 	C:\WINDOWS\System32\combase.dll
0x00007ffbd5320000 - 0x00007ffbd53f7000 	C:\WINDOWS\System32\OLEAUT32.dll
0x00007ffbb7660000 - 0x00007ffbb7692000 	C:\WINDOWS\SYSTEM32\dbgcore.DLL
0x00007ffbd4160000 - 0x00007ffbd41da000 	C:\WINDOWS\System32\bcryptPrimitives.dll
0x00007ffbca460000 - 0x00007ffbca485000 	C:\Program Files\Android\Android Studio\jbr\bin\java.dll
0x00007ffbcaa90000 - 0x00007ffbcaaa8000 	C:\Program Files\Android\Android Studio\jbr\bin\zip.dll
0x00007ffbd63f0000 - 0x00007ffbd6c06000 	C:\WINDOWS\System32\SHELL32.dll
0x00007ffbd2110000 - 0x00007ffbd29fa000 	C:\WINDOWS\SYSTEM32\windows.storage.dll
0x00007ffbd1fd0000 - 0x00007ffbd210e000 	C:\WINDOWS\SYSTEM32\wintypes.dll
0x00007ffbd5660000 - 0x00007ffbd5753000 	C:\WINDOWS\System32\SHCORE.dll
0x00007ffbd5100000 - 0x00007ffbd515e000 	C:\WINDOWS\System32\shlwapi.dll
0x00007ffbd4060000 - 0x00007ffbd4086000 	C:\WINDOWS\SYSTEM32\profapi.dll
0x00007ffbca8e0000 - 0x00007ffbca8f9000 	C:\Program Files\Android\Android Studio\jbr\bin\net.dll
0x00007ffbcd440000 - 0x00007ffbcd577000 	C:\WINDOWS\SYSTEM32\WINHTTP.dll
0x00007ffbd36e0000 - 0x00007ffbd3749000 	C:\WINDOWS\system32\mswsock.dll
0x00007ffbca660000 - 0x00007ffbca676000 	C:\Program Files\Android\Android Studio\jbr\bin\nio.dll
0x00007ffbcaa70000 - 0x00007ffbcaa80000 	C:\Program Files\Android\Android Studio\jbr\bin\verify.dll
0x00007ffbbb870000 - 0x00007ffbbb897000 	C:\Users\varda maghoo\.gradle\native\68d5fa5c4cc2d200863cafc0d521ce42e7d3e7ee720ec0a83991735586a16f82\windows-amd64\native-platform.dll
0x00007ffb93c50000 - 0x00007ffb93d94000 	C:\Users\varda maghoo\.gradle\native\e376f236ea51e6404a007f0833ffe2c6e607c4080706a723a18a27aeea778392\windows-amd64\native-platform-file-events.dll
0x00007ffbcaa50000 - 0x00007ffbcaa59000 	C:\Program Files\Android\Android Studio\jbr\bin\management.dll
0x00007ffbca380000 - 0x00007ffbca38b000 	C:\Program Files\Android\Android Studio\jbr\bin\management_ext.dll
0x00007ffbd63e0000 - 0x00007ffbd63e8000 	C:\WINDOWS\System32\PSAPI.DLL
0x00007ffbd3940000 - 0x00007ffbd395b000 	C:\WINDOWS\SYSTEM32\CRYPTSP.dll
0x00007ffbd31d0000 - 0x00007ffbd3205000 	C:\WINDOWS\system32\rsaenh.dll
0x00007ffbd37d0000 - 0x00007ffbd37fc000 	C:\WINDOWS\SYSTEM32\USERENV.dll
0x00007ffbd3ad0000 - 0x00007ffbd3af8000 	C:\WINDOWS\SYSTEM32\bcrypt.dll
0x00007ffbd3930000 - 0x00007ffbd393c000 	C:\WINDOWS\SYSTEM32\CRYPTBASE.dll
0x00007ffbd2cd0000 - 0x00007ffbd2cfd000 	C:\WINDOWS\SYSTEM32\IPHLPAPI.DLL
0x00007ffbd6100000 - 0x00007ffbd6109000 	C:\WINDOWS\System32\NSI.dll
0x00007ffbc9420000 - 0x00007ffbc9439000 	C:\WINDOWS\SYSTEM32\dhcpcsvc6.DLL
0x00007ffbc8ef0000 - 0x00007ffbc8f0f000 	C:\WINDOWS\SYSTEM32\dhcpcsvc.DLL
0x00007ffbd2d00000 - 0x00007ffbd2df3000 	C:\WINDOWS\SYSTEM32\DNSAPI.dll
0x00007ffbcaa80000 - 0x00007ffbcaa88000 	C:\WINDOWS\system32\wshunix.dll

dbghelp: loaded successfully - version: 4.0.5 - missing functions: none
symbol engine: initialized successfully - sym options: 0x614 - pdb path: .;C:\Program Files\Android\Android Studio\jbr\bin;C:\WINDOWS\SYSTEM32;C:\WINDOWS\WinSxS\amd64_microsoft.windows.common-controls_6595b64144ccf1df_6.0.22621.2070_none_2713e6537381f706;C:\Program Files\Android\Android Studio\jbr\bin\server;C:\Users\varda maghoo\.gradle\native\68d5fa5c4cc2d200863cafc0d521ce42e7d3e7ee720ec0a83991735586a16f82\windows-amd64;C:\Users\varda maghoo\.gradle\native\e376f236ea51e6404a007f0833ffe2c6e607c4080706a723a18a27aeea778392\windows-amd64

VM Arguments:
jvm_args: --add-opens=java.base/java.util=ALL-UNNAMED --add-opens=java.base/java.lang=ALL-UNNAMED --add-opens=java.base/java.lang.invoke=ALL-UNNAMED --add-opens=java.prefs/java.util.prefs=ALL-UNNAMED --add-opens=java.base/java.nio.charset=ALL-UNNAMED --add-opens=java.base/java.net=ALL-UNNAMED --add-opens=java.base/java.util.concurrent.atomic=ALL-UNNAMED -Xmx2048m -Dfile.encoding=UTF-8 -Duser.country=GB -Duser.language=en -Duser.variant 
java_command: org.gradle.launcher.daemon.bootstrap.GradleDaemon 8.0
java_class_path (initial): C:\Users\varda maghoo\.gradle\wrapper\dists\gradle-8.0-bin\ca5e32bp14vu59qr306oxotwh\gradle-8.0\lib\gradle-launcher-8.0.jar
Launcher Type: SUN_STANDARD

[Global flags]
     intx CICompilerCount                          = 4                                         {product} {ergonomic}
     uint ConcGCThreads                            = 2                                         {product} {ergonomic}
     uint G1ConcRefinementThreads                  = 8                                         {product} {ergonomic}
   size_t G1HeapRegionSize                         = 1048576                                   {product} {ergonomic}
    uintx GCDrainStackTargetSize                   = 64                                        {product} {ergonomic}
   size_t InitialHeapSize                          = 132120576                                 {product} {ergonomic}
   size_t MarkStackSize                            = 4194304                                   {product} {ergonomic}
   size_t MaxHeapSize                              = 2147483648                                {product} {command line}
   size_t MaxNewSize                               = 1287651328                                {product} {ergonomic}
   size_t MinHeapDeltaBytes                        = 1048576                                   {product} {ergonomic}
   size_t MinHeapSize                              = 8388608                                   {product} {ergonomic}
    uintx NonNMethodCodeHeapSize                   = 5839372                                {pd product} {ergonomic}
    uintx NonProfiledCodeHeapSize                  = 122909434                              {pd product} {ergonomic}
    uintx ProfiledCodeHeapSize                     = 122909434                              {pd product} {ergonomic}
    uintx ReservedCodeCacheSize                    = 251658240                              {pd product} {ergonomic}
     bool SegmentedCodeCache                       = true                                      {product} {ergonomic}
   size_t SoftMaxHeapSize                          = 2147483648                             {manageable} {ergonomic}
     bool UseCompressedClassPointers               = true                           {product lp64_product} {ergonomic}
     bool UseCompressedOops                        = true                           {product lp64_product} {ergonomic}
     bool UseG1GC                                  = true                                      {product} {ergonomic}
     bool UseLargePagesIndividualAllocation        = false                                  {pd product} {ergonomic}

Logging:
Log output configuration:
 #0: stdout all=warning uptime,level,tags
 #1: stderr all=off uptime,level,tags

Environment Variables:
JAVA_HOME=C:\Java\jdk-20
PATH=C:\Program Files\Common Files\Oracle\Java\javapath;C:\WINDOWS\system32;C:\WINDOWS;C:\WINDOWS\System32\Wbem;C:\WINDOWS\System32\WindowsPowerShell\v1.0\;C:\WINDOWS\System32\OpenSSH\;C:\Program Files\Git\cmd;C:\Users\varda maghoo\AppData\Local\Programs\Python\Python310;C:\Users\varda maghoo\AppData\Local\Programs\Python\Python310\Scripts;%SPARK_HOME%\bin;%HADOOP_HOME%\bin;D:\NodeJS\;C:\Users\varda maghoo\AppData\Local\Microsoft\WindowsApps;D:\Microsoft VS Code\bin;C:\spark\spark-3.4.1-bin-hadoop3\bin;C:\Hadoop\bin;C:\Java\jdk-20\bin;C:\Users\varda maghoo\AppData\Roaming\npm
USERNAME=varda maghoo
OS=Windows_NT
PROCESSOR_IDENTIFIER=Intel64 Family 6 Model 142 Stepping 12, GenuineIntel
TMP=C:\Users\VARDAM~1\AppData\Local\Temp
TEMP=C:\Users\VARDAM~1\AppData\Local\Temp


JNI global refs:
JNI global refs: 25, weak refs: 7

JNI global refs memory usage: 843, weak refs: 841


---------------  S Y S T E M  ---------------

OS:
 Windows 11 , 64 bit Build 22621 (10.0.22621.2070)
OS uptime: 1 days 22:33 hours

CPU: total 8 (initial active 8) (4 cores per cpu, 2 threads per core) family 6 model 142 stepping 12 microcode 0xde, cx8, cmov, fxsr, ht, mmx, 3dnowpref, sse, sse2, sse3, ssse3, sse4.1, sse4.2, popcnt, lzcnt, tsc, tscinvbit, avx, avx2, aes, erms, clmul, bmi1, bmi2, adx, fma, vzeroupper, clflush, clflushopt

Memory: 4k page, system-wide physical 8025M (153M free)
TotalPageFile size 21191M (AvailPageFile size 0M)
current process WorkingSet (physical memory assigned to process): 383M, peak: 383M
current process commit charge ("private bytes"): 512M, peak: 517M

vm_info: OpenJDK 64-Bit Server VM (17.0.6+0-b2043.56-10027231) for windows-amd64 JRE (17.0.6+0-b2043.56-10027231), built on Apr 28 2023 00:43:19 by "androidbuild" with MS VC++ 16.10 / 16.11 (VS2019)

END.
