#
# There is insufficient memory for the Java Runtime Environment to continue.
# Native memory allocation (malloc) failed to allocate 1160736 bytes for Chunk::new
# Possible reasons:
#   The system is out of physical RAM or swap space
#   The process is running with CompressedOops enabled, and the Java Heap may be blocking the growth of the native heap
# Possible solutions:
#   Reduce memory load on the system
#   Increase physical memory or swap space
#   Check if swap backing store is full
#   Decrease Java heap size (-Xmx/-Xms)
#   Decrease number of Java threads
#   Decrease Java thread stack sizes (-Xss)
#   Set larger code cache with -XX:ReservedCodeCacheSize=
#   JVM is running with Unscaled Compressed Oops mode in which the Java heap is
#     placed in the first 4GB address space. The Java Heap base address is the
#     maximum limit for the native heap growth. Please use -XX:HeapBaseMinAddress
#     to set the Java Heap base and to place the Java Heap above 4GB virtual address.
# This output file may be truncated or incomplete.
#
#  Out of Memory Error (arena.cpp:189), pid=18268, tid=1312
#
# JRE version: OpenJDK Runtime Environment (17.0.6) (build 17.0.6+0-b2043.56-10027231)
# Java VM: OpenJDK 64-Bit Server VM (17.0.6+0-b2043.56-10027231, mixed mode, tiered, compressed oops, compressed class ptrs, g1 gc, windows-amd64)
# No core dump will be written. Minidumps are not enabled by default on client versions of Windows
#

---------------  S U M M A R Y ------------

Command Line: --add-opens=java.base/java.util=ALL-UNNAMED --add-opens=java.base/java.lang=ALL-UNNAMED --add-opens=java.base/java.lang.invoke=ALL-UNNAMED --add-opens=java.prefs/java.util.prefs=ALL-UNNAMED --add-opens=java.base/java.nio.charset=ALL-UNNAMED --add-opens=java.base/java.net=ALL-UNNAMED --add-opens=java.base/java.util.concurrent.atomic=ALL-UNNAMED -Xmx2048m -Dfile.encoding=UTF-8 -Duser.country=GB -Duser.language=en -Duser.variant org.gradle.launcher.daemon.bootstrap.GradleDaemon 8.0

Host: Intel(R) Core(TM) i5-10210U CPU @ 1.60GHz, 8 cores, 7G,  Windows 11 , 64 bit Build 22621 (10.0.22621.2070)
Time: Thu Aug 31 22:46:44 2023 Mauritius Standard Time elapsed time: 21.727905 seconds (0d 0h 0m 21s)

---------------  T H R E A D  ---------------

Current thread (0x0000019651c34df0):  JavaThread "C2 CompilerThread0" daemon [_thread_in_native, id=1312, stack(0x0000009123000000,0x0000009123100000)]


Current CompileTask:
C2:  21727 11481       4       org.objectweb.asm.ClassReader::readMethod (1066 bytes)

Stack: [0x0000009123000000,0x0000009123100000]
Native frames: (J=compiled Java code, j=interpreted, Vv=VM code, C=native code)
V  [jvm.dll+0x683c9a]
V  [jvm.dll+0x8427a4]
V  [jvm.dll+0x843f9e]
V  [jvm.dll+0x844603]
V  [jvm.dll+0x249b75]
V  [jvm.dll+0xabcac]
V  [jvm.dll+0xac27c]
V  [jvm.dll+0x368857]
V  [jvm.dll+0x1bd0b8]
V  [jvm.dll+0x21c359]
V  [jvm.dll+0x21b621]
V  [jvm.dll+0x1a4fdd]
V  [jvm.dll+0x22b098]
V  [jvm.dll+0x229159]
V  [jvm.dll+0x7f81ec]
V  [jvm.dll+0x7f274a]
V  [jvm.dll+0x682ad5]
C  [ucrtbase.dll+0x29363]
C  [KERNEL32.DLL+0x126ad]
C  [ntdll.dll+0x5aa68]


---------------  P R O C E S S  ---------------

Threads class SMR info:
_java_thread_list=0x0000019654c91600, length=143, elements={
0x0000019637557eb0, 0x00000196513bc8a0, 0x00000196513bd6d0, 0x00000196513e5fe0,
0x00000196513e6b90, 0x00000196513e9650, 0x0000019651c34110, 0x0000019651c34df0,
0x0000019651c357e0, 0x0000019651c361d0, 0x0000019651db1f80, 0x0000019651db2c60,
0x00000196531e5d80, 0x00000196535d3c40, 0x0000019653793480, 0x000001965372a8a0,
0x0000019653832830, 0x000001965386fa20, 0x0000019653871700, 0x0000019653872a40,
0x00000196538703c0, 0x000001965386fef0, 0x0000019653870890, 0x0000019653870d60,
0x0000019653871230, 0x000001965386f080, 0x0000019653871bd0, 0x00000196538720a0,
0x0000019653872570, 0x000001965386f550, 0x0000019654c61c40, 0x0000019654c61770,
0x0000019654c65130, 0x0000019654c677b0, 0x0000019654c67c80, 0x0000019654c68af0,
0x0000019654c63450, 0x0000019654c65600, 0x0000019654c642c0, 0x0000019654c612a0,
0x0000019654c66940, 0x0000019654c68150, 0x0000019654c64c60, 0x0000019654c62110,
0x0000019654c65ad0, 0x0000019654c63920, 0x0000019654c625e0, 0x0000019654c62ab0,
0x0000019654c65fa0, 0x0000019654c63df0, 0x0000019654c66470, 0x0000019654c66e10,
0x0000019654c62f80, 0x0000019656440bf0, 0x0000019656440250, 0x0000019656441f30,
0x0000019656442400, 0x000001965643b080, 0x000001965643e0a0, 0x000001965643cd60,
0x0000019656440720, 0x00000196564410c0, 0x000001965643c890, 0x000001965643ba20,
0x000001965643d230, 0x000001965643d700, 0x000001965643e570, 0x0000019656441a60,
0x000001965643fd80, 0x000001965643dbd0, 0x0000019656441590, 0x00000196564428d0,
0x000001965643ea40, 0x000001965643ef10, 0x000001965643b550, 0x000001965643f3e0,
0x000001965643bef0, 0x000001965643c3c0, 0x000001965643f8b0, 0x0000019656b406e0,
0x0000019656b423c0, 0x0000019656b43230, 0x0000019656b44f10, 0x0000019656b43bd0,
0x0000019656b40bb0, 0x0000019656b41080, 0x0000019656b46bf0, 0x0000019656b42d60,
0x0000019656b41550, 0x0000019656b440a0, 0x0000019656b453e0, 0x0000019656b44570,
0x0000019656b44a40, 0x0000019656b458b0, 0x0000019656b45d80, 0x0000019656b43700,
0x0000019656b46250, 0x0000019656b41a20, 0x0000019656b470c0, 0x0000019656b47590,
0x0000019656b46720, 0x0000019656b3fd40, 0x0000019656b40210, 0x0000019656b41ef0,
0x0000019656b42890, 0x00000196569be9b0, 0x00000196569bccd0, 0x00000196569bdb40,
0x00000196569c19d0, 0x00000196569bee80, 0x00000196569baff0, 0x00000196569bf350,
0x00000196569c1500, 0x00000196569bc800, 0x00000196569bf820, 0x00000196569c1030,
0x00000196569bfcf0, 0x00000196569ba180, 0x00000196569ba650, 0x00000196569c01c0,
0x00000196569be010, 0x00000196569bab20, 0x00000196569bd670, 0x00000196569bd1a0,
0x00000196569bb4c0, 0x00000196569bb990, 0x00000196569bbe60, 0x0000019658e14bd0,
0x0000019658e10d40, 0x0000019658e15f10, 0x0000019658e150a0, 0x0000019658e14700,
0x0000019658e15570, 0x0000019658e163e0, 0x0000019658e15a40, 0x0000019658e12a20,
0x0000019658e0f060, 0x0000019658e11210, 0x0000019658e116e0, 0x0000019658e0f530,
0x0000019658e0fa00, 0x0000019658e11bb0, 0x0000019658e0fed0
}

Java Threads: ( => current thread )
  0x0000019637557eb0 JavaThread "main" [_thread_blocked, id=8636, stack(0x0000009122300000,0x0000009122400000)]
  0x00000196513bc8a0 JavaThread "Reference Handler" daemon [_thread_blocked, id=15204, stack(0x0000009122a00000,0x0000009122b00000)]
  0x00000196513bd6d0 JavaThread "Finalizer" daemon [_thread_blocked, id=18648, stack(0x0000009122b00000,0x0000009122c00000)]
  0x00000196513e5fe0 JavaThread "Signal Dispatcher" daemon [_thread_blocked, id=19756, stack(0x0000009122c00000,0x0000009122d00000)]
  0x00000196513e6b90 JavaThread "Attach Listener" daemon [_thread_blocked, id=18276, stack(0x0000009122d00000,0x0000009122e00000)]
  0x00000196513e9650 JavaThread "Service Thread" daemon [_thread_blocked, id=8688, stack(0x0000009122e00000,0x0000009122f00000)]
  0x0000019651c34110 JavaThread "Monitor Deflation Thread" daemon [_thread_blocked, id=15432, stack(0x0000009122f00000,0x0000009123000000)]
=>0x0000019651c34df0 JavaThread "C2 CompilerThread0" daemon [_thread_in_native, id=1312, stack(0x0000009123000000,0x0000009123100000)]
  0x0000019651c357e0 JavaThread "C1 CompilerThread0" daemon [_thread_blocked, id=13680, stack(0x0000009123100000,0x0000009123200000)]
  0x0000019651c361d0 JavaThread "Sweeper thread" daemon [_thread_blocked, id=5200, stack(0x0000009123200000,0x0000009123300000)]
  0x0000019651db1f80 JavaThread "Common-Cleaner" daemon [_thread_blocked, id=4408, stack(0x0000009123300000,0x0000009123400000)]
  0x0000019651db2c60 JavaThread "Notification Thread" daemon [_thread_blocked, id=17504, stack(0x0000009123400000,0x0000009123500000)]
  0x00000196531e5d80 JavaThread "Daemon health stats" [_thread_blocked, id=4956, stack(0x0000009123a00000,0x0000009123b00000)]
  0x00000196535d3c40 JavaThread "Incoming local TCP Connector on port 63761" [_thread_in_native, id=12536, stack(0x0000009123b00000,0x0000009123c00000)]
  0x0000019653793480 JavaThread "Daemon periodic checks" [_thread_blocked, id=10248, stack(0x0000009123c00000,0x0000009123d00000)]
  0x000001965372a8a0 JavaThread "Daemon" [_thread_blocked, id=19928, stack(0x0000009123d00000,0x0000009123e00000)]
  0x0000019653832830 JavaThread "Handler for socket connection from /127.0.0.1:63761 to /127.0.0.1:63762" [_thread_in_native, id=18948, stack(0x0000009123e00000,0x0000009123f00000)]
  0x000001965386fa20 JavaThread "Cancel handler" [_thread_blocked, id=5088, stack(0x0000009123f00000,0x0000009124000000)]
  0x0000019653871700 JavaThread "Daemon worker" [_thread_blocked, id=14908, stack(0x0000009124000000,0x0000009124100000)]
  0x0000019653872a40 JavaThread "Asynchronous log dispatcher for DefaultDaemonConnection: socket connection from /127.0.0.1:63761 to /127.0.0.1:63762" [_thread_blocked, id=13052, stack(0x0000009124100000,0x0000009124200000)]
  0x00000196538703c0 JavaThread "Stdin handler" [_thread_blocked, id=16052, stack(0x0000009124200000,0x0000009124300000)]
  0x000001965386fef0 JavaThread "Daemon client event forwarder" [_thread_blocked, id=13224, stack(0x0000009124300000,0x0000009124400000)]
  0x0000019653870890 JavaThread "Cache worker for journal cache (C:\Users\varda maghoo\.gradle\caches\journal-1)" [_thread_blocked, id=16892, stack(0x0000009124800000,0x0000009124900000)]
  0x0000019653870d60 JavaThread "File lock request listener" [_thread_in_native, id=1840, stack(0x0000009124900000,0x0000009124a00000)]
  0x0000019653871230 JavaThread "Cache worker for file hash cache (C:\Users\varda maghoo\.gradle\caches\8.0\fileHashes)" [_thread_blocked, id=1928, stack(0x0000009124a00000,0x0000009124b00000)]
  0x000001965386f080 JavaThread "File watcher server" daemon [_thread_in_native, id=16148, stack(0x0000009124b00000,0x0000009124c00000)]
  0x0000019653871bd0 JavaThread "File watcher consumer" daemon [_thread_blocked, id=14828, stack(0x0000009124c00000,0x0000009124d00000)]
  0x00000196538720a0 JavaThread "Cache worker for checksums cache (C:\Users\varda maghoo\AS projects\Firebase\.gradle\8.0\checksums)" [_thread_blocked, id=1720, stack(0x0000009124d00000,0x0000009124e00000)]
  0x0000019653872570 JavaThread "Cache worker for cache directory md-rule (C:\Users\varda maghoo\.gradle\caches\8.0\md-rule)" [_thread_blocked, id=9972, stack(0x0000009124e00000,0x0000009124f00000)]
  0x000001965386f550 JavaThread "Cache worker for file content cache (C:\Users\varda maghoo\.gradle\caches\8.0\fileContent)" [_thread_blocked, id=20372, stack(0x0000009124f00000,0x0000009125000000)]
  0x0000019654c61c40 JavaThread "Cache worker for file hash cache (C:\Users\varda maghoo\AS projects\Firebase\.gradle\8.0\fileHashes)" [_thread_blocked, id=16544, stack(0x0000009125000000,0x0000009125100000)]
  0x0000019654c61770 JavaThread "Cache worker for cache directory md-supplier (C:\Users\varda maghoo\.gradle\caches\8.0\md-supplier)" [_thread_blocked, id=18284, stack(0x0000009125100000,0x0000009125200000)]
  0x0000019654c65130 JavaThread "Cache worker for execution history cache (C:\Users\varda maghoo\.gradle\caches\8.0\executionHistory)" [_thread_blocked, id=8120, stack(0x0000009125200000,0x0000009125300000)]
  0x0000019654c677b0 JavaThread "jar transforms" [_thread_blocked, id=7104, stack(0x0000009125300000,0x0000009125400000)]
  0x0000019654c67c80 JavaThread "jar transforms Thread 2" [_thread_blocked, id=18184, stack(0x0000009125400000,0x0000009125500000)]
  0x0000019654c68af0 JavaThread "jar transforms Thread 3" [_thread_blocked, id=14460, stack(0x0000009125500000,0x0000009125600000)]
  0x0000019654c63450 JavaThread "jar transforms Thread 4" [_thread_blocked, id=19276, stack(0x0000009125600000,0x0000009125700000)]
  0x0000019654c65600 JavaThread "Cache worker for dependencies-accessors (C:\Users\varda maghoo\AS projects\Firebase\.gradle\8.0\dependencies-accessors)" [_thread_blocked, id=13660, stack(0x0000009125700000,0x0000009125800000)]
  0x0000019654c642c0 JavaThread "jar transforms Thread 5" [_thread_blocked, id=10792, stack(0x0000009125800000,0x0000009125900000)]
  0x0000019654c612a0 JavaThread "Cache worker for Build Output Cleanup Cache (C:\Users\varda maghoo\AS projects\Firebase\.gradle\buildOutputCleanup)" [_thread_blocked, id=18916, stack(0x0000009125900000,0x0000009125a00000)]
  0x0000019654c66940 JavaThread "Unconstrained build operations" [_thread_blocked, id=19632, stack(0x0000009125a00000,0x0000009125b00000)]
  0x0000019654c68150 JavaThread "Unconstrained build operations Thread 2" [_thread_blocked, id=5100, stack(0x0000009125b00000,0x0000009125c00000)]
  0x0000019654c64c60 JavaThread "Unconstrained build operations Thread 3" [_thread_blocked, id=18164, stack(0x0000009125c00000,0x0000009125d00000)]
  0x0000019654c62110 JavaThread "Unconstrained build operations Thread 4" [_thread_blocked, id=15920, stack(0x0000009125d00000,0x0000009125e00000)]
  0x0000019654c65ad0 JavaThread "Unconstrained build operations Thread 5" [_thread_blocked, id=14876, stack(0x0000009125e00000,0x0000009125f00000)]
  0x0000019654c63920 JavaThread "Unconstrained build operations Thread 6" [_thread_blocked, id=1848, stack(0x0000009125f00000,0x0000009126000000)]
  0x0000019654c625e0 JavaThread "Unconstrained build operations Thread 7" [_thread_blocked, id=19876, stack(0x0000009126000000,0x0000009126100000)]
  0x0000019654c62ab0 JavaThread "Unconstrained build operations Thread 8" [_thread_blocked, id=17788, stack(0x0000009126100000,0x0000009126200000)]
  0x0000019654c65fa0 JavaThread "Unconstrained build operations Thread 9" [_thread_blocked, id=7936, stack(0x0000009126200000,0x0000009126300000)]
  0x0000019654c63df0 JavaThread "Unconstrained build operations Thread 10" [_thread_blocked, id=16044, stack(0x0000009126300000,0x0000009126400000)]
  0x0000019654c66470 JavaThread "Unconstrained build operations Thread 11" [_thread_blocked, id=19608, stack(0x0000009126400000,0x0000009126500000)]
  0x0000019654c66e10 JavaThread "Unconstrained build operations Thread 12" [_thread_blocked, id=11008, stack(0x0000009126500000,0x0000009126600000)]
  0x0000019654c62f80 JavaThread "Unconstrained build operations Thread 13" [_thread_blocked, id=12040, stack(0x0000009126600000,0x0000009126700000)]
  0x0000019656440bf0 JavaThread "Unconstrained build operations Thread 14" [_thread_blocked, id=3444, stack(0x0000009126700000,0x0000009126800000)]
  0x0000019656440250 JavaThread "Unconstrained build operations Thread 15" [_thread_blocked, id=10764, stack(0x0000009126800000,0x0000009126900000)]
  0x0000019656441f30 JavaThread "Unconstrained build operations Thread 16" [_thread_blocked, id=2016, stack(0x0000009126900000,0x0000009126a00000)]
  0x0000019656442400 JavaThread "Unconstrained build operations Thread 17" [_thread_blocked, id=12896, stack(0x0000009126a00000,0x0000009126b00000)]
  0x000001965643b080 JavaThread "Unconstrained build operations Thread 18" [_thread_blocked, id=12744, stack(0x0000009126b00000,0x0000009126c00000)]
  0x000001965643e0a0 JavaThread "Unconstrained build operations Thread 19" [_thread_blocked, id=20048, stack(0x0000009126c00000,0x0000009126d00000)]
  0x000001965643cd60 JavaThread "Unconstrained build operations Thread 20" [_thread_blocked, id=17988, stack(0x0000009126d00000,0x0000009126e00000)]
  0x0000019656440720 JavaThread "Unconstrained build operations Thread 21" [_thread_blocked, id=15000, stack(0x0000009126e00000,0x0000009126f00000)]
  0x00000196564410c0 JavaThread "Unconstrained build operations Thread 22" [_thread_blocked, id=16608, stack(0x0000009126f00000,0x0000009127000000)]
  0x000001965643c890 JavaThread "Unconstrained build operations Thread 23" [_thread_blocked, id=6736, stack(0x0000009127000000,0x0000009127100000)]
  0x000001965643ba20 JavaThread "Unconstrained build operations Thread 24" [_thread_blocked, id=18304, stack(0x0000009127100000,0x0000009127200000)]
  0x000001965643d230 JavaThread "Unconstrained build operations Thread 25" [_thread_blocked, id=11940, stack(0x0000009127200000,0x0000009127300000)]
  0x000001965643d700 JavaThread "Unconstrained build operations Thread 26" [_thread_blocked, id=16976, stack(0x0000009127300000,0x0000009127400000)]
  0x000001965643e570 JavaThread "Unconstrained build operations Thread 27" [_thread_blocked, id=14228, stack(0x0000009127400000,0x0000009127500000)]
  0x0000019656441a60 JavaThread "Unconstrained build operations Thread 28" [_thread_blocked, id=17068, stack(0x0000009127500000,0x0000009127600000)]
  0x000001965643fd80 JavaThread "Unconstrained build operations Thread 29" [_thread_blocked, id=19800, stack(0x0000009127600000,0x0000009127700000)]
  0x000001965643dbd0 JavaThread "Unconstrained build operations Thread 30" [_thread_blocked, id=15660, stack(0x0000009127700000,0x0000009127800000)]
  0x0000019656441590 JavaThread "Unconstrained build operations Thread 31" [_thread_blocked, id=18104, stack(0x0000009127800000,0x0000009127900000)]
  0x00000196564428d0 JavaThread "Unconstrained build operations Thread 32" [_thread_blocked, id=19644, stack(0x0000009127900000,0x0000009127a00000)]
  0x000001965643ea40 JavaThread "Unconstrained build operations Thread 33" [_thread_blocked, id=9120, stack(0x0000009127a00000,0x0000009127b00000)]
  0x000001965643ef10 JavaThread "Unconstrained build operations Thread 34" [_thread_blocked, id=19584, stack(0x0000009127b00000,0x0000009127c00000)]
  0x000001965643b550 JavaThread "Unconstrained build operations Thread 35" [_thread_blocked, id=17456, stack(0x0000009127c00000,0x0000009127d00000)]
  0x000001965643f3e0 JavaThread "Unconstrained build operations Thread 36" [_thread_blocked, id=16112, stack(0x0000009127d00000,0x0000009127e00000)]
  0x000001965643bef0 JavaThread "Unconstrained build operations Thread 37" [_thread_blocked, id=8564, stack(0x0000009127e00000,0x0000009127f00000)]
  0x000001965643c3c0 JavaThread "Unconstrained build operations Thread 38" [_thread_blocked, id=16216, stack(0x0000009127f00000,0x0000009128000000)]
  0x000001965643f8b0 JavaThread "Unconstrained build operations Thread 39" [_thread_blocked, id=11660, stack(0x0000009128000000,0x0000009128100000)]
  0x0000019656b406e0 JavaThread "Unconstrained build operations Thread 40" [_thread_blocked, id=18212, stack(0x0000009128100000,0x0000009128200000)]
  0x0000019656b423c0 JavaThread "Unconstrained build operations Thread 41" [_thread_blocked, id=7760, stack(0x0000009128200000,0x0000009128300000)]
  0x0000019656b43230 JavaThread "Unconstrained build operations Thread 42" [_thread_blocked, id=8844, stack(0x0000009128300000,0x0000009128400000)]
  0x0000019656b44f10 JavaThread "Unconstrained build operations Thread 43" [_thread_blocked, id=288, stack(0x0000009128400000,0x0000009128500000)]
  0x0000019656b43bd0 JavaThread "Unconstrained build operations Thread 44" [_thread_blocked, id=13104, stack(0x0000009128500000,0x0000009128600000)]
  0x0000019656b40bb0 JavaThread "Unconstrained build operations Thread 45" [_thread_blocked, id=18264, stack(0x0000009128600000,0x0000009128700000)]
  0x0000019656b41080 JavaThread "Unconstrained build operations Thread 46" [_thread_blocked, id=20280, stack(0x0000009128700000,0x0000009128800000)]
  0x0000019656b46bf0 JavaThread "Unconstrained build operations Thread 47" [_thread_blocked, id=10044, stack(0x0000009128800000,0x0000009128900000)]
  0x0000019656b42d60 JavaThread "Unconstrained build operations Thread 48" [_thread_blocked, id=15084, stack(0x0000009128900000,0x0000009128a00000)]
  0x0000019656b41550 JavaThread "Unconstrained build operations Thread 49" [_thread_blocked, id=12588, stack(0x0000009128a00000,0x0000009128b00000)]
  0x0000019656b440a0 JavaThread "Unconstrained build operations Thread 50" [_thread_blocked, id=13900, stack(0x0000009128b00000,0x0000009128c00000)]
  0x0000019656b453e0 JavaThread "Unconstrained build operations Thread 51" [_thread_blocked, id=16548, stack(0x0000009128c00000,0x0000009128d00000)]
  0x0000019656b44570 JavaThread "Unconstrained build operations Thread 52" [_thread_blocked, id=11640, stack(0x0000009128d00000,0x0000009128e00000)]
  0x0000019656b44a40 JavaThread "Unconstrained build operations Thread 53" [_thread_blocked, id=15656, stack(0x0000009128e00000,0x0000009128f00000)]
  0x0000019656b458b0 JavaThread "Unconstrained build operations Thread 54" [_thread_blocked, id=1736, stack(0x0000009128f00000,0x0000009129000000)]
  0x0000019656b45d80 JavaThread "Unconstrained build operations Thread 55" [_thread_blocked, id=20064, stack(0x0000009129000000,0x0000009129100000)]
  0x0000019656b43700 JavaThread "Unconstrained build operations Thread 56" [_thread_blocked, id=12868, stack(0x0000009129100000,0x0000009129200000)]
  0x0000019656b46250 JavaThread "Unconstrained build operations Thread 57" [_thread_blocked, id=14032, stack(0x0000009129200000,0x0000009129300000)]
  0x0000019656b41a20 JavaThread "Unconstrained build operations Thread 58" [_thread_blocked, id=13984, stack(0x0000009129300000,0x0000009129400000)]
  0x0000019656b470c0 JavaThread "Unconstrained build operations Thread 59" [_thread_blocked, id=20036, stack(0x0000009129400000,0x0000009129500000)]
  0x0000019656b47590 JavaThread "Unconstrained build operations Thread 60" [_thread_blocked, id=11012, stack(0x0000009129500000,0x0000009129600000)]
  0x0000019656b46720 JavaThread "Unconstrained build operations Thread 61" [_thread_blocked, id=18200, stack(0x0000009129600000,0x0000009129700000)]
  0x0000019656b3fd40 JavaThread "Unconstrained build operations Thread 62" [_thread_blocked, id=1724, stack(0x0000009129700000,0x0000009129800000)]
  0x0000019656b40210 JavaThread "Unconstrained build operations Thread 63" [_thread_blocked, id=16320, stack(0x0000009129800000,0x0000009129900000)]
  0x0000019656b41ef0 JavaThread "Unconstrained build operations Thread 64" [_thread_blocked, id=8488, stack(0x0000009129900000,0x0000009129a00000)]
  0x0000019656b42890 JavaThread "Unconstrained build operations Thread 65" [_thread_blocked, id=15436, stack(0x0000009129a00000,0x0000009129b00000)]
  0x00000196569be9b0 JavaThread "Unconstrained build operations Thread 66" [_thread_blocked, id=6164, stack(0x0000009129b00000,0x0000009129c00000)]
  0x00000196569bccd0 JavaThread "Unconstrained build operations Thread 67" [_thread_blocked, id=18188, stack(0x0000009129c00000,0x0000009129d00000)]
  0x00000196569bdb40 JavaThread "Unconstrained build operations Thread 68" [_thread_blocked, id=9220, stack(0x0000009129d00000,0x0000009129e00000)]
  0x00000196569c19d0 JavaThread "Unconstrained build operations Thread 69" [_thread_blocked, id=11112, stack(0x0000009129e00000,0x0000009129f00000)]
  0x00000196569bee80 JavaThread "Unconstrained build operations Thread 70" [_thread_blocked, id=20276, stack(0x0000009129f00000,0x000000912a000000)]
  0x00000196569baff0 JavaThread "Unconstrained build operations Thread 71" [_thread_blocked, id=17156, stack(0x000000912a000000,0x000000912a100000)]
  0x00000196569bf350 JavaThread "Unconstrained build operations Thread 72" [_thread_blocked, id=19688, stack(0x000000912a100000,0x000000912a200000)]
  0x00000196569c1500 JavaThread "Unconstrained build operations Thread 73" [_thread_blocked, id=252, stack(0x000000912a200000,0x000000912a300000)]
  0x00000196569bc800 JavaThread "Unconstrained build operations Thread 74" [_thread_blocked, id=12160, stack(0x000000912a300000,0x000000912a400000)]
  0x00000196569bf820 JavaThread "Unconstrained build operations Thread 75" [_thread_blocked, id=15504, stack(0x000000912a400000,0x000000912a500000)]
  0x00000196569c1030 JavaThread "Unconstrained build operations Thread 76" [_thread_blocked, id=6060, stack(0x000000912a500000,0x000000912a600000)]
  0x00000196569bfcf0 JavaThread "Unconstrained build operations Thread 77" [_thread_blocked, id=15564, stack(0x000000912a600000,0x000000912a700000)]
  0x00000196569ba180 JavaThread "Unconstrained build operations Thread 78" [_thread_blocked, id=19568, stack(0x000000912a700000,0x000000912a800000)]
  0x00000196569ba650 JavaThread "Unconstrained build operations Thread 79" [_thread_blocked, id=10836, stack(0x000000912a800000,0x000000912a900000)]
  0x00000196569c01c0 JavaThread "Unconstrained build operations Thread 80" [_thread_blocked, id=7992, stack(0x000000912a900000,0x000000912aa00000)]
  0x00000196569be010 JavaThread "jar transforms Thread 6" [_thread_blocked, id=16388, stack(0x000000912aa00000,0x000000912ab00000)]
  0x00000196569bab20 JavaThread "jar transforms Thread 7" [_thread_blocked, id=16520, stack(0x000000912ab00000,0x000000912ac00000)]
  0x00000196569bd670 JavaThread "jar transforms Thread 8" [_thread_blocked, id=18060, stack(0x000000912ac00000,0x000000912ad00000)]
  0x00000196569bd1a0 JavaThread "build event listener" [_thread_blocked, id=11364, stack(0x000000912ad00000,0x000000912ae00000)]
  0x00000196569bb4c0 JavaThread "Memory manager" [_thread_blocked, id=7016, stack(0x000000912ae00000,0x000000912af00000)]
  0x00000196569bb990 JavaThread "included builds" [_thread_blocked, id=18076, stack(0x000000912af00000,0x000000912b000000)]
  0x00000196569bbe60 JavaThread "Execution worker" [_thread_blocked, id=17140, stack(0x000000912b000000,0x000000912b100000)]
  0x0000019658e14bd0 JavaThread "Execution worker Thread 2" [_thread_in_vm, id=6672, stack(0x000000912b100000,0x000000912b200000)]
  0x0000019658e10d40 JavaThread "Execution worker Thread 3" [_thread_blocked, id=17496, stack(0x000000912b200000,0x000000912b300000)]
  0x0000019658e15f10 JavaThread "Execution worker Thread 4" [_thread_blocked, id=20168, stack(0x000000912b300000,0x000000912b400000)]
  0x0000019658e150a0 JavaThread "Execution worker Thread 5" [_thread_blocked, id=17040, stack(0x000000912b400000,0x000000912b500000)]
  0x0000019658e14700 JavaThread "Execution worker Thread 6" [_thread_blocked, id=19220, stack(0x000000912b500000,0x000000912b600000)]
  0x0000019658e15570 JavaThread "Execution worker Thread 7" [_thread_blocked, id=15400, stack(0x000000912b600000,0x000000912b700000)]
  0x0000019658e163e0 JavaThread "Cache worker for execution history cache (C:\Users\varda maghoo\AS projects\Firebase\.gradle\8.0\executionHistory)" [_thread_blocked, id=8064, stack(0x000000912b900000,0x000000912ba00000)]
  0x0000019658e15a40 JavaThread "Cache worker for Java compile cache (C:\Users\varda maghoo\.gradle\caches\8.0\javaCompile)" [_thread_blocked, id=10788, stack(0x000000912ba00000,0x000000912bb00000)]
  0x0000019658e12a20 JavaThread "Build operations" [_thread_blocked, id=10800, stack(0x000000912bb00000,0x000000912bc00000)]
  0x0000019658e0f060 JavaThread "Build operations Thread 2" [_thread_blocked, id=17820, stack(0x000000912bc00000,0x000000912bd00000)]
  0x0000019658e11210 JavaThread "Build operations Thread 3" [_thread_blocked, id=5756, stack(0x000000912bd00000,0x000000912be00000)]
  0x0000019658e116e0 JavaThread "Build operations Thread 4" [_thread_blocked, id=17832, stack(0x000000912be00000,0x000000912bf00000)]
  0x0000019658e0f530 JavaThread "Build operations Thread 5" [_thread_blocked, id=17664, stack(0x000000912bf00000,0x000000912c000000)]
  0x0000019658e0fa00 JavaThread "Build operations Thread 6" [_thread_blocked, id=16428, stack(0x000000912c000000,0x000000912c100000)]
  0x0000019658e11bb0 JavaThread "Build operations Thread 7" [_thread_blocked, id=2956, stack(0x000000912c100000,0x000000912c200000)]
  0x0000019658e0fed0 JavaThread "Build operations Thread 8" [_thread_blocked, id=9628, stack(0x000000912c200000,0x000000912c300000)]

Other Threads:
  0x00000196513badf0 VMThread "VM Thread" [stack: 0x0000009122900000,0x0000009122a00000] [id=19836]
  0x0000019651db5140 WatcherThread [stack: 0x0000009123500000,0x0000009123600000] [id=14492]
  0x00000196375b3030 GCTaskThread "GC Thread#0" [stack: 0x0000009122400000,0x0000009122500000] [id=5592]
  0x0000019652833790 GCTaskThread "GC Thread#1" [stack: 0x0000009123600000,0x0000009123700000] [id=15804]
  0x0000019652a55060 GCTaskThread "GC Thread#2" [stack: 0x0000009123700000,0x0000009123800000] [id=9072]
  0x0000019652a545a0 GCTaskThread "GC Thread#3" [stack: 0x0000009123800000,0x0000009123900000] [id=16568]
  0x0000019652a542f0 GCTaskThread "GC Thread#4" [stack: 0x0000009123900000,0x0000009123a00000] [id=15528]
  0x0000019652a54db0 GCTaskThread "GC Thread#5" [stack: 0x0000009124400000,0x0000009124500000] [id=6404]
  0x0000019652a55310 GCTaskThread "GC Thread#6" [stack: 0x0000009124500000,0x0000009124600000] [id=9192]
  0x0000019652a555c0 GCTaskThread "GC Thread#7" [stack: 0x0000009124600000,0x0000009124700000] [id=12636]
  0x00000196375c4870 ConcurrentGCThread "G1 Main Marker" [stack: 0x0000009122500000,0x0000009122600000] [id=16348]
  0x00000196375c5280 ConcurrentGCThread "G1 Conc#0" [stack: 0x0000009122600000,0x0000009122700000] [id=19372]
  0x0000019652a55b20 ConcurrentGCThread "G1 Conc#1" [stack: 0x0000009124700000,0x0000009124800000] [id=19004]
  0x000001963761ead0 ConcurrentGCThread "G1 Refine#0" [stack: 0x0000009122700000,0x0000009122800000] [id=748]
  0x00000196564241b0 ConcurrentGCThread "G1 Refine#1" [stack: 0x000000912b700000,0x000000912b800000] [id=6680]
  0x0000019656424490 ConcurrentGCThread "G1 Refine#2" [stack: 0x000000912b800000,0x000000912b900000] [id=17172]
  0x0000019651222610 ConcurrentGCThread "G1 Service" [stack: 0x0000009122800000,0x0000009122900000] [id=15316]

Threads with active compile tasks:
C2 CompilerThread0    21781 11481       4       org.objectweb.asm.ClassReader::readMethod (1066 bytes)

VM state: not at safepoint (normal execution)

VM Mutex/Monitor currently owned by a thread: None

Heap address: 0x0000000080000000, size: 2048 MB, Compressed Oops mode: 32-bit

CDS archive(s) not mapped
Compressed class space mapped at: 0x0000000100000000-0x0000000140000000, reserved size: 1073741824
Narrow klass base: 0x0000000000000000, Narrow klass shift: 3, Narrow klass range: 0x140000000

GC Precious Log:
 CPUs: 8 total, 8 available
 Memory: 8025M
 Large Page Support: Disabled
 NUMA Support: Disabled
 Compressed Oops: Enabled (32-bit)
 Heap Region Size: 1M
 Heap Min Capacity: 8M
 Heap Initial Capacity: 126M
 Heap Max Capacity: 2G
 Pre-touch: Disabled
 Parallel Workers: 8
 Concurrent Workers: 2
 Concurrent Refinement Workers: 8
 Periodic GC: Disabled

Heap:
 garbage-first heap   total 232448K, used 174881K [0x0000000080000000, 0x0000000100000000)
  region size 1024K, 76 young (77824K), 1 survivors (1024K)
 Metaspace       used 88233K, committed 88960K, reserved 1130496K
  class space    used 12026K, committed 12352K, reserved 1048576K

Heap Regions: E=young(eden), S=young(survivor), O=old, HS=humongous(starts), HC=humongous(continues), CS=collection set, F=free, OA=open archive, CA=closed archive, TAMS=top-at-mark-start (previous, next)
|   0|0x0000000080000000, 0x0000000080100000, 0x0000000080100000|100%|HS|  |TAMS 0x0000000080100000, 0x0000000080000000| Complete 
|   1|0x0000000080100000, 0x0000000080200000, 0x0000000080200000|100%|HC|  |TAMS 0x0000000080200000, 0x0000000080100000| Complete 
|   2|0x0000000080200000, 0x0000000080300000, 0x0000000080300000|100%|HC|  |TAMS 0x0000000080300000, 0x0000000080200000| Complete 
|   3|0x0000000080300000, 0x0000000080400000, 0x0000000080400000|100%|HC|  |TAMS 0x0000000080400000, 0x0000000080300000| Complete 
|   4|0x0000000080400000, 0x0000000080500000, 0x0000000080500000|100%| O|  |TAMS 0x0000000080500000, 0x0000000080400000| Untracked 
|   5|0x0000000080500000, 0x0000000080600000, 0x0000000080600000|100%| O|  |TAMS 0x0000000080600000, 0x0000000080500000| Untracked 
|   6|0x0000000080600000, 0x0000000080700000, 0x0000000080700000|100%| O|  |TAMS 0x0000000080700000, 0x0000000080600000| Untracked 
|   7|0x0000000080700000, 0x0000000080800000, 0x0000000080800000|100%| O|  |TAMS 0x0000000080800000, 0x0000000080700000| Untracked 
|   8|0x0000000080800000, 0x0000000080900000, 0x0000000080900000|100%| O|  |TAMS 0x0000000080900000, 0x0000000080800000| Untracked 
|   9|0x0000000080900000, 0x0000000080a00000, 0x0000000080a00000|100%| O|  |TAMS 0x0000000080a00000, 0x0000000080900000| Untracked 
|  10|0x0000000080a00000, 0x0000000080b00000, 0x0000000080b00000|100%| O|  |TAMS 0x0000000080b00000, 0x0000000080a00000| Untracked 
|  11|0x0000000080b00000, 0x0000000080c00000, 0x0000000080c00000|100%| O|  |TAMS 0x0000000080c00000, 0x0000000080b00000| Untracked 
|  12|0x0000000080c00000, 0x0000000080d00000, 0x0000000080d00000|100%| O|  |TAMS 0x0000000080d00000, 0x0000000080c00000| Untracked 
|  13|0x0000000080d00000, 0x0000000080e00000, 0x0000000080e00000|100%| O|  |TAMS 0x0000000080e00000, 0x0000000080d00000| Untracked 
|  14|0x0000000080e00000, 0x0000000080f00000, 0x0000000080f00000|100%| O|  |TAMS 0x0000000080f00000, 0x0000000080e00000| Untracked 
|  15|0x0000000080f00000, 0x0000000081000000, 0x0000000081000000|100%| O|  |TAMS 0x0000000081000000, 0x0000000080f00000| Untracked 
|  16|0x0000000081000000, 0x0000000081100000, 0x0000000081100000|100%| O|  |TAMS 0x0000000081100000, 0x0000000081000000| Untracked 
|  17|0x0000000081100000, 0x0000000081200000, 0x0000000081200000|100%| O|  |TAMS 0x0000000081200000, 0x0000000081100000| Untracked 
|  18|0x0000000081200000, 0x0000000081300000, 0x0000000081300000|100%| O|  |TAMS 0x0000000081300000, 0x0000000081200000| Untracked 
|  19|0x0000000081300000, 0x0000000081400000, 0x0000000081400000|100%| O|  |TAMS 0x0000000081400000, 0x0000000081300000| Untracked 
|  20|0x0000000081400000, 0x0000000081500000, 0x0000000081500000|100%| O|  |TAMS 0x0000000081500000, 0x0000000081400000| Untracked 
|  21|0x0000000081500000, 0x0000000081600000, 0x0000000081600000|100%| O|  |TAMS 0x0000000081600000, 0x0000000081500000| Untracked 
|  22|0x0000000081600000, 0x0000000081700000, 0x0000000081700000|100%| O|  |TAMS 0x0000000081700000, 0x0000000081600000| Untracked 
|  23|0x0000000081700000, 0x0000000081800000, 0x0000000081800000|100%| O|  |TAMS 0x0000000081800000, 0x0000000081700000| Untracked 
|  24|0x0000000081800000, 0x0000000081900000, 0x0000000081900000|100%| O|  |TAMS 0x0000000081900000, 0x0000000081800000| Untracked 
|  25|0x0000000081900000, 0x0000000081a00000, 0x0000000081a00000|100%| O|  |TAMS 0x0000000081a00000, 0x0000000081900000| Untracked 
|  26|0x0000000081a00000, 0x0000000081b00000, 0x0000000081b00000|100%| O|  |TAMS 0x0000000081b00000, 0x0000000081a00000| Untracked 
|  27|0x0000000081b00000, 0x0000000081c00000, 0x0000000081c00000|100%| O|  |TAMS 0x0000000081c00000, 0x0000000081b00000| Untracked 
|  28|0x0000000081c00000, 0x0000000081d00000, 0x0000000081d00000|100%| O|  |TAMS 0x0000000081d00000, 0x0000000081c00000| Untracked 
|  29|0x0000000081d00000, 0x0000000081e00000, 0x0000000081e00000|100%| O|  |TAMS 0x0000000081e00000, 0x0000000081d00000| Untracked 
|  30|0x0000000081e00000, 0x0000000081f00000, 0x0000000081f00000|100%| O|  |TAMS 0x0000000081f00000, 0x0000000081e00000| Untracked 
|  31|0x0000000081f00000, 0x0000000082000000, 0x0000000082000000|100%| O|  |TAMS 0x0000000082000000, 0x0000000081f00000| Untracked 
|  32|0x0000000082000000, 0x0000000082100000, 0x0000000082100000|100%|HS|  |TAMS 0x0000000082100000, 0x0000000082000000| Complete 
|  33|0x0000000082100000, 0x0000000082200000, 0x0000000082200000|100%|HS|  |TAMS 0x0000000082200000, 0x0000000082100000| Complete 
|  34|0x0000000082200000, 0x0000000082300000, 0x0000000082300000|100%|HS|  |TAMS 0x0000000082300000, 0x0000000082200000| Complete 
|  35|0x0000000082300000, 0x0000000082400000, 0x0000000082400000|100%| O|  |TAMS 0x0000000082400000, 0x0000000082300000| Untracked 
|  36|0x0000000082400000, 0x0000000082500000, 0x0000000082500000|100%| O|  |TAMS 0x0000000082500000, 0x0000000082400000| Untracked 
|  37|0x0000000082500000, 0x0000000082600000, 0x0000000082600000|100%| O|  |TAMS 0x0000000082600000, 0x0000000082500000| Untracked 
|  38|0x0000000082600000, 0x0000000082700000, 0x0000000082700000|100%| O|  |TAMS 0x0000000082700000, 0x0000000082600000| Untracked 
|  39|0x0000000082700000, 0x0000000082800000, 0x0000000082800000|100%| O|  |TAMS 0x0000000082700000, 0x0000000082700000| Untracked 
|  40|0x0000000082800000, 0x0000000082900000, 0x0000000082900000|100%| O|  |TAMS 0x0000000082900000, 0x0000000082800000| Untracked 
|  41|0x0000000082900000, 0x0000000082a00000, 0x0000000082a00000|100%| O|  |TAMS 0x0000000082a00000, 0x0000000082900000| Untracked 
|  42|0x0000000082a00000, 0x0000000082b00000, 0x0000000082b00000|100%| O|  |TAMS 0x0000000082b00000, 0x0000000082a00000| Untracked 
|  43|0x0000000082b00000, 0x0000000082c00000, 0x0000000082c00000|100%| O|  |TAMS 0x0000000082c00000, 0x0000000082b00000| Untracked 
|  44|0x0000000082c00000, 0x0000000082d00000, 0x0000000082d00000|100%| O|  |TAMS 0x0000000082d00000, 0x0000000082c00000| Untracked 
|  45|0x0000000082d00000, 0x0000000082e00000, 0x0000000082e00000|100%| O|  |TAMS 0x0000000082e00000, 0x0000000082d00000| Untracked 
|  46|0x0000000082e00000, 0x0000000082f00000, 0x0000000082f00000|100%|HS|  |TAMS 0x0000000082e00000, 0x0000000082e00000| Complete 
|  47|0x0000000082f00000, 0x0000000083000000, 0x0000000083000000|100%| O|  |TAMS 0x0000000083000000, 0x0000000082f00000| Untracked 
|  48|0x0000000083000000, 0x0000000083100000, 0x0000000083100000|100%| O|  |TAMS 0x0000000083100000, 0x0000000083000000| Untracked 
|  49|0x0000000083100000, 0x0000000083200000, 0x0000000083200000|100%| O|  |TAMS 0x0000000083200000, 0x0000000083100000| Untracked 
|  50|0x0000000083200000, 0x0000000083300000, 0x0000000083300000|100%| O|  |TAMS 0x0000000083300000, 0x0000000083200000| Untracked 
|  51|0x0000000083300000, 0x0000000083400000, 0x0000000083400000|100%| O|  |TAMS 0x0000000083400000, 0x0000000083300000| Untracked 
|  52|0x0000000083400000, 0x0000000083500000, 0x0000000083500000|100%| O|  |TAMS 0x0000000083500000, 0x0000000083400000| Untracked 
|  53|0x0000000083500000, 0x0000000083600000, 0x0000000083600000|100%| O|  |TAMS 0x0000000083600000, 0x0000000083500000| Untracked 
|  54|0x0000000083600000, 0x0000000083700000, 0x0000000083700000|100%| O|  |TAMS 0x0000000083700000, 0x0000000083600000| Untracked 
|  55|0x0000000083700000, 0x0000000083800000, 0x0000000083800000|100%| O|  |TAMS 0x0000000083800000, 0x0000000083700000| Untracked 
|  56|0x0000000083800000, 0x0000000083900000, 0x0000000083900000|100%| O|  |TAMS 0x0000000083900000, 0x0000000083800000| Untracked 
|  57|0x0000000083900000, 0x0000000083a00000, 0x0000000083a00000|100%| O|  |TAMS 0x0000000083a00000, 0x0000000083900000| Untracked 
|  58|0x0000000083a00000, 0x0000000083a00000, 0x0000000083b00000|  0%| F|  |TAMS 0x0000000083a00000, 0x0000000083a00000| Untracked 
|  59|0x0000000083b00000, 0x0000000083c00000, 0x0000000083c00000|100%| O|  |TAMS 0x0000000083c00000, 0x0000000083b00000| Untracked 
|  60|0x0000000083c00000, 0x0000000083d00000, 0x0000000083d00000|100%| O|  |TAMS 0x0000000083d00000, 0x0000000083c00000| Untracked 
|  61|0x0000000083d00000, 0x0000000083e00000, 0x0000000083e00000|100%| O|  |TAMS 0x0000000083e00000, 0x0000000083d00000| Untracked 
|  62|0x0000000083e00000, 0x0000000083f00000, 0x0000000083f00000|100%| O|  |TAMS 0x0000000083f00000, 0x0000000083e00000| Untracked 
|  63|0x0000000083f00000, 0x0000000084000000, 0x0000000084000000|100%| O|  |TAMS 0x0000000084000000, 0x0000000083f00000| Untracked 
|  64|0x0000000084000000, 0x0000000084100000, 0x0000000084100000|100%| O|  |TAMS 0x0000000084100000, 0x0000000084000000| Untracked 
|  65|0x0000000084100000, 0x0000000084200000, 0x0000000084200000|100%| O|  |TAMS 0x0000000084200000, 0x0000000084100000| Untracked 
|  66|0x0000000084200000, 0x0000000084300000, 0x0000000084300000|100%| O|  |TAMS 0x0000000084300000, 0x0000000084200000| Untracked 
|  67|0x0000000084300000, 0x0000000084400000, 0x0000000084400000|100%| O|  |TAMS 0x0000000084400000, 0x0000000084300000| Untracked 
|  68|0x0000000084400000, 0x0000000084500000, 0x0000000084500000|100%| O|  |TAMS 0x0000000084500000, 0x0000000084400000| Untracked 
|  69|0x0000000084500000, 0x0000000084600000, 0x0000000084600000|100%| O|  |TAMS 0x0000000084600000, 0x0000000084500000| Untracked 
|  70|0x0000000084600000, 0x0000000084700000, 0x0000000084700000|100%| O|  |TAMS 0x0000000084700000, 0x0000000084600000| Untracked 
|  71|0x0000000084700000, 0x0000000084800000, 0x0000000084800000|100%| O|  |TAMS 0x0000000084800000, 0x0000000084700000| Untracked 
|  72|0x0000000084800000, 0x0000000084900000, 0x0000000084900000|100%| O|  |TAMS 0x0000000084900000, 0x0000000084800000| Untracked 
|  73|0x0000000084900000, 0x0000000084a00000, 0x0000000084a00000|100%| O|  |TAMS 0x0000000084a00000, 0x0000000084900000| Untracked 
|  74|0x0000000084a00000, 0x0000000084b00000, 0x0000000084b00000|100%| O|  |TAMS 0x0000000084b00000, 0x0000000084a00000| Untracked 
|  75|0x0000000084b00000, 0x0000000084c00000, 0x0000000084c00000|100%| O|  |TAMS 0x0000000084c00000, 0x0000000084b00000| Untracked 
|  76|0x0000000084c00000, 0x0000000084d00000, 0x0000000084d00000|100%| O|  |TAMS 0x0000000084d00000, 0x0000000084c00000| Untracked 
|  77|0x0000000084d00000, 0x0000000084e00000, 0x0000000084e00000|100%| O|  |TAMS 0x0000000084e00000, 0x0000000084d00000| Untracked 
|  78|0x0000000084e00000, 0x0000000084f00000, 0x0000000084f00000|100%| O|  |TAMS 0x0000000084f00000, 0x0000000084e00000| Untracked 
|  79|0x0000000084f00000, 0x0000000085000000, 0x0000000085000000|100%| O|  |TAMS 0x0000000085000000, 0x0000000084f00000| Untracked 
|  80|0x0000000085000000, 0x0000000085100000, 0x0000000085100000|100%| O|  |TAMS 0x0000000085100000, 0x0000000085000000| Untracked 
|  81|0x0000000085100000, 0x0000000085200000, 0x0000000085200000|100%| O|  |TAMS 0x0000000085200000, 0x0000000085100000| Untracked 
|  82|0x0000000085200000, 0x0000000085300000, 0x0000000085300000|100%| O|  |TAMS 0x0000000085300000, 0x0000000085200000| Untracked 
|  83|0x0000000085300000, 0x0000000085400000, 0x0000000085400000|100%| O|  |TAMS 0x0000000085400000, 0x0000000085300000| Untracked 
|  84|0x0000000085400000, 0x0000000085500000, 0x0000000085500000|100%| O|  |TAMS 0x0000000085500000, 0x0000000085400000| Untracked 
|  85|0x0000000085500000, 0x0000000085600000, 0x0000000085600000|100%| O|  |TAMS 0x0000000085600000, 0x0000000085500000| Untracked 
|  86|0x0000000085600000, 0x0000000085700000, 0x0000000085700000|100%| O|  |TAMS 0x0000000085700000, 0x0000000085600000| Untracked 
|  87|0x0000000085700000, 0x0000000085800000, 0x0000000085800000|100%| O|  |TAMS 0x0000000085800000, 0x0000000085700000| Untracked 
|  88|0x0000000085800000, 0x0000000085900000, 0x0000000085900000|100%| O|  |TAMS 0x0000000085900000, 0x0000000085800000| Untracked 
|  89|0x0000000085900000, 0x0000000085a00000, 0x0000000085a00000|100%| O|  |TAMS 0x00000000859fe800, 0x0000000085900000| Untracked 
|  90|0x0000000085a00000, 0x0000000085b00000, 0x0000000085b00000|100%|HS|  |TAMS 0x0000000085a00000, 0x0000000085a00000| Complete 
|  91|0x0000000085b00000, 0x0000000085c00000, 0x0000000085c00000|100%|HC|  |TAMS 0x0000000085b00000, 0x0000000085b00000| Complete 
|  92|0x0000000085c00000, 0x0000000085d00000, 0x0000000085d00000|100%| O|  |TAMS 0x0000000085c00000, 0x0000000085c00000| Untracked 
|  93|0x0000000085d00000, 0x0000000085e00000, 0x0000000085e00000|100%| O|  |TAMS 0x0000000085d00000, 0x0000000085d00000| Untracked 
|  94|0x0000000085e00000, 0x0000000085f00000, 0x0000000085f00000|100%| O|  |TAMS 0x0000000085e00000, 0x0000000085e00000| Untracked 
|  95|0x0000000085f00000, 0x0000000086000000, 0x0000000086000000|100%| O|  |TAMS 0x0000000085f00000, 0x0000000085f00000| Untracked 
|  96|0x0000000086000000, 0x0000000086100000, 0x0000000086100000|100%| O|  |TAMS 0x0000000086000000, 0x0000000086000000| Untracked 
|  97|0x0000000086100000, 0x0000000086200000, 0x0000000086200000|100%| O|  |TAMS 0x0000000086100000, 0x0000000086100000| Untracked 
|  98|0x0000000086200000, 0x000000008624dc00, 0x0000000086300000| 30%| O|  |TAMS 0x0000000086200000, 0x0000000086200000| Untracked 
|  99|0x0000000086300000, 0x0000000086300000, 0x0000000086400000|  0%| F|  |TAMS 0x0000000086300000, 0x0000000086300000| Untracked 
| 100|0x0000000086400000, 0x0000000086400000, 0x0000000086500000|  0%| F|  |TAMS 0x0000000086400000, 0x0000000086400000| Untracked 
| 101|0x0000000086500000, 0x0000000086500000, 0x0000000086600000|  0%| F|  |TAMS 0x0000000086500000, 0x0000000086500000| Untracked 
| 102|0x0000000086600000, 0x0000000086600000, 0x0000000086700000|  0%| F|  |TAMS 0x0000000086600000, 0x0000000086600000| Untracked 
| 103|0x0000000086700000, 0x0000000086700000, 0x0000000086800000|  0%| F|  |TAMS 0x0000000086700000, 0x0000000086700000| Untracked 
| 104|0x0000000086800000, 0x0000000086800000, 0x0000000086900000|  0%| F|  |TAMS 0x0000000086800000, 0x0000000086800000| Untracked 
| 105|0x0000000086900000, 0x0000000086900000, 0x0000000086a00000|  0%| F|  |TAMS 0x0000000086900000, 0x0000000086900000| Untracked 
| 106|0x0000000086a00000, 0x0000000086a00000, 0x0000000086b00000|  0%| F|  |TAMS 0x0000000086a00000, 0x0000000086a00000| Untracked 
| 107|0x0000000086b00000, 0x0000000086b00000, 0x0000000086c00000|  0%| F|  |TAMS 0x0000000086b00000, 0x0000000086b00000| Untracked 
| 108|0x0000000086c00000, 0x0000000086c00000, 0x0000000086d00000|  0%| F|  |TAMS 0x0000000086c00000, 0x0000000086c00000| Untracked 
| 109|0x0000000086d00000, 0x0000000086d00000, 0x0000000086e00000|  0%| F|  |TAMS 0x0000000086d00000, 0x0000000086d00000| Untracked 
| 110|0x0000000086e00000, 0x0000000086e00000, 0x0000000086f00000|  0%| F|  |TAMS 0x0000000086e00000, 0x0000000086e00000| Untracked 
| 111|0x0000000086f00000, 0x0000000086f00000, 0x0000000087000000|  0%| F|  |TAMS 0x0000000086f00000, 0x0000000086f00000| Untracked 
| 112|0x0000000087000000, 0x0000000087000000, 0x0000000087100000|  0%| F|  |TAMS 0x0000000087000000, 0x0000000087000000| Untracked 
| 113|0x0000000087100000, 0x0000000087100000, 0x0000000087200000|  0%| F|  |TAMS 0x0000000087100000, 0x0000000087100000| Untracked 
| 114|0x0000000087200000, 0x0000000087200000, 0x0000000087300000|  0%| F|  |TAMS 0x0000000087200000, 0x0000000087200000| Untracked 
| 115|0x0000000087300000, 0x0000000087300000, 0x0000000087400000|  0%| F|  |TAMS 0x0000000087300000, 0x0000000087300000| Untracked 
| 116|0x0000000087400000, 0x0000000087400000, 0x0000000087500000|  0%| F|  |TAMS 0x0000000087400000, 0x0000000087400000| Untracked 
| 117|0x0000000087500000, 0x0000000087500000, 0x0000000087600000|  0%| F|  |TAMS 0x0000000087500000, 0x0000000087500000| Untracked 
| 118|0x0000000087600000, 0x0000000087600000, 0x0000000087700000|  0%| F|  |TAMS 0x0000000087600000, 0x0000000087600000| Untracked 
| 119|0x0000000087700000, 0x0000000087700000, 0x0000000087800000|  0%| F|  |TAMS 0x0000000087700000, 0x0000000087700000| Untracked 
| 120|0x0000000087800000, 0x0000000087800000, 0x0000000087900000|  0%| F|  |TAMS 0x0000000087800000, 0x0000000087800000| Untracked 
| 121|0x0000000087900000, 0x0000000087900000, 0x0000000087a00000|  0%| F|  |TAMS 0x0000000087900000, 0x0000000087900000| Untracked 
| 122|0x0000000087a00000, 0x0000000087a00000, 0x0000000087b00000|  0%| F|  |TAMS 0x0000000087a00000, 0x0000000087a00000| Untracked 
| 123|0x0000000087b00000, 0x0000000087b00000, 0x0000000087c00000|  0%| F|  |TAMS 0x0000000087b00000, 0x0000000087b00000| Untracked 
| 124|0x0000000087c00000, 0x0000000087c00000, 0x0000000087d00000|  0%| F|  |TAMS 0x0000000087c00000, 0x0000000087c00000| Untracked 
| 125|0x0000000087d00000, 0x0000000087d00000, 0x0000000087e00000|  0%| F|  |TAMS 0x0000000087d00000, 0x0000000087d00000| Untracked 
| 126|0x0000000087e00000, 0x0000000087e00000, 0x0000000087f00000|  0%| F|  |TAMS 0x0000000087e00000, 0x0000000087e00000| Untracked 
| 127|0x0000000087f00000, 0x0000000087f00000, 0x0000000088000000|  0%| F|  |TAMS 0x0000000087f00000, 0x0000000087f00000| Untracked 
| 128|0x0000000088000000, 0x0000000088000000, 0x0000000088100000|  0%| F|  |TAMS 0x0000000088000000, 0x0000000088000000| Untracked 
| 129|0x0000000088100000, 0x0000000088100000, 0x0000000088200000|  0%| F|  |TAMS 0x0000000088100000, 0x0000000088100000| Untracked 
| 130|0x0000000088200000, 0x0000000088200000, 0x0000000088300000|  0%| F|  |TAMS 0x0000000088200000, 0x0000000088200000| Untracked 
| 131|0x0000000088300000, 0x0000000088300000, 0x0000000088400000|  0%| F|  |TAMS 0x0000000088300000, 0x0000000088300000| Untracked 
| 132|0x0000000088400000, 0x0000000088400000, 0x0000000088500000|  0%| F|  |TAMS 0x0000000088400000, 0x0000000088400000| Untracked 
| 133|0x0000000088500000, 0x0000000088500000, 0x0000000088600000|  0%| F|  |TAMS 0x0000000088500000, 0x0000000088500000| Untracked 
| 134|0x0000000088600000, 0x0000000088600000, 0x0000000088700000|  0%| F|  |TAMS 0x0000000088600000, 0x0000000088600000| Untracked 
| 135|0x0000000088700000, 0x0000000088700000, 0x0000000088800000|  0%| F|  |TAMS 0x0000000088700000, 0x0000000088700000| Untracked 
| 136|0x0000000088800000, 0x0000000088800000, 0x0000000088900000|  0%| F|  |TAMS 0x0000000088800000, 0x0000000088800000| Untracked 
| 137|0x0000000088900000, 0x0000000088900000, 0x0000000088a00000|  0%| F|  |TAMS 0x0000000088900000, 0x0000000088900000| Untracked 
| 138|0x0000000088a00000, 0x0000000088a00000, 0x0000000088b00000|  0%| F|  |TAMS 0x0000000088a00000, 0x0000000088a00000| Untracked 
| 139|0x0000000088b00000, 0x0000000088b00000, 0x0000000088c00000|  0%| F|  |TAMS 0x0000000088b00000, 0x0000000088b00000| Untracked 
| 140|0x0000000088c00000, 0x0000000088c00000, 0x0000000088d00000|  0%| F|  |TAMS 0x0000000088c00000, 0x0000000088c00000| Untracked 
| 141|0x0000000088d00000, 0x0000000088d00000, 0x0000000088e00000|  0%| F|  |TAMS 0x0000000088d00000, 0x0000000088d00000| Untracked 
| 142|0x0000000088e00000, 0x0000000088e00000, 0x0000000088f00000|  0%| F|  |TAMS 0x0000000088e00000, 0x0000000088e00000| Untracked 
| 143|0x0000000088f00000, 0x0000000088f00000, 0x0000000089000000|  0%| F|  |TAMS 0x0000000088f00000, 0x0000000088f00000| Untracked 
| 144|0x0000000089000000, 0x0000000089000000, 0x0000000089100000|  0%| F|  |TAMS 0x0000000089000000, 0x0000000089000000| Untracked 
| 145|0x0000000089100000, 0x0000000089100000, 0x0000000089200000|  0%| F|  |TAMS 0x0000000089100000, 0x0000000089100000| Untracked 
| 146|0x0000000089200000, 0x0000000089200000, 0x0000000089300000|  0%| F|  |TAMS 0x0000000089200000, 0x0000000089200000| Untracked 
| 147|0x0000000089300000, 0x0000000089300000, 0x0000000089400000|  0%| F|  |TAMS 0x0000000089300000, 0x0000000089300000| Untracked 
| 148|0x0000000089400000, 0x0000000089400000, 0x0000000089500000|  0%| F|  |TAMS 0x0000000089400000, 0x0000000089400000| Untracked 
| 149|0x0000000089500000, 0x000000008957a9c8, 0x0000000089600000| 47%| S|CS|TAMS 0x0000000089500000, 0x0000000089500000| Complete 
| 150|0x0000000089600000, 0x0000000089600000, 0x0000000089700000|  0%| F|  |TAMS 0x0000000089600000, 0x0000000089600000| Untracked 
| 151|0x0000000089700000, 0x0000000089700000, 0x0000000089800000|  0%| F|  |TAMS 0x0000000089700000, 0x0000000089700000| Untracked 
| 152|0x0000000089800000, 0x0000000089880800, 0x0000000089900000| 50%| E|  |TAMS 0x0000000089800000, 0x0000000089800000| Complete 
| 153|0x0000000089900000, 0x0000000089a00000, 0x0000000089a00000|100%| E|CS|TAMS 0x0000000089900000, 0x0000000089900000| Complete 
| 154|0x0000000089a00000, 0x0000000089b00000, 0x0000000089b00000|100%| E|CS|TAMS 0x0000000089a00000, 0x0000000089a00000| Complete 
| 155|0x0000000089b00000, 0x0000000089c00000, 0x0000000089c00000|100%| E|CS|TAMS 0x0000000089b00000, 0x0000000089b00000| Complete 
| 156|0x0000000089c00000, 0x0000000089d00000, 0x0000000089d00000|100%| E|CS|TAMS 0x0000000089c00000, 0x0000000089c00000| Complete 
| 157|0x0000000089d00000, 0x0000000089e00000, 0x0000000089e00000|100%| E|CS|TAMS 0x0000000089d00000, 0x0000000089d00000| Complete 
| 158|0x0000000089e00000, 0x0000000089f00000, 0x0000000089f00000|100%| E|CS|TAMS 0x0000000089e00000, 0x0000000089e00000| Complete 
| 159|0x0000000089f00000, 0x000000008a000000, 0x000000008a000000|100%| E|  |TAMS 0x0000000089f00000, 0x0000000089f00000| Complete 
| 160|0x000000008a000000, 0x000000008a100000, 0x000000008a100000|100%| E|CS|TAMS 0x000000008a000000, 0x000000008a000000| Complete 
| 161|0x000000008a100000, 0x000000008a200000, 0x000000008a200000|100%| E|CS|TAMS 0x000000008a100000, 0x000000008a100000| Complete 
| 162|0x000000008a200000, 0x000000008a300000, 0x000000008a300000|100%| E|CS|TAMS 0x000000008a200000, 0x000000008a200000| Complete 
| 163|0x000000008a300000, 0x000000008a400000, 0x000000008a400000|100%| E|CS|TAMS 0x000000008a300000, 0x000000008a300000| Complete 
| 164|0x000000008a400000, 0x000000008a500000, 0x000000008a500000|100%| E|CS|TAMS 0x000000008a400000, 0x000000008a400000| Complete 
| 165|0x000000008a500000, 0x000000008a600000, 0x000000008a600000|100%| E|CS|TAMS 0x000000008a500000, 0x000000008a500000| Complete 
| 166|0x000000008a600000, 0x000000008a700000, 0x000000008a700000|100%| E|CS|TAMS 0x000000008a600000, 0x000000008a600000| Complete 
| 167|0x000000008a700000, 0x000000008a800000, 0x000000008a800000|100%| E|CS|TAMS 0x000000008a700000, 0x000000008a700000| Complete 
| 168|0x000000008a800000, 0x000000008a900000, 0x000000008a900000|100%| E|CS|TAMS 0x000000008a800000, 0x000000008a800000| Complete 
| 169|0x000000008a900000, 0x000000008aa00000, 0x000000008aa00000|100%| E|CS|TAMS 0x000000008a900000, 0x000000008a900000| Complete 
| 170|0x000000008aa00000, 0x000000008ab00000, 0x000000008ab00000|100%| E|CS|TAMS 0x000000008aa00000, 0x000000008aa00000| Complete 
| 171|0x000000008ab00000, 0x000000008ac00000, 0x000000008ac00000|100%| E|CS|TAMS 0x000000008ab00000, 0x000000008ab00000| Complete 
| 172|0x000000008ac00000, 0x000000008ad00000, 0x000000008ad00000|100%| E|CS|TAMS 0x000000008ac00000, 0x000000008ac00000| Complete 
| 173|0x000000008ad00000, 0x000000008ae00000, 0x000000008ae00000|100%| E|CS|TAMS 0x000000008ad00000, 0x000000008ad00000| Complete 
| 174|0x000000008ae00000, 0x000000008af00000, 0x000000008af00000|100%| E|CS|TAMS 0x000000008ae00000, 0x000000008ae00000| Complete 
| 175|0x000000008af00000, 0x000000008b000000, 0x000000008b000000|100%| E|CS|TAMS 0x000000008af00000, 0x000000008af00000| Complete 
| 176|0x000000008b000000, 0x000000008b100000, 0x000000008b100000|100%| E|CS|TAMS 0x000000008b000000, 0x000000008b000000| Complete 
| 177|0x000000008b100000, 0x000000008b200000, 0x000000008b200000|100%| E|CS|TAMS 0x000000008b100000, 0x000000008b100000| Complete 
| 178|0x000000008b200000, 0x000000008b300000, 0x000000008b300000|100%| E|CS|TAMS 0x000000008b200000, 0x000000008b200000| Complete 
| 179|0x000000008b300000, 0x000000008b400000, 0x000000008b400000|100%| E|CS|TAMS 0x000000008b300000, 0x000000008b300000| Complete 
| 180|0x000000008b400000, 0x000000008b500000, 0x000000008b500000|100%| E|CS|TAMS 0x000000008b400000, 0x000000008b400000| Complete 
| 181|0x000000008b500000, 0x000000008b600000, 0x000000008b600000|100%| E|CS|TAMS 0x000000008b500000, 0x000000008b500000| Complete 
| 182|0x000000008b600000, 0x000000008b700000, 0x000000008b700000|100%| E|CS|TAMS 0x000000008b600000, 0x000000008b600000| Complete 
| 183|0x000000008b700000, 0x000000008b800000, 0x000000008b800000|100%| E|CS|TAMS 0x000000008b700000, 0x000000008b700000| Complete 
| 184|0x000000008b800000, 0x000000008b900000, 0x000000008b900000|100%| E|CS|TAMS 0x000000008b800000, 0x000000008b800000| Complete 
| 185|0x000000008b900000, 0x000000008ba00000, 0x000000008ba00000|100%| E|CS|TAMS 0x000000008b900000, 0x000000008b900000| Complete 
| 186|0x000000008ba00000, 0x000000008bb00000, 0x000000008bb00000|100%| E|CS|TAMS 0x000000008ba00000, 0x000000008ba00000| Complete 
| 187|0x000000008bb00000, 0x000000008bc00000, 0x000000008bc00000|100%| E|CS|TAMS 0x000000008bb00000, 0x000000008bb00000| Complete 
| 188|0x000000008bc00000, 0x000000008bd00000, 0x000000008bd00000|100%| E|CS|TAMS 0x000000008bc00000, 0x000000008bc00000| Complete 
| 189|0x000000008bd00000, 0x000000008be00000, 0x000000008be00000|100%| E|CS|TAMS 0x000000008bd00000, 0x000000008bd00000| Complete 
| 190|0x000000008be00000, 0x000000008bf00000, 0x000000008bf00000|100%| E|CS|TAMS 0x000000008be00000, 0x000000008be00000| Complete 
| 191|0x000000008bf00000, 0x000000008c000000, 0x000000008c000000|100%| E|CS|TAMS 0x000000008bf00000, 0x000000008bf00000| Complete 
| 192|0x000000008c000000, 0x000000008c100000, 0x000000008c100000|100%| E|CS|TAMS 0x000000008c000000, 0x000000008c000000| Complete 
| 193|0x000000008c100000, 0x000000008c200000, 0x000000008c200000|100%| E|CS|TAMS 0x000000008c100000, 0x000000008c100000| Complete 
| 194|0x000000008c200000, 0x000000008c300000, 0x000000008c300000|100%| E|CS|TAMS 0x000000008c200000, 0x000000008c200000| Complete 
| 195|0x000000008c300000, 0x000000008c400000, 0x000000008c400000|100%| E|CS|TAMS 0x000000008c300000, 0x000000008c300000| Complete 
| 196|0x000000008c400000, 0x000000008c500000, 0x000000008c500000|100%| E|CS|TAMS 0x000000008c400000, 0x000000008c400000| Complete 
| 197|0x000000008c500000, 0x000000008c600000, 0x000000008c600000|100%| E|CS|TAMS 0x000000008c500000, 0x000000008c500000| Complete 
| 198|0x000000008c600000, 0x000000008c700000, 0x000000008c700000|100%| E|CS|TAMS 0x000000008c600000, 0x000000008c600000| Complete 
| 199|0x000000008c700000, 0x000000008c800000, 0x000000008c800000|100%| E|CS|TAMS 0x000000008c700000, 0x000000008c700000| Complete 
| 200|0x000000008c800000, 0x000000008c900000, 0x000000008c900000|100%| E|CS|TAMS 0x000000008c800000, 0x000000008c800000| Complete 
| 201|0x000000008c900000, 0x000000008ca00000, 0x000000008ca00000|100%| E|CS|TAMS 0x000000008c900000, 0x000000008c900000| Complete 
| 202|0x000000008ca00000, 0x000000008cb00000, 0x000000008cb00000|100%| E|CS|TAMS 0x000000008ca00000, 0x000000008ca00000| Complete 
| 203|0x000000008cb00000, 0x000000008cc00000, 0x000000008cc00000|100%| E|CS|TAMS 0x000000008cb00000, 0x000000008cb00000| Complete 
| 204|0x000000008cc00000, 0x000000008cd00000, 0x000000008cd00000|100%| E|CS|TAMS 0x000000008cc00000, 0x000000008cc00000| Complete 
| 205|0x000000008cd00000, 0x000000008ce00000, 0x000000008ce00000|100%| E|CS|TAMS 0x000000008cd00000, 0x000000008cd00000| Complete 
| 206|0x000000008ce00000, 0x000000008cf00000, 0x000000008cf00000|100%| E|CS|TAMS 0x000000008ce00000, 0x000000008ce00000| Complete 
| 207|0x000000008cf00000, 0x000000008d000000, 0x000000008d000000|100%| E|CS|TAMS 0x000000008cf00000, 0x000000008cf00000| Complete 
| 208|0x000000008d000000, 0x000000008d100000, 0x000000008d100000|100%| E|CS|TAMS 0x000000008d000000, 0x000000008d000000| Complete 
| 209|0x000000008d100000, 0x000000008d200000, 0x000000008d200000|100%| E|CS|TAMS 0x000000008d100000, 0x000000008d100000| Complete 
| 210|0x000000008d200000, 0x000000008d300000, 0x000000008d300000|100%| E|CS|TAMS 0x000000008d200000, 0x000000008d200000| Complete 
| 211|0x000000008d300000, 0x000000008d400000, 0x000000008d400000|100%| E|CS|TAMS 0x000000008d300000, 0x000000008d300000| Complete 
| 212|0x000000008d400000, 0x000000008d500000, 0x000000008d500000|100%| E|CS|TAMS 0x000000008d400000, 0x000000008d400000| Complete 
| 213|0x000000008d500000, 0x000000008d600000, 0x000000008d600000|100%| E|CS|TAMS 0x000000008d500000, 0x000000008d500000| Complete 
| 214|0x000000008d600000, 0x000000008d700000, 0x000000008d700000|100%| E|CS|TAMS 0x000000008d600000, 0x000000008d600000| Complete 
| 215|0x000000008d700000, 0x000000008d800000, 0x000000008d800000|100%| E|CS|TAMS 0x000000008d700000, 0x000000008d700000| Complete 
| 216|0x000000008d800000, 0x000000008d900000, 0x000000008d900000|100%| E|CS|TAMS 0x000000008d800000, 0x000000008d800000| Complete 
| 217|0x000000008d900000, 0x000000008da00000, 0x000000008da00000|100%| E|CS|TAMS 0x000000008d900000, 0x000000008d900000| Complete 
| 218|0x000000008da00000, 0x000000008db00000, 0x000000008db00000|100%| E|CS|TAMS 0x000000008da00000, 0x000000008da00000| Complete 
| 219|0x000000008db00000, 0x000000008dc00000, 0x000000008dc00000|100%| E|CS|TAMS 0x000000008db00000, 0x000000008db00000| Complete 
| 220|0x000000008dc00000, 0x000000008dd00000, 0x000000008dd00000|100%| E|CS|TAMS 0x000000008dc00000, 0x000000008dc00000| Complete 
| 221|0x000000008dd00000, 0x000000008de00000, 0x000000008de00000|100%| E|CS|TAMS 0x000000008dd00000, 0x000000008dd00000| Complete 
| 222|0x000000008de00000, 0x000000008df00000, 0x000000008df00000|100%| E|CS|TAMS 0x000000008de00000, 0x000000008de00000| Complete 
| 223|0x000000008df00000, 0x000000008e000000, 0x000000008e000000|100%| E|CS|TAMS 0x000000008df00000, 0x000000008df00000| Complete 
| 224|0x000000008e000000, 0x000000008e100000, 0x000000008e100000|100%| E|CS|TAMS 0x000000008e000000, 0x000000008e000000| Complete 
| 225|0x000000008e100000, 0x000000008e200000, 0x000000008e200000|100%| E|CS|TAMS 0x000000008e100000, 0x000000008e100000| Complete 
| 226|0x000000008e200000, 0x000000008e300000, 0x000000008e300000|100%| E|CS|TAMS 0x000000008e200000, 0x000000008e200000| Complete 

Card table byte_map: [0x000001964a150000,0x000001964a550000] _byte_map_base: 0x0000019649d50000

Marking Bits (Prev, Next): (CMBitMap*) 0x00000196375b3640, (CMBitMap*) 0x00000196375b3680
 Prev Bits: [0x000001964a950000, 0x000001964c950000)
 Next Bits: [0x000001964c950000, 0x000001964e950000)

Polling page: 0x0000019635510000

Metaspace:

Usage:
  Non-class:     74.51 MB used.
      Class:     11.75 MB used.
       Both:     86.26 MB used.

Virtual space:
  Non-class space:       80.00 MB reserved,      74.81 MB ( 94%) committed,  10 nodes.
      Class space:        1.00 GB reserved,      12.06 MB (  1%) committed,  1 nodes.
             Both:        1.08 GB reserved,      86.88 MB (  8%) committed. 

Chunk freelists:
   Non-Class:  1.11 MB
       Class:  3.89 MB
        Both:  5.00 MB

MaxMetaspaceSize: unlimited
CompressedClassSpaceSize: 1.00 GB
Initial GC threshold: 21.00 MB
Current GC threshold: 141.69 MB
CDS: off
MetaspaceReclaimPolicy: balanced
 - commit_granule_bytes: 65536.
 - commit_granule_words: 8192.
 - virtual_space_node_default_size: 1048576.
 - enlarge_chunks_in_place: 1.
 - new_chunks_are_fully_committed: 0.
 - uncommit_free_chunks: 1.
 - use_allocation_guard: 0.
 - handle_deallocations: 1.


Internal statistics:

num_allocs_failed_limit: 12.
num_arena_births: 908.
num_arena_deaths: 14.
num_vsnodes_births: 11.
num_vsnodes_deaths: 0.
num_space_committed: 1390.
num_space_uncommitted: 0.
num_chunks_returned_to_freelist: 30.
num_chunks_taken_from_freelist: 4180.
num_chunk_merges: 14.
num_chunk_splits: 2684.
num_chunks_enlarged: 1749.
num_purges: 2.
num_inconsistent_stats: 0.

CodeHeap 'non-profiled nmethods': size=120000Kb used=4361Kb max_used=4361Kb free=115638Kb
 bounds [0x00000196424f0000, 0x0000019642940000, 0x0000019649a20000]
CodeHeap 'profiled nmethods': size=120000Kb used=19950Kb max_used=19950Kb free=100050Kb
 bounds [0x000001963aa20000, 0x000001963bda0000, 0x0000019641f50000]
CodeHeap 'non-nmethods': size=5760Kb used=2370Kb max_used=2443Kb free=3390Kb
 bounds [0x0000019641f50000, 0x00000196421d0000, 0x00000196424f0000]
 total_blobs=11402 nmethods=10501 adapters=813
 compilation: enabled
              stopped_count=0, restarted_count=0
 full_count=0

Compilation events (20 events):
Event: 21.579 Thread 0x0000019651c357e0 11572       3       com.google.common.collect.HashBiMap::rehashIfNecessary (87 bytes)
Event: 21.580 Thread 0x0000019651c357e0 nmethod 11572 0x000001963bd7ab90 code [0x000001963bd7ada0, 0x000001963bd7b2f8]
Event: 21.581 Thread 0x0000019651c357e0 11573 %     3       org.gradle.api.internal.tasks.compile.incremental.compilerapi.deps.DependentSetSerializer::read @ 90 (198 bytes)
Event: 21.582 Thread 0x0000019651c357e0 nmethod 11573% 0x000001963bd7b510 code [0x000001963bd7b960, 0x000001963bd7d9d8]
Event: 21.586 Thread 0x0000019651c357e0 11575       2       it.unimi.dsi.fastutil.HashCommon::nextPowerOfTwo (53 bytes)
Event: 21.586 Thread 0x0000019651c357e0 nmethod 11575 0x000001963bd7e610 code [0x000001963bd7e7a0, 0x000001963bd7e938]
Event: 21.595 Thread 0x0000019651c357e0 11576       3       org.gradle.api.internal.tasks.compile.incremental.compilerapi.deps.DependentSetSerializer::read (198 bytes)
Event: 21.597 Thread 0x0000019651c357e0 nmethod 11576 0x000001963bd7ea10 code [0x000001963bd7ef20, 0x000001963bd819b8]
Event: 21.605 Thread 0x0000019651c357e0 11578 %     3       com.google.common.collect.HashBiMap::seekByValue @ 12 (47 bytes)
Event: 21.606 Thread 0x0000019651c357e0 nmethod 11578% 0x000001963bd82890 code [0x000001963bd82a60, 0x000001963bd82f88]
Event: 21.614 Thread 0x0000019651c357e0 11579       3       com.google.common.collect.HashBiMap::seekByValue (47 bytes)
Event: 21.615 Thread 0x0000019651c357e0 nmethod 11579 0x000001963bd83190 code [0x000001963bd83360, 0x000001963bd83808]
Event: 21.627 Thread 0x0000019651c357e0 11581       2       org.gradle.internal.serialize.AbstractSerializer::<init> (5 bytes)
Event: 21.628 Thread 0x0000019651c357e0 nmethod 11581 0x000001963bd83a10 code [0x000001963bd83ba0, 0x000001963bd83c98]
Event: 21.629 Thread 0x0000019651c357e0 11582 %     3       org.gradle.internal.serialize.IntSetSerializer::read @ 27 (54 bytes)
Event: 21.630 Thread 0x0000019651c357e0 nmethod 11582% 0x000001963bd83d10 code [0x000001963bd83f40, 0x000001963bd845d8]
Event: 21.701 Thread 0x0000019651c357e0 11586 %     3       com.google.common.collect.MapMakerInternalMap$Segment::expand @ 185 (276 bytes)
Event: 21.708 Thread 0x0000019651c357e0 nmethod 11586% 0x000001963bd84890 code [0x000001963bd85180, 0x000001963bd8abe8]
Event: 21.711 Thread 0x0000019651c357e0 11588 %     3       com.google.common.collect.MapMakerInternalMap$Segment::expand @ 128 (276 bytes)
Event: 21.719 Thread 0x0000019651c357e0 nmethod 11588% 0x000001963bd8cd10 code [0x000001963bd8d600, 0x000001963bd930c8]

GC Heap History (20 events):
Event: 15.760 GC heap before
{Heap before GC invocations=22 (full 0):
 garbage-first heap   total 137216K, used 111465K [0x0000000080000000, 0x0000000100000000)
  region size 1024K, 51 young (52224K), 7 survivors (7168K)
 Metaspace       used 81311K, committed 81920K, reserved 1122304K
  class space    used 11070K, committed 11328K, reserved 1048576K
}
Event: 15.771 GC heap after
{Heap after GC invocations=23 (full 0):
 garbage-first heap   total 164864K, used 69837K [0x0000000080000000, 0x0000000100000000)
  region size 1024K, 4 young (4096K), 4 survivors (4096K)
 Metaspace       used 81311K, committed 81920K, reserved 1122304K
  class space    used 11070K, committed 11328K, reserved 1048576K
}
Event: 16.448 GC heap before
{Heap before GC invocations=23 (full 0):
 garbage-first heap   total 164864K, used 131277K [0x0000000080000000, 0x0000000100000000)
  region size 1024K, 64 young (65536K), 4 survivors (4096K)
 Metaspace       used 82832K, committed 83456K, reserved 1122304K
  class space    used 11290K, committed 11584K, reserved 1048576K
}
Event: 16.458 GC heap after
{Heap after GC invocations=24 (full 0):
 garbage-first heap   total 164864K, used 78500K [0x0000000080000000, 0x0000000100000000)
  region size 1024K, 8 young (8192K), 8 survivors (8192K)
 Metaspace       used 82832K, committed 83456K, reserved 1122304K
  class space    used 11290K, committed 11584K, reserved 1048576K
}
Event: 17.365 GC heap before
{Heap before GC invocations=24 (full 0):
 garbage-first heap   total 164864K, used 129700K [0x0000000080000000, 0x0000000100000000)
  region size 1024K, 59 young (60416K), 8 survivors (8192K)
 Metaspace       used 85286K, committed 85952K, reserved 1130496K
  class space    used 11767K, committed 12032K, reserved 1048576K
}
Event: 17.376 GC heap after
{Heap after GC invocations=25 (full 0):
 garbage-first heap   total 164864K, used 85876K [0x0000000080000000, 0x0000000100000000)
  region size 1024K, 7 young (7168K), 7 survivors (7168K)
 Metaspace       used 85286K, committed 85952K, reserved 1130496K
  class space    used 11767K, committed 12032K, reserved 1048576K
}
Event: 17.895 GC heap before
{Heap before GC invocations=25 (full 0):
 garbage-first heap   total 164864K, used 130932K [0x0000000080000000, 0x0000000100000000)
  region size 1024K, 52 young (53248K), 7 survivors (7168K)
 Metaspace       used 85577K, committed 86208K, reserved 1130496K
  class space    used 11772K, committed 12096K, reserved 1048576K
}
Event: 17.903 GC heap after
{Heap after GC invocations=26 (full 0):
 garbage-first heap   total 164864K, used 88916K [0x0000000080000000, 0x0000000100000000)
  region size 1024K, 5 young (5120K), 5 survivors (5120K)
 Metaspace       used 85577K, committed 86208K, reserved 1130496K
  class space    used 11772K, committed 12096K, reserved 1048576K
}
Event: 18.511 GC heap before
{Heap before GC invocations=27 (full 0):
 garbage-first heap   total 164864K, used 131924K [0x0000000080000000, 0x0000000100000000)
  region size 1024K, 48 young (49152K), 5 survivors (5120K)
 Metaspace       used 86085K, committed 86720K, reserved 1130496K
  class space    used 11824K, committed 12096K, reserved 1048576K
}
Event: 18.518 GC heap after
{Heap after GC invocations=28 (full 0):
 garbage-first heap   total 164864K, used 92132K [0x0000000080000000, 0x0000000100000000)
  region size 1024K, 5 young (5120K), 5 survivors (5120K)
 Metaspace       used 86085K, committed 86720K, reserved 1130496K
  class space    used 11824K, committed 12096K, reserved 1048576K
}
Event: 18.553 GC heap before
{Heap before GC invocations=28 (full 0):
 garbage-first heap   total 164864K, used 94180K [0x0000000080000000, 0x0000000100000000)
  region size 1024K, 8 young (8192K), 5 survivors (5120K)
 Metaspace       used 86106K, committed 86784K, reserved 1130496K
  class space    used 11825K, committed 12096K, reserved 1048576K
}
Event: 18.559 GC heap after
{Heap after GC invocations=29 (full 0):
 garbage-first heap   total 164864K, used 91996K [0x0000000080000000, 0x0000000100000000)
  region size 1024K, 1 young (1024K), 1 survivors (1024K)
 Metaspace       used 86106K, committed 86784K, reserved 1130496K
  class space    used 11825K, committed 12096K, reserved 1048576K
}
Event: 19.140 GC heap before
{Heap before GC invocations=29 (full 0):
 garbage-first heap   total 164864K, used 132956K [0x0000000080000000, 0x0000000100000000)
  region size 1024K, 42 young (43008K), 1 survivors (1024K)
 Metaspace       used 86336K, committed 86976K, reserved 1130496K
  class space    used 11842K, committed 12096K, reserved 1048576K
}
Event: 19.172 GC heap after
{Heap after GC invocations=30 (full 0):
 garbage-first heap   total 232448K, used 96356K [0x0000000080000000, 0x0000000100000000)
  region size 1024K, 6 young (6144K), 6 survivors (6144K)
 Metaspace       used 86336K, committed 86976K, reserved 1130496K
  class space    used 11842K, committed 12096K, reserved 1048576K
}
Event: 20.403 GC heap before
{Heap before GC invocations=31 (full 0):
 garbage-first heap   total 232448K, used 174180K [0x0000000080000000, 0x0000000100000000)
  region size 1024K, 81 young (82944K), 6 survivors (6144K)
 Metaspace       used 86853K, committed 87488K, reserved 1130496K
  class space    used 11891K, committed 12160K, reserved 1048576K
}
Event: 20.409 GC heap after
{Heap after GC invocations=32 (full 0):
 garbage-first heap   total 232448K, used 100346K [0x0000000080000000, 0x0000000100000000)
  region size 1024K, 7 young (7168K), 7 survivors (7168K)
 Metaspace       used 86853K, committed 87488K, reserved 1130496K
  class space    used 11891K, committed 12160K, reserved 1048576K
}
Event: 20.450 GC heap before
{Heap before GC invocations=32 (full 0):
 garbage-first heap   total 232448K, used 103418K [0x0000000080000000, 0x0000000100000000)
  region size 1024K, 11 young (11264K), 7 survivors (7168K)
 Metaspace       used 86853K, committed 87488K, reserved 1130496K
  class space    used 11891K, committed 12160K, reserved 1048576K
}
Event: 20.456 GC heap after
{Heap after GC invocations=33 (full 0):
 garbage-first heap   total 232448K, used 99505K [0x0000000080000000, 0x0000000100000000)
  region size 1024K, 1 young (1024K), 1 survivors (1024K)
 Metaspace       used 86853K, committed 87488K, reserved 1130496K
  class space    used 11891K, committed 12160K, reserved 1048576K
}
Event: 21.035 GC heap before
{Heap before GC invocations=33 (full 0):
 garbage-first heap   total 232448K, used 177329K [0x0000000080000000, 0x0000000100000000)
  region size 1024K, 77 young (78848K), 1 survivors (1024K)
 Metaspace       used 86857K, committed 87488K, reserved 1130496K
  class space    used 11891K, committed 12160K, reserved 1048576K
}
Event: 21.037 GC heap after
{Heap after GC invocations=34 (full 0):
 garbage-first heap   total 232448K, used 99105K [0x0000000080000000, 0x0000000100000000)
  region size 1024K, 1 young (1024K), 1 survivors (1024K)
 Metaspace       used 86857K, committed 87488K, reserved 1130496K
  class space    used 11891K, committed 12160K, reserved 1048576K
}

Dll operation events (2 events):
Event: 0.046 Loaded shared library C:\Program Files\Android\Android Studio\jbr\bin\java.dll
Event: 0.924 Loaded shared library C:\Program Files\Android\Android Studio\jbr\bin\verify.dll

Deoptimization events (20 events):
Event: 21.303 Thread 0x0000019658e14bd0 DEOPT PACKING pc=0x000001964291c378 sp=0x000000912b1fb9e0
Event: 21.303 Thread 0x0000019658e14bd0 DEOPT UNPACKING pc=0x0000019641fa69a3 sp=0x000000912b1fb9a0 mode 2
Event: 21.303 Thread 0x0000019658e14bd0 Uncommon trap: trap_request=0xffffffde fr.pc=0x000001964291c378 relative=0x00000000000005b8
Event: 21.303 Thread 0x0000019658e14bd0 Uncommon trap: reason=class_check action=maybe_recompile pc=0x000001964291c378 method=java.util.AbstractCollection.toArray()[Ljava/lang/Object; @ 1 c2
Event: 21.303 Thread 0x0000019658e14bd0 DEOPT PACKING pc=0x000001964291c378 sp=0x000000912b1fb9e0
Event: 21.304 Thread 0x0000019658e14bd0 DEOPT UNPACKING pc=0x0000019641fa69a3 sp=0x000000912b1fb9a0 mode 2
Event: 21.405 Thread 0x0000019658e14bd0 Uncommon trap: trap_request=0xffffffde fr.pc=0x000001964291c378 relative=0x00000000000005b8
Event: 21.405 Thread 0x0000019658e14bd0 Uncommon trap: reason=class_check action=maybe_recompile pc=0x000001964291c378 method=java.util.AbstractCollection.toArray()[Ljava/lang/Object; @ 1 c2
Event: 21.405 Thread 0x0000019658e14bd0 DEOPT PACKING pc=0x000001964291c378 sp=0x000000912b1fba10
Event: 21.405 Thread 0x0000019658e14bd0 DEOPT UNPACKING pc=0x0000019641fa69a3 sp=0x000000912b1fb9d0 mode 2
Event: 21.439 Thread 0x0000019658e14bd0 DEOPT PACKING pc=0x000001963ade391b sp=0x000000912b1f8330
Event: 21.439 Thread 0x0000019658e14bd0 DEOPT UNPACKING pc=0x0000019641fa7143 sp=0x000000912b1f77a0 mode 0
Event: 21.496 Thread 0x0000019658e14bd0 Uncommon trap: trap_request=0xffffffd6 fr.pc=0x00000196428cf338 relative=0x0000000000000b18
Event: 21.496 Thread 0x0000019658e14bd0 Uncommon trap: reason=array_check action=maybe_recompile pc=0x00000196428cf338 method=com.google.common.collect.RegularImmutableMap.fromEntryArrayCheckingBucketOverflow(I[Ljava/util/Map$Entry;Z)Lcom/google/common/collect/ImmutableMap; @ 216 c2
Event: 21.496 Thread 0x0000019658e14bd0 DEOPT PACKING pc=0x00000196428cf338 sp=0x000000912b1fa280
Event: 21.496 Thread 0x0000019658e14bd0 DEOPT UNPACKING pc=0x0000019641fa69a3 sp=0x000000912b1fa230 mode 2
Event: 21.506 Thread 0x0000019658e14bd0 DEOPT PACKING pc=0x000001963bd6b00f sp=0x000000912b1fa260
Event: 21.506 Thread 0x0000019658e14bd0 DEOPT UNPACKING pc=0x0000019641fa7143 sp=0x000000912b1f9718 mode 0
Event: 21.711 Thread 0x0000019658e15a40 DEOPT PACKING pc=0x000001963b2bc0c3 sp=0x000000912bafe4f0
Event: 21.711 Thread 0x0000019658e15a40 DEOPT UNPACKING pc=0x0000019641fa7143 sp=0x000000912bafd978 mode 0

Classes unloaded (7 events):
Event: 19.293 Thread 0x00000196513badf0 Unloading class 0x0000000100ba9c00 'java/lang/invoke/LambdaForm$DMH+0x0000000100ba9c00'
Event: 19.294 Thread 0x00000196513badf0 Unloading class 0x0000000100ba9800 'java/lang/invoke/LambdaForm$DMH+0x0000000100ba9800'
Event: 19.294 Thread 0x00000196513badf0 Unloading class 0x0000000100ba9400 'java/lang/invoke/LambdaForm$DMH+0x0000000100ba9400'
Event: 19.294 Thread 0x00000196513badf0 Unloading class 0x0000000100ba9000 'java/lang/invoke/LambdaForm$DMH+0x0000000100ba9000'
Event: 19.294 Thread 0x00000196513badf0 Unloading class 0x0000000100ba8c00 'java/lang/invoke/LambdaForm$DMH+0x0000000100ba8c00'
Event: 19.294 Thread 0x00000196513badf0 Unloading class 0x0000000100ba8400 'java/lang/invoke/LambdaForm$DMH+0x0000000100ba8400'
Event: 19.294 Thread 0x00000196513badf0 Unloading class 0x0000000100ba8800 'java/lang/invoke/LambdaForm$DMH+0x0000000100ba8800'

Classes redefined (0 events):
No events

Internal exceptions (20 events):
Event: 17.154 Thread 0x00000196569bbe60 Exception <a 'java/lang/NoSuchMethodError'{0x0000000088bfa780}: 'java.lang.Object java.lang.invoke.DirectMethodHandle$Holder.invokeSpecialIFC(java.lang.Object, java.lang.Object, java.lang.Object)'> (0x0000000088bfa780) 
thrown [s\src\hotspot\share\interpreter\linkResolver.cpp, line 771]
Event: 17.154 Thread 0x0000019656b45d80 Exception <a 'java/lang/NoSuchMethodError'{0x00000000885fe1a0}: 'java.lang.Object java.lang.invoke.DirectMethodHandle$Holder.invokeSpecialIFC(java.lang.Object, java.lang.Object, java.lang.Object)'> (0x00000000885fe1a0) 
thrown [s\src\hotspot\share\interpreter\linkResolver.cpp, line 771]
Event: 17.154 Thread 0x0000019654c62ab0 Exception <a 'java/lang/NoSuchMethodError'{0x000000008848f880}: 'java.lang.Object java.lang.invoke.DirectMethodHandle$Holder.invokeSpecialIFC(java.lang.Object, java.lang.Object, java.lang.Object)'> (0x000000008848f880) 
thrown [s\src\hotspot\share\interpreter\linkResolver.cpp, line 771]
Event: 17.154 Thread 0x0000019654c64c60 Exception <a 'java/lang/NoSuchMethodError'{0x000000008845e1c8}: 'java.lang.Object java.lang.invoke.DirectMethodHandle$Holder.invokeSpecialIFC(java.lang.Object, java.lang.Object, java.lang.Object)'> (0x000000008845e1c8) 
thrown [s\src\hotspot\share\interpreter\linkResolver.cpp, line 771]
Event: 17.482 Thread 0x0000019654c66940 Exception <a 'java/lang/NoSuchMethodError'{0x0000000089850778}: 'void java.lang.invoke.DirectMethodHandle$Holder.invokeVirtual(java.lang.Object, java.lang.Object)'> (0x0000000089850778) 
thrown [s\src\hotspot\share\interpreter\linkResolver.cpp, line 771]
Event: 18.342 Thread 0x0000019658e15570 Implicit null exception at 0x000001964287a147 to 0x000001964287a9f0
Event: 18.342 Thread 0x0000019658e15570 Implicit null exception at 0x000001964287a147 to 0x000001964287a9f0
Event: 18.389 Thread 0x00000196569bc800 Implicit null exception at 0x000001964287a147 to 0x000001964287a9f0
Event: 18.389 Thread 0x0000019654c62110 Implicit null exception at 0x000001964287a147 to 0x000001964287a9f0
Event: 18.576 Thread 0x0000019658e14bd0 Exception <a 'java/lang/NoSuchMethodError'{0x0000000089f34b60}: static Lcom/android/build/gradle/internal/scope/InternalArtifactType;.<clinit>()V> (0x0000000089f34b60) 
thrown [s\src\hotspot\share\prims\jni.cpp, line 1108]
Event: 18.577 Thread 0x0000019658e14bd0 Exception <a 'java/lang/NoSuchMethodError'{0x0000000089f362b8}: static Lcom/android/build/gradle/internal/scope/InternalArtifactType;.<clinit>()V> (0x0000000089f362b8) 
thrown [s\src\hotspot\share\prims\jni.cpp, line 1108]
Event: 18.577 Thread 0x0000019658e14bd0 Exception <a 'java/lang/NoSuchMethodError'{0x0000000089f39448}: static Lcom/android/build/api/artifact/Artifact$Single;.<clinit>()V> (0x0000000089f39448) 
thrown [s\src\hotspot\share\prims\jni.cpp, line 1108]
Event: 18.577 Thread 0x0000019658e14bd0 Exception <a 'java/lang/NoSuchMethodError'{0x0000000089f3bc68}: static Ljava/lang/Object;.<clinit>()V> (0x0000000089f3bc68) 
thrown [s\src\hotspot\share\prims\jni.cpp, line 1108]
Event: 18.579 Thread 0x0000019658e14bd0 Exception <a 'java/lang/NoSuchMethodError'{0x0000000089f52670}: static Lcom/android/build/api/artifact/ArtifactKind;.<clinit>()V> (0x0000000089f52670) 
thrown [s\src\hotspot\share\prims\jni.cpp, line 1108]
Event: 18.579 Thread 0x0000019658e14bd0 Exception <a 'java/lang/NoSuchMethodError'{0x0000000089f53830}: static Lcom/android/build/api/artifact/ArtifactKind;.<clinit>()V> (0x0000000089f53830) 
thrown [s\src\hotspot\share\prims\jni.cpp, line 1108]
Event: 18.601 Thread 0x0000019658e14bd0 Implicit null exception at 0x000001964288e400 to 0x000001964288ecac
Event: 18.908 Thread 0x000001965643ef10 Implicit null exception at 0x00000196428a0b52 to 0x00000196428a1178
Event: 19.450 Thread 0x0000019658e14bd0 Exception <a 'java/lang/NoSuchMethodError'{0x000000008de9a150}: 'int java.lang.invoke.DirectMethodHandle$Holder.invokeSpecial(java.lang.Object, java.lang.Object, java.lang.Object, java.lang.Object, java.lang.Object)'> (0x000000008de9a150) 
thrown [s\src\hotspot\share\interpreter\linkResolver.cpp, line 771]
Event: 19.484 Thread 0x0000019658e14bd0 Exception <a 'java/lang/NoSuchMethodError'{0x000000008dd25828}: static Ljava/lang/Object;.<clinit>()V> (0x000000008dd25828) 
thrown [s\src\hotspot\share\prims\jni.cpp, line 1108]
Event: 19.873 Thread 0x0000019658e14bd0 Implicit null exception at 0x00000196427ecd51 to 0x00000196427edad4

VM Operations (20 events):
Event: 19.065 Executing VM operation: HandshakeAllThreads
Event: 19.066 Executing VM operation: HandshakeAllThreads done
Event: 19.139 Executing VM operation: G1CollectForAllocation
Event: 19.173 Executing VM operation: G1CollectForAllocation done
Event: 19.293 Executing VM operation: G1Concurrent
Event: 19.361 Executing VM operation: G1Concurrent done
Event: 19.410 Executing VM operation: G1Concurrent
Event: 19.411 Executing VM operation: G1Concurrent done
Event: 19.428 Executing VM operation: HandshakeAllThreads
Event: 19.429 Executing VM operation: HandshakeAllThreads done
Event: 19.871 Executing VM operation: HandshakeAllThreads
Event: 19.872 Executing VM operation: HandshakeAllThreads done
Event: 19.911 Executing VM operation: ICBufferFull
Event: 19.912 Executing VM operation: ICBufferFull done
Event: 20.403 Executing VM operation: G1CollectForAllocation
Event: 20.409 Executing VM operation: G1CollectForAllocation done
Event: 20.449 Executing VM operation: G1CollectForAllocation
Event: 20.457 Executing VM operation: G1CollectForAllocation done
Event: 21.033 Executing VM operation: G1CollectForAllocation
Event: 21.037 Executing VM operation: G1CollectForAllocation done

Events (20 events):
Event: 18.571 loading class java/util/concurrent/ConcurrentSkipListMap$KeySet
Event: 18.572 loading class java/util/concurrent/ConcurrentSkipListMap$KeySet done
Event: 18.572 loading class java/util/concurrent/ConcurrentSkipListMap$KeyIterator
Event: 18.573 loading class java/util/concurrent/ConcurrentSkipListMap$KeyIterator done
Event: 19.070 Thread 0x0000019651c361d0 flushing nmethod 0x000001963ac3ac10
Event: 21.320 loading class java/util/LinkedList$LLSpliterator
Event: 21.320 loading class java/util/LinkedList$LLSpliterator done
Event: 21.441 Thread 0x0000019658e15a40 Thread added: 0x0000019658e15a40
Event: 21.492 loading class java/util/PrimitiveIterator$OfInt
Event: 21.492 loading class java/util/PrimitiveIterator
Event: 21.493 loading class java/util/PrimitiveIterator done
Event: 21.493 loading class java/util/PrimitiveIterator$OfInt done
Event: 21.535 Thread 0x0000019658e12a20 Thread added: 0x0000019658e12a20
Event: 21.535 Thread 0x0000019658e0f060 Thread added: 0x0000019658e0f060
Event: 21.535 Thread 0x0000019658e11210 Thread added: 0x0000019658e11210
Event: 21.535 Thread 0x0000019658e116e0 Thread added: 0x0000019658e116e0
Event: 21.535 Thread 0x0000019658e0f530 Thread added: 0x0000019658e0f530
Event: 21.536 Thread 0x0000019658e0fa00 Thread added: 0x0000019658e0fa00
Event: 21.536 Thread 0x0000019658e11bb0 Thread added: 0x0000019658e11bb0
Event: 21.536 Thread 0x0000019658e0fed0 Thread added: 0x0000019658e0fed0


Dynamic libraries:
0x00007ff7b5980000 - 0x00007ff7b598a000 	C:\Program Files\Android\Android Studio\jbr\bin\java.exe
0x00007ffbd6d50000 - 0x00007ffbd6f64000 	C:\WINDOWS\SYSTEM32\ntdll.dll
0x00007ffbd5dc0000 - 0x00007ffbd5e84000 	C:\WINDOWS\System32\KERNEL32.DLL
0x00007ffbd43a0000 - 0x00007ffbd4744000 	C:\WINDOWS\System32\KERNELBASE.dll
0x00007ffbd4750000 - 0x00007ffbd4861000 	C:\WINDOWS\System32\ucrtbase.dll
0x00007ffbca320000 - 0x00007ffbca337000 	C:\Program Files\Android\Android Studio\jbr\bin\jli.dll
0x00007ffbcb390000 - 0x00007ffbcb3ab000 	C:\Program Files\Android\Android Studio\jbr\bin\VCRUNTIME140.dll
0x00007ffbd5480000 - 0x00007ffbd562a000 	C:\WINDOWS\System32\USER32.dll
0x00007ffbd4130000 - 0x00007ffbd4156000 	C:\WINDOWS\System32\win32u.dll
0x00007ffbd5630000 - 0x00007ffbd5659000 	C:\WINDOWS\System32\GDI32.dll
0x00007ffbd41e0000 - 0x00007ffbd42f9000 	C:\WINDOWS\System32\gdi32full.dll
0x00007ffbd4300000 - 0x00007ffbd439a000 	C:\WINDOWS\System32\msvcp_win.dll
0x00007ffbb8b80000 - 0x00007ffbb8e0f000 	C:\WINDOWS\WinSxS\amd64_microsoft.windows.common-controls_6595b64144ccf1df_6.0.22621.2070_none_2713e6537381f706\COMCTL32.dll
0x00007ffbd6c60000 - 0x00007ffbd6d07000 	C:\WINDOWS\System32\msvcrt.dll
0x00007ffbd5d80000 - 0x00007ffbd5db1000 	C:\WINDOWS\System32\IMM32.DLL
0x00007ffbcb2f0000 - 0x00007ffbcb2fc000 	C:\Program Files\Android\Android Studio\jbr\bin\vcruntime140_1.dll
0x00007ffbc9990000 - 0x00007ffbc9a1d000 	C:\Program Files\Android\Android Studio\jbr\bin\msvcp140.dll
0x00007ffb5dcf0000 - 0x00007ffb5e95e000 	C:\Program Files\Android\Android Studio\jbr\bin\server\jvm.dll
0x00007ffbd5fa0000 - 0x00007ffbd6050000 	C:\WINDOWS\System32\ADVAPI32.dll
0x00007ffbd6050000 - 0x00007ffbd60f6000 	C:\WINDOWS\System32\sechost.dll
0x00007ffbd4fe0000 - 0x00007ffbd50f7000 	C:\WINDOWS\System32\RPCRT4.dll
0x00007ffbc9410000 - 0x00007ffbc941a000 	C:\WINDOWS\SYSTEM32\VERSION.dll
0x00007ffbcb310000 - 0x00007ffbcb319000 	C:\WINDOWS\SYSTEM32\WSOCK32.dll
0x00007ffbc98c0000 - 0x00007ffbc98f4000 	C:\WINDOWS\SYSTEM32\WINMM.dll
0x00007ffbd6360000 - 0x00007ffbd63d1000 	C:\WINDOWS\System32\WS2_32.dll
0x00007ffbd3210000 - 0x00007ffbd3228000 	C:\WINDOWS\SYSTEM32\kernel.appcore.dll
0x00007ffbcacf0000 - 0x00007ffbcacfa000 	C:\Program Files\Android\Android Studio\jbr\bin\jimage.dll
0x00007ffbd1b20000 - 0x00007ffbd1d4e000 	C:\WINDOWS\SYSTEM32\DBGHELP.DLL
0x00007ffbd4bc0000 - 0x00007ffbd4f4a000 	C:\WINDOWS\System32\combase.dll
0x00007ffbd5320000 - 0x00007ffbd53f7000 	C:\WINDOWS\System32\OLEAUT32.dll
0x00007ffbb7660000 - 0x00007ffbb7692000 	C:\WINDOWS\SYSTEM32\dbgcore.DLL
0x00007ffbd4160000 - 0x00007ffbd41da000 	C:\WINDOWS\System32\bcryptPrimitives.dll
0x00007ffbca460000 - 0x00007ffbca485000 	C:\Program Files\Android\Android Studio\jbr\bin\java.dll
0x00007ffbcaa90000 - 0x00007ffbcaaa8000 	C:\Program Files\Android\Android Studio\jbr\bin\zip.dll
0x00007ffbd63f0000 - 0x00007ffbd6c06000 	C:\WINDOWS\System32\SHELL32.dll
0x00007ffbd2110000 - 0x00007ffbd29fa000 	C:\WINDOWS\SYSTEM32\windows.storage.dll
0x00007ffbd1fd0000 - 0x00007ffbd210e000 	C:\WINDOWS\SYSTEM32\wintypes.dll
0x00007ffbd5660000 - 0x00007ffbd5753000 	C:\WINDOWS\System32\SHCORE.dll
0x00007ffbd5100000 - 0x00007ffbd515e000 	C:\WINDOWS\System32\shlwapi.dll
0x00007ffbd4060000 - 0x00007ffbd4086000 	C:\WINDOWS\SYSTEM32\profapi.dll
0x00007ffbca8e0000 - 0x00007ffbca8f9000 	C:\Program Files\Android\Android Studio\jbr\bin\net.dll
0x00007ffbcd440000 - 0x00007ffbcd577000 	C:\WINDOWS\SYSTEM32\WINHTTP.dll
0x00007ffbd36e0000 - 0x00007ffbd3749000 	C:\WINDOWS\system32\mswsock.dll
0x00007ffbca660000 - 0x00007ffbca676000 	C:\Program Files\Android\Android Studio\jbr\bin\nio.dll
0x00007ffbcaa70000 - 0x00007ffbcaa80000 	C:\Program Files\Android\Android Studio\jbr\bin\verify.dll
0x00007ffbbb870000 - 0x00007ffbbb897000 	C:\Users\varda maghoo\.gradle\native\68d5fa5c4cc2d200863cafc0d521ce42e7d3e7ee720ec0a83991735586a16f82\windows-amd64\native-platform.dll
0x00007ffb93c50000 - 0x00007ffb93d94000 	C:\Users\varda maghoo\.gradle\native\e376f236ea51e6404a007f0833ffe2c6e607c4080706a723a18a27aeea778392\windows-amd64\native-platform-file-events.dll
0x00007ffbcaa50000 - 0x00007ffbcaa59000 	C:\Program Files\Android\Android Studio\jbr\bin\management.dll
0x00007ffbca380000 - 0x00007ffbca38b000 	C:\Program Files\Android\Android Studio\jbr\bin\management_ext.dll
0x00007ffbd63e0000 - 0x00007ffbd63e8000 	C:\WINDOWS\System32\PSAPI.DLL
0x00007ffbd3940000 - 0x00007ffbd395b000 	C:\WINDOWS\SYSTEM32\CRYPTSP.dll
0x00007ffbd31d0000 - 0x00007ffbd3205000 	C:\WINDOWS\system32\rsaenh.dll
0x00007ffbd37d0000 - 0x00007ffbd37fc000 	C:\WINDOWS\SYSTEM32\USERENV.dll
0x00007ffbd3ad0000 - 0x00007ffbd3af8000 	C:\WINDOWS\SYSTEM32\bcrypt.dll
0x00007ffbd3930000 - 0x00007ffbd393c000 	C:\WINDOWS\SYSTEM32\CRYPTBASE.dll
0x00007ffbd2cd0000 - 0x00007ffbd2cfd000 	C:\WINDOWS\SYSTEM32\IPHLPAPI.DLL
0x00007ffbd6100000 - 0x00007ffbd6109000 	C:\WINDOWS\System32\NSI.dll
0x00007ffbc9420000 - 0x00007ffbc9439000 	C:\WINDOWS\SYSTEM32\dhcpcsvc6.DLL
0x00007ffbc8ef0000 - 0x00007ffbc8f0f000 	C:\WINDOWS\SYSTEM32\dhcpcsvc.DLL
0x00007ffbd2d00000 - 0x00007ffbd2df3000 	C:\WINDOWS\SYSTEM32\DNSAPI.dll
0x00007ffbcaa80000 - 0x00007ffbcaa88000 	C:\WINDOWS\system32\wshunix.dll

dbghelp: loaded successfully - version: 4.0.5 - missing functions: none
symbol engine: initialized successfully - sym options: 0x614 - pdb path: .;C:\Program Files\Android\Android Studio\jbr\bin;C:\WINDOWS\SYSTEM32;C:\WINDOWS\WinSxS\amd64_microsoft.windows.common-controls_6595b64144ccf1df_6.0.22621.2070_none_2713e6537381f706;C:\Program Files\Android\Android Studio\jbr\bin\server;C:\Users\varda maghoo\.gradle\native\68d5fa5c4cc2d200863cafc0d521ce42e7d3e7ee720ec0a83991735586a16f82\windows-amd64;C:\Users\varda maghoo\.gradle\native\e376f236ea51e6404a007f0833ffe2c6e607c4080706a723a18a27aeea778392\windows-amd64

VM Arguments:
jvm_args: --add-opens=java.base/java.util=ALL-UNNAMED --add-opens=java.base/java.lang=ALL-UNNAMED --add-opens=java.base/java.lang.invoke=ALL-UNNAMED --add-opens=java.prefs/java.util.prefs=ALL-UNNAMED --add-opens=java.base/java.nio.charset=ALL-UNNAMED --add-opens=java.base/java.net=ALL-UNNAMED --add-opens=java.base/java.util.concurrent.atomic=ALL-UNNAMED -Xmx2048m -Dfile.encoding=UTF-8 -Duser.country=GB -Duser.language=en -Duser.variant 
java_command: org.gradle.launcher.daemon.bootstrap.GradleDaemon 8.0
java_class_path (initial): C:\Users\varda maghoo\.gradle\wrapper\dists\gradle-8.0-bin\ca5e32bp14vu59qr306oxotwh\gradle-8.0\lib\gradle-launcher-8.0.jar
Launcher Type: SUN_STANDARD

[Global flags]
     intx CICompilerCount                          = 4                                         {product} {ergonomic}
     uint ConcGCThreads                            = 2                                         {product} {ergonomic}
     uint G1ConcRefinementThreads                  = 8                                         {product} {ergonomic}
   size_t G1HeapRegionSize                         = 1048576                                   {product} {ergonomic}
    uintx GCDrainStackTargetSize                   = 64                                        {product} {ergonomic}
   size_t InitialHeapSize                          = 132120576                                 {product} {ergonomic}
   size_t MarkStackSize                            = 4194304                                   {product} {ergonomic}
   size_t MaxHeapSize                              = 2147483648                                {product} {command line}
   size_t MaxNewSize                               = 1287651328                                {product} {ergonomic}
   size_t MinHeapDeltaBytes                        = 1048576                                   {product} {ergonomic}
   size_t MinHeapSize                              = 8388608                                   {product} {ergonomic}
    uintx NonNMethodCodeHeapSize                   = 5839372                                {pd product} {ergonomic}
    uintx NonProfiledCodeHeapSize                  = 122909434                              {pd product} {ergonomic}
    uintx ProfiledCodeHeapSize                     = 122909434                              {pd product} {ergonomic}
    uintx ReservedCodeCacheSize                    = 251658240                              {pd product} {ergonomic}
     bool SegmentedCodeCache                       = true                                      {product} {ergonomic}
   size_t SoftMaxHeapSize                          = 2147483648                             {manageable} {ergonomic}
     bool UseCompressedClassPointers               = true                           {product lp64_product} {ergonomic}
     bool UseCompressedOops                        = true                           {product lp64_product} {ergonomic}
     bool UseG1GC                                  = true                                      {product} {ergonomic}
     bool UseLargePagesIndividualAllocation        = false                                  {pd product} {ergonomic}

Logging:
Log output configuration:
 #0: stdout all=warning uptime,level,tags
 #1: stderr all=off uptime,level,tags

Environment Variables:
JAVA_HOME=C:\Java\jdk-20
PATH=C:\Program Files\Common Files\Oracle\Java\javapath;C:\WINDOWS\system32;C:\WINDOWS;C:\WINDOWS\System32\Wbem;C:\WINDOWS\System32\WindowsPowerShell\v1.0\;C:\WINDOWS\System32\OpenSSH\;C:\Program Files\Git\cmd;C:\Users\varda maghoo\AppData\Local\Programs\Python\Python310;C:\Users\varda maghoo\AppData\Local\Programs\Python\Python310\Scripts;%SPARK_HOME%\bin;%HADOOP_HOME%\bin;D:\NodeJS\;C:\Users\varda maghoo\AppData\Local\Microsoft\WindowsApps;D:\Microsoft VS Code\bin;C:\spark\spark-3.4.1-bin-hadoop3\bin;C:\Hadoop\bin;C:\Java\jdk-20\bin;C:\Users\varda maghoo\AppData\Roaming\npm
USERNAME=varda maghoo
OS=Windows_NT
PROCESSOR_IDENTIFIER=Intel64 Family 6 Model 142 Stepping 12, GenuineIntel
TMP=C:\Users\VARDAM~1\AppData\Local\Temp
TEMP=C:\Users\VARDAM~1\AppData\Local\Temp


JNI global refs:
JNI global refs: 25, weak refs: 48

JNI global refs memory usage: 843, weak refs: 841


---------------  S Y S T E M  ---------------

OS:
 Windows 11 , 64 bit Build 22621 (10.0.22621.2070)
OS uptime: 1 days 22:31 hours

CPU: total 8 (initial active 8) (4 cores per cpu, 2 threads per core) family 6 model 142 stepping 12 microcode 0xde, cx8, cmov, fxsr, ht, mmx, 3dnowpref, sse, sse2, sse3, ssse3, sse4.1, sse4.2, popcnt, lzcnt, tsc, tscinvbit, avx, avx2, aes, erms, clmul, bmi1, bmi2, adx, fma, vzeroupper, clflush, clflushopt

Memory: 4k page, system-wide physical 8025M (70M free)
TotalPageFile size 21191M (AvailPageFile size 6M)
current process WorkingSet (physical memory assigned to process): 418M, peak: 421M
current process commit charge ("private bytes"): 502M, peak: 506M

vm_info: OpenJDK 64-Bit Server VM (17.0.6+0-b2043.56-10027231) for windows-amd64 JRE (17.0.6+0-b2043.56-10027231), built on Apr 28 2023 00:43:19 by "androidbuild" with MS VC++ 16.10 / 16.11 (VS2019)

END.
