#
# There is insufficient memory for the Java Runtime Environment to continue.
# Native memory allocation (mmap) failed to map 406847488 bytes for G1 virtual space
# Possible reasons:
#   The system is out of physical RAM or swap space
#   The process is running with CompressedOops enabled, and the Java Heap may be blocking the growth of the native heap
# Possible solutions:
#   Reduce memory load on the system
#   Increase physical memory or swap space
#   Check if swap backing store is full
#   Decrease Java heap size (-Xmx/-Xms)
#   Decrease number of Java threads
#   Decrease Java thread stack sizes (-Xss)
#   Set larger code cache with -XX:ReservedCodeCacheSize=
#   JVM is running with Unscaled Compressed Oops mode in which the Java heap is
#     placed in the first 4GB address space. The Java Heap base address is the
#     maximum limit for the native heap growth. Please use -XX:HeapBaseMinAddress
#     to set the Java Heap base and to place the Java Heap above 4GB virtual address.
# This output file may be truncated or incomplete.
#
#  Out of Memory Error (os_windows.cpp:3769), pid=19408, tid=15752
#
# JRE version: OpenJDK Runtime Environment (17.0.6) (build 17.0.6+0-b2043.56-10027231)
# Java VM: OpenJDK 64-Bit Server VM (17.0.6+0-b2043.56-10027231, mixed mode, tiered, compressed oops, compressed class ptrs, g1 gc, windows-amd64)
# No core dump will be written. Minidumps are not enabled by default on client versions of Windows
#

---------------  S U M M A R Y ------------

Command Line: --add-opens=java.base/java.util=ALL-UNNAMED --add-opens=java.base/java.lang=ALL-UNNAMED --add-opens=java.base/java.lang.invoke=ALL-UNNAMED --add-opens=java.prefs/java.util.prefs=ALL-UNNAMED --add-opens=java.base/java.nio.charset=ALL-UNNAMED --add-opens=java.base/java.net=ALL-UNNAMED --add-opens=java.base/java.util.concurrent.atomic=ALL-UNNAMED -Xmx2048m -Dfile.encoding=UTF-8 -Duser.country=GB -Duser.language=en -Duser.variant org.gradle.launcher.daemon.bootstrap.GradleDaemon 8.0

Host: Intel(R) Core(TM) i5-10210U CPU @ 1.60GHz, 8 cores, 7G,  Windows 11 , 64 bit Build 22621 (10.0.22621.2070)
Time: Thu Aug 31 22:43:56 2023 Mauritius Standard Time elapsed time: 34.402458 seconds (0d 0h 0m 34s)

---------------  T H R E A D  ---------------

Current thread (0x00000254f5edb560):  VMThread "VM Thread" [stack: 0x0000007c72000000,0x0000007c72100000] [id=15752]

Stack: [0x0000007c72000000,0x0000007c72100000]
Native frames: (J=compiled Java code, j=interpreted, Vv=VM code, C=native code)
V  [jvm.dll+0x683c9a]
V  [jvm.dll+0x8427a4]
V  [jvm.dll+0x843f9e]
V  [jvm.dll+0x844603]
V  [jvm.dll+0x249b75]
V  [jvm.dll+0x680b69]
V  [jvm.dll+0x67505a]
V  [jvm.dll+0x309acb]
V  [jvm.dll+0x310f86]
V  [jvm.dll+0x3608ee]
V  [jvm.dll+0x360b1f]
V  [jvm.dll+0x2dfbf8]
V  [jvm.dll+0x2ddec4]
V  [jvm.dll+0x2dd4cc]
V  [jvm.dll+0x321f3b]
V  [jvm.dll+0x848ccb]
V  [jvm.dll+0x849a04]
V  [jvm.dll+0x849f1d]
V  [jvm.dll+0x84a2f4]
V  [jvm.dll+0x84a3c0]
V  [jvm.dll+0x7f274a]
V  [jvm.dll+0x682ad5]
C  [ucrtbase.dll+0x29363]
C  [KERNEL32.DLL+0x126ad]
C  [ntdll.dll+0x5aa68]

VM_Operation (0x0000007c7aafb980): G1CollectForAllocation, mode: safepoint, requested by thread 0x00000254fd427550


---------------  P R O C E S S  ---------------

Threads class SMR info:
_java_thread_list=0x00000254fb7eeda0, length=138, elements={
0x00000254dc078270, 0x00000254f5eee7c0, 0x00000254f5ec1430, 0x00000254f6828000,
0x00000254f6828ac0, 0x00000254f682b580, 0x00000254f682bf30, 0x00000254f682cc10,
0x00000254f688dad0, 0x00000254f68a4150, 0x00000254f69b9a70, 0x00000254f69ba750,
0x00000254f8f97a80, 0x00000254f8ef3080, 0x00000254f9396440, 0x00000254f9259820,
0x00000254f906e590, 0x00000254f8f90490, 0x00000254f928af30, 0x00000254f7c11630,
0x00000254f9056390, 0x00000254f9054b80, 0x00000254f9056d30, 0x00000254f9055050,
0x00000254f9055ec0, 0x00000254f9055520, 0x00000254f90559f0, 0x00000254f9056860,
0x00000254f9057200, 0x00000254f90576d0, 0x00000254f9053d10, 0x00000254f90541e0,
0x00000254f90546b0, 0x00000254f7f225a0, 0x00000254f7f22a70, 0x00000254f7f24280,
0x00000254f7f250f0, 0x00000254f7f21c00, 0x00000254f7f22f40, 0x00000254f7f24c20,
0x00000254f7f24750, 0x00000254faf7c6e0, 0x00000254faf7cbb0, 0x00000254faf7a530,
0x00000254faf7d550, 0x00000254faf7d080, 0x00000254faf7c210, 0x00000254faf7a060,
0x00000254faf7b3a0, 0x00000254faf7da20, 0x00000254faf7aa00, 0x00000254faf7aed0,
0x00000254faf7b870, 0x00000254faf7bd40, 0x00000254fb590610, 0x00000254fb58fc70,
0x00000254fb58ee00, 0x00000254fb589c30, 0x00000254fb58e460, 0x00000254fb590ae0,
0x00000254fb58e930, 0x00000254fb58f2d0, 0x00000254fb591480, 0x00000254fb58a100,
0x00000254fb58cc50, 0x00000254fb58b440, 0x00000254fb58d5f0, 0x00000254fb590140,
0x00000254fb58aaa0, 0x00000254fb58a5d0, 0x00000254fb590fb0, 0x00000254fb58c780,
0x00000254fb58d120, 0x00000254fb58af70, 0x00000254fb58dac0, 0x00000254fb58b910,
0x00000254fb58df90, 0x00000254fb58bde0, 0x00000254fb58f7a0, 0x00000254fb58c2b0,
0x00000254fb710a70, 0x00000254fb716ab0, 0x00000254fb710f40, 0x00000254fb7165e0,
0x00000254fb716f80, 0x00000254fb715c40, 0x00000254fb717450, 0x00000254fb7105a0,
0x00000254fb7130f0, 0x00000254fb715770, 0x00000254fb712280, 0x00000254fb713f60,
0x00000254fb714430, 0x00000254fb716110, 0x00000254fb7118e0, 0x00000254fb717920,
0x00000254fb711410, 0x00000254fb7135c0, 0x00000254fb711db0, 0x00000254fb712750,
0x00000254fb712c20, 0x00000254fb7100d0, 0x00000254fb713a90, 0x00000254fb714900,
0x00000254fb714dd0, 0x00000254fb7152a0, 0x00000254fd427080, 0x00000254fd4253a0,
0x00000254fd4206a0, 0x00000254fd427ef0, 0x00000254fd424530, 0x00000254fd424060,
0x00000254fd420b70, 0x00000254fd4236c0, 0x00000254fd421040, 0x00000254fd421510,
0x00000254fd421eb0, 0x00000254fd4219e0, 0x00000254fd425d40, 0x00000254fd423b90,
0x00000254fd422380, 0x00000254fd427a20, 0x00000254fd422850, 0x00000254fd426210,
0x00000254fd422d20, 0x00000254fd426bb0, 0x00000254fd424a00, 0x00000254fd424ed0,
0x00000254fd427550, 0x00000254fdfa7f90, 0x00000254fdfa8460, 0x00000254fdfa92d0,
0x00000254fdfaa610, 0x00000254fdfa75f0, 0x00000254fdfaa140, 0x00000254801aea20,
0x00000254801b1a40, 0x00000254801b23e0
}

Java Threads: ( => current thread )
  0x00000254dc078270 JavaThread "main" [_thread_blocked, id=14100, stack(0x0000007c71a00000,0x0000007c71b00000)]
  0x00000254f5eee7c0 JavaThread "Reference Handler" daemon [_thread_blocked, id=17564, stack(0x0000007c72100000,0x0000007c72200000)]
  0x00000254f5ec1430 JavaThread "Finalizer" daemon [_thread_blocked, id=272, stack(0x0000007c72200000,0x0000007c72300000)]
  0x00000254f6828000 JavaThread "Signal Dispatcher" daemon [_thread_blocked, id=2008, stack(0x0000007c72300000,0x0000007c72400000)]
  0x00000254f6828ac0 JavaThread "Attach Listener" daemon [_thread_blocked, id=20040, stack(0x0000007c72400000,0x0000007c72500000)]
  0x00000254f682b580 JavaThread "Service Thread" daemon [_thread_blocked, id=8772, stack(0x0000007c72500000,0x0000007c72600000)]
  0x00000254f682bf30 JavaThread "Monitor Deflation Thread" daemon [_thread_blocked, id=16756, stack(0x0000007c72600000,0x0000007c72700000)]
  0x00000254f682cc10 JavaThread "C2 CompilerThread0" daemon [_thread_in_native, id=14952, stack(0x0000007c72700000,0x0000007c72800000)]
  0x00000254f688dad0 JavaThread "C1 CompilerThread0" daemon [_thread_blocked, id=17244, stack(0x0000007c72800000,0x0000007c72900000)]
  0x00000254f68a4150 JavaThread "Sweeper thread" daemon [_thread_blocked, id=18968, stack(0x0000007c72900000,0x0000007c72a00000)]
  0x00000254f69b9a70 JavaThread "Common-Cleaner" daemon [_thread_blocked, id=14532, stack(0x0000007c72a00000,0x0000007c72b00000)]
  0x00000254f69ba750 JavaThread "Notification Thread" daemon [_thread_blocked, id=5444, stack(0x0000007c72b00000,0x0000007c72c00000)]
  0x00000254f8f97a80 JavaThread "Daemon health stats" [_thread_blocked, id=10124, stack(0x0000007c73100000,0x0000007c73200000)]
  0x00000254f8ef3080 JavaThread "Incoming local TCP Connector on port 63618" [_thread_in_native, id=14028, stack(0x0000007c73200000,0x0000007c73300000)]
  0x00000254f9396440 JavaThread "Daemon periodic checks" [_thread_blocked, id=8848, stack(0x0000007c73300000,0x0000007c73400000)]
  0x00000254f9259820 JavaThread "Daemon" [_thread_blocked, id=20364, stack(0x0000007c73400000,0x0000007c73500000)]
  0x00000254f906e590 JavaThread "Handler for socket connection from /127.0.0.1:63618 to /127.0.0.1:63619" [_thread_in_native, id=14680, stack(0x0000007c73500000,0x0000007c73600000)]
  0x00000254f8f90490 JavaThread "Cancel handler" [_thread_blocked, id=16564, stack(0x0000007c73600000,0x0000007c73700000)]
  0x00000254f928af30 JavaThread "Daemon worker" [_thread_blocked, id=20356, stack(0x0000007c73700000,0x0000007c73800000)]
  0x00000254f7c11630 JavaThread "Asynchronous log dispatcher for DefaultDaemonConnection: socket connection from /127.0.0.1:63618 to /127.0.0.1:63619" [_thread_blocked, id=16132, stack(0x0000007c73800000,0x0000007c73900000)]
  0x00000254f9056390 JavaThread "Stdin handler" [_thread_blocked, id=15916, stack(0x0000007c73900000,0x0000007c73a00000)]
  0x00000254f9054b80 JavaThread "Daemon client event forwarder" [_thread_blocked, id=17856, stack(0x0000007c73a00000,0x0000007c73b00000)]
  0x00000254f9056d30 JavaThread "Cache worker for journal cache (C:\Users\varda maghoo\.gradle\caches\journal-1)" [_thread_blocked, id=13240, stack(0x0000007c73f00000,0x0000007c74000000)]
  0x00000254f9055050 JavaThread "File lock request listener" [_thread_in_native, id=18452, stack(0x0000007c74000000,0x0000007c74100000)]
  0x00000254f9055ec0 JavaThread "Cache worker for file hash cache (C:\Users\varda maghoo\.gradle\caches\8.0\fileHashes)" [_thread_blocked, id=13324, stack(0x0000007c74100000,0x0000007c74200000)]
  0x00000254f9055520 JavaThread "File watcher server" daemon [_thread_blocked, id=1828, stack(0x0000007c74200000,0x0000007c74300000)]
  0x00000254f90559f0 JavaThread "File watcher consumer" daemon [_thread_blocked, id=15064, stack(0x0000007c74300000,0x0000007c74400000)]
  0x00000254f9056860 JavaThread "Cache worker for checksums cache (C:\Users\varda maghoo\AS projects\Firebase\.gradle\8.0\checksums)" [_thread_blocked, id=15140, stack(0x0000007c74400000,0x0000007c74500000)]
  0x00000254f9057200 JavaThread "Cache worker for cache directory md-rule (C:\Users\varda maghoo\.gradle\caches\8.0\md-rule)" [_thread_blocked, id=18708, stack(0x0000007c74500000,0x0000007c74600000)]
  0x00000254f90576d0 JavaThread "Cache worker for file content cache (C:\Users\varda maghoo\.gradle\caches\8.0\fileContent)" [_thread_blocked, id=6184, stack(0x0000007c74600000,0x0000007c74700000)]
  0x00000254f9053d10 JavaThread "Cache worker for file hash cache (C:\Users\varda maghoo\AS projects\Firebase\.gradle\8.0\fileHashes)" [_thread_blocked, id=6664, stack(0x0000007c74700000,0x0000007c74800000)]
  0x00000254f90541e0 JavaThread "Cache worker for cache directory md-supplier (C:\Users\varda maghoo\.gradle\caches\8.0\md-supplier)" [_thread_blocked, id=18972, stack(0x0000007c74800000,0x0000007c74900000)]
  0x00000254f90546b0 JavaThread "Cache worker for execution history cache (C:\Users\varda maghoo\.gradle\caches\8.0\executionHistory)" [_thread_blocked, id=15704, stack(0x0000007c74900000,0x0000007c74a00000)]
  0x00000254f7f225a0 JavaThread "jar transforms" [_thread_blocked, id=11396, stack(0x0000007c74a00000,0x0000007c74b00000)]
  0x00000254f7f22a70 JavaThread "jar transforms Thread 2" [_thread_blocked, id=19904, stack(0x0000007c74b00000,0x0000007c74c00000)]
  0x00000254f7f24280 JavaThread "jar transforms Thread 3" [_thread_blocked, id=18772, stack(0x0000007c74c00000,0x0000007c74d00000)]
  0x00000254f7f250f0 JavaThread "jar transforms Thread 4" [_thread_blocked, id=15332, stack(0x0000007c74d00000,0x0000007c74e00000)]
  0x00000254f7f21c00 JavaThread "Cache worker for dependencies-accessors (C:\Users\varda maghoo\AS projects\Firebase\.gradle\8.0\dependencies-accessors)" [_thread_blocked, id=17048, stack(0x0000007c74e00000,0x0000007c74f00000)]
  0x00000254f7f22f40 JavaThread "jar transforms Thread 5" [_thread_blocked, id=18204, stack(0x0000007c74f00000,0x0000007c75000000)]
  0x00000254f7f24c20 JavaThread "Cache worker for Build Output Cleanup Cache (C:\Users\varda maghoo\AS projects\Firebase\.gradle\buildOutputCleanup)" [_thread_blocked, id=13336, stack(0x0000007c75000000,0x0000007c75100000)]
  0x00000254f7f24750 JavaThread "Unconstrained build operations" [_thread_blocked, id=9268, stack(0x0000007c75100000,0x0000007c75200000)]
  0x00000254faf7c6e0 JavaThread "Unconstrained build operations Thread 2" [_thread_blocked, id=10948, stack(0x0000007c75200000,0x0000007c75300000)]
  0x00000254faf7cbb0 JavaThread "Unconstrained build operations Thread 3" [_thread_blocked, id=5856, stack(0x0000007c75300000,0x0000007c75400000)]
  0x00000254faf7a530 JavaThread "Unconstrained build operations Thread 4" [_thread_blocked, id=8876, stack(0x0000007c75400000,0x0000007c75500000)]
  0x00000254faf7d550 JavaThread "Unconstrained build operations Thread 5" [_thread_blocked, id=14716, stack(0x0000007c75500000,0x0000007c75600000)]
  0x00000254faf7d080 JavaThread "Unconstrained build operations Thread 6" [_thread_blocked, id=10652, stack(0x0000007c75600000,0x0000007c75700000)]
  0x00000254faf7c210 JavaThread "Unconstrained build operations Thread 7" [_thread_blocked, id=19460, stack(0x0000007c75700000,0x0000007c75800000)]
  0x00000254faf7a060 JavaThread "Unconstrained build operations Thread 8" [_thread_blocked, id=15684, stack(0x0000007c75800000,0x0000007c75900000)]
  0x00000254faf7b3a0 JavaThread "Unconstrained build operations Thread 9" [_thread_blocked, id=2584, stack(0x0000007c75900000,0x0000007c75a00000)]
  0x00000254faf7da20 JavaThread "Unconstrained build operations Thread 10" [_thread_blocked, id=10388, stack(0x0000007c75a00000,0x0000007c75b00000)]
  0x00000254faf7aa00 JavaThread "Unconstrained build operations Thread 11" [_thread_blocked, id=8864, stack(0x0000007c75b00000,0x0000007c75c00000)]
  0x00000254faf7aed0 JavaThread "Unconstrained build operations Thread 12" [_thread_blocked, id=3928, stack(0x0000007c75c00000,0x0000007c75d00000)]
  0x00000254faf7b870 JavaThread "Unconstrained build operations Thread 13" [_thread_blocked, id=19940, stack(0x0000007c75d00000,0x0000007c75e00000)]
  0x00000254faf7bd40 JavaThread "Unconstrained build operations Thread 14" [_thread_blocked, id=3696, stack(0x0000007c75e00000,0x0000007c75f00000)]
  0x00000254fb590610 JavaThread "Unconstrained build operations Thread 15" [_thread_blocked, id=9340, stack(0x0000007c75f00000,0x0000007c76000000)]
  0x00000254fb58fc70 JavaThread "Unconstrained build operations Thread 16" [_thread_blocked, id=152, stack(0x0000007c76000000,0x0000007c76100000)]
  0x00000254fb58ee00 JavaThread "Unconstrained build operations Thread 17" [_thread_blocked, id=11516, stack(0x0000007c76100000,0x0000007c76200000)]
  0x00000254fb589c30 JavaThread "Unconstrained build operations Thread 18" [_thread_blocked, id=9444, stack(0x0000007c76200000,0x0000007c76300000)]
  0x00000254fb58e460 JavaThread "Unconstrained build operations Thread 19" [_thread_blocked, id=19840, stack(0x0000007c76300000,0x0000007c76400000)]
  0x00000254fb590ae0 JavaThread "Unconstrained build operations Thread 20" [_thread_blocked, id=2368, stack(0x0000007c76400000,0x0000007c76500000)]
  0x00000254fb58e930 JavaThread "Unconstrained build operations Thread 21" [_thread_blocked, id=14068, stack(0x0000007c76500000,0x0000007c76600000)]
  0x00000254fb58f2d0 JavaThread "Unconstrained build operations Thread 22" [_thread_blocked, id=14168, stack(0x0000007c76600000,0x0000007c76700000)]
  0x00000254fb591480 JavaThread "Unconstrained build operations Thread 23" [_thread_blocked, id=10840, stack(0x0000007c76700000,0x0000007c76800000)]
  0x00000254fb58a100 JavaThread "Unconstrained build operations Thread 24" [_thread_blocked, id=19744, stack(0x0000007c76800000,0x0000007c76900000)]
  0x00000254fb58cc50 JavaThread "Unconstrained build operations Thread 25" [_thread_blocked, id=68, stack(0x0000007c76900000,0x0000007c76a00000)]
  0x00000254fb58b440 JavaThread "Unconstrained build operations Thread 26" [_thread_blocked, id=2364, stack(0x0000007c76a00000,0x0000007c76b00000)]
  0x00000254fb58d5f0 JavaThread "Unconstrained build operations Thread 27" [_thread_blocked, id=4716, stack(0x0000007c76b00000,0x0000007c76c00000)]
  0x00000254fb590140 JavaThread "Unconstrained build operations Thread 28" [_thread_blocked, id=14648, stack(0x0000007c76c00000,0x0000007c76d00000)]
  0x00000254fb58aaa0 JavaThread "Unconstrained build operations Thread 29" [_thread_blocked, id=18064, stack(0x0000007c76d00000,0x0000007c76e00000)]
  0x00000254fb58a5d0 JavaThread "Unconstrained build operations Thread 30" [_thread_blocked, id=14476, stack(0x0000007c76e00000,0x0000007c76f00000)]
  0x00000254fb590fb0 JavaThread "Unconstrained build operations Thread 31" [_thread_blocked, id=14668, stack(0x0000007c76f00000,0x0000007c77000000)]
  0x00000254fb58c780 JavaThread "Unconstrained build operations Thread 32" [_thread_blocked, id=5136, stack(0x0000007c77000000,0x0000007c77100000)]
  0x00000254fb58d120 JavaThread "Unconstrained build operations Thread 33" [_thread_blocked, id=10580, stack(0x0000007c77100000,0x0000007c77200000)]
  0x00000254fb58af70 JavaThread "Unconstrained build operations Thread 34" [_thread_blocked, id=16484, stack(0x0000007c77200000,0x0000007c77300000)]
  0x00000254fb58dac0 JavaThread "Unconstrained build operations Thread 35" [_thread_blocked, id=10996, stack(0x0000007c77300000,0x0000007c77400000)]
  0x00000254fb58b910 JavaThread "Unconstrained build operations Thread 36" [_thread_blocked, id=20460, stack(0x0000007c77400000,0x0000007c77500000)]
  0x00000254fb58df90 JavaThread "Unconstrained build operations Thread 37" [_thread_blocked, id=16324, stack(0x0000007c77500000,0x0000007c77600000)]
  0x00000254fb58bde0 JavaThread "Unconstrained build operations Thread 38" [_thread_blocked, id=11412, stack(0x0000007c77600000,0x0000007c77700000)]
  0x00000254fb58f7a0 JavaThread "Unconstrained build operations Thread 39" [_thread_blocked, id=14868, stack(0x0000007c77700000,0x0000007c77800000)]
  0x00000254fb58c2b0 JavaThread "Unconstrained build operations Thread 40" [_thread_blocked, id=20400, stack(0x0000007c77800000,0x0000007c77900000)]
  0x00000254fb710a70 JavaThread "Unconstrained build operations Thread 41" [_thread_blocked, id=17080, stack(0x0000007c77900000,0x0000007c77a00000)]
  0x00000254fb716ab0 JavaThread "Unconstrained build operations Thread 42" [_thread_blocked, id=17740, stack(0x0000007c77a00000,0x0000007c77b00000)]
  0x00000254fb710f40 JavaThread "Unconstrained build operations Thread 43" [_thread_blocked, id=5168, stack(0x0000007c77b00000,0x0000007c77c00000)]
  0x00000254fb7165e0 JavaThread "Unconstrained build operations Thread 44" [_thread_blocked, id=8096, stack(0x0000007c77c00000,0x0000007c77d00000)]
  0x00000254fb716f80 JavaThread "Unconstrained build operations Thread 45" [_thread_blocked, id=16680, stack(0x0000007c77d00000,0x0000007c77e00000)]
  0x00000254fb715c40 JavaThread "Unconstrained build operations Thread 46" [_thread_blocked, id=19544, stack(0x0000007c77e00000,0x0000007c77f00000)]
  0x00000254fb717450 JavaThread "Unconstrained build operations Thread 47" [_thread_blocked, id=720, stack(0x0000007c77f00000,0x0000007c78000000)]
  0x00000254fb7105a0 JavaThread "Unconstrained build operations Thread 48" [_thread_blocked, id=18004, stack(0x0000007c78000000,0x0000007c78100000)]
  0x00000254fb7130f0 JavaThread "Unconstrained build operations Thread 49" [_thread_blocked, id=17884, stack(0x0000007c78100000,0x0000007c78200000)]
  0x00000254fb715770 JavaThread "Unconstrained build operations Thread 50" [_thread_blocked, id=2096, stack(0x0000007c78200000,0x0000007c78300000)]
  0x00000254fb712280 JavaThread "Unconstrained build operations Thread 51" [_thread_blocked, id=2628, stack(0x0000007c78300000,0x0000007c78400000)]
  0x00000254fb713f60 JavaThread "Unconstrained build operations Thread 52" [_thread_blocked, id=16988, stack(0x0000007c78400000,0x0000007c78500000)]
  0x00000254fb714430 JavaThread "Unconstrained build operations Thread 53" [_thread_blocked, id=1504, stack(0x0000007c78500000,0x0000007c78600000)]
  0x00000254fb716110 JavaThread "Unconstrained build operations Thread 54" [_thread_blocked, id=380, stack(0x0000007c78600000,0x0000007c78700000)]
  0x00000254fb7118e0 JavaThread "Unconstrained build operations Thread 55" [_thread_blocked, id=18100, stack(0x0000007c78700000,0x0000007c78800000)]
  0x00000254fb717920 JavaThread "Unconstrained build operations Thread 56" [_thread_blocked, id=348, stack(0x0000007c78800000,0x0000007c78900000)]
  0x00000254fb711410 JavaThread "Unconstrained build operations Thread 57" [_thread_blocked, id=12692, stack(0x0000007c78900000,0x0000007c78a00000)]
  0x00000254fb7135c0 JavaThread "Unconstrained build operations Thread 58" [_thread_blocked, id=19160, stack(0x0000007c78a00000,0x0000007c78b00000)]
  0x00000254fb711db0 JavaThread "Unconstrained build operations Thread 59" [_thread_blocked, id=19860, stack(0x0000007c78b00000,0x0000007c78c00000)]
  0x00000254fb712750 JavaThread "Unconstrained build operations Thread 60" [_thread_blocked, id=3520, stack(0x0000007c78c00000,0x0000007c78d00000)]
  0x00000254fb712c20 JavaThread "Unconstrained build operations Thread 61" [_thread_blocked, id=9012, stack(0x0000007c78d00000,0x0000007c78e00000)]
  0x00000254fb7100d0 JavaThread "Unconstrained build operations Thread 62" [_thread_blocked, id=15520, stack(0x0000007c78e00000,0x0000007c78f00000)]
  0x00000254fb713a90 JavaThread "Unconstrained build operations Thread 63" [_thread_blocked, id=3784, stack(0x0000007c78f00000,0x0000007c79000000)]
  0x00000254fb714900 JavaThread "Unconstrained build operations Thread 64" [_thread_blocked, id=15288, stack(0x0000007c79000000,0x0000007c79100000)]
  0x00000254fb714dd0 JavaThread "Unconstrained build operations Thread 65" [_thread_blocked, id=5172, stack(0x0000007c79100000,0x0000007c79200000)]
  0x00000254fb7152a0 JavaThread "Unconstrained build operations Thread 66" [_thread_blocked, id=18616, stack(0x0000007c79200000,0x0000007c79300000)]
  0x00000254fd427080 JavaThread "Unconstrained build operations Thread 67" [_thread_blocked, id=16068, stack(0x0000007c79300000,0x0000007c79400000)]
  0x00000254fd4253a0 JavaThread "Unconstrained build operations Thread 68" [_thread_blocked, id=10252, stack(0x0000007c79400000,0x0000007c79500000)]
  0x00000254fd4206a0 JavaThread "Unconstrained build operations Thread 69" [_thread_blocked, id=18672, stack(0x0000007c79500000,0x0000007c79600000)]
  0x00000254fd427ef0 JavaThread "Unconstrained build operations Thread 70" [_thread_blocked, id=3204, stack(0x0000007c79600000,0x0000007c79700000)]
  0x00000254fd424530 JavaThread "Unconstrained build operations Thread 71" [_thread_blocked, id=19140, stack(0x0000007c79700000,0x0000007c79800000)]
  0x00000254fd424060 JavaThread "Unconstrained build operations Thread 72" [_thread_blocked, id=16300, stack(0x0000007c79800000,0x0000007c79900000)]
  0x00000254fd420b70 JavaThread "Unconstrained build operations Thread 73" [_thread_blocked, id=16804, stack(0x0000007c79900000,0x0000007c79a00000)]
  0x00000254fd4236c0 JavaThread "Unconstrained build operations Thread 74" [_thread_blocked, id=11060, stack(0x0000007c79a00000,0x0000007c79b00000)]
  0x00000254fd421040 JavaThread "Unconstrained build operations Thread 75" [_thread_blocked, id=812, stack(0x0000007c79b00000,0x0000007c79c00000)]
  0x00000254fd421510 JavaThread "Unconstrained build operations Thread 76" [_thread_blocked, id=14916, stack(0x0000007c79c00000,0x0000007c79d00000)]
  0x00000254fd421eb0 JavaThread "Unconstrained build operations Thread 77" [_thread_blocked, id=20204, stack(0x0000007c79d00000,0x0000007c79e00000)]
  0x00000254fd4219e0 JavaThread "Unconstrained build operations Thread 78" [_thread_blocked, id=4564, stack(0x0000007c79e00000,0x0000007c79f00000)]
  0x00000254fd425d40 JavaThread "Unconstrained build operations Thread 79" [_thread_blocked, id=16984, stack(0x0000007c79f00000,0x0000007c7a000000)]
  0x00000254fd423b90 JavaThread "Unconstrained build operations Thread 80" [_thread_blocked, id=13760, stack(0x0000007c7a000000,0x0000007c7a100000)]
  0x00000254fd422380 JavaThread "jar transforms Thread 6" [_thread_blocked, id=9512, stack(0x0000007c7a100000,0x0000007c7a200000)]
  0x00000254fd427a20 JavaThread "jar transforms Thread 7" [_thread_blocked, id=10168, stack(0x0000007c7a200000,0x0000007c7a300000)]
  0x00000254fd422850 JavaThread "jar transforms Thread 8" [_thread_blocked, id=13792, stack(0x0000007c7a300000,0x0000007c7a400000)]
  0x00000254fd426210 JavaThread "build event listener" [_thread_blocked, id=8860, stack(0x0000007c7a500000,0x0000007c7a600000)]
  0x00000254fd422d20 JavaThread "Memory manager" [_thread_blocked, id=12764, stack(0x0000007c7a600000,0x0000007c7a700000)]
  0x00000254fd426bb0 JavaThread "included builds" [_thread_blocked, id=16436, stack(0x0000007c7a700000,0x0000007c7a800000)]
  0x00000254fd424a00 JavaThread "Execution worker" [_thread_blocked, id=20128, stack(0x0000007c7a800000,0x0000007c7a900000)]
  0x00000254fd424ed0 JavaThread "Execution worker Thread 2" [_thread_blocked, id=19724, stack(0x0000007c7a900000,0x0000007c7aa00000)]
  0x00000254fd427550 JavaThread "Execution worker Thread 3" [_thread_blocked, id=4776, stack(0x0000007c7aa00000,0x0000007c7ab00000)]
  0x00000254fdfa7f90 JavaThread "Execution worker Thread 4" [_thread_blocked, id=12976, stack(0x0000007c7ab00000,0x0000007c7ac00000)]
  0x00000254fdfa8460 JavaThread "Execution worker Thread 5" [_thread_blocked, id=3988, stack(0x0000007c7ac00000,0x0000007c7ad00000)]
  0x00000254fdfa92d0 JavaThread "Execution worker Thread 6" [_thread_blocked, id=12796, stack(0x0000007c7ad00000,0x0000007c7ae00000)]
  0x00000254fdfaa610 JavaThread "Execution worker Thread 7" [_thread_blocked, id=10092, stack(0x0000007c7ae00000,0x0000007c7af00000)]
  0x00000254fdfa75f0 JavaThread "Cache worker for execution history cache (C:\Users\varda maghoo\AS projects\Firebase\.gradle\8.0\executionHistory)" [_thread_blocked, id=16600, stack(0x0000007c7af00000,0x0000007c7b000000)]
  0x00000254fdfaa140 JavaThread "WorkerExecutor Queue" [_thread_blocked, id=18516, stack(0x0000007c7b000000,0x0000007c7b100000)]
  0x00000254801aea20 JavaThread "pool-3-thread-1" [_thread_blocked, id=17652, stack(0x0000007c7b100000,0x0000007c7b200000)]
  0x00000254801b1a40 JavaThread "stderr" [_thread_in_native, id=17924, stack(0x0000007c7b200000,0x0000007c7b300000)]
  0x00000254801b23e0 JavaThread "stdout" [_thread_in_native, id=1124, stack(0x0000007c7b300000,0x0000007c7b400000)]

Other Threads:
=>0x00000254f5edb560 VMThread "VM Thread" [stack: 0x0000007c72000000,0x0000007c72100000] [id=15752]
  0x00000254f69b6730 WatcherThread [stack: 0x0000007c72c00000,0x0000007c72d00000] [id=16960]
  0x00000254dc0d33f0 GCTaskThread "GC Thread#0" [stack: 0x0000007c71b00000,0x0000007c71c00000] [id=16796]
  0x00000254f7559490 GCTaskThread "GC Thread#1" [stack: 0x0000007c72d00000,0x0000007c72e00000] [id=20020]
  0x00000254f8224e70 GCTaskThread "GC Thread#2" [stack: 0x0000007c72e00000,0x0000007c72f00000] [id=11240]
  0x00000254f7ad13a0 GCTaskThread "GC Thread#3" [stack: 0x0000007c72f00000,0x0000007c73000000] [id=16932]
  0x00000254f74b4280 GCTaskThread "GC Thread#4" [stack: 0x0000007c73000000,0x0000007c73100000] [id=19764]
  0x00000254f93764c0 GCTaskThread "GC Thread#5" [stack: 0x0000007c73b00000,0x0000007c73c00000] [id=16308]
  0x00000254f9376770 GCTaskThread "GC Thread#6" [stack: 0x0000007c73c00000,0x0000007c73d00000] [id=14676]
  0x00000254f9230fc0 GCTaskThread "GC Thread#7" [stack: 0x0000007c73d00000,0x0000007c73e00000] [id=10292]
  0x00000254dc0e4330 ConcurrentGCThread "G1 Main Marker" [stack: 0x0000007c71c00000,0x0000007c71d00000] [id=5860]
  0x00000254dc0e4d40 ConcurrentGCThread "G1 Conc#0" [stack: 0x0000007c71d00000,0x0000007c71e00000] [id=10772]
  0x00000254f942d820 ConcurrentGCThread "G1 Conc#1" [stack: 0x0000007c73e00000,0x0000007c73f00000] [id=1944]
  0x00000254f5d220c0 ConcurrentGCThread "G1 Refine#0" [stack: 0x0000007c71e00000,0x0000007c71f00000] [id=13696]
  0x00000254fb330810 ConcurrentGCThread "G1 Refine#1" [stack: 0x0000007c7a400000,0x0000007c7a500000] [id=15188]
  0x00000254f5d22ae0 ConcurrentGCThread "G1 Service" [stack: 0x0000007c71f00000,0x0000007c72000000] [id=13124]

Threads with active compile tasks:
C2 CompilerThread0    34466 12706       4       org.objectweb.asm.ClassReader::readCode (5109 bytes)

VM state: at safepoint (normal execution)

VM Mutex/Monitor currently owned by a thread:  ([mutex/lock_event])
[0x00000254dc072810] Threads_lock - owner thread: 0x00000254f5edb560
[0x00000254dc072db0] Heap_lock - owner thread: 0x00000254fd427550

Heap address: 0x0000000080000000, size: 2048 MB, Compressed Oops mode: 32-bit

CDS archive(s) not mapped
Compressed class space mapped at: 0x0000000100000000-0x0000000140000000, reserved size: 1073741824
Narrow klass base: 0x0000000000000000, Narrow klass shift: 3, Narrow klass range: 0x140000000

GC Precious Log:
 CPUs: 8 total, 8 available
 Memory: 8025M
 Large Page Support: Disabled
 NUMA Support: Disabled
 Compressed Oops: Enabled (32-bit)
 Heap Region Size: 1M
 Heap Min Capacity: 8M
 Heap Initial Capacity: 126M
 Heap Max Capacity: 2G
 Pre-touch: Disabled
 Parallel Workers: 8
 Concurrent Workers: 2
 Concurrent Refinement Workers: 8
 Periodic GC: Disabled

Heap:
 garbage-first heap   total 198656K, used 116190K [0x0000000080000000, 0x0000000100000000)
  region size 1024K, 3 young (3072K), 3 survivors (3072K)
 Metaspace       used 94068K, committed 94720K, reserved 1130496K
  class space    used 12743K, committed 13056K, reserved 1048576K

Heap Regions: E=young(eden), S=young(survivor), O=old, HS=humongous(starts), HC=humongous(continues), CS=collection set, F=free, OA=open archive, CA=closed archive, TAMS=top-at-mark-start (previous, next)
|   0|0x0000000080000000, 0x0000000080100000, 0x0000000080100000|100%|HS|  |TAMS 0x0000000080100000, 0x0000000080000000| Complete 
|   1|0x0000000080100000, 0x0000000080200000, 0x0000000080200000|100%|HC|  |TAMS 0x0000000080200000, 0x0000000080100000| Complete 
|   2|0x0000000080200000, 0x0000000080300000, 0x0000000080300000|100%|HC|  |TAMS 0x0000000080300000, 0x0000000080200000| Complete 
|   3|0x0000000080300000, 0x0000000080400000, 0x0000000080400000|100%|HC|  |TAMS 0x0000000080400000, 0x0000000080300000| Complete 
|   4|0x0000000080400000, 0x0000000080500000, 0x0000000080500000|100%| O|  |TAMS 0x0000000080500000, 0x0000000080400000| Untracked 
|   5|0x0000000080500000, 0x0000000080600000, 0x0000000080600000|100%| O|  |TAMS 0x0000000080600000, 0x0000000080500000| Untracked 
|   6|0x0000000080600000, 0x0000000080700000, 0x0000000080700000|100%| O|  |TAMS 0x0000000080700000, 0x0000000080600000| Untracked 
|   7|0x0000000080700000, 0x0000000080800000, 0x0000000080800000|100%| O|  |TAMS 0x0000000080800000, 0x0000000080700000| Untracked 
|   8|0x0000000080800000, 0x0000000080900000, 0x0000000080900000|100%| O|  |TAMS 0x0000000080900000, 0x0000000080800000| Untracked 
|   9|0x0000000080900000, 0x0000000080a00000, 0x0000000080a00000|100%| O|  |TAMS 0x0000000080a00000, 0x0000000080900000| Untracked 
|  10|0x0000000080a00000, 0x0000000080b00000, 0x0000000080b00000|100%| O|  |TAMS 0x0000000080b00000, 0x0000000080a00000| Untracked 
|  11|0x0000000080b00000, 0x0000000080c00000, 0x0000000080c00000|100%| O|  |TAMS 0x0000000080c00000, 0x0000000080b00000| Untracked 
|  12|0x0000000080c00000, 0x0000000080d00000, 0x0000000080d00000|100%| O|  |TAMS 0x0000000080d00000, 0x0000000080c00000| Untracked 
|  13|0x0000000080d00000, 0x0000000080e00000, 0x0000000080e00000|100%| O|  |TAMS 0x0000000080e00000, 0x0000000080d00000| Untracked 
|  14|0x0000000080e00000, 0x0000000080f00000, 0x0000000080f00000|100%| O|  |TAMS 0x0000000080f00000, 0x0000000080e00000| Untracked 
|  15|0x0000000080f00000, 0x0000000081000000, 0x0000000081000000|100%| O|  |TAMS 0x0000000081000000, 0x0000000080f00000| Untracked 
|  16|0x0000000081000000, 0x0000000081100000, 0x0000000081100000|100%| O|  |TAMS 0x0000000081100000, 0x0000000081000000| Untracked 
|  17|0x0000000081100000, 0x0000000081200000, 0x0000000081200000|100%| O|  |TAMS 0x0000000081200000, 0x0000000081100000| Untracked 
|  18|0x0000000081200000, 0x0000000081300000, 0x0000000081300000|100%| O|  |TAMS 0x0000000081300000, 0x0000000081200000| Untracked 
|  19|0x0000000081300000, 0x0000000081400000, 0x0000000081400000|100%| O|  |TAMS 0x0000000081400000, 0x0000000081300000| Untracked 
|  20|0x0000000081400000, 0x0000000081500000, 0x0000000081500000|100%|HS|  |TAMS 0x0000000081500000, 0x0000000081400000| Complete 
|  21|0x0000000081500000, 0x0000000081600000, 0x0000000081600000|100%| O|  |TAMS 0x0000000081600000, 0x0000000081500000| Untracked 
|  22|0x0000000081600000, 0x0000000081700000, 0x0000000081700000|100%| O|  |TAMS 0x0000000081700000, 0x0000000081600000| Untracked 
|  23|0x0000000081700000, 0x0000000081800000, 0x0000000081800000|100%| O|  |TAMS 0x0000000081800000, 0x0000000081700000| Untracked 
|  24|0x0000000081800000, 0x0000000081900000, 0x0000000081900000|100%| O|  |TAMS 0x0000000081900000, 0x0000000081800000| Untracked 
|  25|0x0000000081900000, 0x0000000081a00000, 0x0000000081a00000|100%| O|  |TAMS 0x0000000081a00000, 0x0000000081900000| Untracked 
|  26|0x0000000081a00000, 0x0000000081b00000, 0x0000000081b00000|100%| O|  |TAMS 0x0000000081b00000, 0x0000000081a00000| Untracked 
|  27|0x0000000081b00000, 0x0000000081c00000, 0x0000000081c00000|100%| O|  |TAMS 0x0000000081c00000, 0x0000000081b00000| Untracked 
|  28|0x0000000081c00000, 0x0000000081d00000, 0x0000000081d00000|100%|HS|  |TAMS 0x0000000081d00000, 0x0000000081c00000| Complete 
|  29|0x0000000081d00000, 0x0000000081e00000, 0x0000000081e00000|100%|HS|  |TAMS 0x0000000081e00000, 0x0000000081d00000| Complete 
|  30|0x0000000081e00000, 0x0000000081f00000, 0x0000000081f00000|100%| O|  |TAMS 0x0000000081f00000, 0x0000000081e00000| Untracked 
|  31|0x0000000081f00000, 0x0000000082000000, 0x0000000082000000|100%| O|  |TAMS 0x0000000082000000, 0x0000000081f00000| Untracked 
|  32|0x0000000082000000, 0x0000000082100000, 0x0000000082100000|100%| O|  |TAMS 0x0000000082100000, 0x0000000082000000| Untracked 
|  33|0x0000000082100000, 0x0000000082200000, 0x0000000082200000|100%| O|  |TAMS 0x0000000082200000, 0x0000000082100000| Untracked 
|  34|0x0000000082200000, 0x0000000082300000, 0x0000000082300000|100%| O|  |TAMS 0x0000000082200000, 0x0000000082200000| Untracked 
|  35|0x0000000082300000, 0x0000000082400000, 0x0000000082400000|100%| O|  |TAMS 0x0000000082300000, 0x0000000082300000| Untracked 
|  36|0x0000000082400000, 0x0000000082500000, 0x0000000082500000|100%| O|  |TAMS 0x0000000082400000, 0x0000000082400000| Untracked 
|  37|0x0000000082500000, 0x0000000082600000, 0x0000000082600000|100%| O|  |TAMS 0x0000000082600000, 0x0000000082500000| Untracked 
|  38|0x0000000082600000, 0x0000000082700000, 0x0000000082700000|100%| O|  |TAMS 0x0000000082700000, 0x0000000082600000| Untracked 
|  39|0x0000000082700000, 0x0000000082800000, 0x0000000082800000|100%| O|  |TAMS 0x0000000082800000, 0x0000000082700000| Untracked 
|  40|0x0000000082800000, 0x0000000082900000, 0x0000000082900000|100%| O|  |TAMS 0x0000000082900000, 0x0000000082800000| Untracked 
|  41|0x0000000082900000, 0x0000000082a00000, 0x0000000082a00000|100%| O|  |TAMS 0x0000000082a00000, 0x0000000082900000| Untracked 
|  42|0x0000000082a00000, 0x0000000082b00000, 0x0000000082b00000|100%| O|  |TAMS 0x0000000082b00000, 0x0000000082a00000| Untracked 
|  43|0x0000000082b00000, 0x0000000082c00000, 0x0000000082c00000|100%| O|  |TAMS 0x0000000082c00000, 0x0000000082b00000| Untracked 
|  44|0x0000000082c00000, 0x0000000082d00000, 0x0000000082d00000|100%| O|  |TAMS 0x0000000082d00000, 0x0000000082c00000| Untracked 
|  45|0x0000000082d00000, 0x0000000082e00000, 0x0000000082e00000|100%| O|  |TAMS 0x0000000082e00000, 0x0000000082d00000| Untracked 
|  46|0x0000000082e00000, 0x0000000082f00000, 0x0000000082f00000|100%| O|  |TAMS 0x0000000082f00000, 0x0000000082e00000| Untracked 
|  47|0x0000000082f00000, 0x0000000083000000, 0x0000000083000000|100%| O|  |TAMS 0x0000000083000000, 0x0000000082f00000| Untracked 
|  48|0x0000000083000000, 0x0000000083100000, 0x0000000083100000|100%| O|  |TAMS 0x0000000083100000, 0x0000000083000000| Untracked 
|  49|0x0000000083100000, 0x0000000083200000, 0x0000000083200000|100%| O|  |TAMS 0x0000000083200000, 0x0000000083100000| Untracked 
|  50|0x0000000083200000, 0x0000000083300000, 0x0000000083300000|100%| O|  |TAMS 0x0000000083300000, 0x0000000083200000| Untracked 
|  51|0x0000000083300000, 0x0000000083400000, 0x0000000083400000|100%| O|  |TAMS 0x0000000083400000, 0x0000000083300000| Untracked 
|  52|0x0000000083400000, 0x0000000083500000, 0x0000000083500000|100%| O|  |TAMS 0x0000000083500000, 0x0000000083400000| Untracked 
|  53|0x0000000083500000, 0x0000000083600000, 0x0000000083600000|100%| O|  |TAMS 0x0000000083600000, 0x0000000083500000| Untracked 
|  54|0x0000000083600000, 0x0000000083700000, 0x0000000083700000|100%| O|  |TAMS 0x0000000083700000, 0x0000000083600000| Untracked 
|  55|0x0000000083700000, 0x0000000083800000, 0x0000000083800000|100%| O|  |TAMS 0x0000000083800000, 0x0000000083700000| Untracked 
|  56|0x0000000083800000, 0x0000000083900000, 0x0000000083900000|100%| O|  |TAMS 0x0000000083900000, 0x0000000083800000| Untracked 
|  57|0x0000000083900000, 0x0000000083a00000, 0x0000000083a00000|100%| O|  |TAMS 0x0000000083a00000, 0x0000000083900000| Untracked 
|  58|0x0000000083a00000, 0x0000000083b00000, 0x0000000083b00000|100%| O|  |TAMS 0x0000000083b00000, 0x0000000083a00000| Untracked 
|  59|0x0000000083b00000, 0x0000000083c00000, 0x0000000083c00000|100%| O|  |TAMS 0x0000000083c00000, 0x0000000083b00000| Untracked 
|  60|0x0000000083c00000, 0x0000000083d00000, 0x0000000083d00000|100%| O|  |TAMS 0x0000000083d00000, 0x0000000083c00000| Untracked 
|  61|0x0000000083d00000, 0x0000000083e00000, 0x0000000083e00000|100%| O|  |TAMS 0x0000000083e00000, 0x0000000083d00000| Untracked 
|  62|0x0000000083e00000, 0x0000000083f00000, 0x0000000083f00000|100%| O|  |TAMS 0x0000000083f00000, 0x0000000083e00000| Untracked 
|  63|0x0000000083f00000, 0x0000000084000000, 0x0000000084000000|100%| O|  |TAMS 0x0000000084000000, 0x0000000083f00000| Untracked 
|  64|0x0000000084000000, 0x0000000084100000, 0x0000000084100000|100%| O|  |TAMS 0x0000000084100000, 0x0000000084000000| Untracked 
|  65|0x0000000084100000, 0x0000000084200000, 0x0000000084200000|100%| O|  |TAMS 0x0000000084200000, 0x0000000084100000| Untracked 
|  66|0x0000000084200000, 0x0000000084300000, 0x0000000084300000|100%| O|  |TAMS 0x0000000084300000, 0x0000000084200000| Untracked 
|  67|0x0000000084300000, 0x0000000084400000, 0x0000000084400000|100%| O|  |TAMS 0x0000000084400000, 0x0000000084300000| Untracked 
|  68|0x0000000084400000, 0x0000000084500000, 0x0000000084500000|100%| O|  |TAMS 0x0000000084500000, 0x0000000084400000| Untracked 
|  69|0x0000000084500000, 0x0000000084600000, 0x0000000084600000|100%| O|  |TAMS 0x0000000084600000, 0x0000000084500000| Untracked 
|  70|0x0000000084600000, 0x0000000084700000, 0x0000000084700000|100%| O|  |TAMS 0x0000000084700000, 0x0000000084600000| Untracked 
|  71|0x0000000084700000, 0x0000000084800000, 0x0000000084800000|100%| O|  |TAMS 0x0000000084800000, 0x0000000084700000| Untracked 
|  72|0x0000000084800000, 0x0000000084900000, 0x0000000084900000|100%| O|  |TAMS 0x0000000084900000, 0x0000000084800000| Untracked 
|  73|0x0000000084900000, 0x0000000084a00000, 0x0000000084a00000|100%| O|  |TAMS 0x0000000084a00000, 0x0000000084900000| Untracked 
|  74|0x0000000084a00000, 0x0000000084b00000, 0x0000000084b00000|100%| O|  |TAMS 0x0000000084b00000, 0x0000000084a00000| Untracked 
|  75|0x0000000084b00000, 0x0000000084c00000, 0x0000000084c00000|100%| O|  |TAMS 0x0000000084c00000, 0x0000000084b00000| Untracked 
|  76|0x0000000084c00000, 0x0000000084d00000, 0x0000000084d00000|100%| O|  |TAMS 0x0000000084d00000, 0x0000000084c00000| Untracked 
|  77|0x0000000084d00000, 0x0000000084e00000, 0x0000000084e00000|100%| O|  |TAMS 0x0000000084e00000, 0x0000000084d00000| Untracked 
|  78|0x0000000084e00000, 0x0000000084f00000, 0x0000000084f00000|100%| O|  |TAMS 0x0000000084f00000, 0x0000000084e00000| Untracked 
|  79|0x0000000084f00000, 0x0000000085000000, 0x0000000085000000|100%| O|  |TAMS 0x0000000085000000, 0x0000000084f00000| Untracked 
|  80|0x0000000085000000, 0x0000000085100000, 0x0000000085100000|100%| O|  |TAMS 0x0000000085100000, 0x0000000085000000| Untracked 
|  81|0x0000000085100000, 0x0000000085200000, 0x0000000085200000|100%| O|  |TAMS 0x0000000085200000, 0x0000000085100000| Untracked 
|  82|0x0000000085200000, 0x0000000085300000, 0x0000000085300000|100%| O|  |TAMS 0x0000000085300000, 0x0000000085200000| Untracked 
|  83|0x0000000085300000, 0x0000000085400000, 0x0000000085400000|100%| O|  |TAMS 0x0000000085300000, 0x0000000085300000| Untracked 
|  84|0x0000000085400000, 0x0000000085500000, 0x0000000085500000|100%| O|  |TAMS 0x0000000085400000, 0x0000000085400000| Untracked 
|  85|0x0000000085500000, 0x0000000085600000, 0x0000000085600000|100%| O|  |TAMS 0x0000000085600000, 0x0000000085500000| Untracked 
|  86|0x0000000085600000, 0x0000000085700000, 0x0000000085700000|100%| O|  |TAMS 0x0000000085700000, 0x0000000085600000| Untracked 
|  87|0x0000000085700000, 0x0000000085800000, 0x0000000085800000|100%| O|  |TAMS 0x0000000085800000, 0x0000000085700000| Untracked 
|  88|0x0000000085800000, 0x0000000085900000, 0x0000000085900000|100%| O|  |TAMS 0x0000000085900000, 0x0000000085800000| Untracked 
|  89|0x0000000085900000, 0x0000000085a00000, 0x0000000085a00000|100%| O|  |TAMS 0x0000000085a00000, 0x0000000085900000| Untracked 
|  90|0x0000000085a00000, 0x0000000085b00000, 0x0000000085b00000|100%| O|  |TAMS 0x0000000085b00000, 0x0000000085a00000| Untracked 
|  91|0x0000000085b00000, 0x0000000085c00000, 0x0000000085c00000|100%| O|  |TAMS 0x0000000085b29800, 0x0000000085b00000| Untracked 
|  92|0x0000000085c00000, 0x0000000085d00000, 0x0000000085d00000|100%| O|  |TAMS 0x0000000085c00000, 0x0000000085c00000| Untracked 
|  93|0x0000000085d00000, 0x0000000085e00000, 0x0000000085e00000|100%| O|  |TAMS 0x0000000085d00000, 0x0000000085d00000| Untracked 
|  94|0x0000000085e00000, 0x0000000085f00000, 0x0000000085f00000|100%| O|  |TAMS 0x0000000085e00000, 0x0000000085e00000| Untracked 
|  95|0x0000000085f00000, 0x0000000086000000, 0x0000000086000000|100%| O|  |TAMS 0x0000000085f00000, 0x0000000085f00000| Untracked 
|  96|0x0000000086000000, 0x0000000086100000, 0x0000000086100000|100%| O|  |TAMS 0x0000000086000000, 0x0000000086000000| Untracked 
|  97|0x0000000086100000, 0x0000000086200000, 0x0000000086200000|100%| O|  |TAMS 0x0000000086100000, 0x0000000086100000| Untracked 
|  98|0x0000000086200000, 0x0000000086300000, 0x0000000086300000|100%| O|  |TAMS 0x0000000086200000, 0x0000000086200000| Untracked 
|  99|0x0000000086300000, 0x0000000086400000, 0x0000000086400000|100%| O|  |TAMS 0x0000000086300000, 0x0000000086300000| Untracked 
| 100|0x0000000086400000, 0x0000000086500000, 0x0000000086500000|100%| O|  |TAMS 0x0000000086400000, 0x0000000086400000| Untracked 
| 101|0x0000000086500000, 0x0000000086600000, 0x0000000086600000|100%| O|  |TAMS 0x0000000086500000, 0x0000000086500000| Untracked 
| 102|0x0000000086600000, 0x0000000086700000, 0x0000000086700000|100%| O|  |TAMS 0x0000000086600000, 0x0000000086600000| Untracked 
| 103|0x0000000086700000, 0x0000000086800000, 0x0000000086800000|100%|HS|  |TAMS 0x0000000086700000, 0x0000000086700000| Complete 
| 104|0x0000000086800000, 0x0000000086900000, 0x0000000086900000|100%|HC|  |TAMS 0x0000000086800000, 0x0000000086800000| Complete 
| 105|0x0000000086900000, 0x0000000086a00000, 0x0000000086a00000|100%| O|  |TAMS 0x0000000086900000, 0x0000000086900000| Untracked 
| 106|0x0000000086a00000, 0x0000000086b00000, 0x0000000086b00000|100%| O|  |TAMS 0x0000000086a00000, 0x0000000086a00000| Untracked 
| 107|0x0000000086b00000, 0x0000000086c00000, 0x0000000086c00000|100%| O|  |TAMS 0x0000000086b00000, 0x0000000086b00000| Untracked 
| 108|0x0000000086c00000, 0x0000000086d00000, 0x0000000086d00000|100%| O|  |TAMS 0x0000000086c00000, 0x0000000086c00000| Untracked 
| 109|0x0000000086d00000, 0x0000000086e00000, 0x0000000086e00000|100%| O|  |TAMS 0x0000000086d00000, 0x0000000086d00000| Untracked 
| 110|0x0000000086e00000, 0x0000000086effe00, 0x0000000086f00000| 99%| O|  |TAMS 0x0000000086e00000, 0x0000000086e00000| Untracked 
| 111|0x0000000086f00000, 0x0000000086f00000, 0x0000000087000000|  0%| F|  |TAMS 0x0000000086f00000, 0x0000000086f00000| Untracked 
| 112|0x0000000087000000, 0x0000000087000000, 0x0000000087100000|  0%| F|  |TAMS 0x0000000087000000, 0x0000000087000000| Untracked 
| 113|0x0000000087100000, 0x0000000087100000, 0x0000000087200000|  0%| F|  |TAMS 0x0000000087100000, 0x0000000087100000| Untracked 
| 114|0x0000000087200000, 0x0000000087200000, 0x0000000087300000|  0%| F|  |TAMS 0x0000000087200000, 0x0000000087200000| Untracked 
| 115|0x0000000087300000, 0x0000000087300000, 0x0000000087400000|  0%| F|  |TAMS 0x0000000087300000, 0x0000000087300000| Untracked 
| 116|0x0000000087400000, 0x0000000087400000, 0x0000000087500000|  0%| F|  |TAMS 0x0000000087400000, 0x0000000087400000| Untracked 
| 117|0x0000000087500000, 0x0000000087500000, 0x0000000087600000|  0%| F|  |TAMS 0x0000000087500000, 0x0000000087500000| Untracked 
| 118|0x0000000087600000, 0x0000000087600000, 0x0000000087700000|  0%| F|  |TAMS 0x0000000087600000, 0x0000000087600000| Untracked 
| 119|0x0000000087700000, 0x0000000087700000, 0x0000000087800000|  0%| F|  |TAMS 0x0000000087700000, 0x0000000087700000| Untracked 
| 120|0x0000000087800000, 0x0000000087800000, 0x0000000087900000|  0%| F|  |TAMS 0x0000000087800000, 0x0000000087800000| Untracked 
| 121|0x0000000087900000, 0x0000000087900000, 0x0000000087a00000|  0%| F|  |TAMS 0x0000000087900000, 0x0000000087900000| Untracked 
| 122|0x0000000087a00000, 0x0000000087a00000, 0x0000000087b00000|  0%| F|  |TAMS 0x0000000087a00000, 0x0000000087a00000| Untracked 
| 123|0x0000000087b00000, 0x0000000087b00000, 0x0000000087c00000|  0%| F|  |TAMS 0x0000000087b00000, 0x0000000087b00000| Untracked 
| 124|0x0000000087c00000, 0x0000000087c00000, 0x0000000087d00000|  0%| F|  |TAMS 0x0000000087c00000, 0x0000000087c00000| Untracked 
| 125|0x0000000087d00000, 0x0000000087d00000, 0x0000000087e00000|  0%| F|  |TAMS 0x0000000087d00000, 0x0000000087d00000| Untracked 
| 126|0x0000000087e00000, 0x0000000087e00000, 0x0000000087f00000|  0%| F|  |TAMS 0x0000000087e00000, 0x0000000087e00000| Untracked 
| 127|0x0000000087f00000, 0x0000000087f00000, 0x0000000088000000|  0%| F|  |TAMS 0x0000000087f00000, 0x0000000087f00000| Untracked 
| 128|0x0000000088000000, 0x0000000088000000, 0x0000000088100000|  0%| F|  |TAMS 0x0000000088000000, 0x0000000088000000| Untracked 
| 129|0x0000000088100000, 0x0000000088100000, 0x0000000088200000|  0%| F|  |TAMS 0x0000000088100000, 0x0000000088100000| Untracked 
| 130|0x0000000088200000, 0x0000000088200000, 0x0000000088300000|  0%| F|  |TAMS 0x0000000088200000, 0x0000000088200000| Untracked 
| 131|0x0000000088300000, 0x0000000088300000, 0x0000000088400000|  0%| F|  |TAMS 0x0000000088300000, 0x0000000088300000| Untracked 
| 132|0x0000000088400000, 0x0000000088400000, 0x0000000088500000|  0%| F|  |TAMS 0x0000000088400000, 0x0000000088400000| Untracked 
| 133|0x0000000088500000, 0x0000000088500000, 0x0000000088600000|  0%| F|  |TAMS 0x0000000088500000, 0x0000000088500000| Untracked 
| 134|0x0000000088600000, 0x0000000088600000, 0x0000000088700000|  0%| F|  |TAMS 0x0000000088600000, 0x0000000088600000| Untracked 
| 135|0x0000000088700000, 0x0000000088700000, 0x0000000088800000|  0%| F|  |TAMS 0x0000000088700000, 0x0000000088700000| Untracked 
| 136|0x0000000088800000, 0x0000000088800000, 0x0000000088900000|  0%| F|  |TAMS 0x0000000088800000, 0x0000000088800000| Untracked 
| 137|0x0000000088900000, 0x0000000088900000, 0x0000000088a00000|  0%| F|  |TAMS 0x0000000088900000, 0x0000000088900000| Untracked 
| 138|0x0000000088a00000, 0x0000000088a00000, 0x0000000088b00000|  0%| F|  |TAMS 0x0000000088a00000, 0x0000000088a00000| Untracked 
| 139|0x0000000088b00000, 0x0000000088b00000, 0x0000000088c00000|  0%| F|  |TAMS 0x0000000088b00000, 0x0000000088b00000| Untracked 
| 140|0x0000000088c00000, 0x0000000088c00000, 0x0000000088d00000|  0%| F|  |TAMS 0x0000000088c00000, 0x0000000088c00000| Untracked 
| 141|0x0000000088d00000, 0x0000000088d77b50, 0x0000000088e00000| 46%| S|CS|TAMS 0x0000000088d00000, 0x0000000088d00000| Complete 
| 142|0x0000000088e00000, 0x0000000088f00000, 0x0000000088f00000|100%| S|CS|TAMS 0x0000000088e00000, 0x0000000088e00000| Complete 
| 143|0x0000000088f00000, 0x0000000088f00000, 0x0000000089000000|  0%| F|  |TAMS 0x0000000088f00000, 0x0000000088f00000| Untracked 
| 144|0x0000000089000000, 0x0000000089000000, 0x0000000089100000|  0%| F|  |TAMS 0x0000000089000000, 0x0000000089000000| Untracked 
| 145|0x0000000089100000, 0x0000000089100000, 0x0000000089200000|  0%| F|  |TAMS 0x0000000089100000, 0x0000000089100000| Untracked 
| 146|0x0000000089200000, 0x0000000089300000, 0x0000000089300000|100%| S|CS|TAMS 0x0000000089200000, 0x0000000089200000| Complete 
| 147|0x0000000089300000, 0x0000000089300000, 0x0000000089400000|  0%| F|  |TAMS 0x0000000089300000, 0x0000000089300000| Untracked 
| 148|0x0000000089400000, 0x0000000089400000, 0x0000000089500000|  0%| F|  |TAMS 0x0000000089400000, 0x0000000089400000| Untracked 
| 149|0x0000000089500000, 0x0000000089500000, 0x0000000089600000|  0%| F|  |TAMS 0x0000000089500000, 0x0000000089500000| Untracked 
| 150|0x0000000089600000, 0x0000000089600000, 0x0000000089700000|  0%| F|  |TAMS 0x0000000089600000, 0x0000000089600000| Untracked 
| 151|0x0000000089700000, 0x0000000089700000, 0x0000000089800000|  0%| F|  |TAMS 0x0000000089700000, 0x0000000089700000| Untracked 
| 152|0x0000000089800000, 0x0000000089800000, 0x0000000089900000|  0%| F|  |TAMS 0x0000000089800000, 0x0000000089800000| Untracked 
| 153|0x0000000089900000, 0x0000000089900000, 0x0000000089a00000|  0%| F|  |TAMS 0x0000000089900000, 0x0000000089900000| Untracked 
| 154|0x0000000089a00000, 0x0000000089a00000, 0x0000000089b00000|  0%| F|  |TAMS 0x0000000089a00000, 0x0000000089a00000| Untracked 
| 155|0x0000000089b00000, 0x0000000089b00000, 0x0000000089c00000|  0%| F|  |TAMS 0x0000000089b00000, 0x0000000089b00000| Untracked 
| 156|0x0000000089c00000, 0x0000000089c00000, 0x0000000089d00000|  0%| F|  |TAMS 0x0000000089c00000, 0x0000000089c00000| Untracked 
| 157|0x0000000089d00000, 0x0000000089d00000, 0x0000000089e00000|  0%| F|  |TAMS 0x0000000089d00000, 0x0000000089d00000| Untracked 
| 158|0x0000000089e00000, 0x0000000089e00000, 0x0000000089f00000|  0%| F|  |TAMS 0x0000000089e00000, 0x0000000089e00000| Untracked 
| 159|0x0000000089f00000, 0x0000000089f00000, 0x000000008a000000|  0%| F|  |TAMS 0x0000000089f00000, 0x0000000089f00000| Untracked 
| 160|0x000000008a000000, 0x000000008a000000, 0x000000008a100000|  0%| F|  |TAMS 0x000000008a000000, 0x000000008a000000| Untracked 
| 161|0x000000008a100000, 0x000000008a100000, 0x000000008a200000|  0%| F|  |TAMS 0x000000008a100000, 0x000000008a100000| Untracked 
| 162|0x000000008a200000, 0x000000008a200000, 0x000000008a300000|  0%| F|  |TAMS 0x000000008a200000, 0x000000008a200000| Untracked 
| 163|0x000000008a300000, 0x000000008a300000, 0x000000008a400000|  0%| F|  |TAMS 0x000000008a300000, 0x000000008a300000| Untracked 
| 164|0x000000008a400000, 0x000000008a400000, 0x000000008a500000|  0%| F|  |TAMS 0x000000008a400000, 0x000000008a400000| Untracked 
| 165|0x000000008a500000, 0x000000008a500000, 0x000000008a600000|  0%| F|  |TAMS 0x000000008a500000, 0x000000008a500000| Untracked 
| 166|0x000000008a600000, 0x000000008a600000, 0x000000008a700000|  0%| F|  |TAMS 0x000000008a600000, 0x000000008a600000| Untracked 
| 167|0x000000008a700000, 0x000000008a700000, 0x000000008a800000|  0%| F|  |TAMS 0x000000008a700000, 0x000000008a700000| Untracked 
| 168|0x000000008a800000, 0x000000008a800000, 0x000000008a900000|  0%| F|  |TAMS 0x000000008a800000, 0x000000008a800000| Untracked 
| 169|0x000000008a900000, 0x000000008a900000, 0x000000008aa00000|  0%| F|  |TAMS 0x000000008a900000, 0x000000008a900000| Untracked 
| 170|0x000000008aa00000, 0x000000008aa00000, 0x000000008ab00000|  0%| F|  |TAMS 0x000000008aa00000, 0x000000008aa00000| Untracked 
| 171|0x000000008ab00000, 0x000000008ab00000, 0x000000008ac00000|  0%| F|  |TAMS 0x000000008ab00000, 0x000000008ab00000| Untracked 
| 172|0x000000008ac00000, 0x000000008ac00000, 0x000000008ad00000|  0%| F|  |TAMS 0x000000008ac00000, 0x000000008ac00000| Untracked 
| 173|0x000000008ad00000, 0x000000008ad00000, 0x000000008ae00000|  0%| F|  |TAMS 0x000000008ad00000, 0x000000008ad00000| Untracked 
| 174|0x000000008ae00000, 0x000000008ae00000, 0x000000008af00000|  0%| F|  |TAMS 0x000000008ae00000, 0x000000008ae00000| Untracked 
| 175|0x000000008af00000, 0x000000008af00000, 0x000000008b000000|  0%| F|  |TAMS 0x000000008af00000, 0x000000008af00000| Untracked 
| 176|0x000000008b000000, 0x000000008b000000, 0x000000008b100000|  0%| F|  |TAMS 0x000000008b000000, 0x000000008b000000| Untracked 
| 177|0x000000008b100000, 0x000000008b100000, 0x000000008b200000|  0%| F|  |TAMS 0x000000008b100000, 0x000000008b100000| Untracked 
| 178|0x000000008b200000, 0x000000008b200000, 0x000000008b300000|  0%| F|  |TAMS 0x000000008b200000, 0x000000008b200000| Untracked 
| 179|0x000000008b300000, 0x000000008b300000, 0x000000008b400000|  0%| F|  |TAMS 0x000000008b300000, 0x000000008b300000| Untracked 
| 180|0x000000008b400000, 0x000000008b400000, 0x000000008b500000|  0%| F|  |TAMS 0x000000008b400000, 0x000000008b400000| Untracked 
| 181|0x000000008b500000, 0x000000008b500000, 0x000000008b600000|  0%| F|  |TAMS 0x000000008b500000, 0x000000008b500000| Untracked 
| 182|0x000000008b600000, 0x000000008b600000, 0x000000008b700000|  0%| F|  |TAMS 0x000000008b600000, 0x000000008b600000| Untracked 
| 183|0x000000008b700000, 0x000000008b700000, 0x000000008b800000|  0%| F|  |TAMS 0x000000008b700000, 0x000000008b700000| Untracked 
| 184|0x000000008b800000, 0x000000008b800000, 0x000000008b900000|  0%| F|  |TAMS 0x000000008b800000, 0x000000008b800000| Untracked 
| 185|0x000000008b900000, 0x000000008b900000, 0x000000008ba00000|  0%| F|  |TAMS 0x000000008b900000, 0x000000008b900000| Untracked 
| 186|0x000000008ba00000, 0x000000008ba00000, 0x000000008bb00000|  0%| F|  |TAMS 0x000000008ba00000, 0x000000008ba00000| Untracked 
| 187|0x000000008bb00000, 0x000000008bb00000, 0x000000008bc00000|  0%| F|  |TAMS 0x000000008bb00000, 0x000000008bb00000| Untracked 
| 188|0x000000008bc00000, 0x000000008bc00000, 0x000000008bd00000|  0%| F|  |TAMS 0x000000008bc00000, 0x000000008bc00000| Untracked 
| 189|0x000000008bd00000, 0x000000008bd00000, 0x000000008be00000|  0%| F|  |TAMS 0x000000008bd00000, 0x000000008bd00000| Untracked 
| 190|0x000000008be00000, 0x000000008be00000, 0x000000008bf00000|  0%| F|  |TAMS 0x000000008be00000, 0x000000008be00000| Untracked 
| 191|0x000000008bf00000, 0x000000008bf00000, 0x000000008c000000|  0%| F|  |TAMS 0x000000008bf00000, 0x000000008bf00000| Untracked 
| 192|0x000000008c000000, 0x000000008c000000, 0x000000008c100000|  0%| F|  |TAMS 0x000000008c000000, 0x000000008c000000| Untracked 
| 193|0x000000008c100000, 0x000000008c100000, 0x000000008c200000|  0%| F|  |TAMS 0x000000008c100000, 0x000000008c100000| Untracked 

Card table byte_map: [0x00000254eec70000,0x00000254ef070000] _byte_map_base: 0x00000254ee870000

Marking Bits (Prev, Next): (CMBitMap*) 0x00000254dc0d3a00, (CMBitMap*) 0x00000254dc0d3a40
 Prev Bits: [0x00000254ef470000, 0x00000254f1470000)
 Next Bits: [0x00000254f1470000, 0x00000254f3470000)

Polling page: 0x00000254da010000

Metaspace:

Usage:
  Non-class:     79.42 MB used.
      Class:     12.44 MB used.
       Both:     91.86 MB used.

Virtual space:
  Non-class space:       80.00 MB reserved,      79.75 MB (>99%) committed,  10 nodes.
      Class space:        1.00 GB reserved,      12.75 MB (  1%) committed,  1 nodes.
             Both:        1.08 GB reserved,      92.50 MB (  8%) committed. 

Chunk freelists:
   Non-Class:  256.00 KB
       Class:  3.30 MB
        Both:  3.55 MB

MaxMetaspaceSize: unlimited
CompressedClassSpaceSize: 1.00 GB
Initial GC threshold: 21.00 MB
Current GC threshold: 140.75 MB
CDS: off
MetaspaceReclaimPolicy: balanced
 - commit_granule_bytes: 65536.
 - commit_granule_words: 8192.
 - virtual_space_node_default_size: 1048576.
 - enlarge_chunks_in_place: 1.
 - new_chunks_are_fully_committed: 0.
 - uncommit_free_chunks: 1.
 - use_allocation_guard: 0.
 - handle_deallocations: 1.


Internal statistics:

num_allocs_failed_limit: 14.
num_arena_births: 962.
num_arena_deaths: 8.
num_vsnodes_births: 11.
num_vsnodes_deaths: 0.
num_space_committed: 1479.
num_space_uncommitted: 0.
num_chunks_returned_to_freelist: 25.
num_chunks_taken_from_freelist: 4485.
num_chunk_merges: 9.
num_chunk_splits: 2924.
num_chunks_enlarged: 1905.
num_purges: 2.
num_inconsistent_stats: 0.

CodeHeap 'non-profiled nmethods': size=120000Kb used=4868Kb max_used=5272Kb free=115131Kb
 bounds [0x00000254e7010000, 0x00000254e7540000, 0x00000254ee540000]
CodeHeap 'profiled nmethods': size=120000Kb used=20722Kb max_used=22008Kb free=99277Kb
 bounds [0x00000254df540000, 0x00000254e0b10000, 0x00000254e6a70000]
CodeHeap 'non-nmethods': size=5760Kb used=2382Kb max_used=2442Kb free=3377Kb
 bounds [0x00000254e6a70000, 0x00000254e6d00000, 0x00000254e7010000]
 total_blobs=11698 nmethods=10779 adapters=831
 compilation: enabled
              stopped_count=0, restarted_count=0
 full_count=0

Compilation events (20 events):
Event: 34.363 Thread 0x00000254f688dad0 12725       3       org.objectweb.asm.Type::getArgumentTypes (154 bytes)
Event: 34.366 Thread 0x00000254f688dad0 nmethod 12725 0x00000254df604e90 code [0x00000254df605360, 0x00000254df607dc8]
Event: 34.368 Thread 0x00000254f688dad0 12727       3       org.objectweb.asm.ClassReader::readUtf (161 bytes)
Event: 34.369 Thread 0x00000254f688dad0 nmethod 12727 0x00000254dfb86f10 code [0x00000254dfb870e0, 0x00000254dfb87548]
Event: 34.369 Thread 0x00000254f688dad0 12728 %     3       org.objectweb.asm.ByteVector::putUTF8 @ 76 (144 bytes)
Event: 34.370 Thread 0x00000254f688dad0 nmethod 12728% 0x00000254dfb22d10 code [0x00000254dfb22f80, 0x00000254dfb23c08]
Event: 34.370 Thread 0x00000254f688dad0 12733       2       org.objectweb.asm.ByteVector::putUTF8 (144 bytes)
Event: 34.371 Thread 0x00000254f688dad0 nmethod 12733 0x00000254dfee1e90 code [0x00000254dfee20a0, 0x00000254dfee2648]
Event: 34.371 Thread 0x00000254f688dad0 12731       3       java.lang.StringUTF16::compress (50 bytes)
Event: 34.371 Thread 0x00000254f688dad0 nmethod 12731 0x00000254dfc6d210 code [0x00000254dfc6d3c0, 0x00000254dfc6d618]
Event: 34.371 Thread 0x00000254f688dad0 12729       2       org.objectweb.asm.SymbolTable::addConstantUtf8 (98 bytes)
Event: 34.372 Thread 0x00000254f688dad0 nmethod 12729 0x00000254df955c90 code [0x00000254df955e80, 0x00000254df956238]
Event: 34.372 Thread 0x00000254f688dad0 12732       2       java.lang.String::<init> (14 bytes)
Event: 34.372 Thread 0x00000254f688dad0 nmethod 12732 0x00000254dfe07010 code [0x00000254dfe071c0, 0x00000254dfe07358]
Event: 34.372 Thread 0x00000254f688dad0 12730       2       java.lang.String::<init> (74 bytes)
Event: 34.372 Thread 0x00000254f688dad0 nmethod 12730 0x00000254e025e390 code [0x00000254e025e560, 0x00000254e025e878]
Event: 34.375 Thread 0x00000254f688dad0 12737       3       org.objectweb.asm.ByteVector::putUTF8 (144 bytes)
Event: 34.376 Thread 0x00000254f688dad0 nmethod 12737 0x00000254dfdf7810 code [0x00000254dfdf7a80, 0x00000254dfdf85c8]
Event: 34.376 Thread 0x00000254f688dad0 12738       3       org.objectweb.asm.ClassReader::accept (1412 bytes)
Event: 34.385 Thread 0x00000254f688dad0 nmethod 12738 0x00000254e0b04310 code [0x00000254e0b04ea0, 0x00000254e0b0c2a8]

GC Heap History (20 events):
Event: 20.723 GC heap after
{Heap after GC invocations=26 (full 0):
 garbage-first heap   total 198656K, used 89329K [0x0000000080000000, 0x0000000100000000)
  region size 1024K, 5 young (5120K), 5 survivors (5120K)
 Metaspace       used 85617K, committed 86272K, reserved 1130496K
  class space    used 11731K, committed 12032K, reserved 1048576K
}
Event: 24.245 GC heap before
{Heap before GC invocations=27 (full 0):
 garbage-first heap   total 198656K, used 158961K [0x0000000080000000, 0x0000000100000000)
  region size 1024K, 72 young (73728K), 5 survivors (5120K)
 Metaspace       used 85854K, committed 86464K, reserved 1130496K
  class space    used 11772K, committed 12032K, reserved 1048576K
}
Event: 24.254 GC heap after
{Heap after GC invocations=28 (full 0):
 garbage-first heap   total 198656K, used 93442K [0x0000000080000000, 0x0000000100000000)
  region size 1024K, 7 young (7168K), 7 survivors (7168K)
 Metaspace       used 85854K, committed 86464K, reserved 1130496K
  class space    used 11772K, committed 12032K, reserved 1048576K
}
Event: 24.278 GC heap before
{Heap before GC invocations=28 (full 0):
 garbage-first heap   total 198656K, used 94466K [0x0000000080000000, 0x0000000100000000)
  region size 1024K, 9 young (9216K), 7 survivors (7168K)
 Metaspace       used 85854K, committed 86464K, reserved 1130496K
  class space    used 11772K, committed 12032K, reserved 1048576K
}
Event: 24.320 GC heap after
{Heap after GC invocations=29 (full 0):
 garbage-first heap   total 198656K, used 93187K [0x0000000080000000, 0x0000000100000000)
  region size 1024K, 1 young (1024K), 1 survivors (1024K)
 Metaspace       used 85854K, committed 86464K, reserved 1130496K
  class space    used 11772K, committed 12032K, reserved 1048576K
}
Event: 24.975 GC heap before
{Heap before GC invocations=29 (full 0):
 garbage-first heap   total 198656K, used 160771K [0x0000000080000000, 0x0000000100000000)
  region size 1024K, 67 young (68608K), 1 survivors (1024K)
 Metaspace       used 85855K, committed 86464K, reserved 1130496K
  class space    used 11772K, committed 12032K, reserved 1048576K
}
Event: 24.979 GC heap after
{Heap after GC invocations=30 (full 0):
 garbage-first heap   total 198656K, used 93568K [0x0000000080000000, 0x0000000100000000)
  region size 1024K, 2 young (2048K), 2 survivors (2048K)
 Metaspace       used 85855K, committed 86464K, reserved 1130496K
  class space    used 11772K, committed 12032K, reserved 1048576K
}
Event: 27.036 GC heap before
{Heap before GC invocations=31 (full 0):
 garbage-first heap   total 198656K, used 163200K [0x0000000080000000, 0x0000000100000000)
  region size 1024K, 69 young (70656K), 2 survivors (2048K)
 Metaspace       used 86450K, committed 87104K, reserved 1130496K
  class space    used 11841K, committed 12160K, reserved 1048576K
}
Event: 27.042 GC heap after
{Heap after GC invocations=32 (full 0):
 garbage-first heap   total 198656K, used 96776K [0x0000000080000000, 0x0000000100000000)
  region size 1024K, 7 young (7168K), 7 survivors (7168K)
 Metaspace       used 86450K, committed 87104K, reserved 1130496K
  class space    used 11841K, committed 12160K, reserved 1048576K
}
Event: 27.057 GC heap before
{Heap before GC invocations=32 (full 0):
 garbage-first heap   total 198656K, used 98824K [0x0000000080000000, 0x0000000100000000)
  region size 1024K, 9 young (9216K), 7 survivors (7168K)
 Metaspace       used 86450K, committed 87104K, reserved 1130496K
  class space    used 11841K, committed 12160K, reserved 1048576K
}
Event: 27.103 GC heap after
{Heap after GC invocations=33 (full 0):
 garbage-first heap   total 198656K, used 96640K [0x0000000080000000, 0x0000000100000000)
  region size 1024K, 1 young (1024K), 1 survivors (1024K)
 Metaspace       used 86450K, committed 87104K, reserved 1130496K
  class space    used 11841K, committed 12160K, reserved 1048576K
}
Event: 27.897 GC heap before
{Heap before GC invocations=33 (full 0):
 garbage-first heap   total 198656K, used 163200K [0x0000000080000000, 0x0000000100000000)
  region size 1024K, 66 young (67584K), 1 survivors (1024K)
 Metaspace       used 89380K, committed 90048K, reserved 1130496K
  class space    used 12169K, committed 12480K, reserved 1048576K
}
Event: 27.905 GC heap after
{Heap after GC invocations=34 (full 0):
 garbage-first heap   total 198656K, used 101609K [0x0000000080000000, 0x0000000100000000)
  region size 1024K, 6 young (6144K), 6 survivors (6144K)
 Metaspace       used 89380K, committed 90048K, reserved 1130496K
  class space    used 12169K, committed 12480K, reserved 1048576K
}
Event: 28.396 GC heap before
{Heap before GC invocations=34 (full 0):
 garbage-first heap   total 198656K, used 162025K [0x0000000080000000, 0x0000000100000000)
  region size 1024K, 66 young (67584K), 6 survivors (6144K)
 Metaspace       used 91330K, committed 91968K, reserved 1130496K
  class space    used 12417K, committed 12672K, reserved 1048576K
}
Event: 28.414 GC heap after
{Heap after GC invocations=35 (full 0):
 garbage-first heap   total 198656K, used 105870K [0x0000000080000000, 0x0000000100000000)
  region size 1024K, 6 young (6144K), 6 survivors (6144K)
 Metaspace       used 91330K, committed 91968K, reserved 1130496K
  class space    used 12417K, committed 12672K, reserved 1048576K
}
Event: 33.621 GC heap before
{Heap before GC invocations=35 (full 0):
 garbage-first heap   total 198656K, used 162190K [0x0000000080000000, 0x0000000100000000)
  region size 1024K, 62 young (63488K), 6 survivors (6144K)
 Metaspace       used 93473K, committed 94144K, reserved 1130496K
  class space    used 12692K, committed 12992K, reserved 1048576K
}
Event: 33.634 GC heap after
{Heap after GC invocations=36 (full 0):
 garbage-first heap   total 198656K, used 113090K [0x0000000080000000, 0x0000000100000000)
  region size 1024K, 8 young (8192K), 8 survivors (8192K)
 Metaspace       used 93473K, committed 94144K, reserved 1130496K
  class space    used 12692K, committed 12992K, reserved 1048576K
}
Event: 34.085 GC heap before
{Heap before GC invocations=36 (full 0):
 garbage-first heap   total 198656K, used 163266K [0x0000000080000000, 0x0000000100000000)
  region size 1024K, 56 young (57344K), 8 survivors (8192K)
 Metaspace       used 94025K, committed 94720K, reserved 1130496K
  class space    used 12741K, committed 13056K, reserved 1048576K
}
Event: 34.100 GC heap after
{Heap after GC invocations=37 (full 0):
 garbage-first heap   total 198656K, used 116412K [0x0000000080000000, 0x0000000100000000)
  region size 1024K, 3 young (3072K), 3 survivors (3072K)
 Metaspace       used 94025K, committed 94720K, reserved 1130496K
  class space    used 12741K, committed 13056K, reserved 1048576K
}
Event: 34.388 GC heap before
{Heap before GC invocations=37 (full 0):
 garbage-first heap   total 198656K, used 164540K [0x0000000080000000, 0x0000000100000000)
  region size 1024K, 50 young (51200K), 3 survivors (3072K)
 Metaspace       used 94068K, committed 94720K, reserved 1130496K
  class space    used 12743K, committed 13056K, reserved 1048576K
}

Dll operation events (2 events):
Event: 0.050 Loaded shared library C:\Program Files\Android\Android Studio\jbr\bin\java.dll
Event: 1.411 Loaded shared library C:\Program Files\Android\Android Studio\jbr\bin\verify.dll

Deoptimization events (20 events):
Event: 34.369 Thread 0x00000254fd427550 Uncommon trap: trap_request=0xffffff45 fr.pc=0x00000254e72f07a4 relative=0x0000000000001104
Event: 34.369 Thread 0x00000254fd427550 Uncommon trap: reason=unstable_if action=reinterpret pc=0x00000254e72f07a4 method=org.objectweb.asm.ByteVector.putUTF8(Ljava/lang/String;)Lorg/objectweb/asm/ByteVector; @ 100 c2
Event: 34.369 Thread 0x00000254fd427550 DEOPT PACKING pc=0x00000254e72f07a4 sp=0x0000007c7aafbb80
Event: 34.369 Thread 0x00000254fd427550 DEOPT UNPACKING pc=0x00000254e6ac69a3 sp=0x0000007c7aafbae8 mode 2
Event: 34.369 Thread 0x00000254fd427550 Uncommon trap: trap_request=0xffffff45 fr.pc=0x00000254e72cd014 relative=0x0000000000000554
Event: 34.369 Thread 0x00000254fd427550 Uncommon trap: reason=unstable_if action=reinterpret pc=0x00000254e72cd014 method=org.objectweb.asm.ByteVector.putUTF8(Ljava/lang/String;)Lorg/objectweb/asm/ByteVector; @ 100 c2
Event: 34.369 Thread 0x00000254fd427550 DEOPT PACKING pc=0x00000254e72cd014 sp=0x0000007c7aafbb00
Event: 34.369 Thread 0x00000254fd427550 DEOPT UNPACKING pc=0x00000254e6ac69a3 sp=0x0000007c7aafbad0 mode 2
Event: 34.373 Thread 0x00000254fd427550 DEOPT PACKING pc=0x00000254dfc6d57e sp=0x0000007c7aafbc10
Event: 34.373 Thread 0x00000254fd427550 DEOPT UNPACKING pc=0x00000254e6ac7143 sp=0x0000007c7aafb080 mode 0
Event: 34.375 Thread 0x00000254fd427550 DEOPT PACKING pc=0x00000254dfee2511 sp=0x0000007c7aafbb10
Event: 34.375 Thread 0x00000254fd427550 DEOPT UNPACKING pc=0x00000254e6ac7143 sp=0x0000007c7aafb020 mode 0
Event: 34.376 Thread 0x00000254fd427550 DEOPT PACKING pc=0x00000254dfc6d57e sp=0x0000007c7aafbc10
Event: 34.376 Thread 0x00000254fd427550 DEOPT UNPACKING pc=0x00000254e6ac7143 sp=0x0000007c7aafb080 mode 0
Event: 34.376 Thread 0x00000254fd427550 DEOPT PACKING pc=0x00000254dfd69267 sp=0x0000007c7aafc070
Event: 34.376 Thread 0x00000254fd427550 DEOPT UNPACKING pc=0x00000254e6ac7143 sp=0x0000007c7aafb6c0 mode 0
Event: 34.380 Thread 0x00000254fd427550 DEOPT PACKING pc=0x00000254dfc6d57e sp=0x0000007c7aafb820
Event: 34.380 Thread 0x00000254fd427550 DEOPT UNPACKING pc=0x00000254e6ac7143 sp=0x0000007c7aafac90 mode 0
Event: 34.384 Thread 0x00000254fd427550 DEOPT PACKING pc=0x00000254dfc6d57e sp=0x0000007c7aafbc10
Event: 34.384 Thread 0x00000254fd427550 DEOPT UNPACKING pc=0x00000254e6ac7143 sp=0x0000007c7aafb080 mode 0

Classes unloaded (4 events):
Event: 25.106 Thread 0x00000254f5edb560 Unloading class 0x0000000100bb0400 'java/lang/invoke/LambdaForm$DMH+0x0000000100bb0400'
Event: 25.106 Thread 0x00000254f5edb560 Unloading class 0x0000000100ba4c00 'java/lang/invoke/LambdaForm$DMH+0x0000000100ba4c00'
Event: 25.106 Thread 0x00000254f5edb560 Unloading class 0x0000000100ba4800 'java/lang/invoke/LambdaForm$DMH+0x0000000100ba4800'
Event: 25.106 Thread 0x00000254f5edb560 Unloading class 0x0000000100ba4400 'java/lang/invoke/LambdaForm$DMH+0x0000000100ba4400'

Classes redefined (0 events):
No events

Internal exceptions (20 events):
Event: 27.453 Thread 0x00000254fd427550 Exception <a 'java/lang/NoSuchMethodError'{0x000000008a891ac8}: static Lcom/android/build/api/variant/impl/VariantOutputImpl$SerializedForm;.<clinit>()V> (0x000000008a891ac8) 
thrown [s\src\hotspot\share\prims\jni.cpp, line 1108]
Event: 27.455 Thread 0x00000254fd427550 Exception <a 'java/lang/NoSuchMethodError'{0x000000008a8a5e70}: static Lcom/android/build/api/variant/impl/VariantOutputConfigurationImpl;.<clinit>()V> (0x000000008a8a5e70) 
thrown [s\src\hotspot\share\prims\jni.cpp, line 1108]
Event: 27.495 Thread 0x00000254fdfaa610 Exception <a 'sun/nio/fs/WindowsException'{0x000000008a7a1b58}> (0x000000008a7a1b58) 
thrown [s\src\hotspot\share\prims\jni.cpp, line 517]
Event: 27.496 Thread 0x00000254fdfaa610 Implicit null exception at 0x00000254e7441d17 to 0x00000254e7441e60
Event: 27.512 Thread 0x00000254fdfaa610 Exception <a 'java/lang/NoSuchMethodError'{0x000000008a6c4080}: 'int java.lang.invoke.DirectMethodHandle$Holder.invokeSpecial(java.lang.Object, java.lang.Object, java.lang.Object, java.lang.Object, java.lang.Object)'> (0x000000008a6c4080) 
thrown [s\src\hotspot\share\interpreter\linkResolver.cpp, line 771]
Event: 27.673 Thread 0x00000254fdfaa610 Exception <a 'sun/nio/fs/WindowsException'{0x00000000899867e0}> (0x00000000899867e0) 
thrown [s\src\hotspot\share\prims\jni.cpp, line 517]
Event: 28.498 Thread 0x00000254fdfaa610 Exception <a 'sun/nio/fs/WindowsException'{0x000000008b96df78}> (0x000000008b96df78) 
thrown [s\src\hotspot\share\prims\jni.cpp, line 517]
Event: 28.674 Thread 0x00000254fdfaa610 Exception <a 'sun/nio/fs/WindowsException'{0x000000008a3094a8}> (0x000000008a3094a8) 
thrown [s\src\hotspot\share\prims\jni.cpp, line 517]
Event: 30.310 Thread 0x00000254fdfaa140 Exception <a 'java/lang/NoSuchMethodError'{0x0000000089f0d878}: 'void java.lang.invoke.DirectMethodHandle$Holder.invokeStatic(java.lang.Object, long)'> (0x0000000089f0d878) 
thrown [s\src\hotspot\share\interpreter\linkResolver.cpp, line 771]
Event: 30.311 Thread 0x00000254fdfaa140 Exception <a 'java/lang/NoSuchMethodError'{0x0000000089f13130}: 'java.lang.Object java.lang.invoke.DirectMethodHandle$Holder.newInvokeSpecial(java.lang.Object, long)'> (0x0000000089f13130) 
thrown [s\src\hotspot\share\interpreter\linkResolver.cpp, line 771]
Event: 30.315 Thread 0x00000254fdfaa140 Exception <a 'java/lang/NoSuchMethodError'{0x0000000089f19df0}: 'java.lang.Object java.lang.invoke.DirectMethodHandle$Holder.invokeStatic(java.lang.Object, java.lang.Object, long, java.lang.Object)'> (0x0000000089f19df0) 
thrown [s\src\hotspot\share\interpreter\linkResolver.cpp, line 771]
Event: 30.315 Thread 0x00000254fdfaa140 Exception <a 'java/lang/NoSuchMethodError'{0x0000000089f1d870}: 'java.lang.Object java.lang.invoke.DirectMethodHandle$Holder.invokeStaticInit(java.lang.Object, java.lang.Object, long, java.lang.Object)'> (0x0000000089f1d870) 
thrown [s\src\hotspot\share\interpreter\linkResolver.cpp, line 771]
Event: 30.971 Thread 0x00000254fdfaa140 Exception <a 'java/lang/NoSuchMethodError'{0x0000000089d074f8}: 'int java.lang.invoke.DirectMethodHandle$Holder.invokeSpecialIFC(java.lang.Object, java.lang.Object, java.lang.Object)'> (0x0000000089d074f8) 
thrown [s\src\hotspot\share\interpreter\linkResolver.cpp, line 771]
Event: 33.706 Thread 0x00000254fdfaa140 Exception <a 'sun/nio/fs/WindowsException'{0x000000008b91bff8}> (0x000000008b91bff8) 
thrown [s\src\hotspot\share\prims\jni.cpp, line 517]
Event: 33.709 Thread 0x00000254fdfaa140 Exception <a 'sun/nio/fs/WindowsException'{0x000000008b931868}> (0x000000008b931868) 
thrown [s\src\hotspot\share\prims\jni.cpp, line 517]
Event: 33.709 Thread 0x00000254fdfaa140 Exception <a 'sun/nio/fs/WindowsException'{0x000000008b931c88}> (0x000000008b931c88) 
thrown [s\src\hotspot\share\prims\jni.cpp, line 517]
Event: 33.769 Thread 0x00000254fdfaa140 Implicit null exception at 0x00000254e72c2344 to 0x00000254e72c24b4
Event: 33.887 Thread 0x00000254fd427550 Exception <a 'java/lang/NoSuchMethodError'{0x000000008a9fe618}: static Ljava/lang/Object;.<clinit>()V> (0x000000008a9fe618) 
thrown [s\src\hotspot\share\prims\jni.cpp, line 1108]
Event: 33.973 Thread 0x00000254fd427550 Implicit null exception at 0x00000254e71de360 to 0x00000254e71de3e9
Event: 33.978 Thread 0x00000254fd427550 Implicit null exception at 0x00000254e74c3180 to 0x00000254e74c3418

VM Operations (20 events):
Event: 33.634 Executing VM operation: G1CollectForAllocation done
Event: 33.655 Executing VM operation: HandshakeAllThreads
Event: 33.655 Executing VM operation: HandshakeAllThreads done
Event: 33.655 Executing VM operation: HandshakeAllThreads
Event: 33.655 Executing VM operation: HandshakeAllThreads done
Event: 33.656 Executing VM operation: HandshakeAllThreads
Event: 33.656 Executing VM operation: HandshakeAllThreads done
Event: 33.700 Executing VM operation: HandshakeAllThreads
Event: 33.700 Executing VM operation: HandshakeAllThreads done
Event: 33.700 Executing VM operation: ICBufferFull
Event: 33.700 Executing VM operation: ICBufferFull done
Event: 33.854 Executing VM operation: HandshakeAllThreads
Event: 33.854 Executing VM operation: HandshakeAllThreads done
Event: 33.972 Executing VM operation: HandshakeAllThreads
Event: 33.972 Executing VM operation: HandshakeAllThreads done
Event: 34.011 Executing VM operation: ICBufferFull
Event: 34.011 Executing VM operation: ICBufferFull done
Event: 34.085 Executing VM operation: G1CollectForAllocation
Event: 34.100 Executing VM operation: G1CollectForAllocation done
Event: 34.388 Executing VM operation: G1CollectForAllocation

Events (20 events):
Event: 33.872 Thread 0x00000254f68a4150 flushing nmethod 0x00000254e07ac490
Event: 33.872 Thread 0x00000254f68a4150 flushing nmethod 0x00000254e07aeb90
Event: 33.872 Thread 0x00000254f68a4150 flushing nmethod 0x00000254e07af810
Event: 33.872 Thread 0x00000254f68a4150 flushing nmethod 0x00000254e07c7290
Event: 33.872 Thread 0x00000254f68a4150 flushing nmethod 0x00000254e0831290
Event: 33.872 Thread 0x00000254f68a4150 flushing nmethod 0x00000254e084b190
Event: 33.872 Thread 0x00000254f68a4150 flushing nmethod 0x00000254e085f790
Event: 33.872 Thread 0x00000254f68a4150 flushing nmethod 0x00000254e0860210
Event: 33.872 Thread 0x00000254f68a4150 flushing nmethod 0x00000254e0872210
Event: 33.872 Thread 0x00000254f68a4150 flushing nmethod 0x00000254e0873e90
Event: 33.872 Thread 0x00000254f68a4150 flushing nmethod 0x00000254e089ba10
Event: 33.873 Thread 0x00000254f68a4150 flushing nmethod 0x00000254e0907810
Event: 33.873 Thread 0x00000254f68a4150 flushing nmethod 0x00000254e0925f90
Event: 33.873 Thread 0x00000254f68a4150 flushing nmethod 0x00000254e0926d10
Event: 33.873 Thread 0x00000254f68a4150 flushing nmethod 0x00000254e0927b90
Event: 33.873 Thread 0x00000254f68a4150 flushing nmethod 0x00000254e094cf90
Event: 33.873 Thread 0x00000254f68a4150 flushing nmethod 0x00000254e0971a90
Event: 33.873 Thread 0x00000254f68a4150 flushing nmethod 0x00000254e0972510
Event: 33.873 Thread 0x00000254f68a4150 flushing nmethod 0x00000254e0a41a90
Event: 33.874 Thread 0x00000254f68a4150 flushing nmethod 0x00000254e0a91390


Dynamic libraries:
0x00007ff7d6710000 - 0x00007ff7d671a000 	C:\Program Files\Android\Android Studio\jbr\bin\java.exe
0x00007ffbd6d50000 - 0x00007ffbd6f64000 	C:\WINDOWS\SYSTEM32\ntdll.dll
0x00007ffbd5dc0000 - 0x00007ffbd5e84000 	C:\WINDOWS\System32\KERNEL32.DLL
0x00007ffbd43a0000 - 0x00007ffbd4744000 	C:\WINDOWS\System32\KERNELBASE.dll
0x00007ffbd4750000 - 0x00007ffbd4861000 	C:\WINDOWS\System32\ucrtbase.dll
0x00007ffbcb390000 - 0x00007ffbcb3ab000 	C:\Program Files\Android\Android Studio\jbr\bin\VCRUNTIME140.dll
0x00007ffbca320000 - 0x00007ffbca337000 	C:\Program Files\Android\Android Studio\jbr\bin\jli.dll
0x00007ffbd5480000 - 0x00007ffbd562a000 	C:\WINDOWS\System32\USER32.dll
0x00007ffbd4130000 - 0x00007ffbd4156000 	C:\WINDOWS\System32\win32u.dll
0x00007ffbd5630000 - 0x00007ffbd5659000 	C:\WINDOWS\System32\GDI32.dll
0x00007ffbd41e0000 - 0x00007ffbd42f9000 	C:\WINDOWS\System32\gdi32full.dll
0x00007ffbd4300000 - 0x00007ffbd439a000 	C:\WINDOWS\System32\msvcp_win.dll
0x00007ffbb8b80000 - 0x00007ffbb8e0f000 	C:\WINDOWS\WinSxS\amd64_microsoft.windows.common-controls_6595b64144ccf1df_6.0.22621.2070_none_2713e6537381f706\COMCTL32.dll
0x00007ffbd6c60000 - 0x00007ffbd6d07000 	C:\WINDOWS\System32\msvcrt.dll
0x00007ffbd5d80000 - 0x00007ffbd5db1000 	C:\WINDOWS\System32\IMM32.DLL
0x00007ffbcb2f0000 - 0x00007ffbcb2fc000 	C:\Program Files\Android\Android Studio\jbr\bin\vcruntime140_1.dll
0x00007ffba1970000 - 0x00007ffba19fd000 	C:\Program Files\Android\Android Studio\jbr\bin\msvcp140.dll
0x00007ffb5dcf0000 - 0x00007ffb5e95e000 	C:\Program Files\Android\Android Studio\jbr\bin\server\jvm.dll
0x00007ffbd5fa0000 - 0x00007ffbd6050000 	C:\WINDOWS\System32\ADVAPI32.dll
0x00007ffbd6050000 - 0x00007ffbd60f6000 	C:\WINDOWS\System32\sechost.dll
0x00007ffbd4fe0000 - 0x00007ffbd50f7000 	C:\WINDOWS\System32\RPCRT4.dll
0x00007ffbc98c0000 - 0x00007ffbc98f4000 	C:\WINDOWS\SYSTEM32\WINMM.dll
0x00007ffbc9410000 - 0x00007ffbc941a000 	C:\WINDOWS\SYSTEM32\VERSION.dll
0x00007ffbcb310000 - 0x00007ffbcb319000 	C:\WINDOWS\SYSTEM32\WSOCK32.dll
0x00007ffbd6360000 - 0x00007ffbd63d1000 	C:\WINDOWS\System32\WS2_32.dll
0x00007ffbd3210000 - 0x00007ffbd3228000 	C:\WINDOWS\SYSTEM32\kernel.appcore.dll
0x00007ffbcacf0000 - 0x00007ffbcacfa000 	C:\Program Files\Android\Android Studio\jbr\bin\jimage.dll
0x00007ffbd1b20000 - 0x00007ffbd1d4e000 	C:\WINDOWS\SYSTEM32\DBGHELP.DLL
0x00007ffbd4bc0000 - 0x00007ffbd4f4a000 	C:\WINDOWS\System32\combase.dll
0x00007ffbd5320000 - 0x00007ffbd53f7000 	C:\WINDOWS\System32\OLEAUT32.dll
0x00007ffbb7660000 - 0x00007ffbb7692000 	C:\WINDOWS\SYSTEM32\dbgcore.DLL
0x00007ffbd4160000 - 0x00007ffbd41da000 	C:\WINDOWS\System32\bcryptPrimitives.dll
0x00007ffbca460000 - 0x00007ffbca485000 	C:\Program Files\Android\Android Studio\jbr\bin\java.dll
0x00007ffbcaa90000 - 0x00007ffbcaaa8000 	C:\Program Files\Android\Android Studio\jbr\bin\zip.dll
0x00007ffbd63f0000 - 0x00007ffbd6c06000 	C:\WINDOWS\System32\SHELL32.dll
0x00007ffbd2110000 - 0x00007ffbd29fa000 	C:\WINDOWS\SYSTEM32\windows.storage.dll
0x00007ffbd1fd0000 - 0x00007ffbd210e000 	C:\WINDOWS\SYSTEM32\wintypes.dll
0x00007ffbd5660000 - 0x00007ffbd5753000 	C:\WINDOWS\System32\SHCORE.dll
0x00007ffbd5100000 - 0x00007ffbd515e000 	C:\WINDOWS\System32\shlwapi.dll
0x00007ffbd4060000 - 0x00007ffbd4086000 	C:\WINDOWS\SYSTEM32\profapi.dll
0x00007ffbca8e0000 - 0x00007ffbca8f9000 	C:\Program Files\Android\Android Studio\jbr\bin\net.dll
0x00007ffbcd440000 - 0x00007ffbcd577000 	C:\WINDOWS\SYSTEM32\WINHTTP.dll
0x00007ffbd36e0000 - 0x00007ffbd3749000 	C:\WINDOWS\system32\mswsock.dll
0x00007ffbca660000 - 0x00007ffbca676000 	C:\Program Files\Android\Android Studio\jbr\bin\nio.dll
0x00007ffbcaa70000 - 0x00007ffbcaa80000 	C:\Program Files\Android\Android Studio\jbr\bin\verify.dll
0x00007ffbbb870000 - 0x00007ffbbb897000 	C:\Users\varda maghoo\.gradle\native\68d5fa5c4cc2d200863cafc0d521ce42e7d3e7ee720ec0a83991735586a16f82\windows-amd64\native-platform.dll
0x00007ffb93c50000 - 0x00007ffb93d94000 	C:\Users\varda maghoo\.gradle\native\e376f236ea51e6404a007f0833ffe2c6e607c4080706a723a18a27aeea778392\windows-amd64\native-platform-file-events.dll
0x00007ffbcaa50000 - 0x00007ffbcaa59000 	C:\Program Files\Android\Android Studio\jbr\bin\management.dll
0x00007ffbca380000 - 0x00007ffbca38b000 	C:\Program Files\Android\Android Studio\jbr\bin\management_ext.dll
0x00007ffbd63e0000 - 0x00007ffbd63e8000 	C:\WINDOWS\System32\PSAPI.DLL
0x00007ffbd3940000 - 0x00007ffbd395b000 	C:\WINDOWS\SYSTEM32\CRYPTSP.dll
0x00007ffbd31d0000 - 0x00007ffbd3205000 	C:\WINDOWS\system32\rsaenh.dll
0x00007ffbd37d0000 - 0x00007ffbd37fc000 	C:\WINDOWS\SYSTEM32\USERENV.dll
0x00007ffbd3ad0000 - 0x00007ffbd3af8000 	C:\WINDOWS\SYSTEM32\bcrypt.dll
0x00007ffbd3930000 - 0x00007ffbd393c000 	C:\WINDOWS\SYSTEM32\CRYPTBASE.dll
0x00007ffbd2cd0000 - 0x00007ffbd2cfd000 	C:\WINDOWS\SYSTEM32\IPHLPAPI.DLL
0x00007ffbd6100000 - 0x00007ffbd6109000 	C:\WINDOWS\System32\NSI.dll
0x00007ffbc9420000 - 0x00007ffbc9439000 	C:\WINDOWS\SYSTEM32\dhcpcsvc6.DLL
0x00007ffbc8ef0000 - 0x00007ffbc8f0f000 	C:\WINDOWS\SYSTEM32\dhcpcsvc.DLL
0x00007ffbd2d00000 - 0x00007ffbd2df3000 	C:\WINDOWS\SYSTEM32\DNSAPI.dll
0x00007ffbcaa80000 - 0x00007ffbcaa88000 	C:\WINDOWS\system32\wshunix.dll

dbghelp: loaded successfully - version: 4.0.5 - missing functions: none
symbol engine: initialized successfully - sym options: 0x614 - pdb path: .;C:\Program Files\Android\Android Studio\jbr\bin;C:\WINDOWS\SYSTEM32;C:\WINDOWS\WinSxS\amd64_microsoft.windows.common-controls_6595b64144ccf1df_6.0.22621.2070_none_2713e6537381f706;C:\Program Files\Android\Android Studio\jbr\bin\server;C:\Users\varda maghoo\.gradle\native\68d5fa5c4cc2d200863cafc0d521ce42e7d3e7ee720ec0a83991735586a16f82\windows-amd64;C:\Users\varda maghoo\.gradle\native\e376f236ea51e6404a007f0833ffe2c6e607c4080706a723a18a27aeea778392\windows-amd64

VM Arguments:
jvm_args: --add-opens=java.base/java.util=ALL-UNNAMED --add-opens=java.base/java.lang=ALL-UNNAMED --add-opens=java.base/java.lang.invoke=ALL-UNNAMED --add-opens=java.prefs/java.util.prefs=ALL-UNNAMED --add-opens=java.base/java.nio.charset=ALL-UNNAMED --add-opens=java.base/java.net=ALL-UNNAMED --add-opens=java.base/java.util.concurrent.atomic=ALL-UNNAMED -Xmx2048m -Dfile.encoding=UTF-8 -Duser.country=GB -Duser.language=en -Duser.variant 
java_command: org.gradle.launcher.daemon.bootstrap.GradleDaemon 8.0
java_class_path (initial): C:\Users\varda maghoo\.gradle\wrapper\dists\gradle-8.0-bin\ca5e32bp14vu59qr306oxotwh\gradle-8.0\lib\gradle-launcher-8.0.jar
Launcher Type: SUN_STANDARD

[Global flags]
     intx CICompilerCount                          = 4                                         {product} {ergonomic}
     uint ConcGCThreads                            = 2                                         {product} {ergonomic}
     uint G1ConcRefinementThreads                  = 8                                         {product} {ergonomic}
   size_t G1HeapRegionSize                         = 1048576                                   {product} {ergonomic}
    uintx GCDrainStackTargetSize                   = 64                                        {product} {ergonomic}
   size_t InitialHeapSize                          = 132120576                                 {product} {ergonomic}
   size_t MarkStackSize                            = 4194304                                   {product} {ergonomic}
   size_t MaxHeapSize                              = 2147483648                                {product} {command line}
   size_t MaxNewSize                               = 1287651328                                {product} {ergonomic}
   size_t MinHeapDeltaBytes                        = 1048576                                   {product} {ergonomic}
   size_t MinHeapSize                              = 8388608                                   {product} {ergonomic}
    uintx NonNMethodCodeHeapSize                   = 5839372                                {pd product} {ergonomic}
    uintx NonProfiledCodeHeapSize                  = 122909434                              {pd product} {ergonomic}
    uintx ProfiledCodeHeapSize                     = 122909434                              {pd product} {ergonomic}
    uintx ReservedCodeCacheSize                    = 251658240                              {pd product} {ergonomic}
     bool SegmentedCodeCache                       = true                                      {product} {ergonomic}
   size_t SoftMaxHeapSize                          = 2147483648                             {manageable} {ergonomic}
     bool UseCompressedClassPointers               = true                           {product lp64_product} {ergonomic}
     bool UseCompressedOops                        = true                           {product lp64_product} {ergonomic}
     bool UseG1GC                                  = true                                      {product} {ergonomic}
     bool UseLargePagesIndividualAllocation        = false                                  {pd product} {ergonomic}

Logging:
Log output configuration:
 #0: stdout all=warning uptime,level,tags
 #1: stderr all=off uptime,level,tags

Environment Variables:
JAVA_HOME=C:\Java\jdk-20
PATH=C:\Program Files\Common Files\Oracle\Java\javapath;C:\WINDOWS\system32;C:\WINDOWS;C:\WINDOWS\System32\Wbem;C:\WINDOWS\System32\WindowsPowerShell\v1.0\;C:\WINDOWS\System32\OpenSSH\;C:\Program Files\Git\cmd;C:\Users\varda maghoo\AppData\Local\Programs\Python\Python310;C:\Users\varda maghoo\AppData\Local\Programs\Python\Python310\Scripts;%SPARK_HOME%\bin;%HADOOP_HOME%\bin;D:\NodeJS\;C:\Users\varda maghoo\AppData\Local\Microsoft\WindowsApps;D:\Microsoft VS Code\bin;C:\spark\spark-3.4.1-bin-hadoop3\bin;C:\Hadoop\bin;C:\Java\jdk-20\bin;C:\Users\varda maghoo\AppData\Roaming\npm
USERNAME=varda maghoo
OS=Windows_NT
PROCESSOR_IDENTIFIER=Intel64 Family 6 Model 142 Stepping 12, GenuineIntel
TMP=C:\Users\VARDAM~1\AppData\Local\Temp
TEMP=C:\Users\VARDAM~1\AppData\Local\Temp


JNI global refs:
JNI global refs: 26, weak refs: 26

JNI global refs memory usage: 843, weak refs: 841


---------------  S Y S T E M  ---------------

OS:
 Windows 11 , 64 bit Build 22621 (10.0.22621.2070)
OS uptime: 1 days 22:29 hours

CPU: total 8 (initial active 8) (4 cores per cpu, 2 threads per core) family 6 model 142 stepping 12 microcode 0xde, cx8, cmov, fxsr, ht, mmx, 3dnowpref, sse, sse2, sse3, ssse3, sse4.1, sse4.2, popcnt, lzcnt, tsc, tscinvbit, avx, avx2, aes, erms, clmul, bmi1, bmi2, adx, fma, vzeroupper, clflush, clflushopt

Memory: 4k page, system-wide physical 8025M (245M free)
TotalPageFile size 21145M (AvailPageFile size 110M)
current process WorkingSet (physical memory assigned to process): 315M, peak: 351M
current process commit charge ("private bytes"): 473M, peak: 858M

vm_info: OpenJDK 64-Bit Server VM (17.0.6+0-b2043.56-10027231) for windows-amd64 JRE (17.0.6+0-b2043.56-10027231), built on Apr 28 2023 00:43:19 by "androidbuild" with MS VC++ 16.10 / 16.11 (VS2019)

END.
