#
# There is insufficient memory for the Java Runtime Environment to continue.
# Native memory allocation (mmap) failed to map 245366784 bytes for G1 virtual space
# Possible reasons:
#   The system is out of physical RAM or swap space
#   The process is running with CompressedOops enabled, and the Java Heap may be blocking the growth of the native heap
# Possible solutions:
#   Reduce memory load on the system
#   Increase physical memory or swap space
#   Check if swap backing store is full
#   Decrease Java heap size (-Xmx/-Xms)
#   Decrease number of Java threads
#   Decrease Java thread stack sizes (-Xss)
#   Set larger code cache with -XX:ReservedCodeCacheSize=
#   JVM is running with Unscaled Compressed Oops mode in which the Java heap is
#     placed in the first 4GB address space. The Java Heap base address is the
#     maximum limit for the native heap growth. Please use -XX:HeapBaseMinAddress
#     to set the Java Heap base and to place the Java Heap above 4GB virtual address.
# This output file may be truncated or incomplete.
#
#  Out of Memory Error (os_windows.cpp:3769), pid=20264, tid=4200
#
# JRE version: OpenJDK Runtime Environment (17.0.6) (build 17.0.6+0-b2043.56-10027231)
# Java VM: OpenJDK 64-Bit Server VM (17.0.6+0-b2043.56-10027231, mixed mode, tiered, compressed oops, compressed class ptrs, g1 gc, windows-amd64)
# No core dump will be written. Minidumps are not enabled by default on client versions of Windows
#

---------------  S U M M A R Y ------------

Command Line: --add-opens=java.base/java.util=ALL-UNNAMED --add-opens=java.base/java.lang=ALL-UNNAMED --add-opens=java.base/java.lang.invoke=ALL-UNNAMED --add-opens=java.prefs/java.util.prefs=ALL-UNNAMED --add-opens=java.base/java.nio.charset=ALL-UNNAMED --add-opens=java.base/java.net=ALL-UNNAMED --add-opens=java.base/java.util.concurrent.atomic=ALL-UNNAMED -Xmx2048m -Dfile.encoding=UTF-8 -Duser.country=GB -Duser.language=en -Duser.variant org.gradle.launcher.daemon.bootstrap.GradleDaemon 8.0

Host: Intel(R) Core(TM) i5-10210U CPU @ 1.60GHz, 8 cores, 7G,  Windows 11 , 64 bit Build 22621 (10.0.22621.2070)
Time: Thu Aug 31 22:45:07 2023 Mauritius Standard Time elapsed time: 22.202454 seconds (0d 0h 0m 22s)

---------------  T H R E A D  ---------------

Current thread (0x000002dcca925320):  VMThread "VM Thread" [stack: 0x000000ecd3000000,0x000000ecd3100000] [id=4200]

Stack: [0x000000ecd3000000,0x000000ecd3100000]
Native frames: (J=compiled Java code, j=interpreted, Vv=VM code, C=native code)
V  [jvm.dll+0x683c9a]
V  [jvm.dll+0x8427a4]
V  [jvm.dll+0x843f9e]
V  [jvm.dll+0x844603]
V  [jvm.dll+0x249b75]
V  [jvm.dll+0x680b69]
V  [jvm.dll+0x67505a]
V  [jvm.dll+0x309acb]
V  [jvm.dll+0x310f86]
V  [jvm.dll+0x3608ee]
V  [jvm.dll+0x360b1f]
V  [jvm.dll+0x2dfbf8]
V  [jvm.dll+0x2ddec4]
V  [jvm.dll+0x2dd4cc]
V  [jvm.dll+0x321f3b]
V  [jvm.dll+0x848ccb]
V  [jvm.dll+0x849a04]
V  [jvm.dll+0x849f1d]
V  [jvm.dll+0x84a2f4]
V  [jvm.dll+0x84a3c0]
V  [jvm.dll+0x7f274a]
V  [jvm.dll+0x682ad5]
C  [ucrtbase.dll+0x29363]
C  [KERNEL32.DLL+0x126ad]
C  [ntdll.dll+0x5aa68]

VM_Operation (0x000000ecdb9fb6e0): G1CollectForAllocation, mode: safepoint, requested by thread 0x000002dcd255dcc0


---------------  P R O C E S S  ---------------

Threads class SMR info:
_java_thread_list=0x000002dcd2f73f10, length=134, elements={
0x000002dcb0aa7ff0, 0x000002dcca90d5e0, 0x000002dcca90e190, 0x000002dccb4344d0,
0x000002dccb435080, 0x000002dccb435b30, 0x000002dccb4374f0, 0x000002dccb43b6d0,
0x000002dccb43c0c0, 0x000002dccb43cab0, 0x000002dccb5d4020, 0x000002dccb5d44f0,
0x000002dccc0a5760, 0x000002dcccbf4030, 0x000002dccca6ab70, 0x000002dccd893610,
0x000002dccbee51e0, 0x000002dccb677ce0, 0x000002dccb674cc0, 0x000002dccb6769a0,
0x000002dccb6764d0, 0x000002dccb674320, 0x000002dccb675660, 0x000002dccb676e70,
0x000002dccb6747f0, 0x000002dccb675190, 0x000002dccb675b30, 0x000002dccb676000,
0x000002dccb677340, 0x000002dccb677810, 0x000002dccde75580, 0x000002dccde71220,
0x000002dccde71bc0, 0x000002dccde75a50, 0x000002dccde75f20, 0x000002dccde72090,
0x000002dccde750b0, 0x000002dccde74710, 0x000002dccde72f00, 0x000002dccde703b0,
0x000002dccde72560, 0x000002dccde70880, 0x000002dccde73d70, 0x000002dccde733d0,
0x000002dccde768c0, 0x000002dccde74240, 0x000002dccde74be0, 0x000002dccde6f070,
0x000002dccde6f540, 0x000002dccde6fa10, 0x000002dccde6fee0, 0x000002dccff4a5b0,
0x000002dccff49270, 0x000002dccff4aa80, 0x000002dccff4e440, 0x000002dccff49740,
0x000002dccff4af50, 0x000002dccff49c10, 0x000002dccff4f780, 0x000002dccff4a0e0,
0x000002dccff4ede0, 0x000002dccff488d0, 0x000002dccff4b420, 0x000002dccff4bdc0,
0x000002dccff4c760, 0x000002dccff4b8f0, 0x000002dccff4c290, 0x000002dccff4e910,
0x000002dccff4f2b0, 0x000002dccff47f30, 0x000002dccff4cc30, 0x000002dccff48400,
0x000002dccff4d100, 0x000002dccff4daa0, 0x000002dccff4d5d0, 0x000002dccff4df70,
0x000002dccff48da0, 0x000002dcd00436f0, 0x000002dcd0044a30, 0x000002dcd0040ba0,
0x000002dcd0044f00, 0x000002dcd003e050, 0x000002dcd0041540, 0x000002dcd0044090,
0x000002dcd0044560, 0x000002dcd0041a10, 0x000002dcd0042d50, 0x000002dcd003eec0,
0x000002dcd00453d0, 0x000002dcd003db80, 0x000002dcd0043bc0, 0x000002dcd0041070,
0x000002dcd0041ee0, 0x000002dcd003f390, 0x000002dcd003e9f0, 0x000002dcd00423b0,
0x000002dcd0042880, 0x000002dcd0043220, 0x000002dcd003e520, 0x000002dcd003f860,
0x000002dcd003fd30, 0x000002dcd0040200, 0x000002dcd00406d0, 0x000002dccfd88330,
0x000002dccfd874c0, 0x000002dccfd8dea0, 0x000002dccfd891a0, 0x000002dccfd88cd0,
0x000002dccfd87990, 0x000002dccfd8bcf0, 0x000002dccfd8b350, 0x000002dccfd89670,
0x000002dccfd89b40, 0x000002dccfd87e60, 0x000002dccfd8a4e0, 0x000002dccfd88800,
0x000002dccfd8b820, 0x000002dccfd8a010, 0x000002dccfd8a9b0, 0x000002dccfd8d9d0,
0x000002dccfd8ae80, 0x000002dccfd8c1c0, 0x000002dccfd8c690, 0x000002dccfd8cb60,
0x000002dccfd8d500, 0x000002dcd255ce50, 0x000002dcd2560340, 0x000002dcd255d7f0,
0x000002dcd255dcc0, 0x000002dcd255c4b0, 0x000002dcd25611b0, 0x000002dcd2563d00,
0x000002dcd255e190, 0x000002dcd255e660
}

Java Threads: ( => current thread )
  0x000002dcb0aa7ff0 JavaThread "main" [_thread_blocked, id=8576, stack(0x000000ecd2a00000,0x000000ecd2b00000)]
  0x000002dcca90d5e0 JavaThread "Reference Handler" daemon [_thread_blocked, id=13000, stack(0x000000ecd3100000,0x000000ecd3200000)]
  0x000002dcca90e190 JavaThread "Finalizer" daemon [_thread_blocked, id=12640, stack(0x000000ecd3200000,0x000000ecd3300000)]
  0x000002dccb4344d0 JavaThread "Signal Dispatcher" daemon [_thread_blocked, id=12088, stack(0x000000ecd3300000,0x000000ecd3400000)]
  0x000002dccb435080 JavaThread "Attach Listener" daemon [_thread_blocked, id=5840, stack(0x000000ecd3400000,0x000000ecd3500000)]
  0x000002dccb435b30 JavaThread "Service Thread" daemon [_thread_blocked, id=1008, stack(0x000000ecd3500000,0x000000ecd3600000)]
  0x000002dccb4374f0 JavaThread "Monitor Deflation Thread" daemon [_thread_blocked, id=10356, stack(0x000000ecd3600000,0x000000ecd3700000)]
  0x000002dccb43b6d0 JavaThread "C2 CompilerThread0" daemon [_thread_blocked, id=12956, stack(0x000000ecd3700000,0x000000ecd3800000)]
  0x000002dccb43c0c0 JavaThread "C1 CompilerThread0" daemon [_thread_blocked, id=12960, stack(0x000000ecd3800000,0x000000ecd3900000)]
  0x000002dccb43cab0 JavaThread "Sweeper thread" daemon [_thread_blocked, id=11076, stack(0x000000ecd3900000,0x000000ecd3a00000)]
  0x000002dccb5d4020 JavaThread "Common-Cleaner" daemon [_thread_blocked, id=10880, stack(0x000000ecd3a00000,0x000000ecd3b00000)]
  0x000002dccb5d44f0 JavaThread "Notification Thread" daemon [_thread_blocked, id=6972, stack(0x000000ecd3b00000,0x000000ecd3c00000)]
  0x000002dccc0a5760 JavaThread "Daemon health stats" [_thread_blocked, id=3684, stack(0x000000ecd4100000,0x000000ecd4200000)]
  0x000002dcccbf4030 JavaThread "Incoming local TCP Connector on port 63671" [_thread_in_native, id=3584, stack(0x000000ecd4200000,0x000000ecd4300000)]
  0x000002dccca6ab70 JavaThread "Daemon periodic checks" [_thread_blocked, id=4488, stack(0x000000ecd4300000,0x000000ecd4400000)]
  0x000002dccd893610 JavaThread "Daemon" [_thread_blocked, id=3172, stack(0x000000ecd4400000,0x000000ecd4500000)]
  0x000002dccbee51e0 JavaThread "Handler for socket connection from /127.0.0.1:63671 to /127.0.0.1:63672" [_thread_in_native, id=12768, stack(0x000000ecd4500000,0x000000ecd4600000)]
  0x000002dccb677ce0 JavaThread "Cancel handler" [_thread_blocked, id=10876, stack(0x000000ecd4600000,0x000000ecd4700000)]
  0x000002dccb674cc0 JavaThread "Daemon worker" [_thread_blocked, id=8316, stack(0x000000ecd4700000,0x000000ecd4800000)]
  0x000002dccb6769a0 JavaThread "Asynchronous log dispatcher for DefaultDaemonConnection: socket connection from /127.0.0.1:63671 to /127.0.0.1:63672" [_thread_blocked, id=13744, stack(0x000000ecd4800000,0x000000ecd4900000)]
  0x000002dccb6764d0 JavaThread "Stdin handler" [_thread_blocked, id=10408, stack(0x000000ecd4900000,0x000000ecd4a00000)]
  0x000002dccb674320 JavaThread "Daemon client event forwarder" [_thread_blocked, id=19284, stack(0x000000ecd4a00000,0x000000ecd4b00000)]
  0x000002dccb675660 JavaThread "Cache worker for journal cache (C:\Users\varda maghoo\.gradle\caches\journal-1)" [_thread_blocked, id=1752, stack(0x000000ecd4f00000,0x000000ecd5000000)]
  0x000002dccb676e70 JavaThread "File lock request listener" [_thread_in_native, id=13732, stack(0x000000ecd5000000,0x000000ecd5100000)]
  0x000002dccb6747f0 JavaThread "Cache worker for file hash cache (C:\Users\varda maghoo\.gradle\caches\8.0\fileHashes)" [_thread_blocked, id=13152, stack(0x000000ecd5100000,0x000000ecd5200000)]
  0x000002dccb675190 JavaThread "File watcher server" daemon [_thread_blocked, id=3476, stack(0x000000ecd5200000,0x000000ecd5300000)]
  0x000002dccb675b30 JavaThread "File watcher consumer" daemon [_thread_blocked, id=8692, stack(0x000000ecd5300000,0x000000ecd5400000)]
  0x000002dccb676000 JavaThread "Cache worker for checksums cache (C:\Users\varda maghoo\AS projects\Firebase\.gradle\8.0\checksums)" [_thread_blocked, id=18120, stack(0x000000ecd5400000,0x000000ecd5500000)]
  0x000002dccb677340 JavaThread "Cache worker for cache directory md-rule (C:\Users\varda maghoo\.gradle\caches\8.0\md-rule)" [_thread_blocked, id=17824, stack(0x000000ecd5500000,0x000000ecd5600000)]
  0x000002dccb677810 JavaThread "Cache worker for file content cache (C:\Users\varda maghoo\.gradle\caches\8.0\fileContent)" [_thread_blocked, id=13604, stack(0x000000ecd5600000,0x000000ecd5700000)]
  0x000002dccde75580 JavaThread "Cache worker for file hash cache (C:\Users\varda maghoo\AS projects\Firebase\.gradle\8.0\fileHashes)" [_thread_blocked, id=6148, stack(0x000000ecd5700000,0x000000ecd5800000)]
  0x000002dccde71220 JavaThread "Cache worker for cache directory md-supplier (C:\Users\varda maghoo\.gradle\caches\8.0\md-supplier)" [_thread_blocked, id=12096, stack(0x000000ecd5800000,0x000000ecd5900000)]
  0x000002dccde71bc0 JavaThread "Cache worker for execution history cache (C:\Users\varda maghoo\.gradle\caches\8.0\executionHistory)" [_thread_blocked, id=15500, stack(0x000000ecd5900000,0x000000ecd5a00000)]
  0x000002dccde75a50 JavaThread "jar transforms" [_thread_blocked, id=6880, stack(0x000000ecd5a00000,0x000000ecd5b00000)]
  0x000002dccde75f20 JavaThread "jar transforms Thread 2" [_thread_blocked, id=19992, stack(0x000000ecd5b00000,0x000000ecd5c00000)]
  0x000002dccde72090 JavaThread "jar transforms Thread 3" [_thread_blocked, id=18840, stack(0x000000ecd5c00000,0x000000ecd5d00000)]
  0x000002dccde750b0 JavaThread "jar transforms Thread 4" [_thread_blocked, id=11096, stack(0x000000ecd5d00000,0x000000ecd5e00000)]
  0x000002dccde74710 JavaThread "Cache worker for dependencies-accessors (C:\Users\varda maghoo\AS projects\Firebase\.gradle\8.0\dependencies-accessors)" [_thread_blocked, id=6052, stack(0x000000ecd5e00000,0x000000ecd5f00000)]
  0x000002dccde72f00 JavaThread "jar transforms Thread 5" [_thread_blocked, id=17724, stack(0x000000ecd5f00000,0x000000ecd6000000)]
  0x000002dccde703b0 JavaThread "Cache worker for Build Output Cleanup Cache (C:\Users\varda maghoo\AS projects\Firebase\.gradle\buildOutputCleanup)" [_thread_blocked, id=14936, stack(0x000000ecd6000000,0x000000ecd6100000)]
  0x000002dccde72560 JavaThread "Unconstrained build operations" [_thread_blocked, id=1052, stack(0x000000ecd6100000,0x000000ecd6200000)]
  0x000002dccde70880 JavaThread "Unconstrained build operations Thread 2" [_thread_blocked, id=12912, stack(0x000000ecd6200000,0x000000ecd6300000)]
  0x000002dccde73d70 JavaThread "Unconstrained build operations Thread 3" [_thread_blocked, id=13332, stack(0x000000ecd6300000,0x000000ecd6400000)]
  0x000002dccde733d0 JavaThread "Unconstrained build operations Thread 4" [_thread_blocked, id=7236, stack(0x000000ecd6400000,0x000000ecd6500000)]
  0x000002dccde768c0 JavaThread "Unconstrained build operations Thread 5" [_thread_blocked, id=17000, stack(0x000000ecd6500000,0x000000ecd6600000)]
  0x000002dccde74240 JavaThread "Unconstrained build operations Thread 6" [_thread_blocked, id=12540, stack(0x000000ecd6600000,0x000000ecd6700000)]
  0x000002dccde74be0 JavaThread "Unconstrained build operations Thread 7" [_thread_blocked, id=2868, stack(0x000000ecd6700000,0x000000ecd6800000)]
  0x000002dccde6f070 JavaThread "Unconstrained build operations Thread 8" [_thread_blocked, id=2636, stack(0x000000ecd6800000,0x000000ecd6900000)]
  0x000002dccde6f540 JavaThread "Unconstrained build operations Thread 9" [_thread_blocked, id=2760, stack(0x000000ecd6900000,0x000000ecd6a00000)]
  0x000002dccde6fa10 JavaThread "Unconstrained build operations Thread 10" [_thread_blocked, id=2284, stack(0x000000ecd6a00000,0x000000ecd6b00000)]
  0x000002dccde6fee0 JavaThread "Unconstrained build operations Thread 11" [_thread_blocked, id=1892, stack(0x000000ecd6b00000,0x000000ecd6c00000)]
  0x000002dccff4a5b0 JavaThread "Unconstrained build operations Thread 12" [_thread_blocked, id=14588, stack(0x000000ecd6c00000,0x000000ecd6d00000)]
  0x000002dccff49270 JavaThread "Unconstrained build operations Thread 13" [_thread_blocked, id=20232, stack(0x000000ecd6d00000,0x000000ecd6e00000)]
  0x000002dccff4aa80 JavaThread "Unconstrained build operations Thread 14" [_thread_blocked, id=15336, stack(0x000000ecd6e00000,0x000000ecd6f00000)]
  0x000002dccff4e440 JavaThread "Unconstrained build operations Thread 15" [_thread_blocked, id=16684, stack(0x000000ecd6f00000,0x000000ecd7000000)]
  0x000002dccff49740 JavaThread "Unconstrained build operations Thread 16" [_thread_blocked, id=7316, stack(0x000000ecd7000000,0x000000ecd7100000)]
  0x000002dccff4af50 JavaThread "Unconstrained build operations Thread 17" [_thread_blocked, id=15492, stack(0x000000ecd7100000,0x000000ecd7200000)]
  0x000002dccff49c10 JavaThread "Unconstrained build operations Thread 18" [_thread_blocked, id=16640, stack(0x000000ecd7200000,0x000000ecd7300000)]
  0x000002dccff4f780 JavaThread "Unconstrained build operations Thread 19" [_thread_blocked, id=15976, stack(0x000000ecd7300000,0x000000ecd7400000)]
  0x000002dccff4a0e0 JavaThread "Unconstrained build operations Thread 20" [_thread_blocked, id=5264, stack(0x000000ecd7400000,0x000000ecd7500000)]
  0x000002dccff4ede0 JavaThread "Unconstrained build operations Thread 21" [_thread_blocked, id=19936, stack(0x000000ecd7500000,0x000000ecd7600000)]
  0x000002dccff488d0 JavaThread "Unconstrained build operations Thread 22" [_thread_blocked, id=11860, stack(0x000000ecd7600000,0x000000ecd7700000)]
  0x000002dccff4b420 JavaThread "Unconstrained build operations Thread 23" [_thread_blocked, id=20112, stack(0x000000ecd7700000,0x000000ecd7800000)]
  0x000002dccff4bdc0 JavaThread "Unconstrained build operations Thread 24" [_thread_blocked, id=20448, stack(0x000000ecd7800000,0x000000ecd7900000)]
  0x000002dccff4c760 JavaThread "Unconstrained build operations Thread 25" [_thread_blocked, id=316, stack(0x000000ecd7900000,0x000000ecd7a00000)]
  0x000002dccff4b8f0 JavaThread "Unconstrained build operations Thread 26" [_thread_blocked, id=8516, stack(0x000000ecd7a00000,0x000000ecd7b00000)]
  0x000002dccff4c290 JavaThread "Unconstrained build operations Thread 27" [_thread_blocked, id=13092, stack(0x000000ecd7b00000,0x000000ecd7c00000)]
  0x000002dccff4e910 JavaThread "Unconstrained build operations Thread 28" [_thread_blocked, id=19376, stack(0x000000ecd7c00000,0x000000ecd7d00000)]
  0x000002dccff4f2b0 JavaThread "Unconstrained build operations Thread 29" [_thread_blocked, id=16056, stack(0x000000ecd7d00000,0x000000ecd7e00000)]
  0x000002dccff47f30 JavaThread "Unconstrained build operations Thread 30" [_thread_blocked, id=18360, stack(0x000000ecd7e00000,0x000000ecd7f00000)]
  0x000002dccff4cc30 JavaThread "Unconstrained build operations Thread 31" [_thread_blocked, id=10492, stack(0x000000ecd7f00000,0x000000ecd8000000)]
  0x000002dccff48400 JavaThread "Unconstrained build operations Thread 32" [_thread_blocked, id=20096, stack(0x000000ecd8000000,0x000000ecd8100000)]
  0x000002dccff4d100 JavaThread "Unconstrained build operations Thread 33" [_thread_blocked, id=3392, stack(0x000000ecd8100000,0x000000ecd8200000)]
  0x000002dccff4daa0 JavaThread "Unconstrained build operations Thread 34" [_thread_blocked, id=3284, stack(0x000000ecd8200000,0x000000ecd8300000)]
  0x000002dccff4d5d0 JavaThread "Unconstrained build operations Thread 35" [_thread_blocked, id=16080, stack(0x000000ecd8300000,0x000000ecd8400000)]
  0x000002dccff4df70 JavaThread "Unconstrained build operations Thread 36" [_thread_blocked, id=15876, stack(0x000000ecd8400000,0x000000ecd8500000)]
  0x000002dccff48da0 JavaThread "Unconstrained build operations Thread 37" [_thread_blocked, id=9916, stack(0x000000ecd8500000,0x000000ecd8600000)]
  0x000002dcd00436f0 JavaThread "Unconstrained build operations Thread 38" [_thread_blocked, id=15680, stack(0x000000ecd8600000,0x000000ecd8700000)]
  0x000002dcd0044a30 JavaThread "Unconstrained build operations Thread 39" [_thread_blocked, id=18844, stack(0x000000ecd8700000,0x000000ecd8800000)]
  0x000002dcd0040ba0 JavaThread "Unconstrained build operations Thread 40" [_thread_blocked, id=10344, stack(0x000000ecd8800000,0x000000ecd8900000)]
  0x000002dcd0044f00 JavaThread "Unconstrained build operations Thread 41" [_thread_blocked, id=14784, stack(0x000000ecd8900000,0x000000ecd8a00000)]
  0x000002dcd003e050 JavaThread "Unconstrained build operations Thread 42" [_thread_blocked, id=15404, stack(0x000000ecd8a00000,0x000000ecd8b00000)]
  0x000002dcd0041540 JavaThread "Unconstrained build operations Thread 43" [_thread_blocked, id=14252, stack(0x000000ecd8b00000,0x000000ecd8c00000)]
  0x000002dcd0044090 JavaThread "Unconstrained build operations Thread 44" [_thread_blocked, id=9904, stack(0x000000ecd8c00000,0x000000ecd8d00000)]
  0x000002dcd0044560 JavaThread "Unconstrained build operations Thread 45" [_thread_blocked, id=10268, stack(0x000000ecd8d00000,0x000000ecd8e00000)]
  0x000002dcd0041a10 JavaThread "Unconstrained build operations Thread 46" [_thread_blocked, id=11524, stack(0x000000ecd8e00000,0x000000ecd8f00000)]
  0x000002dcd0042d50 JavaThread "Unconstrained build operations Thread 47" [_thread_blocked, id=14992, stack(0x000000ecd8f00000,0x000000ecd9000000)]
  0x000002dcd003eec0 JavaThread "Unconstrained build operations Thread 48" [_thread_blocked, id=13328, stack(0x000000ecd9000000,0x000000ecd9100000)]
  0x000002dcd00453d0 JavaThread "Unconstrained build operations Thread 49" [_thread_blocked, id=17956, stack(0x000000ecd9100000,0x000000ecd9200000)]
  0x000002dcd003db80 JavaThread "Unconstrained build operations Thread 50" [_thread_blocked, id=14528, stack(0x000000ecd9200000,0x000000ecd9300000)]
  0x000002dcd0043bc0 JavaThread "Unconstrained build operations Thread 51" [_thread_blocked, id=16316, stack(0x000000ecd9300000,0x000000ecd9400000)]
  0x000002dcd0041070 JavaThread "Unconstrained build operations Thread 52" [_thread_blocked, id=17560, stack(0x000000ecd9400000,0x000000ecd9500000)]
  0x000002dcd0041ee0 JavaThread "Unconstrained build operations Thread 53" [_thread_blocked, id=2236, stack(0x000000ecd9500000,0x000000ecd9600000)]
  0x000002dcd003f390 JavaThread "Unconstrained build operations Thread 54" [_thread_blocked, id=376, stack(0x000000ecd9600000,0x000000ecd9700000)]
  0x000002dcd003e9f0 JavaThread "Unconstrained build operations Thread 55" [_thread_blocked, id=16440, stack(0x000000ecd9700000,0x000000ecd9800000)]
  0x000002dcd00423b0 JavaThread "Unconstrained build operations Thread 56" [_thread_blocked, id=6868, stack(0x000000ecd9800000,0x000000ecd9900000)]
  0x000002dcd0042880 JavaThread "Unconstrained build operations Thread 57" [_thread_blocked, id=11148, stack(0x000000ecd9900000,0x000000ecd9a00000)]
  0x000002dcd0043220 JavaThread "Unconstrained build operations Thread 58" [_thread_blocked, id=13268, stack(0x000000ecd9a00000,0x000000ecd9b00000)]
  0x000002dcd003e520 JavaThread "Unconstrained build operations Thread 59" [_thread_blocked, id=14836, stack(0x000000ecd9b00000,0x000000ecd9c00000)]
  0x000002dcd003f860 JavaThread "Unconstrained build operations Thread 60" [_thread_blocked, id=18632, stack(0x000000ecd9c00000,0x000000ecd9d00000)]
  0x000002dcd003fd30 JavaThread "Unconstrained build operations Thread 61" [_thread_blocked, id=14504, stack(0x000000ecd9d00000,0x000000ecd9e00000)]
  0x000002dcd0040200 JavaThread "Unconstrained build operations Thread 62" [_thread_blocked, id=1284, stack(0x000000ecd9e00000,0x000000ecd9f00000)]
  0x000002dcd00406d0 JavaThread "Unconstrained build operations Thread 63" [_thread_blocked, id=15604, stack(0x000000ecd9f00000,0x000000ecda000000)]
  0x000002dccfd88330 JavaThread "Unconstrained build operations Thread 64" [_thread_blocked, id=15356, stack(0x000000ecda000000,0x000000ecda100000)]
  0x000002dccfd874c0 JavaThread "Unconstrained build operations Thread 65" [_thread_blocked, id=5708, stack(0x000000ecda100000,0x000000ecda200000)]
  0x000002dccfd8dea0 JavaThread "Unconstrained build operations Thread 66" [_thread_blocked, id=20148, stack(0x000000ecda200000,0x000000ecda300000)]
  0x000002dccfd891a0 JavaThread "Unconstrained build operations Thread 67" [_thread_blocked, id=4176, stack(0x000000ecda300000,0x000000ecda400000)]
  0x000002dccfd88cd0 JavaThread "Unconstrained build operations Thread 68" [_thread_blocked, id=19412, stack(0x000000ecda400000,0x000000ecda500000)]
  0x000002dccfd87990 JavaThread "Unconstrained build operations Thread 69" [_thread_blocked, id=15924, stack(0x000000ecda500000,0x000000ecda600000)]
  0x000002dccfd8bcf0 JavaThread "Unconstrained build operations Thread 70" [_thread_blocked, id=14660, stack(0x000000ecda600000,0x000000ecda700000)]
  0x000002dccfd8b350 JavaThread "Unconstrained build operations Thread 71" [_thread_blocked, id=16760, stack(0x000000ecda700000,0x000000ecda800000)]
  0x000002dccfd89670 JavaThread "Unconstrained build operations Thread 72" [_thread_blocked, id=2512, stack(0x000000ecda800000,0x000000ecda900000)]
  0x000002dccfd89b40 JavaThread "Unconstrained build operations Thread 73" [_thread_blocked, id=8224, stack(0x000000ecda900000,0x000000ecdaa00000)]
  0x000002dccfd87e60 JavaThread "Unconstrained build operations Thread 74" [_thread_blocked, id=16092, stack(0x000000ecdaa00000,0x000000ecdab00000)]
  0x000002dccfd8a4e0 JavaThread "Unconstrained build operations Thread 75" [_thread_blocked, id=16260, stack(0x000000ecdab00000,0x000000ecdac00000)]
  0x000002dccfd88800 JavaThread "Unconstrained build operations Thread 76" [_thread_blocked, id=19152, stack(0x000000ecdac00000,0x000000ecdad00000)]
  0x000002dccfd8b820 JavaThread "Unconstrained build operations Thread 77" [_thread_blocked, id=15164, stack(0x000000ecdad00000,0x000000ecdae00000)]
  0x000002dccfd8a010 JavaThread "Unconstrained build operations Thread 78" [_thread_blocked, id=9048, stack(0x000000ecdae00000,0x000000ecdaf00000)]
  0x000002dccfd8a9b0 JavaThread "Unconstrained build operations Thread 79" [_thread_blocked, id=18720, stack(0x000000ecdaf00000,0x000000ecdb000000)]
  0x000002dccfd8d9d0 JavaThread "Unconstrained build operations Thread 80" [_thread_blocked, id=20440, stack(0x000000ecdb000000,0x000000ecdb100000)]
  0x000002dccfd8ae80 JavaThread "jar transforms Thread 6" [_thread_blocked, id=5464, stack(0x000000ecdb100000,0x000000ecdb200000)]
  0x000002dccfd8c1c0 JavaThread "jar transforms Thread 7" [_thread_blocked, id=19452, stack(0x000000ecdb200000,0x000000ecdb300000)]
  0x000002dccfd8c690 JavaThread "jar transforms Thread 8" [_thread_blocked, id=18116, stack(0x000000ecdb300000,0x000000ecdb400000)]
  0x000002dccfd8cb60 JavaThread "build event listener" [_thread_blocked, id=19332, stack(0x000000ecdb400000,0x000000ecdb500000)]
  0x000002dccfd8d500 JavaThread "Memory manager" [_thread_blocked, id=17224, stack(0x000000ecdb500000,0x000000ecdb600000)]
  0x000002dcd255ce50 JavaThread "included builds" [_thread_blocked, id=3168, stack(0x000000ecdb600000,0x000000ecdb700000)]
  0x000002dcd2560340 JavaThread "Execution worker" [_thread_blocked, id=16472, stack(0x000000ecdb700000,0x000000ecdb800000)]
  0x000002dcd255d7f0 JavaThread "Execution worker Thread 2" [_thread_blocked, id=18636, stack(0x000000ecdb800000,0x000000ecdb900000)]
  0x000002dcd255dcc0 JavaThread "Execution worker Thread 3" [_thread_blocked, id=9928, stack(0x000000ecdb900000,0x000000ecdba00000)]
  0x000002dcd255c4b0 JavaThread "Execution worker Thread 4" [_thread_blocked, id=2788, stack(0x000000ecdba00000,0x000000ecdbb00000)]
  0x000002dcd25611b0 JavaThread "Execution worker Thread 5" [_thread_blocked, id=5208, stack(0x000000ecdbb00000,0x000000ecdbc00000)]
  0x000002dcd2563d00 JavaThread "Execution worker Thread 6" [_thread_blocked, id=19264, stack(0x000000ecdbc00000,0x000000ecdbd00000)]
  0x000002dcd255e190 JavaThread "Execution worker Thread 7" [_thread_blocked, id=10020, stack(0x000000ecdbd00000,0x000000ecdbe00000)]
  0x000002dcd255e660 JavaThread "Cache worker for execution history cache (C:\Users\varda maghoo\AS projects\Firebase\.gradle\8.0\executionHistory)" [_thread_blocked, id=8436, stack(0x000000ecdbe00000,0x000000ecdbf00000)]

Other Threads:
=>0x000002dcca925320 VMThread "VM Thread" [stack: 0x000000ecd3000000,0x000000ecd3100000] [id=4200]
  0x000002dccb5d89d0 WatcherThread [stack: 0x000000ecd3c00000,0x000000ecd3d00000] [id=12168]
  0x000002dcb0b04180 GCTaskThread "GC Thread#0" [stack: 0x000000ecd2b00000,0x000000ecd2c00000] [id=9680]
  0x000002dccc047b40 GCTaskThread "GC Thread#1" [stack: 0x000000ecd3d00000,0x000000ecd3e00000] [id=12800]
  0x000002dccc047df0 GCTaskThread "GC Thread#2" [stack: 0x000000ecd3e00000,0x000000ecd3f00000] [id=2728]
  0x000002dccbf50910 GCTaskThread "GC Thread#3" [stack: 0x000000ecd3f00000,0x000000ecd4000000] [id=4604]
  0x000002dccc91f8b0 GCTaskThread "GC Thread#4" [stack: 0x000000ecd4000000,0x000000ecd4100000] [id=12980]
  0x000002dccc714540 GCTaskThread "GC Thread#5" [stack: 0x000000ecd4b00000,0x000000ecd4c00000] [id=19304]
  0x000002dccc6f1f00 GCTaskThread "GC Thread#6" [stack: 0x000000ecd4c00000,0x000000ecd4d00000] [id=12124]
  0x000002dccc6f21b0 GCTaskThread "GC Thread#7" [stack: 0x000000ecd4d00000,0x000000ecd4e00000] [id=8252]
  0x000002dcb0b159c0 ConcurrentGCThread "G1 Main Marker" [stack: 0x000000ecd2c00000,0x000000ecd2d00000] [id=8328]
  0x000002dcb0b163d0 ConcurrentGCThread "G1 Conc#0" [stack: 0x000000ecd2d00000,0x000000ecd2e00000] [id=12116]
  0x000002dccc00d4e0 ConcurrentGCThread "G1 Conc#1" [stack: 0x000000ecd4e00000,0x000000ecd4f00000] [id=18416]
  0x000002dcca7724c0 ConcurrentGCThread "G1 Refine#0" [stack: 0x000000ecd2e00000,0x000000ecd2f00000] [id=12816]
  0x000002dcb0b6b2d0 ConcurrentGCThread "G1 Service" [stack: 0x000000ecd2f00000,0x000000ecd3000000] [id=10524]

Threads with active compile tasks:
C2 CompilerThread0    22245 11477       4       org.objectweb.asm.ClassReader::readCode (5109 bytes)

VM state: at safepoint (normal execution)

VM Mutex/Monitor currently owned by a thread:  ([mutex/lock_event])
[0x000002dcb0aa4170] Threads_lock - owner thread: 0x000002dcca925320
[0x000002dcb0aa4050] Heap_lock - owner thread: 0x000002dcd255dcc0

Heap address: 0x0000000080000000, size: 2048 MB, Compressed Oops mode: 32-bit

CDS archive(s) not mapped
Compressed class space mapped at: 0x0000000100000000-0x0000000140000000, reserved size: 1073741824
Narrow klass base: 0x0000000000000000, Narrow klass shift: 3, Narrow klass range: 0x140000000

GC Precious Log:
 CPUs: 8 total, 8 available
 Memory: 8025M
 Large Page Support: Disabled
 NUMA Support: Disabled
 Compressed Oops: Enabled (32-bit)
 Heap Region Size: 1M
 Heap Min Capacity: 8M
 Heap Initial Capacity: 126M
 Heap Max Capacity: 2G
 Pre-touch: Disabled
 Parallel Workers: 8
 Concurrent Workers: 2
 Concurrent Refinement Workers: 8
 Periodic GC: Disabled

Heap:
 garbage-first heap   total 171008K, used 98037K [0x0000000080000000, 0x0000000100000000)
  region size 1024K, 1 young (1024K), 1 survivors (1024K)
 Metaspace       used 86724K, committed 87360K, reserved 1130496K
  class space    used 11844K, committed 12096K, reserved 1048576K

Heap Regions: E=young(eden), S=young(survivor), O=old, HS=humongous(starts), HC=humongous(continues), CS=collection set, F=free, OA=open archive, CA=closed archive, TAMS=top-at-mark-start (previous, next)
|   0|0x0000000080000000, 0x0000000080100000, 0x0000000080100000|100%|HS|  |TAMS 0x0000000080100000, 0x0000000080000000| Complete 
|   1|0x0000000080100000, 0x0000000080200000, 0x0000000080200000|100%|HC|  |TAMS 0x0000000080200000, 0x0000000080100000| Complete 
|   2|0x0000000080200000, 0x0000000080300000, 0x0000000080300000|100%|HC|  |TAMS 0x0000000080300000, 0x0000000080200000| Complete 
|   3|0x0000000080300000, 0x0000000080400000, 0x0000000080400000|100%|HC|  |TAMS 0x0000000080400000, 0x0000000080300000| Complete 
|   4|0x0000000080400000, 0x0000000080500000, 0x0000000080500000|100%| O|  |TAMS 0x0000000080500000, 0x0000000080400000| Untracked 
|   5|0x0000000080500000, 0x0000000080600000, 0x0000000080600000|100%| O|  |TAMS 0x0000000080600000, 0x0000000080500000| Untracked 
|   6|0x0000000080600000, 0x0000000080700000, 0x0000000080700000|100%| O|  |TAMS 0x0000000080700000, 0x0000000080600000| Untracked 
|   7|0x0000000080700000, 0x0000000080800000, 0x0000000080800000|100%| O|  |TAMS 0x0000000080800000, 0x0000000080700000| Untracked 
|   8|0x0000000080800000, 0x0000000080900000, 0x0000000080900000|100%| O|  |TAMS 0x0000000080900000, 0x0000000080800000| Untracked 
|   9|0x0000000080900000, 0x0000000080a00000, 0x0000000080a00000|100%| O|  |TAMS 0x0000000080a00000, 0x0000000080900000| Untracked 
|  10|0x0000000080a00000, 0x0000000080b00000, 0x0000000080b00000|100%| O|  |TAMS 0x0000000080b00000, 0x0000000080a00000| Untracked 
|  11|0x0000000080b00000, 0x0000000080c00000, 0x0000000080c00000|100%| O|  |TAMS 0x0000000080c00000, 0x0000000080b00000| Untracked 
|  12|0x0000000080c00000, 0x0000000080d00000, 0x0000000080d00000|100%| O|  |TAMS 0x0000000080d00000, 0x0000000080c00000| Untracked 
|  13|0x0000000080d00000, 0x0000000080e00000, 0x0000000080e00000|100%| O|  |TAMS 0x0000000080e00000, 0x0000000080d00000| Untracked 
|  14|0x0000000080e00000, 0x0000000080f00000, 0x0000000080f00000|100%| O|  |TAMS 0x0000000080f00000, 0x0000000080e00000| Untracked 
|  15|0x0000000080f00000, 0x0000000081000000, 0x0000000081000000|100%| O|  |TAMS 0x0000000081000000, 0x0000000080f00000| Untracked 
|  16|0x0000000081000000, 0x0000000081100000, 0x0000000081100000|100%| O|  |TAMS 0x0000000081100000, 0x0000000081000000| Untracked 
|  17|0x0000000081100000, 0x0000000081200000, 0x0000000081200000|100%| O|  |TAMS 0x0000000081200000, 0x0000000081100000| Untracked 
|  18|0x0000000081200000, 0x0000000081300000, 0x0000000081300000|100%| O|  |TAMS 0x0000000081300000, 0x0000000081200000| Untracked 
|  19|0x0000000081300000, 0x0000000081400000, 0x0000000081400000|100%| O|  |TAMS 0x0000000081400000, 0x0000000081300000| Untracked 
|  20|0x0000000081400000, 0x0000000081500000, 0x0000000081500000|100%| O|  |TAMS 0x0000000081500000, 0x0000000081400000| Untracked 
|  21|0x0000000081500000, 0x0000000081600000, 0x0000000081600000|100%| O|  |TAMS 0x0000000081600000, 0x0000000081500000| Untracked 
|  22|0x0000000081600000, 0x0000000081700000, 0x0000000081700000|100%| O|  |TAMS 0x0000000081700000, 0x0000000081600000| Untracked 
|  23|0x0000000081700000, 0x0000000081800000, 0x0000000081800000|100%| O|  |TAMS 0x0000000081800000, 0x0000000081700000| Untracked 
|  24|0x0000000081800000, 0x0000000081900000, 0x0000000081900000|100%| O|  |TAMS 0x0000000081900000, 0x0000000081800000| Untracked 
|  25|0x0000000081900000, 0x0000000081a00000, 0x0000000081a00000|100%| O|  |TAMS 0x0000000081a00000, 0x0000000081900000| Untracked 
|  26|0x0000000081a00000, 0x0000000081b00000, 0x0000000081b00000|100%| O|  |TAMS 0x0000000081b00000, 0x0000000081a00000| Untracked 
|  27|0x0000000081b00000, 0x0000000081c00000, 0x0000000081c00000|100%| O|  |TAMS 0x0000000081c00000, 0x0000000081b00000| Untracked 
|  28|0x0000000081c00000, 0x0000000081d00000, 0x0000000081d00000|100%| O|  |TAMS 0x0000000081d00000, 0x0000000081c00000| Untracked 
|  29|0x0000000081d00000, 0x0000000081e00000, 0x0000000081e00000|100%| O|  |TAMS 0x0000000081e00000, 0x0000000081d00000| Untracked 
|  30|0x0000000081e00000, 0x0000000081f00000, 0x0000000081f00000|100%| O|  |TAMS 0x0000000081f00000, 0x0000000081e00000| Untracked 
|  31|0x0000000081f00000, 0x0000000082000000, 0x0000000082000000|100%| O|  |TAMS 0x0000000082000000, 0x0000000081f00000| Untracked 
|  32|0x0000000082000000, 0x0000000082100000, 0x0000000082100000|100%|HS|  |TAMS 0x0000000082100000, 0x0000000082000000| Complete 
|  33|0x0000000082100000, 0x0000000082200000, 0x0000000082200000|100%|HS|  |TAMS 0x0000000082200000, 0x0000000082100000| Complete 
|  34|0x0000000082200000, 0x0000000082300000, 0x0000000082300000|100%|HS|  |TAMS 0x0000000082300000, 0x0000000082200000| Complete 
|  35|0x0000000082300000, 0x0000000082400000, 0x0000000082400000|100%| O|  |TAMS 0x0000000082400000, 0x0000000082300000| Untracked 
|  36|0x0000000082400000, 0x0000000082500000, 0x0000000082500000|100%| O|  |TAMS 0x0000000082500000, 0x0000000082400000| Untracked 
|  37|0x0000000082500000, 0x0000000082600000, 0x0000000082600000|100%| O|  |TAMS 0x0000000082600000, 0x0000000082500000| Untracked 
|  38|0x0000000082600000, 0x0000000082700000, 0x0000000082700000|100%| O|  |TAMS 0x0000000082700000, 0x0000000082600000| Untracked 
|  39|0x0000000082700000, 0x0000000082800000, 0x0000000082800000|100%| O|  |TAMS 0x0000000082800000, 0x0000000082700000| Untracked 
|  40|0x0000000082800000, 0x0000000082900000, 0x0000000082900000|100%| O|  |TAMS 0x0000000082800000, 0x0000000082800000| Untracked 
|  41|0x0000000082900000, 0x0000000082a00000, 0x0000000082a00000|100%| O|  |TAMS 0x0000000082a00000, 0x0000000082900000| Untracked 
|  42|0x0000000082a00000, 0x0000000082b00000, 0x0000000082b00000|100%| O|  |TAMS 0x0000000082b00000, 0x0000000082a00000| Untracked 
|  43|0x0000000082b00000, 0x0000000082c00000, 0x0000000082c00000|100%| O|  |TAMS 0x0000000082c00000, 0x0000000082b00000| Untracked 
|  44|0x0000000082c00000, 0x0000000082d00000, 0x0000000082d00000|100%| O|  |TAMS 0x0000000082d00000, 0x0000000082c00000| Untracked 
|  45|0x0000000082d00000, 0x0000000082e00000, 0x0000000082e00000|100%| O|  |TAMS 0x0000000082e00000, 0x0000000082d00000| Untracked 
|  46|0x0000000082e00000, 0x0000000082f00000, 0x0000000082f00000|100%| O|  |TAMS 0x0000000082f00000, 0x0000000082e00000| Untracked 
|  47|0x0000000082f00000, 0x0000000083000000, 0x0000000083000000|100%| O|  |TAMS 0x0000000083000000, 0x0000000082f00000| Untracked 
|  48|0x0000000083000000, 0x0000000083100000, 0x0000000083100000|100%| O|  |TAMS 0x0000000083100000, 0x0000000083000000| Untracked 
|  49|0x0000000083100000, 0x0000000083200000, 0x0000000083200000|100%| O|  |TAMS 0x0000000083200000, 0x0000000083100000| Untracked 
|  50|0x0000000083200000, 0x0000000083300000, 0x0000000083300000|100%| O|  |TAMS 0x0000000083300000, 0x0000000083200000| Untracked 
|  51|0x0000000083300000, 0x0000000083400000, 0x0000000083400000|100%| O|  |TAMS 0x0000000083400000, 0x0000000083300000| Untracked 
|  52|0x0000000083400000, 0x0000000083500000, 0x0000000083500000|100%| O|  |TAMS 0x0000000083500000, 0x0000000083400000| Untracked 
|  53|0x0000000083500000, 0x0000000083600000, 0x0000000083600000|100%| O|  |TAMS 0x0000000083600000, 0x0000000083500000| Untracked 
|  54|0x0000000083600000, 0x0000000083700000, 0x0000000083700000|100%| O|  |TAMS 0x0000000083700000, 0x0000000083600000| Untracked 
|  55|0x0000000083700000, 0x0000000083800000, 0x0000000083800000|100%| O|  |TAMS 0x0000000083800000, 0x0000000083700000| Untracked 
|  56|0x0000000083800000, 0x0000000083900000, 0x0000000083900000|100%| O|  |TAMS 0x0000000083900000, 0x0000000083800000| Untracked 
|  57|0x0000000083900000, 0x0000000083a00000, 0x0000000083a00000|100%| O|  |TAMS 0x0000000083a00000, 0x0000000083900000| Untracked 
|  58|0x0000000083a00000, 0x0000000083b00000, 0x0000000083b00000|100%| O|  |TAMS 0x0000000083b00000, 0x0000000083a00000| Untracked 
|  59|0x0000000083b00000, 0x0000000083c00000, 0x0000000083c00000|100%| O|  |TAMS 0x0000000083c00000, 0x0000000083b00000| Untracked 
|  60|0x0000000083c00000, 0x0000000083d00000, 0x0000000083d00000|100%| O|  |TAMS 0x0000000083d00000, 0x0000000083c00000| Untracked 
|  61|0x0000000083d00000, 0x0000000083e00000, 0x0000000083e00000|100%| O|  |TAMS 0x0000000083e00000, 0x0000000083d00000| Untracked 
|  62|0x0000000083e00000, 0x0000000083f00000, 0x0000000083f00000|100%| O|  |TAMS 0x0000000083f00000, 0x0000000083e00000| Untracked 
|  63|0x0000000083f00000, 0x0000000084000000, 0x0000000084000000|100%| O|  |TAMS 0x0000000084000000, 0x0000000083f00000| Untracked 
|  64|0x0000000084000000, 0x0000000084100000, 0x0000000084100000|100%| O|  |TAMS 0x0000000084100000, 0x0000000084000000| Untracked 
|  65|0x0000000084100000, 0x0000000084200000, 0x0000000084200000|100%| O|  |TAMS 0x0000000084200000, 0x0000000084100000| Untracked 
|  66|0x0000000084200000, 0x0000000084300000, 0x0000000084300000|100%| O|  |TAMS 0x0000000084200000, 0x0000000084200000| Untracked 
|  67|0x0000000084300000, 0x0000000084400000, 0x0000000084400000|100%| O|  |TAMS 0x0000000084400000, 0x0000000084300000| Untracked 
|  68|0x0000000084400000, 0x0000000084500000, 0x0000000084500000|100%| O|  |TAMS 0x0000000084500000, 0x0000000084400000| Untracked 
|  69|0x0000000084500000, 0x0000000084600000, 0x0000000084600000|100%| O|  |TAMS 0x0000000084600000, 0x0000000084500000| Untracked 
|  70|0x0000000084600000, 0x0000000084700000, 0x0000000084700000|100%| O|  |TAMS 0x0000000084700000, 0x0000000084600000| Untracked 
|  71|0x0000000084700000, 0x0000000084800000, 0x0000000084800000|100%| O|  |TAMS 0x0000000084800000, 0x0000000084700000| Untracked 
|  72|0x0000000084800000, 0x0000000084900000, 0x0000000084900000|100%| O|  |TAMS 0x0000000084900000, 0x0000000084800000| Untracked 
|  73|0x0000000084900000, 0x0000000084a00000, 0x0000000084a00000|100%| O|  |TAMS 0x0000000084a00000, 0x0000000084900000| Untracked 
|  74|0x0000000084a00000, 0x0000000084b00000, 0x0000000084b00000|100%| O|  |TAMS 0x0000000084b00000, 0x0000000084a00000| Untracked 
|  75|0x0000000084b00000, 0x0000000084c00000, 0x0000000084c00000|100%| O|  |TAMS 0x0000000084c00000, 0x0000000084b00000| Untracked 
|  76|0x0000000084c00000, 0x0000000084d00000, 0x0000000084d00000|100%| O|  |TAMS 0x0000000084d00000, 0x0000000084c00000| Untracked 
|  77|0x0000000084d00000, 0x0000000084e00000, 0x0000000084e00000|100%| O|  |TAMS 0x0000000084e00000, 0x0000000084d00000| Untracked 
|  78|0x0000000084e00000, 0x0000000084f00000, 0x0000000084f00000|100%| O|  |TAMS 0x0000000084f00000, 0x0000000084e00000| Untracked 
|  79|0x0000000084f00000, 0x0000000085000000, 0x0000000085000000|100%| O|  |TAMS 0x0000000085000000, 0x0000000084f00000| Untracked 
|  80|0x0000000085000000, 0x0000000085100000, 0x0000000085100000|100%| O|  |TAMS 0x0000000085100000, 0x0000000085000000| Untracked 
|  81|0x0000000085100000, 0x0000000085200000, 0x0000000085200000|100%| O|  |TAMS 0x0000000085200000, 0x0000000085100000| Untracked 
|  82|0x0000000085200000, 0x0000000085300000, 0x0000000085300000|100%| O|  |TAMS 0x0000000085300000, 0x0000000085200000| Untracked 
|  83|0x0000000085300000, 0x0000000085400000, 0x0000000085400000|100%| O|  |TAMS 0x0000000085400000, 0x0000000085300000| Untracked 
|  84|0x0000000085400000, 0x0000000085500000, 0x0000000085500000|100%| O|  |TAMS 0x0000000085500000, 0x0000000085400000| Untracked 
|  85|0x0000000085500000, 0x0000000085500000, 0x0000000085600000|  0%| F|  |TAMS 0x0000000085500000, 0x0000000085500000| Untracked 
|  86|0x0000000085600000, 0x0000000085600000, 0x0000000085700000|  0%| F|  |TAMS 0x0000000085600000, 0x0000000085600000| Untracked 
|  87|0x0000000085700000, 0x0000000085800000, 0x0000000085800000|100%| O|  |TAMS 0x0000000085800000, 0x0000000085700000| Untracked 
|  88|0x0000000085800000, 0x0000000085900000, 0x0000000085900000|100%| O|  |TAMS 0x0000000085900000, 0x0000000085800000| Untracked 
|  89|0x0000000085900000, 0x0000000085a00000, 0x0000000085a00000|100%| O|  |TAMS 0x000000008591cc00, 0x0000000085900000| Untracked 
|  90|0x0000000085a00000, 0x0000000085b00000, 0x0000000085b00000|100%|HS|  |TAMS 0x0000000085a00000, 0x0000000085a00000| Complete 
|  91|0x0000000085b00000, 0x0000000085c00000, 0x0000000085c00000|100%|HC|  |TAMS 0x0000000085b00000, 0x0000000085b00000| Complete 
|  92|0x0000000085c00000, 0x0000000085d00000, 0x0000000085d00000|100%| O|  |TAMS 0x0000000085c00000, 0x0000000085c00000| Untracked 
|  93|0x0000000085d00000, 0x0000000085e00000, 0x0000000085e00000|100%| O|  |TAMS 0x0000000085d00000, 0x0000000085d00000| Untracked 
|  94|0x0000000085e00000, 0x0000000085f00000, 0x0000000085f00000|100%| O|  |TAMS 0x0000000085e00000, 0x0000000085e00000| Untracked 
|  95|0x0000000085f00000, 0x0000000086000000, 0x0000000086000000|100%| O|  |TAMS 0x0000000085f00000, 0x0000000085f00000| Untracked 
|  96|0x0000000086000000, 0x0000000086100000, 0x0000000086100000|100%| O|  |TAMS 0x0000000086000000, 0x0000000086000000| Untracked 
|  97|0x0000000086100000, 0x0000000086177a00, 0x0000000086200000| 46%| O|  |TAMS 0x0000000086100000, 0x0000000086100000| Untracked 
|  98|0x0000000086200000, 0x0000000086200000, 0x0000000086300000|  0%| F|  |TAMS 0x0000000086200000, 0x0000000086200000| Untracked 
|  99|0x0000000086300000, 0x0000000086300000, 0x0000000086400000|  0%| F|  |TAMS 0x0000000086300000, 0x0000000086300000| Untracked 
| 100|0x0000000086400000, 0x0000000086400000, 0x0000000086500000|  0%| F|  |TAMS 0x0000000086400000, 0x0000000086400000| Untracked 
| 101|0x0000000086500000, 0x0000000086500000, 0x0000000086600000|  0%| F|  |TAMS 0x0000000086500000, 0x0000000086500000| Untracked 
| 102|0x0000000086600000, 0x0000000086600000, 0x0000000086700000|  0%| F|  |TAMS 0x0000000086600000, 0x0000000086600000| Untracked 
| 103|0x0000000086700000, 0x0000000086700000, 0x0000000086800000|  0%| F|  |TAMS 0x0000000086700000, 0x0000000086700000| Untracked 
| 104|0x0000000086800000, 0x0000000086800000, 0x0000000086900000|  0%| F|  |TAMS 0x0000000086800000, 0x0000000086800000| Untracked 
| 105|0x0000000086900000, 0x0000000086900000, 0x0000000086a00000|  0%| F|  |TAMS 0x0000000086900000, 0x0000000086900000| Untracked 
| 106|0x0000000086a00000, 0x0000000086a00000, 0x0000000086b00000|  0%| F|  |TAMS 0x0000000086a00000, 0x0000000086a00000| Untracked 
| 107|0x0000000086b00000, 0x0000000086b00000, 0x0000000086c00000|  0%| F|  |TAMS 0x0000000086b00000, 0x0000000086b00000| Untracked 
| 108|0x0000000086c00000, 0x0000000086c00000, 0x0000000086d00000|  0%| F|  |TAMS 0x0000000086c00000, 0x0000000086c00000| Untracked 
| 109|0x0000000086d00000, 0x0000000086d00000, 0x0000000086e00000|  0%| F|  |TAMS 0x0000000086d00000, 0x0000000086d00000| Untracked 
| 110|0x0000000086e00000, 0x0000000086e00000, 0x0000000086f00000|  0%| F|  |TAMS 0x0000000086e00000, 0x0000000086e00000| Untracked 
| 111|0x0000000086f00000, 0x0000000086f00000, 0x0000000087000000|  0%| F|  |TAMS 0x0000000086f00000, 0x0000000086f00000| Untracked 
| 112|0x0000000087000000, 0x0000000087000000, 0x0000000087100000|  0%| F|  |TAMS 0x0000000087000000, 0x0000000087000000| Untracked 
| 113|0x0000000087100000, 0x0000000087100000, 0x0000000087200000|  0%| F|  |TAMS 0x0000000087100000, 0x0000000087100000| Untracked 
| 114|0x0000000087200000, 0x0000000087200000, 0x0000000087300000|  0%| F|  |TAMS 0x0000000087200000, 0x0000000087200000| Untracked 
| 115|0x0000000087300000, 0x0000000087300000, 0x0000000087400000|  0%| F|  |TAMS 0x0000000087300000, 0x0000000087300000| Untracked 
| 116|0x0000000087400000, 0x0000000087400000, 0x0000000087500000|  0%| F|  |TAMS 0x0000000087400000, 0x0000000087400000| Untracked 
| 117|0x0000000087500000, 0x0000000087500000, 0x0000000087600000|  0%| F|  |TAMS 0x0000000087500000, 0x0000000087500000| Untracked 
| 118|0x0000000087600000, 0x0000000087600000, 0x0000000087700000|  0%| F|  |TAMS 0x0000000087600000, 0x0000000087600000| Untracked 
| 119|0x0000000087700000, 0x0000000087700000, 0x0000000087800000|  0%| F|  |TAMS 0x0000000087700000, 0x0000000087700000| Untracked 
| 120|0x0000000087800000, 0x0000000087800000, 0x0000000087900000|  0%| F|  |TAMS 0x0000000087800000, 0x0000000087800000| Untracked 
| 121|0x0000000087900000, 0x0000000087900000, 0x0000000087a00000|  0%| F|  |TAMS 0x0000000087900000, 0x0000000087900000| Untracked 
| 122|0x0000000087a00000, 0x0000000087a00000, 0x0000000087b00000|  0%| F|  |TAMS 0x0000000087a00000, 0x0000000087a00000| Untracked 
| 123|0x0000000087b00000, 0x0000000087b00000, 0x0000000087c00000|  0%| F|  |TAMS 0x0000000087b00000, 0x0000000087b00000| Untracked 
| 124|0x0000000087c00000, 0x0000000087c00000, 0x0000000087d00000|  0%| F|  |TAMS 0x0000000087c00000, 0x0000000087c00000| Untracked 
| 125|0x0000000087d00000, 0x0000000087d45ba0, 0x0000000087e00000| 27%| S|CS|TAMS 0x0000000087d00000, 0x0000000087d00000| Complete 
| 126|0x0000000087e00000, 0x0000000087e00000, 0x0000000087f00000|  0%| F|  |TAMS 0x0000000087e00000, 0x0000000087e00000| Untracked 
| 127|0x0000000087f00000, 0x0000000087f00000, 0x0000000088000000|  0%| F|  |TAMS 0x0000000087f00000, 0x0000000087f00000| Untracked 
| 128|0x0000000088000000, 0x0000000088000000, 0x0000000088100000|  0%| F|  |TAMS 0x0000000088000000, 0x0000000088000000| Untracked 
| 129|0x0000000088100000, 0x0000000088100000, 0x0000000088200000|  0%| F|  |TAMS 0x0000000088100000, 0x0000000088100000| Untracked 
| 130|0x0000000088200000, 0x0000000088200000, 0x0000000088300000|  0%| F|  |TAMS 0x0000000088200000, 0x0000000088200000| Untracked 
| 131|0x0000000088300000, 0x0000000088300000, 0x0000000088400000|  0%| F|  |TAMS 0x0000000088300000, 0x0000000088300000| Untracked 
| 132|0x0000000088400000, 0x0000000088400000, 0x0000000088500000|  0%| F|  |TAMS 0x0000000088400000, 0x0000000088400000| Untracked 
| 133|0x0000000088500000, 0x0000000088500000, 0x0000000088600000|  0%| F|  |TAMS 0x0000000088500000, 0x0000000088500000| Untracked 
| 134|0x0000000088600000, 0x0000000088600000, 0x0000000088700000|  0%| F|  |TAMS 0x0000000088600000, 0x0000000088600000| Untracked 
| 135|0x0000000088700000, 0x0000000088700000, 0x0000000088800000|  0%| F|  |TAMS 0x0000000088700000, 0x0000000088700000| Untracked 
| 136|0x0000000088800000, 0x0000000088800000, 0x0000000088900000|  0%| F|  |TAMS 0x0000000088800000, 0x0000000088800000| Untracked 
| 137|0x0000000088900000, 0x0000000088900000, 0x0000000088a00000|  0%| F|  |TAMS 0x0000000088900000, 0x0000000088900000| Untracked 
| 138|0x0000000088a00000, 0x0000000088a00000, 0x0000000088b00000|  0%| F|  |TAMS 0x0000000088a00000, 0x0000000088a00000| Untracked 
| 139|0x0000000088b00000, 0x0000000088b00000, 0x0000000088c00000|  0%| F|  |TAMS 0x0000000088b00000, 0x0000000088b00000| Untracked 
| 140|0x0000000088c00000, 0x0000000088c00000, 0x0000000088d00000|  0%| F|  |TAMS 0x0000000088c00000, 0x0000000088c00000| Untracked 
| 141|0x0000000088d00000, 0x0000000088d00000, 0x0000000088e00000|  0%| F|  |TAMS 0x0000000088d00000, 0x0000000088d00000| Untracked 
| 142|0x0000000088e00000, 0x0000000088e00000, 0x0000000088f00000|  0%| F|  |TAMS 0x0000000088e00000, 0x0000000088e00000| Untracked 
| 143|0x0000000088f00000, 0x0000000088f00000, 0x0000000089000000|  0%| F|  |TAMS 0x0000000088f00000, 0x0000000088f00000| Untracked 
| 144|0x0000000089000000, 0x0000000089000000, 0x0000000089100000|  0%| F|  |TAMS 0x0000000089000000, 0x0000000089000000| Untracked 
| 145|0x0000000089100000, 0x0000000089100000, 0x0000000089200000|  0%| F|  |TAMS 0x0000000089100000, 0x0000000089100000| Untracked 
| 146|0x0000000089200000, 0x0000000089200000, 0x0000000089300000|  0%| F|  |TAMS 0x0000000089200000, 0x0000000089200000| Untracked 
| 147|0x0000000089300000, 0x0000000089300000, 0x0000000089400000|  0%| F|  |TAMS 0x0000000089300000, 0x0000000089300000| Untracked 
| 148|0x0000000089400000, 0x0000000089400000, 0x0000000089500000|  0%| F|  |TAMS 0x0000000089400000, 0x0000000089400000| Untracked 
| 149|0x0000000089500000, 0x0000000089500000, 0x0000000089600000|  0%| F|  |TAMS 0x0000000089500000, 0x0000000089500000| Untracked 
| 150|0x0000000089600000, 0x0000000089600000, 0x0000000089700000|  0%| F|  |TAMS 0x0000000089600000, 0x0000000089600000| Untracked 
| 151|0x0000000089700000, 0x0000000089700000, 0x0000000089800000|  0%| F|  |TAMS 0x0000000089700000, 0x0000000089700000| Untracked 
| 152|0x0000000089800000, 0x0000000089800000, 0x0000000089900000|  0%| F|  |TAMS 0x0000000089800000, 0x0000000089800000| Untracked 
| 153|0x0000000089900000, 0x0000000089900000, 0x0000000089a00000|  0%| F|  |TAMS 0x0000000089900000, 0x0000000089900000| Untracked 
| 154|0x0000000089a00000, 0x0000000089a00000, 0x0000000089b00000|  0%| F|  |TAMS 0x0000000089a00000, 0x0000000089a00000| Untracked 
| 155|0x0000000089b00000, 0x0000000089b00000, 0x0000000089c00000|  0%| F|  |TAMS 0x0000000089b00000, 0x0000000089b00000| Untracked 
| 156|0x0000000089c00000, 0x0000000089c00000, 0x0000000089d00000|  0%| F|  |TAMS 0x0000000089c00000, 0x0000000089c00000| Untracked 
| 157|0x0000000089d00000, 0x0000000089d00000, 0x0000000089e00000|  0%| F|  |TAMS 0x0000000089d00000, 0x0000000089d00000| Untracked 
| 158|0x0000000089e00000, 0x0000000089e00000, 0x0000000089f00000|  0%| F|  |TAMS 0x0000000089e00000, 0x0000000089e00000| Untracked 
| 159|0x0000000089f00000, 0x0000000089f00000, 0x000000008a000000|  0%| F|  |TAMS 0x0000000089f00000, 0x0000000089f00000| Untracked 
| 160|0x000000008a000000, 0x000000008a000000, 0x000000008a100000|  0%| F|  |TAMS 0x000000008a000000, 0x000000008a000000| Untracked 
| 161|0x000000008a100000, 0x000000008a100000, 0x000000008a200000|  0%| F|  |TAMS 0x000000008a100000, 0x000000008a100000| Untracked 
| 162|0x000000008a200000, 0x000000008a200000, 0x000000008a300000|  0%| F|  |TAMS 0x000000008a200000, 0x000000008a200000| Untracked 
| 163|0x000000008a300000, 0x000000008a300000, 0x000000008a400000|  0%| F|  |TAMS 0x000000008a300000, 0x000000008a300000| Untracked 
| 164|0x000000008a400000, 0x000000008a400000, 0x000000008a500000|  0%| F|  |TAMS 0x000000008a400000, 0x000000008a400000| Untracked 
| 165|0x000000008a500000, 0x000000008a500000, 0x000000008a600000|  0%| F|  |TAMS 0x000000008a500000, 0x000000008a500000| Untracked 
| 166|0x000000008a600000, 0x000000008a600000, 0x000000008a700000|  0%| F|  |TAMS 0x000000008a600000, 0x000000008a600000| Untracked 

Card table byte_map: [0x000002dcc36b0000,0x000002dcc3ab0000] _byte_map_base: 0x000002dcc32b0000

Marking Bits (Prev, Next): (CMBitMap*) 0x000002dcb0b04790, (CMBitMap*) 0x000002dcb0b047d0
 Prev Bits: [0x000002dcc3eb0000, 0x000002dcc5eb0000)
 Next Bits: [0x000002dcc5eb0000, 0x000002dcc7eb0000)

Polling page: 0x000002dcaea50000

Metaspace:

Usage:
  Non-class:     73.12 MB used.
      Class:     11.57 MB used.
       Both:     84.69 MB used.

Virtual space:
  Non-class space:       80.00 MB reserved,      73.50 MB ( 92%) committed,  10 nodes.
      Class space:        1.00 GB reserved,      11.81 MB (  1%) committed,  1 nodes.
             Both:        1.08 GB reserved,      85.31 MB (  8%) committed. 

Chunk freelists:
   Non-Class:  2.33 MB
       Class:  192.00 KB
        Both:  2.52 MB

MaxMetaspaceSize: unlimited
CompressedClassSpaceSize: 1.00 GB
Initial GC threshold: 21.00 MB
Current GC threshold: 141.19 MB
CDS: off
MetaspaceReclaimPolicy: balanced
 - commit_granule_bytes: 65536.
 - commit_granule_words: 8192.
 - virtual_space_node_default_size: 1048576.
 - enlarge_chunks_in_place: 1.
 - new_chunks_are_fully_committed: 0.
 - uncommit_free_chunks: 1.
 - use_allocation_guard: 0.
 - handle_deallocations: 1.


Internal statistics:

num_allocs_failed_limit: 6.
num_arena_births: 908.
num_arena_deaths: 16.
num_vsnodes_births: 11.
num_vsnodes_deaths: 0.
num_space_committed: 1365.
num_space_uncommitted: 0.
num_chunks_returned_to_freelist: 26.
num_chunks_taken_from_freelist: 4104.
num_chunk_merges: 13.
num_chunk_splits: 2620.
num_chunks_enlarged: 1716.
num_purges: 4.
num_inconsistent_stats: 0.

CodeHeap 'non-profiled nmethods': size=120000Kb used=4335Kb max_used=4335Kb free=115664Kb
 bounds [0x000002dcbba40000, 0x000002dcbbe80000, 0x000002dcc2f70000]
CodeHeap 'profiled nmethods': size=120000Kb used=19321Kb max_used=19321Kb free=100678Kb
 bounds [0x000002dcb3f70000, 0x000002dcb5250000, 0x000002dcbb4a0000]
CodeHeap 'non-nmethods': size=5760Kb used=2364Kb max_used=2437Kb free=3395Kb
 bounds [0x000002dcbb4a0000, 0x000002dcbb710000, 0x000002dcbba40000]
 total_blobs=11321 nmethods=10425 adapters=808
 compilation: enabled
              stopped_count=0, restarted_count=0
 full_count=0

Compilation events (20 events):
Event: 22.029 Thread 0x000002dccb43c0c0 11484       2       org.gradle.internal.normalization.java.ApiClassExtractor::isLocalClass (11 bytes)
Event: 22.029 Thread 0x000002dccb43c0c0 nmethod 11484 0x000002dcb522fa10 code [0x000002dcb522fbc0, 0x000002dcb522fcf8]
Event: 22.061 Thread 0x000002dccb43c0c0 11495       2       org.objectweb.asm.ClassVisitor::visitAnnotation (19 bytes)
Event: 22.061 Thread 0x000002dccb43c0c0 nmethod 11495 0x000002dcb522fe10 code [0x000002dcb522ffc0, 0x000002dcb5230128]
Event: 22.077 Thread 0x000002dccb43c0c0 11496 %     3       org.objectweb.asm.ClassReader::readMethod @ 103 (1066 bytes)
Event: 22.083 Thread 0x000002dccb43c0c0 nmethod 11496% 0x000002dcb5230210 code [0x000002dcb5230980, 0x000002dcb5235568]
Event: 22.085 Thread 0x000002dccb43c0c0 11498 %     3       org.objectweb.asm.ClassReader::getFirstAttributeOffset @ 85 (136 bytes)
Event: 22.086 Thread 0x000002dccb43c0c0 nmethod 11498% 0x000002dcb5237410 code [0x000002dcb5237640, 0x000002dcb5237cc8]
Event: 22.089 Thread 0x000002dccb43c0c0 11500 %     3       org.objectweb.asm.ClassReader::accept @ 1352 (1412 bytes)
Event: 22.100 Thread 0x000002dccb43c0c0 nmethod 11500% 0x000002dcb5237f90 code [0x000002dcb5238b40, 0x000002dcb52400a8]
Event: 22.103 Thread 0x000002dccb43c0c0 11502       3       org.objectweb.asm.ClassReader::readMethod (1066 bytes)
Event: 22.108 Thread 0x000002dccb43c0c0 nmethod 11502 0x000002dcb5243790 code [0x000002dcb5243ee0, 0x000002dcb5248628]
Event: 22.108 Thread 0x000002dccb43c0c0 11503       2       com.google.common.collect.RegularImmutableSortedSet::internalArray (8 bytes)
Event: 22.108 Thread 0x000002dccb43c0c0 nmethod 11503 0x000002dcb524a210 code [0x000002dcb524a3a0, 0x000002dcb524a4c8]
Event: 22.116 Thread 0x000002dccb43c0c0 11504 %     3       org.gradle.internal.normalization.java.impl.ApiMemberWriter::writeClass @ 215 (275 bytes)
Event: 22.118 Thread 0x000002dccb43c0c0 nmethod 11504% 0x000002dcb524a590 code [0x000002dcb524a9a0, 0x000002dcb524cd18]
Event: 22.124 Thread 0x000002dccb43c0c0 11506       2       org.objectweb.asm.ClassWriter::visitAnnotation (40 bytes)
Event: 22.124 Thread 0x000002dccb43c0c0 nmethod 11506 0x000002dcb524d710 code [0x000002dcb524d8c0, 0x000002dcb524db18]
Event: 22.161 Thread 0x000002dccb43c0c0 11507       3       org.objectweb.asm.ClassReader::getFirstAttributeOffset (136 bytes)
Event: 22.162 Thread 0x000002dccb43c0c0 nmethod 11507 0x000002dcb524dc10 code [0x000002dcb524de40, 0x000002dcb524e448]

GC Heap History (20 events):
Event: 17.839 GC heap after
{Heap after GC invocations=32 (full 0):
 garbage-first heap   total 129024K, used 73722K [0x0000000080000000, 0x0000000100000000)
  region size 1024K, 5 young (5120K), 5 survivors (5120K)
 Metaspace       used 82538K, committed 83200K, reserved 1122304K
  class space    used 11237K, committed 11520K, reserved 1048576K
}
Event: 18.356 GC heap before
{Heap before GC invocations=32 (full 0):
 garbage-first heap   total 129024K, used 105466K [0x0000000080000000, 0x0000000100000000)
  region size 1024K, 36 young (36864K), 5 survivors (5120K)
 Metaspace       used 83554K, committed 84224K, reserved 1122304K
  class space    used 11443K, committed 11712K, reserved 1048576K
}
Event: 18.367 GC heap after
{Heap after GC invocations=33 (full 0):
 garbage-first heap   total 129024K, used 78940K [0x0000000080000000, 0x0000000100000000)
  region size 1024K, 5 young (5120K), 5 survivors (5120K)
 Metaspace       used 83554K, committed 84224K, reserved 1122304K
  class space    used 11443K, committed 11712K, reserved 1048576K
}
Event: 19.144 GC heap before
{Heap before GC invocations=34 (full 0):
 garbage-first heap   total 137216K, used 104540K [0x0000000080000000, 0x0000000100000000)
  region size 1024K, 30 young (30720K), 5 survivors (5120K)
 Metaspace       used 85042K, committed 85696K, reserved 1130496K
  class space    used 11719K, committed 11968K, reserved 1048576K
}
Event: 19.154 GC heap after
{Heap after GC invocations=35 (full 0):
 garbage-first heap   total 137216K, used 83270K [0x0000000080000000, 0x0000000100000000)
  region size 1024K, 4 young (4096K), 4 survivors (4096K)
 Metaspace       used 85042K, committed 85696K, reserved 1130496K
  class space    used 11719K, committed 11968K, reserved 1048576K
}
Event: 19.181 GC heap before
{Heap before GC invocations=35 (full 0):
 garbage-first heap   total 137216K, used 85318K [0x0000000080000000, 0x0000000100000000)
  region size 1024K, 6 young (6144K), 4 survivors (4096K)
 Metaspace       used 85054K, committed 85696K, reserved 1130496K
  class space    used 11720K, committed 11968K, reserved 1048576K
}
Event: 19.194 GC heap after
{Heap after GC invocations=36 (full 0):
 garbage-first heap   total 164864K, used 83291K [0x0000000080000000, 0x0000000100000000)
  region size 1024K, 1 young (1024K), 1 survivors (1024K)
 Metaspace       used 85054K, committed 85696K, reserved 1130496K
  class space    used 11720K, committed 11968K, reserved 1048576K
}
Event: 20.160 GC heap before
{Heap before GC invocations=36 (full 0):
 garbage-first heap   total 164864K, used 129371K [0x0000000080000000, 0x0000000100000000)
  region size 1024K, 47 young (48128K), 1 survivors (1024K)
 Metaspace       used 85330K, committed 86016K, reserved 1130496K
  class space    used 11722K, committed 12032K, reserved 1048576K
}
Event: 20.166 GC heap after
{Heap after GC invocations=37 (full 0):
 garbage-first heap   total 164864K, used 87237K [0x0000000080000000, 0x0000000100000000)
  region size 1024K, 5 young (5120K), 5 survivors (5120K)
 Metaspace       used 85330K, committed 86016K, reserved 1130496K
  class space    used 11722K, committed 12032K, reserved 1048576K
}
Event: 20.935 GC heap before
{Heap before GC invocations=38 (full 0):
 garbage-first heap   total 164864K, used 131269K [0x0000000080000000, 0x0000000100000000)
  region size 1024K, 49 young (50176K), 5 survivors (5120K)
 Metaspace       used 85845K, committed 86464K, reserved 1130496K
  class space    used 11774K, committed 12032K, reserved 1048576K
}
Event: 20.943 GC heap after
{Heap after GC invocations=39 (full 0):
 garbage-first heap   total 164864K, used 90656K [0x0000000080000000, 0x0000000100000000)
  region size 1024K, 6 young (6144K), 6 survivors (6144K)
 Metaspace       used 85845K, committed 86464K, reserved 1130496K
  class space    used 11774K, committed 12032K, reserved 1048576K
}
Event: 20.957 GC heap before
{Heap before GC invocations=39 (full 0):
 garbage-first heap   total 164864K, used 91680K [0x0000000080000000, 0x0000000100000000)
  region size 1024K, 8 young (8192K), 6 survivors (6144K)
 Metaspace       used 85860K, committed 86464K, reserved 1130496K
  class space    used 11774K, committed 12032K, reserved 1048576K
}
Event: 20.962 GC heap after
{Heap after GC invocations=40 (full 0):
 garbage-first heap   total 164864K, used 90007K [0x0000000080000000, 0x0000000100000000)
  region size 1024K, 1 young (1024K), 1 survivors (1024K)
 Metaspace       used 85860K, committed 86464K, reserved 1130496K
  class space    used 11774K, committed 12032K, reserved 1048576K
}
Event: 21.306 GC heap before
{Heap before GC invocations=40 (full 0):
 garbage-first heap   total 164864K, used 130967K [0x0000000080000000, 0x0000000100000000)
  region size 1024K, 42 young (43008K), 1 survivors (1024K)
 Metaspace       used 86078K, committed 86656K, reserved 1130496K
  class space    used 11789K, committed 12032K, reserved 1048576K
}
Event: 21.318 GC heap after
{Heap after GC invocations=41 (full 0):
 garbage-first heap   total 164864K, used 94096K [0x0000000080000000, 0x0000000100000000)
  region size 1024K, 5 young (5120K), 5 survivors (5120K)
 Metaspace       used 86078K, committed 86656K, reserved 1130496K
  class space    used 11789K, committed 12032K, reserved 1048576K
}
Event: 21.923 GC heap before
{Heap before GC invocations=42 (full 0):
 garbage-first heap   total 171008K, used 134032K [0x0000000080000000, 0x0000000100000000)
  region size 1024K, 43 young (44032K), 5 survivors (5120K)
 Metaspace       used 86673K, committed 87296K, reserved 1130496K
  class space    used 11842K, committed 12096K, reserved 1048576K
}
Event: 21.928 GC heap after
{Heap after GC invocations=43 (full 0):
 garbage-first heap   total 171008K, used 98822K [0x0000000080000000, 0x0000000100000000)
  region size 1024K, 5 young (5120K), 5 survivors (5120K)
 Metaspace       used 86673K, committed 87296K, reserved 1130496K
  class space    used 11842K, committed 12096K, reserved 1048576K
}
Event: 21.950 GC heap before
{Heap before GC invocations=43 (full 0):
 garbage-first heap   total 171008K, used 101894K [0x0000000080000000, 0x0000000100000000)
  region size 1024K, 8 young (8192K), 5 survivors (5120K)
 Metaspace       used 86689K, committed 87360K, reserved 1130496K
  class space    used 11842K, committed 12096K, reserved 1048576K
}
Event: 21.955 GC heap after
{Heap after GC invocations=44 (full 0):
 garbage-first heap   total 171008K, used 98396K [0x0000000080000000, 0x0000000100000000)
  region size 1024K, 1 young (1024K), 1 survivors (1024K)
 Metaspace       used 86689K, committed 87360K, reserved 1130496K
  class space    used 11842K, committed 12096K, reserved 1048576K
}
Event: 22.193 GC heap before
{Heap before GC invocations=44 (full 0):
 garbage-first heap   total 171008K, used 139356K [0x0000000080000000, 0x0000000100000000)
  region size 1024K, 41 young (41984K), 1 survivors (1024K)
 Metaspace       used 86724K, committed 87360K, reserved 1130496K
  class space    used 11844K, committed 12096K, reserved 1048576K
}

Dll operation events (2 events):
Event: 0.036 Loaded shared library C:\Program Files\Android\Android Studio\jbr\bin\java.dll
Event: 0.972 Loaded shared library C:\Program Files\Android\Android Studio\jbr\bin\verify.dll

Deoptimization events (20 events):
Event: 21.845 Thread 0x000002dcd255dcc0 DEOPT PACKING pc=0x000002dcbbbc8c8c sp=0x000000ecdb9fbd10
Event: 21.845 Thread 0x000002dcd255dcc0 DEOPT UNPACKING pc=0x000002dcbb4f69a3 sp=0x000000ecdb9fbce8 mode 2
Event: 21.854 Thread 0x000002dcd255dcc0 Uncommon trap: trap_request=0xffffff45 fr.pc=0x000002dcbbafd33c relative=0x000000000000079c
Event: 21.854 Thread 0x000002dcd255dcc0 Uncommon trap: reason=unstable_if action=reinterpret pc=0x000002dcbbafd33c method=org.objectweb.asm.MethodWriter.visitMethodInsn(ILjava/lang/String;Ljava/lang/String;Ljava/lang/String;Z)V @ 89 c2
Event: 21.854 Thread 0x000002dcd255dcc0 DEOPT PACKING pc=0x000002dcbbafd33c sp=0x000000ecdb9fbe60
Event: 21.854 Thread 0x000002dcd255dcc0 DEOPT UNPACKING pc=0x000002dcbb4f69a3 sp=0x000000ecdb9fbe08 mode 2
Event: 21.866 Thread 0x000002dcd255dcc0 Uncommon trap: trap_request=0xffffff45 fr.pc=0x000002dcbbd4dee0 relative=0x0000000000000460
Event: 21.866 Thread 0x000002dcd255dcc0 Uncommon trap: reason=unstable_if action=reinterpret pc=0x000002dcbbd4dee0 method=org.objectweb.asm.Type.getArgumentsAndReturnSizes(Ljava/lang/String;)I @ 25 c2
Event: 21.866 Thread 0x000002dcd255dcc0 DEOPT PACKING pc=0x000002dcbbd4dee0 sp=0x000000ecdb9fbd50
Event: 21.866 Thread 0x000002dcd255dcc0 DEOPT UNPACKING pc=0x000002dcbb4f69a3 sp=0x000000ecdb9fbcd0 mode 2
Event: 21.977 Thread 0x000002dcd255dcc0 DEOPT PACKING pc=0x000002dcb4c508c1 sp=0x000000ecdb9fc050
Event: 21.977 Thread 0x000002dcd255dcc0 DEOPT UNPACKING pc=0x000002dcbb4f7143 sp=0x000000ecdb9fb500 mode 0
Event: 21.999 Thread 0x000002dcd255dcc0 DEOPT PACKING pc=0x000002dcb51fc4f7 sp=0x000000ecdb9fc140
Event: 21.999 Thread 0x000002dcd255dcc0 DEOPT UNPACKING pc=0x000002dcbb4f7143 sp=0x000000ecdb9fb620 mode 0
Event: 22.161 Thread 0x000002dcd255dcc0 DEOPT PACKING pc=0x000002dcb51fb570 sp=0x000000ecdb9fbd30
Event: 22.161 Thread 0x000002dcd255dcc0 DEOPT UNPACKING pc=0x000002dcbb4f7143 sp=0x000000ecdb9fb1f0 mode 0
Event: 22.178 Thread 0x000002dccfd8d500 Uncommon trap: trap_request=0xffffff45 fr.pc=0x000002dcbbe66a00 relative=0x00000000000000e0
Event: 22.178 Thread 0x000002dccfd8d500 Uncommon trap: reason=unstable_if action=reinterpret pc=0x000002dcbbe66a00 method=java.util.concurrent.locks.AbstractQueuedSynchronizer.hasQueuedPredecessors()Z @ 8 c2
Event: 22.178 Thread 0x000002dccfd8d500 DEOPT PACKING pc=0x000002dcbbe66a00 sp=0x000000ecdb5fe870
Event: 22.178 Thread 0x000002dccfd8d500 DEOPT UNPACKING pc=0x000002dcbb4f69a3 sp=0x000000ecdb5fe7f8 mode 2

Classes unloaded (8 events):
Event: 20.275 Thread 0x000002dcca925320 Unloading class 0x0000000100ba1c00 'java/lang/invoke/LambdaForm$DMH+0x0000000100ba1c00'
Event: 20.276 Thread 0x000002dcca925320 Unloading class 0x0000000100ba1800 'java/lang/invoke/LambdaForm$DMH+0x0000000100ba1800'
Event: 20.276 Thread 0x000002dcca925320 Unloading class 0x0000000100ba1400 'java/lang/invoke/LambdaForm$DMH+0x0000000100ba1400'
Event: 20.276 Thread 0x000002dcca925320 Unloading class 0x0000000100ba1000 'java/lang/invoke/LambdaForm$DMH+0x0000000100ba1000'
Event: 20.276 Thread 0x000002dcca925320 Unloading class 0x0000000100ba0c00 'java/lang/invoke/LambdaForm$DMH+0x0000000100ba0c00'
Event: 20.276 Thread 0x000002dcca925320 Unloading class 0x0000000100ba0800 'java/lang/invoke/LambdaForm$DMH+0x0000000100ba0800'
Event: 20.276 Thread 0x000002dcca925320 Unloading class 0x0000000100ba0400 'java/lang/invoke/LambdaForm$DMH+0x0000000100ba0400'
Event: 21.430 Thread 0x000002dcca925320 Unloading class 0x0000000100bb0000 'java/lang/invoke/LambdaForm$DMH+0x0000000100bb0000'

Classes redefined (0 events):
No events

Internal exceptions (20 events):
Event: 19.032 Thread 0x000002dccde70880 Exception <a 'java/lang/NoSuchMethodError'{0x00000000875c30f8}: 'java.lang.Object java.lang.invoke.DirectMethodHandle$Holder.invokeSpecialIFC(java.lang.Object, java.lang.Object, java.lang.Object)'> (0x00000000875c30f8) 
thrown [s\src\hotspot\share\interpreter\linkResolver.cpp, line 771]
Event: 19.032 Thread 0x000002dccde733d0 Exception <a 'java/lang/NoSuchMethodError'{0x000000008756ce78}: 'java.lang.Object java.lang.invoke.DirectMethodHandle$Holder.invokeSpecialIFC(java.lang.Object, java.lang.Object, java.lang.Object)'> (0x000000008756ce78) 
thrown [s\src\hotspot\share\interpreter\linkResolver.cpp, line 771]
Event: 19.032 Thread 0x000002dccde768c0 Exception <a 'java/lang/NoSuchMethodError'{0x00000000875aa158}: 'java.lang.Object java.lang.invoke.DirectMethodHandle$Holder.invokeSpecialIFC(java.lang.Object, java.lang.Object, java.lang.Object)'> (0x00000000875aa158) 
thrown [s\src\hotspot\share\interpreter\linkResolver.cpp, line 771]
Event: 19.032 Thread 0x000002dcd0044090 Exception <a 'java/lang/NoSuchMethodError'{0x0000000087541aa0}: 'java.lang.Object java.lang.invoke.DirectMethodHandle$Holder.invokeSpecialIFC(java.lang.Object, java.lang.Object, java.lang.Object)'> (0x0000000087541aa0) 
thrown [s\src\hotspot\share\interpreter\linkResolver.cpp, line 771]
Event: 19.033 Thread 0x000002dcd0044a30 Exception <a 'java/lang/NoSuchMethodError'{0x00000000875a19b8}: 'java.lang.Object java.lang.invoke.DirectMethodHandle$Holder.invokeSpecialIFC(java.lang.Object, java.lang.Object, java.lang.Object)'> (0x00000000875a19b8) 
thrown [s\src\hotspot\share\interpreter\linkResolver.cpp, line 771]
Event: 19.033 Thread 0x000002dccff4d100 Exception <a 'java/lang/NoSuchMethodError'{0x000000008743ce98}: 'java.lang.Object java.lang.invoke.DirectMethodHandle$Holder.invokeSpecialIFC(java.lang.Object, java.lang.Object, java.lang.Object)'> (0x000000008743ce98) 
thrown [s\src\hotspot\share\interpreter\linkResolver.cpp, line 771]
Event: 19.033 Thread 0x000002dcd255ce50 Exception <a 'java/lang/NoSuchMethodError'{0x00000000876ba7f0}: 'java.lang.Object java.lang.invoke.DirectMethodHandle$Holder.invokeSpecialIFC(java.lang.Object, java.lang.Object, java.lang.Object)'> (0x00000000876ba7f0) 
thrown [s\src\hotspot\share\interpreter\linkResolver.cpp, line 771]
Event: 19.326 Thread 0x000002dcd0044a30 Exception <a 'java/lang/NoSuchMethodError'{0x000000008a09b348}: 'void java.lang.invoke.DirectMethodHandle$Holder.invokeVirtual(java.lang.Object, java.lang.Object)'> (0x000000008a09b348) 
thrown [s\src\hotspot\share\interpreter\linkResolver.cpp, line 771]
Event: 19.326 Thread 0x000002dcd255ce50 Exception <a 'java/lang/NoSuchMethodError'{0x0000000089668268}: 'void java.lang.invoke.DirectMethodHandle$Holder.invokeVirtual(java.lang.Object, java.lang.Object)'> (0x0000000089668268) 
thrown [s\src\hotspot\share\interpreter\linkResolver.cpp, line 771]
Event: 20.371 Thread 0x000002dcd003e9f0 Implicit null exception at 0x000002dcbbe0dc60 to 0x000002dcbbe0dcec
Event: 20.404 Thread 0x000002dccff4bdc0 Implicit null exception at 0x000002dcbbe0f488 to 0x000002dcbbe0f614
Event: 21.086 Thread 0x000002dcd255dcc0 Exception <a 'java/lang/NoSuchMethodError'{0x0000000089289d40}: static Lcom/android/build/gradle/internal/scope/InternalArtifactType;.<clinit>()V> (0x0000000089289d40) 
thrown [s\src\hotspot\share\prims\jni.cpp, line 1108]
Event: 21.086 Thread 0x000002dcd255dcc0 Exception <a 'java/lang/NoSuchMethodError'{0x000000008928b498}: static Lcom/android/build/gradle/internal/scope/InternalArtifactType;.<clinit>()V> (0x000000008928b498) 
thrown [s\src\hotspot\share\prims\jni.cpp, line 1108]
Event: 21.086 Thread 0x000002dcd255dcc0 Exception <a 'java/lang/NoSuchMethodError'{0x000000008928e9c8}: static Lcom/android/build/api/artifact/Artifact$Single;.<clinit>()V> (0x000000008928e9c8) 
thrown [s\src\hotspot\share\prims\jni.cpp, line 1108]
Event: 21.086 Thread 0x000002dcd255dcc0 Exception <a 'java/lang/NoSuchMethodError'{0x0000000089290f40}: static Ljava/lang/Object;.<clinit>()V> (0x0000000089290f40) 
thrown [s\src\hotspot\share\prims\jni.cpp, line 1108]
Event: 21.088 Thread 0x000002dcd255dcc0 Exception <a 'java/lang/NoSuchMethodError'{0x00000000892a7948}: static Lcom/android/build/api/artifact/ArtifactKind;.<clinit>()V> (0x00000000892a7948) 
thrown [s\src\hotspot\share\prims\jni.cpp, line 1108]
Event: 21.088 Thread 0x000002dcd255dcc0 Exception <a 'java/lang/NoSuchMethodError'{0x00000000892a8b08}: static Lcom/android/build/api/artifact/ArtifactKind;.<clinit>()V> (0x00000000892a8b08) 
thrown [s\src\hotspot\share\prims\jni.cpp, line 1108]
Event: 21.668 Thread 0x000002dcd255dcc0 Exception <a 'java/lang/NoSuchMethodError'{0x000000008960d918}: 'int java.lang.invoke.DirectMethodHandle$Holder.invokeSpecial(java.lang.Object, java.lang.Object, java.lang.Object, java.lang.Object, java.lang.Object)'> (0x000000008960d918) 
thrown [s\src\hotspot\share\interpreter\linkResolver.cpp, line 771]
Event: 21.719 Thread 0x000002dcd255dcc0 Exception <a 'java/lang/NoSuchMethodError'{0x00000000896a52a8}: static Ljava/lang/Object;.<clinit>()V> (0x00000000896a52a8) 
thrown [s\src\hotspot\share\prims\jni.cpp, line 1108]
Event: 22.178 Thread 0x000002dccfd8d500 Implicit null exception at 0x000002dcbbe66961 to 0x000002dcbbe669ec

VM Operations (20 events):
Event: 21.107 Executing VM operation: HandshakeAllThreads done
Event: 21.109 Executing VM operation: HandshakeAllThreads
Event: 21.109 Executing VM operation: HandshakeAllThreads done
Event: 21.306 Executing VM operation: G1CollectForAllocation
Event: 21.324 Executing VM operation: G1CollectForAllocation done
Event: 21.429 Executing VM operation: G1Concurrent
Event: 21.450 Executing VM operation: G1Concurrent done
Event: 21.504 Executing VM operation: G1Concurrent
Event: 21.504 Executing VM operation: G1Concurrent done
Event: 21.647 Executing VM operation: HandshakeAllThreads
Event: 21.648 Executing VM operation: HandshakeAllThreads done
Event: 21.672 Executing VM operation: ICBufferFull
Event: 21.672 Executing VM operation: ICBufferFull done
Event: 21.853 Executing VM operation: HandshakeAllThreads
Event: 21.853 Executing VM operation: HandshakeAllThreads done
Event: 21.922 Executing VM operation: G1CollectForAllocation
Event: 21.928 Executing VM operation: G1CollectForAllocation done
Event: 21.950 Executing VM operation: G1CollectForAllocation
Event: 21.955 Executing VM operation: G1CollectForAllocation done
Event: 22.193 Executing VM operation: G1CollectForAllocation

Events (20 events):
Event: 18.543 loading class java/io/ObjectInputFilter$Config done
Event: 18.544 loading class java/io/ObjectInputFilter
Event: 18.544 loading class java/io/ObjectInputFilter done
Event: 18.544 loading class java/io/ObjectInputFilter$Config$BuiltinFilterFactory
Event: 18.545 loading class java/io/ObjectInputFilter$Config$BuiltinFilterFactory done
Event: 18.545 loading class jdk/internal/access/JavaObjectInputFilterAccess
Event: 18.545 loading class jdk/internal/access/JavaObjectInputFilterAccess done
Event: 18.545 loading class jdk/internal/event/DeserializationEvent
Event: 18.545 loading class jdk/internal/event/DeserializationEvent done
Event: 18.546 loading class java/io/ObjectInputStream$FieldValues
Event: 18.546 loading class java/io/ObjectInputStream$GetField
Event: 18.546 loading class java/io/ObjectInputStream$GetField done
Event: 18.546 loading class java/io/ObjectInputStream$FieldValues done
Event: 19.824 Thread 0x000002dccb43cab0 flushing nmethod 0x000002dcb442a690
Event: 20.771 loading class java/util/stream/SortedOps$SizedRefSortingSink
Event: 20.772 loading class java/util/stream/SortedOps$SizedRefSortingSink done
Event: 21.081 loading class java/util/concurrent/ConcurrentSkipListMap$KeySet
Event: 21.082 loading class java/util/concurrent/ConcurrentSkipListMap$KeySet done
Event: 21.083 loading class java/util/concurrent/ConcurrentSkipListMap$KeyIterator
Event: 21.083 loading class java/util/concurrent/ConcurrentSkipListMap$KeyIterator done


Dynamic libraries:
0x00007ff6f3aa0000 - 0x00007ff6f3aaa000 	C:\Program Files\Android\Android Studio\jbr\bin\java.exe
0x00007ffbd6d50000 - 0x00007ffbd6f64000 	C:\WINDOWS\SYSTEM32\ntdll.dll
0x00007ffbd5dc0000 - 0x00007ffbd5e84000 	C:\WINDOWS\System32\KERNEL32.DLL
0x00007ffbd43a0000 - 0x00007ffbd4744000 	C:\WINDOWS\System32\KERNELBASE.dll
0x00007ffbd4750000 - 0x00007ffbd4861000 	C:\WINDOWS\System32\ucrtbase.dll
0x00007ffbca320000 - 0x00007ffbca337000 	C:\Program Files\Android\Android Studio\jbr\bin\jli.dll
0x00007ffbcb390000 - 0x00007ffbcb3ab000 	C:\Program Files\Android\Android Studio\jbr\bin\VCRUNTIME140.dll
0x00007ffbd5480000 - 0x00007ffbd562a000 	C:\WINDOWS\System32\USER32.dll
0x00007ffbd4130000 - 0x00007ffbd4156000 	C:\WINDOWS\System32\win32u.dll
0x00007ffbd5630000 - 0x00007ffbd5659000 	C:\WINDOWS\System32\GDI32.dll
0x00007ffbd41e0000 - 0x00007ffbd42f9000 	C:\WINDOWS\System32\gdi32full.dll
0x00007ffbd4300000 - 0x00007ffbd439a000 	C:\WINDOWS\System32\msvcp_win.dll
0x00007ffbb8b80000 - 0x00007ffbb8e0f000 	C:\WINDOWS\WinSxS\amd64_microsoft.windows.common-controls_6595b64144ccf1df_6.0.22621.2070_none_2713e6537381f706\COMCTL32.dll
0x00007ffbd6c60000 - 0x00007ffbd6d07000 	C:\WINDOWS\System32\msvcrt.dll
0x00007ffbd5d80000 - 0x00007ffbd5db1000 	C:\WINDOWS\System32\IMM32.DLL
0x00007ffbcb2f0000 - 0x00007ffbcb2fc000 	C:\Program Files\Android\Android Studio\jbr\bin\vcruntime140_1.dll
0x00007ffba1970000 - 0x00007ffba19fd000 	C:\Program Files\Android\Android Studio\jbr\bin\msvcp140.dll
0x00007ffb5dcf0000 - 0x00007ffb5e95e000 	C:\Program Files\Android\Android Studio\jbr\bin\server\jvm.dll
0x00007ffbd5fa0000 - 0x00007ffbd6050000 	C:\WINDOWS\System32\ADVAPI32.dll
0x00007ffbd6050000 - 0x00007ffbd60f6000 	C:\WINDOWS\System32\sechost.dll
0x00007ffbd4fe0000 - 0x00007ffbd50f7000 	C:\WINDOWS\System32\RPCRT4.dll
0x00007ffbc98c0000 - 0x00007ffbc98f4000 	C:\WINDOWS\SYSTEM32\WINMM.dll
0x00007ffbc9410000 - 0x00007ffbc941a000 	C:\WINDOWS\SYSTEM32\VERSION.dll
0x00007ffbcb310000 - 0x00007ffbcb319000 	C:\WINDOWS\SYSTEM32\WSOCK32.dll
0x00007ffbd6360000 - 0x00007ffbd63d1000 	C:\WINDOWS\System32\ws2_32.DLL
0x00007ffbd3210000 - 0x00007ffbd3228000 	C:\WINDOWS\SYSTEM32\kernel.appcore.dll
0x00007ffbcacf0000 - 0x00007ffbcacfa000 	C:\Program Files\Android\Android Studio\jbr\bin\jimage.dll
0x00007ffbd1b20000 - 0x00007ffbd1d4e000 	C:\WINDOWS\SYSTEM32\DBGHELP.DLL
0x00007ffbd4bc0000 - 0x00007ffbd4f4a000 	C:\WINDOWS\System32\combase.dll
0x00007ffbd5320000 - 0x00007ffbd53f7000 	C:\WINDOWS\System32\OLEAUT32.dll
0x00007ffbb7660000 - 0x00007ffbb7692000 	C:\WINDOWS\SYSTEM32\dbgcore.DLL
0x00007ffbd4160000 - 0x00007ffbd41da000 	C:\WINDOWS\System32\bcryptPrimitives.dll
0x00007ffbca460000 - 0x00007ffbca485000 	C:\Program Files\Android\Android Studio\jbr\bin\java.dll
0x00007ffbcaa90000 - 0x00007ffbcaaa8000 	C:\Program Files\Android\Android Studio\jbr\bin\zip.dll
0x00007ffbd63f0000 - 0x00007ffbd6c06000 	C:\WINDOWS\System32\SHELL32.dll
0x00007ffbd2110000 - 0x00007ffbd29fa000 	C:\WINDOWS\SYSTEM32\windows.storage.dll
0x00007ffbd1fd0000 - 0x00007ffbd210e000 	C:\WINDOWS\SYSTEM32\wintypes.dll
0x00007ffbd5660000 - 0x00007ffbd5753000 	C:\WINDOWS\System32\SHCORE.dll
0x00007ffbd5100000 - 0x00007ffbd515e000 	C:\WINDOWS\System32\shlwapi.dll
0x00007ffbd4060000 - 0x00007ffbd4086000 	C:\WINDOWS\SYSTEM32\profapi.dll
0x00007ffbca8e0000 - 0x00007ffbca8f9000 	C:\Program Files\Android\Android Studio\jbr\bin\net.dll
0x00007ffbcd440000 - 0x00007ffbcd577000 	C:\WINDOWS\SYSTEM32\WINHTTP.dll
0x00007ffbd36e0000 - 0x00007ffbd3749000 	C:\WINDOWS\system32\mswsock.dll
0x00007ffbca660000 - 0x00007ffbca676000 	C:\Program Files\Android\Android Studio\jbr\bin\nio.dll
0x00007ffbcaa70000 - 0x00007ffbcaa80000 	C:\Program Files\Android\Android Studio\jbr\bin\verify.dll
0x00007ffbbb870000 - 0x00007ffbbb897000 	C:\Users\varda maghoo\.gradle\native\68d5fa5c4cc2d200863cafc0d521ce42e7d3e7ee720ec0a83991735586a16f82\windows-amd64\native-platform.dll
0x00007ffb93c50000 - 0x00007ffb93d94000 	C:\Users\varda maghoo\.gradle\native\e376f236ea51e6404a007f0833ffe2c6e607c4080706a723a18a27aeea778392\windows-amd64\native-platform-file-events.dll
0x00007ffbcaa50000 - 0x00007ffbcaa59000 	C:\Program Files\Android\Android Studio\jbr\bin\management.dll
0x00007ffbca380000 - 0x00007ffbca38b000 	C:\Program Files\Android\Android Studio\jbr\bin\management_ext.dll
0x00007ffbd63e0000 - 0x00007ffbd63e8000 	C:\WINDOWS\System32\PSAPI.DLL
0x00007ffbd3940000 - 0x00007ffbd395b000 	C:\WINDOWS\SYSTEM32\CRYPTSP.dll
0x00007ffbd31d0000 - 0x00007ffbd3205000 	C:\WINDOWS\system32\rsaenh.dll
0x00007ffbd37d0000 - 0x00007ffbd37fc000 	C:\WINDOWS\SYSTEM32\USERENV.dll
0x00007ffbd3ad0000 - 0x00007ffbd3af8000 	C:\WINDOWS\SYSTEM32\bcrypt.dll
0x00007ffbd3930000 - 0x00007ffbd393c000 	C:\WINDOWS\SYSTEM32\CRYPTBASE.dll
0x00007ffbd2cd0000 - 0x00007ffbd2cfd000 	C:\WINDOWS\SYSTEM32\IPHLPAPI.DLL
0x00007ffbd6100000 - 0x00007ffbd6109000 	C:\WINDOWS\System32\NSI.dll
0x00007ffbc9420000 - 0x00007ffbc9439000 	C:\WINDOWS\SYSTEM32\dhcpcsvc6.DLL
0x00007ffbc8ef0000 - 0x00007ffbc8f0f000 	C:\WINDOWS\SYSTEM32\dhcpcsvc.DLL
0x00007ffbd2d00000 - 0x00007ffbd2df3000 	C:\WINDOWS\SYSTEM32\DNSAPI.dll
0x00007ffbcaa80000 - 0x00007ffbcaa88000 	C:\WINDOWS\system32\wshunix.dll

dbghelp: loaded successfully - version: 4.0.5 - missing functions: none
symbol engine: initialized successfully - sym options: 0x614 - pdb path: .;C:\Program Files\Android\Android Studio\jbr\bin;C:\WINDOWS\SYSTEM32;C:\WINDOWS\WinSxS\amd64_microsoft.windows.common-controls_6595b64144ccf1df_6.0.22621.2070_none_2713e6537381f706;C:\Program Files\Android\Android Studio\jbr\bin\server;C:\Users\varda maghoo\.gradle\native\68d5fa5c4cc2d200863cafc0d521ce42e7d3e7ee720ec0a83991735586a16f82\windows-amd64;C:\Users\varda maghoo\.gradle\native\e376f236ea51e6404a007f0833ffe2c6e607c4080706a723a18a27aeea778392\windows-amd64

VM Arguments:
jvm_args: --add-opens=java.base/java.util=ALL-UNNAMED --add-opens=java.base/java.lang=ALL-UNNAMED --add-opens=java.base/java.lang.invoke=ALL-UNNAMED --add-opens=java.prefs/java.util.prefs=ALL-UNNAMED --add-opens=java.base/java.nio.charset=ALL-UNNAMED --add-opens=java.base/java.net=ALL-UNNAMED --add-opens=java.base/java.util.concurrent.atomic=ALL-UNNAMED -Xmx2048m -Dfile.encoding=UTF-8 -Duser.country=GB -Duser.language=en -Duser.variant 
java_command: org.gradle.launcher.daemon.bootstrap.GradleDaemon 8.0
java_class_path (initial): C:\Users\varda maghoo\.gradle\wrapper\dists\gradle-8.0-bin\ca5e32bp14vu59qr306oxotwh\gradle-8.0\lib\gradle-launcher-8.0.jar
Launcher Type: SUN_STANDARD

[Global flags]
     intx CICompilerCount                          = 4                                         {product} {ergonomic}
     uint ConcGCThreads                            = 2                                         {product} {ergonomic}
     uint G1ConcRefinementThreads                  = 8                                         {product} {ergonomic}
   size_t G1HeapRegionSize                         = 1048576                                   {product} {ergonomic}
    uintx GCDrainStackTargetSize                   = 64                                        {product} {ergonomic}
   size_t InitialHeapSize                          = 132120576                                 {product} {ergonomic}
   size_t MarkStackSize                            = 4194304                                   {product} {ergonomic}
   size_t MaxHeapSize                              = 2147483648                                {product} {command line}
   size_t MaxNewSize                               = 1287651328                                {product} {ergonomic}
   size_t MinHeapDeltaBytes                        = 1048576                                   {product} {ergonomic}
   size_t MinHeapSize                              = 8388608                                   {product} {ergonomic}
    uintx NonNMethodCodeHeapSize                   = 5839372                                {pd product} {ergonomic}
    uintx NonProfiledCodeHeapSize                  = 122909434                              {pd product} {ergonomic}
    uintx ProfiledCodeHeapSize                     = 122909434                              {pd product} {ergonomic}
    uintx ReservedCodeCacheSize                    = 251658240                              {pd product} {ergonomic}
     bool SegmentedCodeCache                       = true                                      {product} {ergonomic}
   size_t SoftMaxHeapSize                          = 2147483648                             {manageable} {ergonomic}
     bool UseCompressedClassPointers               = true                           {product lp64_product} {ergonomic}
     bool UseCompressedOops                        = true                           {product lp64_product} {ergonomic}
     bool UseG1GC                                  = true                                      {product} {ergonomic}
     bool UseLargePagesIndividualAllocation        = false                                  {pd product} {ergonomic}

Logging:
Log output configuration:
 #0: stdout all=warning uptime,level,tags
 #1: stderr all=off uptime,level,tags

Environment Variables:
JAVA_HOME=C:\Java\jdk-20
PATH=C:\Program Files\Common Files\Oracle\Java\javapath;C:\WINDOWS\system32;C:\WINDOWS;C:\WINDOWS\System32\Wbem;C:\WINDOWS\System32\WindowsPowerShell\v1.0\;C:\WINDOWS\System32\OpenSSH\;C:\Program Files\Git\cmd;C:\Users\varda maghoo\AppData\Local\Programs\Python\Python310;C:\Users\varda maghoo\AppData\Local\Programs\Python\Python310\Scripts;%SPARK_HOME%\bin;%HADOOP_HOME%\bin;D:\NodeJS\;C:\Users\varda maghoo\AppData\Local\Microsoft\WindowsApps;D:\Microsoft VS Code\bin;C:\spark\spark-3.4.1-bin-hadoop3\bin;C:\Hadoop\bin;C:\Java\jdk-20\bin;C:\Users\varda maghoo\AppData\Roaming\npm
USERNAME=varda maghoo
OS=Windows_NT
PROCESSOR_IDENTIFIER=Intel64 Family 6 Model 142 Stepping 12, GenuineIntel
TMP=C:\Users\VARDAM~1\AppData\Local\Temp
TEMP=C:\Users\VARDAM~1\AppData\Local\Temp


JNI global refs:
JNI global refs: 25, weak refs: 24

JNI global refs memory usage: 843, weak refs: 841


---------------  S Y S T E M  ---------------

OS:
 Windows 11 , 64 bit Build 22621 (10.0.22621.2070)
OS uptime: 1 days 22:30 hours

CPU: total 8 (initial active 8) (4 cores per cpu, 2 threads per core) family 6 model 142 stepping 12 microcode 0xde, cx8, cmov, fxsr, ht, mmx, 3dnowpref, sse, sse2, sse3, ssse3, sse4.1, sse4.2, popcnt, lzcnt, tsc, tscinvbit, avx, avx2, aes, erms, clmul, bmi1, bmi2, adx, fma, vzeroupper, clflush, clflushopt

Memory: 4k page, system-wide physical 8025M (114M free)
TotalPageFile size 21145M (AvailPageFile size 133M)
current process WorkingSet (physical memory assigned to process): 350M, peak: 357M
current process commit charge ("private bytes"): 429M, peak: 665M

vm_info: OpenJDK 64-Bit Server VM (17.0.6+0-b2043.56-10027231) for windows-amd64 JRE (17.0.6+0-b2043.56-10027231), built on Apr 28 2023 00:43:19 by "androidbuild" with MS VC++ 16.10 / 16.11 (VS2019)

END.
