#
# There is insufficient memory for the Java Runtime Environment to continue.
# Native memory allocation (mmap) failed to map 169869312 bytes for G1 virtual space
# Possible reasons:
#   The system is out of physical RAM or swap space
#   The process is running with CompressedOops enabled, and the Java Heap may be blocking the growth of the native heap
# Possible solutions:
#   Reduce memory load on the system
#   Increase physical memory or swap space
#   Check if swap backing store is full
#   Decrease Java heap size (-Xmx/-Xms)
#   Decrease number of Java threads
#   Decrease Java thread stack sizes (-Xss)
#   Set larger code cache with -XX:ReservedCodeCacheSize=
#   JVM is running with Unscaled Compressed Oops mode in which the Java heap is
#     placed in the first 4GB address space. The Java Heap base address is the
#     maximum limit for the native heap growth. Please use -XX:HeapBaseMinAddress
#     to set the Java Heap base and to place the Java Heap above 4GB virtual address.
# This output file may be truncated or incomplete.
#
#  Out of Memory Error (os_windows.cpp:3769), pid=3988, tid=5668
#
# JRE version: OpenJDK Runtime Environment (17.0.6) (build 17.0.6+0-b2043.56-10027231)
# Java VM: OpenJDK 64-Bit Server VM (17.0.6+0-b2043.56-10027231, mixed mode, tiered, compressed oops, compressed class ptrs, g1 gc, windows-amd64)
# No core dump will be written. Minidumps are not enabled by default on client versions of Windows
#

---------------  S U M M A R Y ------------

Command Line: --add-opens=java.base/java.util=ALL-UNNAMED --add-opens=java.base/java.lang=ALL-UNNAMED --add-opens=java.base/java.lang.invoke=ALL-UNNAMED --add-opens=java.prefs/java.util.prefs=ALL-UNNAMED --add-opens=java.base/java.nio.charset=ALL-UNNAMED --add-opens=java.base/java.net=ALL-UNNAMED --add-opens=java.base/java.util.concurrent.atomic=ALL-UNNAMED -Xmx2048m -Dfile.encoding=UTF-8 -Duser.country=GB -Duser.language=en -Duser.variant org.gradle.launcher.daemon.bootstrap.GradleDaemon 8.0

Host: Intel(R) Core(TM) i5-10210U CPU @ 1.60GHz, 8 cores, 7G,  Windows 11 , 64 bit Build 22621 (10.0.22621.2070)
Time: Thu Aug 31 22:48:10 2023 Mauritius Standard Time elapsed time: 10.519861 seconds (0d 0h 0m 10s)

---------------  T H R E A D  ---------------

Current thread (0x0000019c7f405de0):  VMThread "VM Thread" [stack: 0x0000008b20200000,0x0000008b20300000] [id=5668]

Stack: [0x0000008b20200000,0x0000008b20300000]
Native frames: (J=compiled Java code, j=interpreted, Vv=VM code, C=native code)
V  [jvm.dll+0x683c9a]
V  [jvm.dll+0x8427a4]
V  [jvm.dll+0x843f9e]
V  [jvm.dll+0x844603]
V  [jvm.dll+0x249b75]
V  [jvm.dll+0x680b69]
V  [jvm.dll+0x67505a]
V  [jvm.dll+0x309acb]
V  [jvm.dll+0x310f86]
V  [jvm.dll+0x3608ee]
V  [jvm.dll+0x360b1f]
V  [jvm.dll+0x2dfbf8]
V  [jvm.dll+0x2ddec4]
V  [jvm.dll+0x2dd4cc]
V  [jvm.dll+0x321f3b]
V  [jvm.dll+0x848ccb]
V  [jvm.dll+0x849a04]
V  [jvm.dll+0x849f1d]
V  [jvm.dll+0x84a2f4]
V  [jvm.dll+0x84a3c0]
V  [jvm.dll+0x7f274a]
V  [jvm.dll+0x682ad5]
C  [ucrtbase.dll+0x29363]
C  [KERNEL32.DLL+0x126ad]
C  [ntdll.dll+0x5aa68]

VM_Operation (0x0000008b219f6440): G1CollectForAllocation, mode: safepoint, requested by thread 0x0000019c04b569f0


---------------  P R O C E S S  ---------------

Threads class SMR info:
_java_thread_list=0x0000019c0705dfa0, length=126, elements={
0x0000019c68d37600, 0x0000019c7f407980, 0x0000019c7f408530, 0x0000019c7e896490,
0x0000019c7e897040, 0x0000019c7f42cc60, 0x0000019c7f42f530, 0x0000019c7f4546a0,
0x0000019c7f456900, 0x0000019c7f458120, 0x0000019c7f5db8e0, 0x0000019c7f5ef460,
0x0000019c054524a0, 0x0000019c061c8a50, 0x0000019c04b38a60, 0x0000019c06149560,
0x0000019c051ff400, 0x0000019c04b56120, 0x0000019c04b569f0, 0x0000019c0610edb0,
0x0000019c06110f60, 0x0000019c0610d5a0, 0x0000019c0610fc20, 0x0000019c061105c0,
0x0000019c0610f280, 0x0000019c0610e8e0, 0x0000019c061100f0, 0x0000019c0610f750,
0x0000019c06110a90, 0x0000019c0610da70, 0x0000019c0610e410, 0x0000019c0610df40,
0x0000019c077c1af0, 0x0000019c077c0c80, 0x0000019c077bfe10, 0x0000019c0746c130,
0x0000019c077c1fc0, 0x0000019c077c37d0, 0x0000019c077c4fe0, 0x0000019c077c1150,
0x0000019c077c2490, 0x0000019c077c02e0, 0x0000019c077c2960, 0x0000019c077c2e30,
0x0000019c077c6320, 0x0000019c077c3300, 0x0000019c077c3ca0, 0x0000019c077c07b0,
0x0000019c077c4170, 0x0000019c077c67f0, 0x0000019c077bf470, 0x0000019c077c4640,
0x0000019c077c4b10, 0x0000019c077bf940, 0x0000019c06d75050, 0x0000019c06d72ea0,
0x0000019c06d711c0, 0x0000019c06d759f0, 0x0000019c06d6f010, 0x0000019c06d73370,
0x0000019c06d70350, 0x0000019c06d73840, 0x0000019c06d746b0, 0x0000019c06d70cf0,
0x0000019c06d71b60, 0x0000019c06d73d10, 0x0000019c06d71690, 0x0000019c06d72030,
0x0000019c06d6fe80, 0x0000019c06d6eb40, 0x0000019c06d74b80, 0x0000019c06d72500,
0x0000019c06d741e0, 0x0000019c06d75ec0, 0x0000019c06d6f4e0, 0x0000019c06d70820,
0x0000019c06d729d0, 0x0000019c06d75520, 0x0000019c06d6e670, 0x0000019c06d6f9b0,
0x0000019c07e5eb20, 0x0000019c07e624e0, 0x0000019c07e5e180, 0x0000019c07e64b60,
0x0000019c07e63cf0, 0x0000019c07e65500, 0x0000019c07e62e80, 0x0000019c07e60330,
0x0000019c07e65030, 0x0000019c07e5f990, 0x0000019c07e60800, 0x0000019c07e629b0,
0x0000019c07e63820, 0x0000019c07e5eff0, 0x0000019c07e5fe60, 0x0000019c07e5f4c0,
0x0000019c07e60cd0, 0x0000019c07e5e650, 0x0000019c07e659d0, 0x0000019c07e63350,
0x0000019c07e641c0, 0x0000019c07e611a0, 0x0000019c07e61670, 0x0000019c07e61b40,
0x0000019c07e62010, 0x0000019c07e64690, 0x0000019c067af600, 0x0000019c067ad450,
0x0000019c067ad920, 0x0000019c067aec60, 0x0000019c067ae790, 0x0000019c067b0940,
0x0000019c067b12e0, 0x0000019c067af130, 0x0000019c067acab0, 0x0000019c067addf0,
0x0000019c067acf80, 0x0000019c067b0470, 0x0000019c067a9a90, 0x0000019c067b0e10,
0x0000019c067a9f60, 0x0000019c067aa430, 0x0000019c067afad0, 0x0000019c067ab2a0,
0x0000019c067aadd0, 0x0000019c067affa0
}

Java Threads: ( => current thread )
  0x0000019c68d37600 JavaThread "main" [_thread_blocked, id=18024, stack(0x0000008b1fc00000,0x0000008b1fd00000)]
  0x0000019c7f407980 JavaThread "Reference Handler" daemon [_thread_blocked, id=13796, stack(0x0000008b20300000,0x0000008b20400000)]
  0x0000019c7f408530 JavaThread "Finalizer" daemon [_thread_blocked, id=14972, stack(0x0000008b20400000,0x0000008b20500000)]
  0x0000019c7e896490 JavaThread "Signal Dispatcher" daemon [_thread_blocked, id=11400, stack(0x0000008b20500000,0x0000008b20600000)]
  0x0000019c7e897040 JavaThread "Attach Listener" daemon [_thread_blocked, id=14536, stack(0x0000008b20600000,0x0000008b20700000)]
  0x0000019c7f42cc60 JavaThread "Service Thread" daemon [_thread_blocked, id=18816, stack(0x0000008b20700000,0x0000008b20800000)]
  0x0000019c7f42f530 JavaThread "Monitor Deflation Thread" daemon [_thread_blocked, id=17636, stack(0x0000008b20800000,0x0000008b20900000)]
  0x0000019c7f4546a0 JavaThread "C2 CompilerThread0" daemon [_thread_blocked, id=10216, stack(0x0000008b20900000,0x0000008b20a00000)]
  0x0000019c7f456900 JavaThread "C1 CompilerThread0" daemon [_thread_blocked, id=17880, stack(0x0000008b20a00000,0x0000008b20b00000)]
  0x0000019c7f458120 JavaThread "Sweeper thread" daemon [_thread_blocked, id=1956, stack(0x0000008b20b00000,0x0000008b20c00000)]
  0x0000019c7f5db8e0 JavaThread "Common-Cleaner" daemon [_thread_blocked, id=9820, stack(0x0000008b20c00000,0x0000008b20d00000)]
  0x0000019c7f5ef460 JavaThread "Notification Thread" daemon [_thread_blocked, id=11788, stack(0x0000008b20d00000,0x0000008b20e00000)]
  0x0000019c054524a0 JavaThread "Daemon health stats" [_thread_blocked, id=18768, stack(0x0000008b21400000,0x0000008b21500000)]
  0x0000019c061c8a50 JavaThread "Incoming local TCP Connector on port 63809" [_thread_in_native, id=7680, stack(0x0000008b20f00000,0x0000008b21000000)]
  0x0000019c04b38a60 JavaThread "Daemon periodic checks" [_thread_blocked, id=19684, stack(0x0000008b21500000,0x0000008b21600000)]
  0x0000019c06149560 JavaThread "Daemon" [_thread_blocked, id=1116, stack(0x0000008b21600000,0x0000008b21700000)]
  0x0000019c051ff400 JavaThread "Handler for socket connection from /127.0.0.1:63809 to /127.0.0.1:63810" [_thread_in_native, id=18172, stack(0x0000008b21700000,0x0000008b21800000)]
  0x0000019c04b56120 JavaThread "Cancel handler" [_thread_blocked, id=18788, stack(0x0000008b21800000,0x0000008b21900000)]
  0x0000019c04b569f0 JavaThread "Daemon worker" [_thread_blocked, id=14412, stack(0x0000008b21900000,0x0000008b21a00000)]
  0x0000019c0610edb0 JavaThread "Asynchronous log dispatcher for DefaultDaemonConnection: socket connection from /127.0.0.1:63809 to /127.0.0.1:63810" [_thread_blocked, id=9136, stack(0x0000008b21a00000,0x0000008b21b00000)]
  0x0000019c06110f60 JavaThread "Stdin handler" [_thread_blocked, id=17804, stack(0x0000008b21b00000,0x0000008b21c00000)]
  0x0000019c0610d5a0 JavaThread "Daemon client event forwarder" [_thread_blocked, id=10084, stack(0x0000008b21c00000,0x0000008b21d00000)]
  0x0000019c0610fc20 JavaThread "Cache worker for journal cache (C:\Users\varda maghoo\.gradle\caches\journal-1)" [_thread_blocked, id=11172, stack(0x0000008b22100000,0x0000008b22200000)]
  0x0000019c061105c0 JavaThread "File lock request listener" [_thread_in_native, id=15880, stack(0x0000008b22200000,0x0000008b22300000)]
  0x0000019c0610f280 JavaThread "Cache worker for file hash cache (C:\Users\varda maghoo\.gradle\caches\8.0\fileHashes)" [_thread_blocked, id=14072, stack(0x0000008b22300000,0x0000008b22400000)]
  0x0000019c0610e8e0 JavaThread "File watcher server" daemon [_thread_in_native, id=17216, stack(0x0000008b22500000,0x0000008b22600000)]
  0x0000019c061100f0 JavaThread "File watcher consumer" daemon [_thread_blocked, id=14108, stack(0x0000008b22600000,0x0000008b22700000)]
  0x0000019c0610f750 JavaThread "Cache worker for checksums cache (C:\Users\varda maghoo\AS projects\Firebase\.gradle\8.0\checksums)" [_thread_blocked, id=16480, stack(0x0000008b22700000,0x0000008b22800000)]
  0x0000019c06110a90 JavaThread "Cache worker for cache directory md-rule (C:\Users\varda maghoo\.gradle\caches\8.0\md-rule)" [_thread_blocked, id=19552, stack(0x0000008b22800000,0x0000008b22900000)]
  0x0000019c0610da70 JavaThread "Cache worker for file content cache (C:\Users\varda maghoo\.gradle\caches\8.0\fileContent)" [_thread_blocked, id=16824, stack(0x0000008b22900000,0x0000008b22a00000)]
  0x0000019c0610e410 JavaThread "Cache worker for file hash cache (C:\Users\varda maghoo\AS projects\Firebase\.gradle\8.0\fileHashes)" [_thread_blocked, id=1756, stack(0x0000008b22a00000,0x0000008b22b00000)]
  0x0000019c0610df40 JavaThread "Cache worker for cache directory md-supplier (C:\Users\varda maghoo\.gradle\caches\8.0\md-supplier)" [_thread_blocked, id=19844, stack(0x0000008b22b00000,0x0000008b22c00000)]
  0x0000019c077c1af0 JavaThread "Cache worker for execution history cache (C:\Users\varda maghoo\.gradle\caches\8.0\executionHistory)" [_thread_blocked, id=18136, stack(0x0000008b22c00000,0x0000008b22d00000)]
  0x0000019c077c0c80 JavaThread "jar transforms" [_thread_blocked, id=18344, stack(0x0000008b22d00000,0x0000008b22e00000)]
  0x0000019c077bfe10 JavaThread "jar transforms Thread 2" [_thread_blocked, id=11452, stack(0x0000008b22e00000,0x0000008b22f00000)]
  0x0000019c0746c130 JavaThread "C2 CompilerThread1" daemon [_thread_blocked, id=8852, stack(0x0000008b22f00000,0x0000008b23000000)]
  0x0000019c077c1fc0 JavaThread "jar transforms Thread 3" [_thread_blocked, id=9772, stack(0x0000008b23000000,0x0000008b23100000)]
  0x0000019c077c37d0 JavaThread "jar transforms Thread 4" [_thread_blocked, id=10852, stack(0x0000008b23100000,0x0000008b23200000)]
  0x0000019c077c4fe0 JavaThread "Cache worker for dependencies-accessors (C:\Users\varda maghoo\AS projects\Firebase\.gradle\8.0\dependencies-accessors)" [_thread_blocked, id=3144, stack(0x0000008b23200000,0x0000008b23300000)]
  0x0000019c077c1150 JavaThread "jar transforms Thread 5" [_thread_blocked, id=13284, stack(0x0000008b23300000,0x0000008b23400000)]
  0x0000019c077c2490 JavaThread "Cache worker for Build Output Cleanup Cache (C:\Users\varda maghoo\AS projects\Firebase\.gradle\buildOutputCleanup)" [_thread_blocked, id=17732, stack(0x0000008b23400000,0x0000008b23500000)]
  0x0000019c077c02e0 JavaThread "Unconstrained build operations" [_thread_blocked, id=4860, stack(0x0000008b23500000,0x0000008b23600000)]
  0x0000019c077c2960 JavaThread "Unconstrained build operations Thread 2" [_thread_blocked, id=7648, stack(0x0000008b23600000,0x0000008b23700000)]
  0x0000019c077c2e30 JavaThread "Unconstrained build operations Thread 3" [_thread_blocked, id=736, stack(0x0000008b23700000,0x0000008b23800000)]
  0x0000019c077c6320 JavaThread "Unconstrained build operations Thread 4" [_thread_blocked, id=15824, stack(0x0000008b23800000,0x0000008b23900000)]
  0x0000019c077c3300 JavaThread "Unconstrained build operations Thread 5" [_thread_blocked, id=19212, stack(0x0000008b23900000,0x0000008b23a00000)]
  0x0000019c077c3ca0 JavaThread "Unconstrained build operations Thread 6" [_thread_blocked, id=5760, stack(0x0000008b23a00000,0x0000008b23b00000)]
  0x0000019c077c07b0 JavaThread "Unconstrained build operations Thread 7" [_thread_blocked, id=4788, stack(0x0000008b23b00000,0x0000008b23c00000)]
  0x0000019c077c4170 JavaThread "Unconstrained build operations Thread 8" [_thread_blocked, id=13824, stack(0x0000008b23c00000,0x0000008b23d00000)]
  0x0000019c077c67f0 JavaThread "Unconstrained build operations Thread 9" [_thread_blocked, id=14584, stack(0x0000008b23d00000,0x0000008b23e00000)]
  0x0000019c077bf470 JavaThread "Unconstrained build operations Thread 10" [_thread_blocked, id=340, stack(0x0000008b23e00000,0x0000008b23f00000)]
  0x0000019c077c4640 JavaThread "Unconstrained build operations Thread 11" [_thread_blocked, id=6360, stack(0x0000008b23f00000,0x0000008b24000000)]
  0x0000019c077c4b10 JavaThread "Unconstrained build operations Thread 12" [_thread_blocked, id=368, stack(0x0000008b24000000,0x0000008b24100000)]
  0x0000019c077bf940 JavaThread "Unconstrained build operations Thread 13" [_thread_blocked, id=18812, stack(0x0000008b24100000,0x0000008b24200000)]
  0x0000019c06d75050 JavaThread "Unconstrained build operations Thread 14" [_thread_blocked, id=18032, stack(0x0000008b24200000,0x0000008b24300000)]
  0x0000019c06d72ea0 JavaThread "Unconstrained build operations Thread 15" [_thread_blocked, id=18640, stack(0x0000008b24300000,0x0000008b24400000)]
  0x0000019c06d711c0 JavaThread "Unconstrained build operations Thread 16" [_thread_blocked, id=14604, stack(0x0000008b24400000,0x0000008b24500000)]
  0x0000019c06d759f0 JavaThread "Unconstrained build operations Thread 17" [_thread_blocked, id=13424, stack(0x0000008b24500000,0x0000008b24600000)]
  0x0000019c06d6f010 JavaThread "Unconstrained build operations Thread 18" [_thread_blocked, id=16952, stack(0x0000008b24600000,0x0000008b24700000)]
  0x0000019c06d73370 JavaThread "Unconstrained build operations Thread 19" [_thread_blocked, id=9484, stack(0x0000008b24700000,0x0000008b24800000)]
  0x0000019c06d70350 JavaThread "Unconstrained build operations Thread 20" [_thread_blocked, id=7652, stack(0x0000008b24800000,0x0000008b24900000)]
  0x0000019c06d73840 JavaThread "Unconstrained build operations Thread 21" [_thread_blocked, id=18536, stack(0x0000008b24900000,0x0000008b24a00000)]
  0x0000019c06d746b0 JavaThread "Unconstrained build operations Thread 22" [_thread_blocked, id=16224, stack(0x0000008b24a00000,0x0000008b24b00000)]
  0x0000019c06d70cf0 JavaThread "Unconstrained build operations Thread 23" [_thread_blocked, id=9324, stack(0x0000008b24b00000,0x0000008b24c00000)]
  0x0000019c06d71b60 JavaThread "Unconstrained build operations Thread 24" [_thread_blocked, id=11168, stack(0x0000008b24c00000,0x0000008b24d00000)]
  0x0000019c06d73d10 JavaThread "Unconstrained build operations Thread 25" [_thread_blocked, id=10024, stack(0x0000008b24d00000,0x0000008b24e00000)]
  0x0000019c06d71690 JavaThread "Unconstrained build operations Thread 26" [_thread_blocked, id=20180, stack(0x0000008b24e00000,0x0000008b24f00000)]
  0x0000019c06d72030 JavaThread "Unconstrained build operations Thread 27" [_thread_blocked, id=18348, stack(0x0000008b24f00000,0x0000008b25000000)]
  0x0000019c06d6fe80 JavaThread "Unconstrained build operations Thread 28" [_thread_blocked, id=8608, stack(0x0000008b25000000,0x0000008b25100000)]
  0x0000019c06d6eb40 JavaThread "Unconstrained build operations Thread 29" [_thread_blocked, id=19272, stack(0x0000008b25100000,0x0000008b25200000)]
  0x0000019c06d74b80 JavaThread "Unconstrained build operations Thread 30" [_thread_blocked, id=5888, stack(0x0000008b25200000,0x0000008b25300000)]
  0x0000019c06d72500 JavaThread "Unconstrained build operations Thread 31" [_thread_blocked, id=2612, stack(0x0000008b25300000,0x0000008b25400000)]
  0x0000019c06d741e0 JavaThread "Unconstrained build operations Thread 32" [_thread_blocked, id=14760, stack(0x0000008b25400000,0x0000008b25500000)]
  0x0000019c06d75ec0 JavaThread "Unconstrained build operations Thread 33" [_thread_blocked, id=1908, stack(0x0000008b25500000,0x0000008b25600000)]
  0x0000019c06d6f4e0 JavaThread "Unconstrained build operations Thread 34" [_thread_blocked, id=19280, stack(0x0000008b25600000,0x0000008b25700000)]
  0x0000019c06d70820 JavaThread "Unconstrained build operations Thread 35" [_thread_blocked, id=9172, stack(0x0000008b25700000,0x0000008b25800000)]
  0x0000019c06d729d0 JavaThread "Unconstrained build operations Thread 36" [_thread_blocked, id=10172, stack(0x0000008b25800000,0x0000008b25900000)]
  0x0000019c06d75520 JavaThread "Unconstrained build operations Thread 37" [_thread_blocked, id=7060, stack(0x0000008b25900000,0x0000008b25a00000)]
  0x0000019c06d6e670 JavaThread "Unconstrained build operations Thread 38" [_thread_blocked, id=15936, stack(0x0000008b25a00000,0x0000008b25b00000)]
  0x0000019c06d6f9b0 JavaThread "Unconstrained build operations Thread 39" [_thread_blocked, id=528, stack(0x0000008b25b00000,0x0000008b25c00000)]
  0x0000019c07e5eb20 JavaThread "Unconstrained build operations Thread 40" [_thread_blocked, id=16184, stack(0x0000008b25c00000,0x0000008b25d00000)]
  0x0000019c07e624e0 JavaThread "Unconstrained build operations Thread 41" [_thread_blocked, id=4332, stack(0x0000008b25d00000,0x0000008b25e00000)]
  0x0000019c07e5e180 JavaThread "Unconstrained build operations Thread 42" [_thread_blocked, id=4680, stack(0x0000008b25e00000,0x0000008b25f00000)]
  0x0000019c07e64b60 JavaThread "Unconstrained build operations Thread 43" [_thread_blocked, id=464, stack(0x0000008b25f00000,0x0000008b26000000)]
  0x0000019c07e63cf0 JavaThread "Unconstrained build operations Thread 44" [_thread_blocked, id=14956, stack(0x0000008b26000000,0x0000008b26100000)]
  0x0000019c07e65500 JavaThread "Unconstrained build operations Thread 45" [_thread_blocked, id=19808, stack(0x0000008b26100000,0x0000008b26200000)]
  0x0000019c07e62e80 JavaThread "Unconstrained build operations Thread 46" [_thread_blocked, id=13364, stack(0x0000008b26200000,0x0000008b26300000)]
  0x0000019c07e60330 JavaThread "Unconstrained build operations Thread 47" [_thread_blocked, id=5304, stack(0x0000008b26300000,0x0000008b26400000)]
  0x0000019c07e65030 JavaThread "Unconstrained build operations Thread 48" [_thread_blocked, id=10300, stack(0x0000008b26400000,0x0000008b26500000)]
  0x0000019c07e5f990 JavaThread "Unconstrained build operations Thread 49" [_thread_blocked, id=3268, stack(0x0000008b26500000,0x0000008b26600000)]
  0x0000019c07e60800 JavaThread "Unconstrained build operations Thread 50" [_thread_blocked, id=10296, stack(0x0000008b26600000,0x0000008b26700000)]
  0x0000019c07e629b0 JavaThread "Unconstrained build operations Thread 51" [_thread_blocked, id=15076, stack(0x0000008b26700000,0x0000008b26800000)]
  0x0000019c07e63820 JavaThread "Unconstrained build operations Thread 52" [_thread_blocked, id=2448, stack(0x0000008b26800000,0x0000008b26900000)]
  0x0000019c07e5eff0 JavaThread "Unconstrained build operations Thread 53" [_thread_blocked, id=14464, stack(0x0000008b26900000,0x0000008b26a00000)]
  0x0000019c07e5fe60 JavaThread "Unconstrained build operations Thread 54" [_thread_blocked, id=18928, stack(0x0000008b26a00000,0x0000008b26b00000)]
  0x0000019c07e5f4c0 JavaThread "Unconstrained build operations Thread 55" [_thread_blocked, id=2536, stack(0x0000008b26b00000,0x0000008b26c00000)]
  0x0000019c07e60cd0 JavaThread "Unconstrained build operations Thread 56" [_thread_blocked, id=19124, stack(0x0000008b26c00000,0x0000008b26d00000)]
  0x0000019c07e5e650 JavaThread "Unconstrained build operations Thread 57" [_thread_blocked, id=17960, stack(0x0000008b26d00000,0x0000008b26e00000)]
  0x0000019c07e659d0 JavaThread "Unconstrained build operations Thread 58" [_thread_blocked, id=17920, stack(0x0000008b26e00000,0x0000008b26f00000)]
  0x0000019c07e63350 JavaThread "Unconstrained build operations Thread 59" [_thread_blocked, id=8164, stack(0x0000008b26f00000,0x0000008b27000000)]
  0x0000019c07e641c0 JavaThread "Unconstrained build operations Thread 60" [_thread_blocked, id=6804, stack(0x0000008b27000000,0x0000008b27100000)]
  0x0000019c07e611a0 JavaThread "Unconstrained build operations Thread 61" [_thread_blocked, id=15580, stack(0x0000008b27100000,0x0000008b27200000)]
  0x0000019c07e61670 JavaThread "Unconstrained build operations Thread 62" [_thread_blocked, id=19008, stack(0x0000008b27200000,0x0000008b27300000)]
  0x0000019c07e61b40 JavaThread "Unconstrained build operations Thread 63" [_thread_blocked, id=10668, stack(0x0000008b27300000,0x0000008b27400000)]
  0x0000019c07e62010 JavaThread "Unconstrained build operations Thread 64" [_thread_blocked, id=17128, stack(0x0000008b27400000,0x0000008b27500000)]
  0x0000019c07e64690 JavaThread "Unconstrained build operations Thread 65" [_thread_blocked, id=18412, stack(0x0000008b27500000,0x0000008b27600000)]
  0x0000019c067af600 JavaThread "Unconstrained build operations Thread 66" [_thread_blocked, id=15812, stack(0x0000008b27600000,0x0000008b27700000)]
  0x0000019c067ad450 JavaThread "Unconstrained build operations Thread 67" [_thread_blocked, id=12732, stack(0x0000008b27700000,0x0000008b27800000)]
  0x0000019c067ad920 JavaThread "Unconstrained build operations Thread 68" [_thread_blocked, id=18440, stack(0x0000008b27800000,0x0000008b27900000)]
  0x0000019c067aec60 JavaThread "Unconstrained build operations Thread 69" [_thread_blocked, id=4664, stack(0x0000008b27900000,0x0000008b27a00000)]
  0x0000019c067ae790 JavaThread "Unconstrained build operations Thread 70" [_thread_blocked, id=13208, stack(0x0000008b27a00000,0x0000008b27b00000)]
  0x0000019c067b0940 JavaThread "Unconstrained build operations Thread 71" [_thread_blocked, id=17104, stack(0x0000008b27b00000,0x0000008b27c00000)]
  0x0000019c067b12e0 JavaThread "Unconstrained build operations Thread 72" [_thread_blocked, id=12780, stack(0x0000008b27c00000,0x0000008b27d00000)]
  0x0000019c067af130 JavaThread "Unconstrained build operations Thread 73" [_thread_blocked, id=3448, stack(0x0000008b27d00000,0x0000008b27e00000)]
  0x0000019c067acab0 JavaThread "Unconstrained build operations Thread 74" [_thread_blocked, id=10704, stack(0x0000008b27e00000,0x0000008b27f00000)]
  0x0000019c067addf0 JavaThread "Unconstrained build operations Thread 75" [_thread_blocked, id=18300, stack(0x0000008b27f00000,0x0000008b28000000)]
  0x0000019c067acf80 JavaThread "Unconstrained build operations Thread 76" [_thread_blocked, id=11676, stack(0x0000008b28000000,0x0000008b28100000)]
  0x0000019c067b0470 JavaThread "Unconstrained build operations Thread 77" [_thread_blocked, id=18428, stack(0x0000008b28100000,0x0000008b28200000)]
  0x0000019c067a9a90 JavaThread "Unconstrained build operations Thread 78" [_thread_blocked, id=15132, stack(0x0000008b28200000,0x0000008b28300000)]
  0x0000019c067b0e10 JavaThread "Unconstrained build operations Thread 79" [_thread_blocked, id=15108, stack(0x0000008b28300000,0x0000008b28400000)]
  0x0000019c067a9f60 JavaThread "Unconstrained build operations Thread 80" [_thread_blocked, id=18376, stack(0x0000008b28400000,0x0000008b28500000)]
  0x0000019c067aa430 JavaThread "jar transforms Thread 6" [_thread_blocked, id=2288, stack(0x0000008b28500000,0x0000008b28600000)]
  0x0000019c067afad0 JavaThread "jar transforms Thread 7" [_thread_blocked, id=14672, stack(0x0000008b28600000,0x0000008b28700000)]
  0x0000019c067ab2a0 JavaThread "jar transforms Thread 8" [_thread_blocked, id=19548, stack(0x0000008b28700000,0x0000008b28800000)]
  0x0000019c067aadd0 JavaThread "build event listener" [_thread_blocked, id=13440, stack(0x0000008b28800000,0x0000008b28900000)]
  0x0000019c067affa0 JavaThread "Memory manager" [_thread_blocked, id=2240, stack(0x0000008b28900000,0x0000008b28a00000)]

Other Threads:
=>0x0000019c7f405de0 VMThread "VM Thread" [stack: 0x0000008b20200000,0x0000008b20300000] [id=5668]
  0x0000019c7f5f1d50 WatcherThread [stack: 0x0000008b20e00000,0x0000008b20f00000] [id=17852]
  0x0000019c68d94500 GCTaskThread "GC Thread#0" [stack: 0x0000008b1fd00000,0x0000008b1fe00000] [id=17524]
  0x0000019c04a821e0 GCTaskThread "GC Thread#1" [stack: 0x0000008b21000000,0x0000008b21100000] [id=14964]
  0x0000019c04d50980 GCTaskThread "GC Thread#2" [stack: 0x0000008b21100000,0x0000008b21200000] [id=13632]
  0x0000019c04a78030 GCTaskThread "GC Thread#3" [stack: 0x0000008b21200000,0x0000008b21300000] [id=11300]
  0x0000019c0576d820 GCTaskThread "GC Thread#4" [stack: 0x0000008b21300000,0x0000008b21400000] [id=16444]
  0x0000019c068513f0 GCTaskThread "GC Thread#5" [stack: 0x0000008b21d00000,0x0000008b21e00000] [id=15544]
  0x0000019c068516a0 GCTaskThread "GC Thread#6" [stack: 0x0000008b21e00000,0x0000008b21f00000] [id=13076]
  0x0000019c069c6030 GCTaskThread "GC Thread#7" [stack: 0x0000008b21f00000,0x0000008b22000000] [id=15856]
  0x0000019c68da55a0 ConcurrentGCThread "G1 Main Marker" [stack: 0x0000008b1fe00000,0x0000008b1ff00000] [id=15752]
  0x0000019c68da5fb0 ConcurrentGCThread "G1 Conc#0" [stack: 0x0000008b1ff00000,0x0000008b20000000] [id=19408]
  0x0000019c068b4840 ConcurrentGCThread "G1 Conc#1" [stack: 0x0000008b22000000,0x0000008b22100000] [id=16108]
  0x0000019c7e703ff0 ConcurrentGCThread "G1 Refine#0" [stack: 0x0000008b20000000,0x0000008b20100000] [id=14184]
  0x0000019c0663ef80 ConcurrentGCThread "G1 Refine#1" [stack: 0x0000008b22400000,0x0000008b22500000] [id=2932]
  0x0000019c7e7058c0 ConcurrentGCThread "G1 Service" [stack: 0x0000008b20100000,0x0000008b20200000] [id=11616]

Threads with active compile tasks:
C2 CompilerThread0    10588 8476       4       java.beans.Introspector::addMethod (196 bytes)
C2 CompilerThread1    10588 8482       4       com.sun.beans.TypeResolver::resolve (37 bytes)

VM state: at safepoint (normal execution)

VM Mutex/Monitor currently owned by a thread:  ([mutex/lock_event])
[0x0000019c68d324d0] Threads_lock - owner thread: 0x0000019c7f405de0
[0x0000019c68d33400] Heap_lock - owner thread: 0x0000019c04b569f0

Heap address: 0x0000000080000000, size: 2048 MB, Compressed Oops mode: 32-bit

CDS archive(s) not mapped
Compressed class space mapped at: 0x0000000100000000-0x0000000140000000, reserved size: 1073741824
Narrow klass base: 0x0000000000000000, Narrow klass shift: 3, Narrow klass range: 0x140000000

GC Precious Log:
 CPUs: 8 total, 8 available
 Memory: 8025M
 Large Page Support: Disabled
 NUMA Support: Disabled
 Compressed Oops: Enabled (32-bit)
 Heap Region Size: 1M
 Heap Min Capacity: 8M
 Heap Initial Capacity: 126M
 Heap Max Capacity: 2G
 Pre-touch: Disabled
 Parallel Workers: 8
 Concurrent Workers: 2
 Concurrent Refinement Workers: 8
 Periodic GC: Disabled

Heap:
 garbage-first heap   total 129024K, used 76169K [0x0000000080000000, 0x0000000100000000)
  region size 1024K, 5 young (5120K), 5 survivors (5120K)
 Metaspace       used 82546K, committed 83264K, reserved 1122304K
  class space    used 11248K, committed 11584K, reserved 1048576K

Heap Regions: E=young(eden), S=young(survivor), O=old, HS=humongous(starts), HC=humongous(continues), CS=collection set, F=free, OA=open archive, CA=closed archive, TAMS=top-at-mark-start (previous, next)
|   0|0x0000000080000000, 0x0000000080100000, 0x0000000080100000|100%|HS|  |TAMS 0x0000000080100000, 0x0000000080000000| Complete 
|   1|0x0000000080100000, 0x0000000080200000, 0x0000000080200000|100%|HC|  |TAMS 0x0000000080200000, 0x0000000080100000| Complete 
|   2|0x0000000080200000, 0x0000000080300000, 0x0000000080300000|100%|HC|  |TAMS 0x0000000080300000, 0x0000000080200000| Complete 
|   3|0x0000000080300000, 0x0000000080400000, 0x0000000080400000|100%|HC|  |TAMS 0x0000000080400000, 0x0000000080300000| Complete 
|   4|0x0000000080400000, 0x0000000080500000, 0x0000000080500000|100%| O|  |TAMS 0x0000000080500000, 0x0000000080400000| Untracked 
|   5|0x0000000080500000, 0x0000000080600000, 0x0000000080600000|100%| O|  |TAMS 0x0000000080600000, 0x0000000080500000| Untracked 
|   6|0x0000000080600000, 0x0000000080700000, 0x0000000080700000|100%| O|  |TAMS 0x0000000080700000, 0x0000000080600000| Untracked 
|   7|0x0000000080700000, 0x0000000080800000, 0x0000000080800000|100%| O|  |TAMS 0x0000000080800000, 0x0000000080700000| Untracked 
|   8|0x0000000080800000, 0x0000000080900000, 0x0000000080900000|100%| O|  |TAMS 0x0000000080900000, 0x0000000080800000| Untracked 
|   9|0x0000000080900000, 0x0000000080a00000, 0x0000000080a00000|100%| O|  |TAMS 0x0000000080a00000, 0x0000000080900000| Untracked 
|  10|0x0000000080a00000, 0x0000000080b00000, 0x0000000080b00000|100%| O|  |TAMS 0x0000000080b00000, 0x0000000080a00000| Untracked 
|  11|0x0000000080b00000, 0x0000000080c00000, 0x0000000080c00000|100%| O|  |TAMS 0x0000000080c00000, 0x0000000080b00000| Untracked 
|  12|0x0000000080c00000, 0x0000000080d00000, 0x0000000080d00000|100%| O|  |TAMS 0x0000000080d00000, 0x0000000080c00000| Untracked 
|  13|0x0000000080d00000, 0x0000000080e00000, 0x0000000080e00000|100%| O|  |TAMS 0x0000000080e00000, 0x0000000080d00000| Untracked 
|  14|0x0000000080e00000, 0x0000000080f00000, 0x0000000080f00000|100%| O|  |TAMS 0x0000000080f00000, 0x0000000080e00000| Untracked 
|  15|0x0000000080f00000, 0x0000000081000000, 0x0000000081000000|100%| O|  |TAMS 0x0000000081000000, 0x0000000080f00000| Untracked 
|  16|0x0000000081000000, 0x0000000081100000, 0x0000000081100000|100%| O|  |TAMS 0x0000000081100000, 0x0000000081000000| Untracked 
|  17|0x0000000081100000, 0x0000000081200000, 0x0000000081200000|100%| O|  |TAMS 0x0000000081200000, 0x0000000081100000| Untracked 
|  18|0x0000000081200000, 0x0000000081300000, 0x0000000081300000|100%| O|  |TAMS 0x0000000081300000, 0x0000000081200000| Untracked 
|  19|0x0000000081300000, 0x0000000081400000, 0x0000000081400000|100%| O|  |TAMS 0x0000000081400000, 0x0000000081300000| Untracked 
|  20|0x0000000081400000, 0x0000000081500000, 0x0000000081500000|100%| O|  |TAMS 0x0000000081500000, 0x0000000081400000| Untracked 
|  21|0x0000000081500000, 0x0000000081600000, 0x0000000081600000|100%| O|  |TAMS 0x0000000081600000, 0x0000000081500000| Untracked 
|  22|0x0000000081600000, 0x0000000081700000, 0x0000000081700000|100%| O|  |TAMS 0x0000000081700000, 0x0000000081600000| Untracked 
|  23|0x0000000081700000, 0x0000000081800000, 0x0000000081800000|100%| O|  |TAMS 0x0000000081800000, 0x0000000081700000| Untracked 
|  24|0x0000000081800000, 0x0000000081900000, 0x0000000081900000|100%| O|  |TAMS 0x0000000081900000, 0x0000000081800000| Untracked 
|  25|0x0000000081900000, 0x0000000081a00000, 0x0000000081a00000|100%| O|  |TAMS 0x0000000081a00000, 0x0000000081900000| Untracked 
|  26|0x0000000081a00000, 0x0000000081b00000, 0x0000000081b00000|100%| O|  |TAMS 0x0000000081b00000, 0x0000000081a00000| Untracked 
|  27|0x0000000081b00000, 0x0000000081c00000, 0x0000000081c00000|100%| O|  |TAMS 0x0000000081c00000, 0x0000000081b00000| Untracked 
|  28|0x0000000081c00000, 0x0000000081d00000, 0x0000000081d00000|100%| O|  |TAMS 0x0000000081d00000, 0x0000000081c00000| Untracked 
|  29|0x0000000081d00000, 0x0000000081e00000, 0x0000000081e00000|100%| O|  |TAMS 0x0000000081e00000, 0x0000000081d00000| Untracked 
|  30|0x0000000081e00000, 0x0000000081f00000, 0x0000000081f00000|100%|HS|  |TAMS 0x0000000081f00000, 0x0000000081e00000| Complete 
|  31|0x0000000081f00000, 0x0000000082000000, 0x0000000082000000|100%|HS|  |TAMS 0x0000000082000000, 0x0000000081f00000| Complete 
|  32|0x0000000082000000, 0x0000000082100000, 0x0000000082100000|100%|HS|  |TAMS 0x0000000082100000, 0x0000000082000000| Complete 
|  33|0x0000000082100000, 0x0000000082200000, 0x0000000082200000|100%| O|  |TAMS 0x0000000082200000, 0x0000000082100000| Untracked 
|  34|0x0000000082200000, 0x0000000082300000, 0x0000000082300000|100%| O|  |TAMS 0x0000000082300000, 0x0000000082200000| Untracked 
|  35|0x0000000082300000, 0x0000000082400000, 0x0000000082400000|100%| O|  |TAMS 0x0000000082400000, 0x0000000082300000| Untracked 
|  36|0x0000000082400000, 0x0000000082500000, 0x0000000082500000|100%| O|  |TAMS 0x0000000082500000, 0x0000000082400000| Untracked 
|  37|0x0000000082500000, 0x0000000082600000, 0x0000000082600000|100%| O|  |TAMS 0x0000000082600000, 0x0000000082500000| Untracked 
|  38|0x0000000082600000, 0x0000000082700000, 0x0000000082700000|100%| O|  |TAMS 0x0000000082700000, 0x0000000082600000| Untracked 
|  39|0x0000000082700000, 0x0000000082800000, 0x0000000082800000|100%| O|  |TAMS 0x0000000082800000, 0x0000000082700000| Untracked 
|  40|0x0000000082800000, 0x0000000082900000, 0x0000000082900000|100%| O|  |TAMS 0x0000000082900000, 0x0000000082800000| Untracked 
|  41|0x0000000082900000, 0x0000000082a00000, 0x0000000082a00000|100%| O|  |TAMS 0x0000000082a00000, 0x0000000082900000| Untracked 
|  42|0x0000000082a00000, 0x0000000082b00000, 0x0000000082b00000|100%| O|  |TAMS 0x0000000082b00000, 0x0000000082a00000| Untracked 
|  43|0x0000000082b00000, 0x0000000082c00000, 0x0000000082c00000|100%| O|  |TAMS 0x0000000082c00000, 0x0000000082b00000| Untracked 
|  44|0x0000000082c00000, 0x0000000082d00000, 0x0000000082d00000|100%| O|  |TAMS 0x0000000082d00000, 0x0000000082c00000| Untracked 
|  45|0x0000000082d00000, 0x0000000082e00000, 0x0000000082e00000|100%| O|  |TAMS 0x0000000082e00000, 0x0000000082d00000| Untracked 
|  46|0x0000000082e00000, 0x0000000082f00000, 0x0000000082f00000|100%| O|  |TAMS 0x0000000082e00000, 0x0000000082e00000| Untracked 
|  47|0x0000000082f00000, 0x0000000083000000, 0x0000000083000000|100%| O|  |TAMS 0x0000000083000000, 0x0000000082f00000| Untracked 
|  48|0x0000000083000000, 0x0000000083100000, 0x0000000083100000|100%| O|  |TAMS 0x0000000083100000, 0x0000000083000000| Untracked 
|  49|0x0000000083100000, 0x0000000083200000, 0x0000000083200000|100%| O|  |TAMS 0x0000000083200000, 0x0000000083100000| Untracked 
|  50|0x0000000083200000, 0x0000000083300000, 0x0000000083300000|100%| O|  |TAMS 0x0000000083300000, 0x0000000083200000| Untracked 
|  51|0x0000000083300000, 0x0000000083400000, 0x0000000083400000|100%| O|  |TAMS 0x0000000083400000, 0x0000000083300000| Untracked 
|  52|0x0000000083400000, 0x0000000083500000, 0x0000000083500000|100%| O|  |TAMS 0x0000000083500000, 0x0000000083400000| Untracked 
|  53|0x0000000083500000, 0x0000000083600000, 0x0000000083600000|100%| O|  |TAMS 0x0000000083600000, 0x0000000083500000| Untracked 
|  54|0x0000000083600000, 0x0000000083700000, 0x0000000083700000|100%| O|  |TAMS 0x0000000083700000, 0x0000000083600000| Untracked 
|  55|0x0000000083700000, 0x0000000083800000, 0x0000000083800000|100%| O|  |TAMS 0x0000000083800000, 0x0000000083700000| Untracked 
|  56|0x0000000083800000, 0x0000000083900000, 0x0000000083900000|100%| O|  |TAMS 0x0000000083900000, 0x0000000083800000| Untracked 
|  57|0x0000000083900000, 0x0000000083a00000, 0x0000000083a00000|100%| O|  |TAMS 0x0000000083a00000, 0x0000000083900000| Untracked 
|  58|0x0000000083a00000, 0x0000000083b00000, 0x0000000083b00000|100%| O|  |TAMS 0x0000000083b00000, 0x0000000083a00000| Untracked 
|  59|0x0000000083b00000, 0x0000000083c00000, 0x0000000083c00000|100%| O|  |TAMS 0x0000000083c00000, 0x0000000083b00000| Untracked 
|  60|0x0000000083c00000, 0x0000000083d00000, 0x0000000083d00000|100%| O|  |TAMS 0x0000000083cfa400, 0x0000000083c00000| Untracked 
|  61|0x0000000083d00000, 0x0000000083e00000, 0x0000000083e00000|100%| O|  |TAMS 0x0000000083d00000, 0x0000000083d00000| Untracked 
|  62|0x0000000083e00000, 0x0000000083f00000, 0x0000000083f00000|100%| O|  |TAMS 0x0000000083e00000, 0x0000000083e00000| Untracked 
|  63|0x0000000083f00000, 0x0000000084000000, 0x0000000084000000|100%| O|  |TAMS 0x0000000083f00000, 0x0000000083f00000| Untracked 
|  64|0x0000000084000000, 0x0000000084100000, 0x0000000084100000|100%| O|  |TAMS 0x0000000084000000, 0x0000000084000000| Untracked 
|  65|0x0000000084100000, 0x0000000084200000, 0x0000000084200000|100%| O|  |TAMS 0x0000000084100000, 0x0000000084100000| Untracked 
|  66|0x0000000084200000, 0x0000000084300000, 0x0000000084300000|100%| O|  |TAMS 0x0000000084200000, 0x0000000084200000| Untracked 
|  67|0x0000000084300000, 0x0000000084400000, 0x0000000084400000|100%| O|  |TAMS 0x0000000084300000, 0x0000000084300000| Untracked 
|  68|0x0000000084400000, 0x0000000084500000, 0x0000000084500000|100%| O|  |TAMS 0x0000000084400000, 0x0000000084400000| Untracked 
|  69|0x0000000084500000, 0x0000000084562600, 0x0000000084600000| 38%| O|  |TAMS 0x0000000084500000, 0x0000000084500000| Untracked 
|  70|0x0000000084600000, 0x0000000084600000, 0x0000000084700000|  0%| F|  |TAMS 0x0000000084600000, 0x0000000084600000| Untracked 
|  71|0x0000000084700000, 0x0000000084700000, 0x0000000084800000|  0%| F|  |TAMS 0x0000000084700000, 0x0000000084700000| Untracked 
|  72|0x0000000084800000, 0x0000000084800000, 0x0000000084900000|  0%| F|  |TAMS 0x0000000084800000, 0x0000000084800000| Untracked 
|  73|0x0000000084900000, 0x0000000084900000, 0x0000000084a00000|  0%| F|  |TAMS 0x0000000084900000, 0x0000000084900000| Untracked 
|  74|0x0000000084a00000, 0x0000000084a00000, 0x0000000084b00000|  0%| F|  |TAMS 0x0000000084a00000, 0x0000000084a00000| Untracked 
|  75|0x0000000084b00000, 0x0000000084b00000, 0x0000000084c00000|  0%| F|  |TAMS 0x0000000084b00000, 0x0000000084b00000| Untracked 
|  76|0x0000000084c00000, 0x0000000084c00000, 0x0000000084d00000|  0%| F|  |TAMS 0x0000000084c00000, 0x0000000084c00000| Untracked 
|  77|0x0000000084d00000, 0x0000000084d00000, 0x0000000084e00000|  0%| F|  |TAMS 0x0000000084d00000, 0x0000000084d00000| Untracked 
|  78|0x0000000084e00000, 0x0000000084e00000, 0x0000000084f00000|  0%| F|  |TAMS 0x0000000084e00000, 0x0000000084e00000| Untracked 
|  79|0x0000000084f00000, 0x0000000084f00000, 0x0000000085000000|  0%| F|  |TAMS 0x0000000084f00000, 0x0000000084f00000| Untracked 
|  80|0x0000000085000000, 0x0000000085000000, 0x0000000085100000|  0%| F|  |TAMS 0x0000000085000000, 0x0000000085000000| Untracked 
|  81|0x0000000085100000, 0x0000000085100000, 0x0000000085200000|  0%| F|  |TAMS 0x0000000085100000, 0x0000000085100000| Untracked 
|  82|0x0000000085200000, 0x0000000085200000, 0x0000000085300000|  0%| F|  |TAMS 0x0000000085200000, 0x0000000085200000| Untracked 
|  83|0x0000000085300000, 0x0000000085300000, 0x0000000085400000|  0%| F|  |TAMS 0x0000000085300000, 0x0000000085300000| Untracked 
|  84|0x0000000085400000, 0x0000000085500000, 0x0000000085500000|100%| S|CS|TAMS 0x0000000085400000, 0x0000000085400000| Complete 
|  85|0x0000000085500000, 0x0000000085600000, 0x0000000085600000|100%| S|CS|TAMS 0x0000000085500000, 0x0000000085500000| Complete 
|  86|0x0000000085600000, 0x0000000085600000, 0x0000000085700000|  0%| F|  |TAMS 0x0000000085600000, 0x0000000085600000| Untracked 
|  87|0x0000000085700000, 0x0000000085700000, 0x0000000085800000|  0%| F|  |TAMS 0x0000000085700000, 0x0000000085700000| Untracked 
|  88|0x0000000085800000, 0x0000000085900000, 0x0000000085900000|100%| S|CS|TAMS 0x0000000085800000, 0x0000000085800000| Complete 
|  89|0x0000000085900000, 0x0000000085a00000, 0x0000000085a00000|100%| S|CS|TAMS 0x0000000085900000, 0x0000000085900000| Complete 
|  90|0x0000000085a00000, 0x0000000085a00000, 0x0000000085b00000|  0%| F|  |TAMS 0x0000000085a00000, 0x0000000085a00000| Untracked 
|  91|0x0000000085b00000, 0x0000000085b00000, 0x0000000085c00000|  0%| F|  |TAMS 0x0000000085b00000, 0x0000000085b00000| Untracked 
|  92|0x0000000085c00000, 0x0000000085d00000, 0x0000000085d00000|100%| S|CS|TAMS 0x0000000085c00000, 0x0000000085c00000| Complete 
|  93|0x0000000085d00000, 0x0000000085d00000, 0x0000000085e00000|  0%| F|  |TAMS 0x0000000085d00000, 0x0000000085d00000| Untracked 
|  94|0x0000000085e00000, 0x0000000085e00000, 0x0000000085f00000|  0%| F|  |TAMS 0x0000000085e00000, 0x0000000085e00000| Untracked 
|  95|0x0000000085f00000, 0x0000000085f00000, 0x0000000086000000|  0%| F|  |TAMS 0x0000000085f00000, 0x0000000085f00000| Untracked 
|  96|0x0000000086000000, 0x0000000086000000, 0x0000000086100000|  0%| F|  |TAMS 0x0000000086000000, 0x0000000086000000| Untracked 
|  97|0x0000000086100000, 0x0000000086100000, 0x0000000086200000|  0%| F|  |TAMS 0x0000000086100000, 0x0000000086100000| Untracked 
|  98|0x0000000086200000, 0x0000000086200000, 0x0000000086300000|  0%| F|  |TAMS 0x0000000086200000, 0x0000000086200000| Untracked 
|  99|0x0000000086300000, 0x0000000086300000, 0x0000000086400000|  0%| F|  |TAMS 0x0000000086300000, 0x0000000086300000| Untracked 
| 100|0x0000000086400000, 0x0000000086400000, 0x0000000086500000|  0%| F|  |TAMS 0x0000000086400000, 0x0000000086400000| Untracked 
| 101|0x0000000086500000, 0x0000000086500000, 0x0000000086600000|  0%| F|  |TAMS 0x0000000086500000, 0x0000000086500000| Untracked 
| 102|0x0000000086600000, 0x0000000086600000, 0x0000000086700000|  0%| F|  |TAMS 0x0000000086600000, 0x0000000086600000| Untracked 
| 103|0x0000000086700000, 0x0000000086700000, 0x0000000086800000|  0%| F|  |TAMS 0x0000000086700000, 0x0000000086700000| Untracked 
| 104|0x0000000086800000, 0x0000000086800000, 0x0000000086900000|  0%| F|  |TAMS 0x0000000086800000, 0x0000000086800000| Untracked 
| 105|0x0000000086900000, 0x0000000086900000, 0x0000000086a00000|  0%| F|  |TAMS 0x0000000086900000, 0x0000000086900000| Untracked 
| 106|0x0000000086a00000, 0x0000000086a00000, 0x0000000086b00000|  0%| F|  |TAMS 0x0000000086a00000, 0x0000000086a00000| Untracked 
| 107|0x0000000086b00000, 0x0000000086b00000, 0x0000000086c00000|  0%| F|  |TAMS 0x0000000086b00000, 0x0000000086b00000| Untracked 
| 108|0x0000000086c00000, 0x0000000086c00000, 0x0000000086d00000|  0%| F|  |TAMS 0x0000000086c00000, 0x0000000086c00000| Untracked 
| 109|0x0000000086d00000, 0x0000000086d00000, 0x0000000086e00000|  0%| F|  |TAMS 0x0000000086d00000, 0x0000000086d00000| Untracked 
| 110|0x0000000086e00000, 0x0000000086e00000, 0x0000000086f00000|  0%| F|  |TAMS 0x0000000086e00000, 0x0000000086e00000| Untracked 
| 111|0x0000000086f00000, 0x0000000086f00000, 0x0000000087000000|  0%| F|  |TAMS 0x0000000086f00000, 0x0000000086f00000| Untracked 
| 112|0x0000000087000000, 0x0000000087000000, 0x0000000087100000|  0%| F|  |TAMS 0x0000000087000000, 0x0000000087000000| Untracked 
| 113|0x0000000087100000, 0x0000000087100000, 0x0000000087200000|  0%| F|  |TAMS 0x0000000087100000, 0x0000000087100000| Untracked 
| 114|0x0000000087200000, 0x0000000087200000, 0x0000000087300000|  0%| F|  |TAMS 0x0000000087200000, 0x0000000087200000| Untracked 
| 115|0x0000000087300000, 0x0000000087300000, 0x0000000087400000|  0%| F|  |TAMS 0x0000000087300000, 0x0000000087300000| Untracked 
| 116|0x0000000087400000, 0x0000000087400000, 0x0000000087500000|  0%| F|  |TAMS 0x0000000087400000, 0x0000000087400000| Untracked 
| 117|0x0000000087500000, 0x0000000087500000, 0x0000000087600000|  0%| F|  |TAMS 0x0000000087500000, 0x0000000087500000| Untracked 
| 118|0x0000000087600000, 0x0000000087600000, 0x0000000087700000|  0%| F|  |TAMS 0x0000000087600000, 0x0000000087600000| Untracked 
| 119|0x0000000087700000, 0x0000000087700000, 0x0000000087800000|  0%| F|  |TAMS 0x0000000087700000, 0x0000000087700000| Untracked 
| 120|0x0000000087800000, 0x0000000087800000, 0x0000000087900000|  0%| F|  |TAMS 0x0000000087800000, 0x0000000087800000| Untracked 
| 121|0x0000000087900000, 0x0000000087900000, 0x0000000087a00000|  0%| F|  |TAMS 0x0000000087900000, 0x0000000087900000| Untracked 
| 122|0x0000000087a00000, 0x0000000087a00000, 0x0000000087b00000|  0%| F|  |TAMS 0x0000000087a00000, 0x0000000087a00000| Untracked 
| 123|0x0000000087b00000, 0x0000000087b00000, 0x0000000087c00000|  0%| F|  |TAMS 0x0000000087b00000, 0x0000000087b00000| Untracked 
| 124|0x0000000087c00000, 0x0000000087c00000, 0x0000000087d00000|  0%| F|  |TAMS 0x0000000087c00000, 0x0000000087c00000| Untracked 
| 125|0x0000000087d00000, 0x0000000087d00000, 0x0000000087e00000|  0%| F|  |TAMS 0x0000000087d00000, 0x0000000087d00000| Untracked 

Card table byte_map: [0x0000019c7b930000,0x0000019c7bd30000] _byte_map_base: 0x0000019c7b530000

Marking Bits (Prev, Next): (CMBitMap*) 0x0000019c68d94b10, (CMBitMap*) 0x0000019c68d94b50
 Prev Bits: [0x0000019c7c130000, 0x0000019c7e130000)
 Next Bits: [0x0000019c00000000, 0x0000019c02000000)

Polling page: 0x0000019c66cf0000

Metaspace:

Usage:
  Non-class:     69.63 MB used.
      Class:     10.98 MB used.
       Both:     80.61 MB used.

Virtual space:
  Non-class space:       72.00 MB reserved,      70.00 MB ( 97%) committed,  9 nodes.
      Class space:        1.00 GB reserved,      11.31 MB (  1%) committed,  1 nodes.
             Both:        1.07 GB reserved,      81.31 MB (  7%) committed. 

Chunk freelists:
   Non-Class:  1.41 MB
       Class:  763.00 KB
        Both:  2.16 MB

MaxMetaspaceSize: unlimited
CompressedClassSpaceSize: 1.00 GB
Initial GC threshold: 21.00 MB
Current GC threshold: 122.44 MB
CDS: off
MetaspaceReclaimPolicy: balanced
 - commit_granule_bytes: 65536.
 - commit_granule_words: 8192.
 - virtual_space_node_default_size: 1048576.
 - enlarge_chunks_in_place: 1.
 - new_chunks_are_fully_committed: 0.
 - uncommit_free_chunks: 1.
 - use_allocation_guard: 0.
 - handle_deallocations: 1.


Internal statistics:

num_allocs_failed_limit: 12.
num_arena_births: 782.
num_arena_deaths: 0.
num_vsnodes_births: 10.
num_vsnodes_deaths: 0.
num_space_committed: 1301.
num_space_uncommitted: 0.
num_chunks_returned_to_freelist: 12.
num_chunks_taken_from_freelist: 3711.
num_chunk_merges: 3.
num_chunk_splits: 2448.
num_chunks_enlarged: 1627.
num_purges: 0.
num_inconsistent_stats: 0.

CodeHeap 'non-profiled nmethods': size=120000Kb used=4213Kb max_used=4213Kb free=115786Kb
 bounds [0x0000019c73cd0000, 0x0000019c740f0000, 0x0000019c7b200000]
CodeHeap 'profiled nmethods': size=120000Kb used=15031Kb max_used=15031Kb free=104968Kb
 bounds [0x0000019c6c200000, 0x0000019c6d0b0000, 0x0000019c73730000]
CodeHeap 'non-nmethods': size=5760Kb used=2362Kb max_used=2484Kb free=3397Kb
 bounds [0x0000019c73730000, 0x0000019c739b0000, 0x0000019c73cd0000]
 total_blobs=8508 nmethods=7617 adapters=803
 compilation: enabled
              stopped_count=0, restarted_count=0
 full_count=0

Compilation events (20 events):
Event: 10.448 Thread 0x0000019c7f456900 8534       2       org.codehaus.groovy.runtime.metaclass.MetaMethodIndex::copyNonPrivateMethods (24 bytes)
Event: 10.448 Thread 0x0000019c7f456900 nmethod 8534 0x0000019c6d0a5f90 code [0x0000019c6d0a6140, 0x0000019c6d0a6308]
Event: 10.452 Thread 0x0000019c7f456900 8535   !   2       java.util.stream.ReferencePipeline$7$1::accept (127 bytes)
Event: 10.453 Thread 0x0000019c7f456900 nmethod 8535 0x0000019c6d0a6490 code [0x0000019c6d0a66c0, 0x0000019c6d0a6c58]
Event: 10.453 Thread 0x0000019c7f456900 8536       2       java.util.stream.AbstractPipeline::sequential (10 bytes)
Event: 10.453 Thread 0x0000019c7f456900 nmethod 8536 0x0000019c6d0a7190 code [0x0000019c6d0a7320, 0x0000019c6d0a7438]
Event: 10.453 Thread 0x0000019c7f456900 8537 %     3       java.beans.Introspector::getTargetMethodInfo @ 62 (250 bytes)
Event: 10.455 Thread 0x0000019c7f456900 nmethod 8537% 0x0000019c6d0a7510 code [0x0000019c6d0a78c0, 0x0000019c6d0a91b8]
Event: 10.455 Thread 0x0000019c7f456900 8538       2       org.codehaus.groovy.runtime.MetaClassHelper::convertToTypeArray (42 bytes)
Event: 10.455 Thread 0x0000019c7f456900 nmethod 8538 0x0000019c6d0a9990 code [0x0000019c6d0a9b60, 0x0000019c6d0a9f68]
Event: 10.466 Thread 0x0000019c7f456900 8540       3       groovy.lang.MetaClassImpl$MethodIndexAction::iterate (119 bytes)
Event: 10.466 Thread 0x0000019c7f456900 nmethod 8540 0x0000019c6d0aa110 code [0x0000019c6d0aa320, 0x0000019c6d0aad98]
Event: 10.471 Thread 0x0000019c7f456900 8541       2       java.beans.Introspector::getTargetPropertyInfo (293 bytes)
Event: 10.473 Thread 0x0000019c7f456900 nmethod 8541 0x0000019c6d0ab110 code [0x0000019c6d0ab440, 0x0000019c6d0ac018]
Event: 10.480 Thread 0x0000019c7f456900 8542       3       java.lang.PublicMethods::toArray (76 bytes)
Event: 10.481 Thread 0x0000019c7f456900 nmethod 8542 0x0000019c6d0ac710 code [0x0000019c6d0ac920, 0x0000019c6d0ad1b8]
Event: 10.492 Thread 0x0000019c7f456900 8543       2       org.codehaus.groovy.reflection.CachedClass$1$$Lambda$438/0x00000001005206f0::run (8 bytes)
Event: 10.492 Thread 0x0000019c7f456900 nmethod 8543 0x0000019c6d0ad410 code [0x0000019c6d0ad5a0, 0x0000019c6d0ad6c8]
Event: 10.492 Thread 0x0000019c7f456900 8544       2       org.codehaus.groovy.reflection.CachedClass$1::lambda$initValue$2 (47 bytes)
Event: 10.493 Thread 0x0000019c7f456900 nmethod 8544 0x0000019c6d0ad790 code [0x0000019c6d0ad9a0, 0x0000019c6d0adcd8]

GC Heap History (20 events):
Event: 7.435 GC heap after
{Heap after GC invocations=22 (full 0):
 garbage-first heap   total 107520K, used 55572K [0x0000000080000000, 0x0000000100000000)
  region size 1024K, 3 young (3072K), 3 survivors (3072K)
 Metaspace       used 64813K, committed 65280K, reserved 1105920K
  class space    used 8564K, committed 8768K, reserved 1048576K
}
Event: 7.662 GC heap before
{Heap before GC invocations=22 (full 0):
 garbage-first heap   total 107520K, used 78100K [0x0000000080000000, 0x0000000100000000)
  region size 1024K, 26 young (26624K), 3 survivors (3072K)
 Metaspace       used 66841K, committed 67328K, reserved 1114112K
  class space    used 8828K, committed 9024K, reserved 1048576K
}
Event: 7.665 GC heap after
{Heap after GC invocations=23 (full 0):
 garbage-first heap   total 107520K, used 57432K [0x0000000080000000, 0x0000000100000000)
  region size 1024K, 4 young (4096K), 4 survivors (4096K)
 Metaspace       used 66841K, committed 67328K, reserved 1114112K
  class space    used 8828K, committed 9024K, reserved 1048576K
}
Event: 7.795 GC heap before
{Heap before GC invocations=24 (full 0):
 garbage-first heap   total 107520K, used 79960K [0x0000000080000000, 0x0000000100000000)
  region size 1024K, 27 young (27648K), 4 survivors (4096K)
 Metaspace       used 67058K, committed 67584K, reserved 1114112K
  class space    used 8869K, committed 9088K, reserved 1048576K
}
Event: 7.799 GC heap after
{Heap after GC invocations=25 (full 0):
 garbage-first heap   total 107520K, used 58316K [0x0000000080000000, 0x0000000100000000)
  region size 1024K, 4 young (4096K), 4 survivors (4096K)
 Metaspace       used 67058K, committed 67584K, reserved 1114112K
  class space    used 8869K, committed 9088K, reserved 1048576K
}
Event: 7.804 GC heap before
{Heap before GC invocations=25 (full 0):
 garbage-first heap   total 107520K, used 59340K [0x0000000080000000, 0x0000000100000000)
  region size 1024K, 5 young (5120K), 4 survivors (4096K)
 Metaspace       used 67060K, committed 67584K, reserved 1114112K
  class space    used 8869K, committed 9088K, reserved 1048576K
}
Event: 7.806 GC heap after
{Heap after GC invocations=26 (full 0):
 garbage-first heap   total 129024K, used 58444K [0x0000000080000000, 0x0000000100000000)
  region size 1024K, 1 young (1024K), 1 survivors (1024K)
 Metaspace       used 67060K, committed 67584K, reserved 1114112K
  class space    used 8869K, committed 9088K, reserved 1048576K
}
Event: 8.041 GC heap before
{Heap before GC invocations=26 (full 0):
 garbage-first heap   total 129024K, used 88140K [0x0000000080000000, 0x0000000100000000)
  region size 1024K, 31 young (31744K), 1 survivors (1024K)
 Metaspace       used 68992K, committed 69568K, reserved 1114112K
  class space    used 9132K, committed 9344K, reserved 1048576K
}
Event: 8.044 GC heap after
{Heap after GC invocations=27 (full 0):
 garbage-first heap   total 129024K, used 60370K [0x0000000080000000, 0x0000000100000000)
  region size 1024K, 3 young (3072K), 3 survivors (3072K)
 Metaspace       used 68992K, committed 69568K, reserved 1114112K
  class space    used 9132K, committed 9344K, reserved 1048576K
}
Event: 8.551 GC heap before
{Heap before GC invocations=28 (full 0):
 garbage-first heap   total 129024K, used 98258K [0x0000000080000000, 0x0000000100000000)
  region size 1024K, 39 young (39936K), 3 survivors (3072K)
 Metaspace       used 73463K, committed 74112K, reserved 1114112K
  class space    used 9933K, committed 10240K, reserved 1048576K
}
Event: 8.555 GC heap after
{Heap after GC invocations=29 (full 0):
 garbage-first heap   total 129024K, used 62187K [0x0000000080000000, 0x0000000100000000)
  region size 1024K, 5 young (5120K), 5 survivors (5120K)
 Metaspace       used 73463K, committed 74112K, reserved 1114112K
  class space    used 9933K, committed 10240K, reserved 1048576K
}
Event: 8.566 GC heap before
{Heap before GC invocations=29 (full 0):
 garbage-first heap   total 129024K, used 63211K [0x0000000080000000, 0x0000000100000000)
  region size 1024K, 6 young (6144K), 5 survivors (5120K)
 Metaspace       used 73579K, committed 74176K, reserved 1114112K
  class space    used 9955K, committed 10240K, reserved 1048576K
}
Event: 8.571 GC heap after
{Heap after GC invocations=30 (full 0):
 garbage-first heap   total 129024K, used 62137K [0x0000000080000000, 0x0000000100000000)
  region size 1024K, 1 young (1024K), 1 survivors (1024K)
 Metaspace       used 73579K, committed 74176K, reserved 1114112K
  class space    used 9955K, committed 10240K, reserved 1048576K
}
Event: 8.765 GC heap before
{Heap before GC invocations=30 (full 0):
 garbage-first heap   total 129024K, used 100025K [0x0000000080000000, 0x0000000100000000)
  region size 1024K, 38 young (38912K), 1 survivors (1024K)
 Metaspace       used 74452K, committed 75072K, reserved 1114112K
  class space    used 10094K, committed 10368K, reserved 1048576K
}
Event: 8.768 GC heap after
{Heap after GC invocations=31 (full 0):
 garbage-first heap   total 129024K, used 64819K [0x0000000080000000, 0x0000000100000000)
  region size 1024K, 4 young (4096K), 4 survivors (4096K)
 Metaspace       used 74452K, committed 75072K, reserved 1114112K
  class space    used 10094K, committed 10368K, reserved 1048576K
}
Event: 9.363 GC heap before
{Heap before GC invocations=32 (full 0):
 garbage-first heap   total 129024K, used 101683K [0x0000000080000000, 0x0000000100000000)
  region size 1024K, 40 young (40960K), 4 survivors (4096K)
 Metaspace       used 78268K, committed 78784K, reserved 1122304K
  class space    used 10654K, committed 10880K, reserved 1048576K
}
Event: 9.370 GC heap after
{Heap after GC invocations=33 (full 0):
 garbage-first heap   total 129024K, used 67713K [0x0000000080000000, 0x0000000100000000)
  region size 1024K, 3 young (3072K), 3 survivors (3072K)
 Metaspace       used 78268K, committed 78784K, reserved 1122304K
  class space    used 10654K, committed 10880K, reserved 1048576K
}
Event: 10.073 GC heap before
{Heap before GC invocations=33 (full 0):
 garbage-first heap   total 129024K, used 102529K [0x0000000080000000, 0x0000000100000000)
  region size 1024K, 37 young (37888K), 3 survivors (3072K)
 Metaspace       used 81856K, committed 82496K, reserved 1122304K
  class space    used 11164K, committed 11456K, reserved 1048576K
}
Event: 10.080 GC heap after
{Heap after GC invocations=34 (full 0):
 garbage-first heap   total 129024K, used 70894K [0x0000000080000000, 0x0000000100000000)
  region size 1024K, 4 young (4096K), 4 survivors (4096K)
 Metaspace       used 81856K, committed 82496K, reserved 1122304K
  class space    used 11164K, committed 11456K, reserved 1048576K
}
Event: 10.493 GC heap before
{Heap before GC invocations=34 (full 0):
 garbage-first heap   total 129024K, used 104686K [0x0000000080000000, 0x0000000100000000)
  region size 1024K, 37 young (37888K), 4 survivors (4096K)
 Metaspace       used 82546K, committed 83264K, reserved 1122304K
  class space    used 11248K, committed 11584K, reserved 1048576K
}

Dll operation events (2 events):
Event: 0.013 Loaded shared library C:\Program Files\Android\Android Studio\jbr\bin\java.dll
Event: 0.409 Loaded shared library C:\Program Files\Android\Android Studio\jbr\bin\verify.dll

Deoptimization events (20 events):
Event: 9.947 Thread 0x0000019c04b569f0 DEOPT PACKING pc=0x0000019c6cdf8a9c sp=0x0000008b219f8b30
Event: 9.947 Thread 0x0000019c04b569f0 DEOPT UNPACKING pc=0x0000019c73787143 sp=0x0000008b219f80f8 mode 0
Event: 10.032 Thread 0x0000019c04b569f0 Uncommon trap: trap_request=0xffffff45 fr.pc=0x0000019c73fd9154 relative=0x0000000000000774
Event: 10.032 Thread 0x0000019c04b569f0 Uncommon trap: reason=unstable_if action=reinterpret pc=0x0000019c73fd9154 method=java.util.HashMap.putVal(ILjava/lang/Object;Ljava/lang/Object;ZZ)Ljava/lang/Object; @ 109 c2
Event: 10.032 Thread 0x0000019c04b569f0 DEOPT PACKING pc=0x0000019c73fd9154 sp=0x0000008b219f8c40
Event: 10.032 Thread 0x0000019c04b569f0 DEOPT UNPACKING pc=0x0000019c737869a3 sp=0x0000008b219f8b58 mode 2
Event: 10.032 Thread 0x0000019c04b569f0 Uncommon trap: trap_request=0xffffff45 fr.pc=0x0000019c73e51be0 relative=0x0000000000000700
Event: 10.032 Thread 0x0000019c04b569f0 Uncommon trap: reason=unstable_if action=reinterpret pc=0x0000019c73e51be0 method=java.util.HashMap.putVal(ILjava/lang/Object;Ljava/lang/Object;ZZ)Ljava/lang/Object; @ 109 c2
Event: 10.032 Thread 0x0000019c04b569f0 DEOPT PACKING pc=0x0000019c73e51be0 sp=0x0000008b219f8b90
Event: 10.032 Thread 0x0000019c04b569f0 DEOPT UNPACKING pc=0x0000019c737869a3 sp=0x0000008b219f8b48 mode 2
Event: 10.177 Thread 0x0000019c04b569f0 Uncommon trap: trap_request=0xffffff45 fr.pc=0x0000019c740cadc4 relative=0x0000000000000684
Event: 10.177 Thread 0x0000019c04b569f0 Uncommon trap: reason=unstable_if action=reinterpret pc=0x0000019c740cadc4 method=java.util.HashMap$HashIterator.<init>(Ljava/util/HashMap;)V @ 45 c2
Event: 10.177 Thread 0x0000019c04b569f0 DEOPT PACKING pc=0x0000019c740cadc4 sp=0x0000008b219fb980
Event: 10.177 Thread 0x0000019c04b569f0 DEOPT UNPACKING pc=0x0000019c737869a3 sp=0x0000008b219fb810 mode 2
Event: 10.443 Thread 0x0000019c04b569f0 DEOPT PACKING pc=0x0000019c6ce7b2f6 sp=0x0000008b219f7c30
Event: 10.443 Thread 0x0000019c04b569f0 DEOPT UNPACKING pc=0x0000019c73787143 sp=0x0000008b219f7180 mode 0
Event: 10.466 Thread 0x0000019c04b569f0 DEOPT PACKING pc=0x0000019c6ce68308 sp=0x0000008b219f7db0
Event: 10.466 Thread 0x0000019c04b569f0 DEOPT UNPACKING pc=0x0000019c73787143 sp=0x0000008b219f7260 mode 0
Event: 10.480 Thread 0x0000019c04b569f0 DEOPT PACKING pc=0x0000019c6c8226db sp=0x0000008b219f7a60
Event: 10.480 Thread 0x0000019c04b569f0 DEOPT UNPACKING pc=0x0000019c73787143 sp=0x0000008b219f6ef0 mode 0

Classes unloaded (0 events):
No events

Classes redefined (0 events):
No events

Internal exceptions (20 events):
Event: 10.449 Thread 0x0000019c04b569f0 Exception <a 'java/lang/ClassNotFoundException'{0x000000008616d710}: com/android/build/gradle/tasks/MergeSourceSetFolders_DecoratedBeanInfo> (0x000000008616d710) 
thrown [s\src\hotspot\share\classfile\systemDictionary.cpp, line 256]
Event: 10.450 Thread 0x0000019c04b569f0 Exception <a 'java/lang/ClassNotFoundException'{0x0000000086179118}: com/android/build/gradle/tasks/MergeSourceSetFoldersBeanInfo> (0x0000000086179118) 
thrown [s\src\hotspot\share\classfile\systemDictionary.cpp, line 256]
Event: 10.451 Thread 0x0000019c04b569f0 Exception <a 'java/lang/ClassNotFoundException'{0x0000000086184b40}: com/android/build/gradle/tasks/MergeSourceSetFoldersCustomizer> (0x0000000086184b40) 
thrown [s\src\hotspot\share\classfile\systemDictionary.cpp, line 256]
Event: 10.453 Thread 0x0000019c04b569f0 Exception <a 'java/lang/ClassNotFoundException'{0x00000000861b2878}: com/android/build/gradle/tasks/MergeSourceSetFolders_DecoratedCustomizer> (0x00000000861b2878) 
thrown [s\src\hotspot\share\classfile\systemDictionary.cpp, line 256]
Event: 10.459 Thread 0x0000019c04b569f0 Exception <a 'java/lang/ClassNotFoundException'{0x000000008604ee38}: com/android/build/gradle/tasks/ShaderCompile_DecoratedBeanInfo> (0x000000008604ee38) 
thrown [s\src\hotspot\share\classfile\systemDictionary.cpp, line 256]
Event: 10.459 Thread 0x0000019c04b569f0 Exception <a 'java/lang/ClassNotFoundException'{0x000000008605a750}: com/android/build/gradle/tasks/ShaderCompileBeanInfo> (0x000000008605a750) 
thrown [s\src\hotspot\share\classfile\systemDictionary.cpp, line 256]
Event: 10.460 Thread 0x0000019c04b569f0 Exception <a 'java/lang/ClassNotFoundException'{0x0000000086065da0}: com/android/build/gradle/tasks/ShaderCompileCustomizer> (0x0000000086065da0) 
thrown [s\src\hotspot\share\classfile\systemDictionary.cpp, line 256]
Event: 10.461 Thread 0x0000019c04b569f0 Exception <a 'java/lang/ClassNotFoundException'{0x000000008608f628}: com/android/build/gradle/tasks/ShaderCompile_DecoratedCustomizer> (0x000000008608f628) 
thrown [s\src\hotspot\share\classfile\systemDictionary.cpp, line 256]
Event: 10.467 Thread 0x0000019c04b569f0 Exception <a 'java/lang/ClassNotFoundException'{0x0000000085f254e8}: com/android/build/gradle/internal/tasks/CompressAssetsTask_DecoratedBeanInfo> (0x0000000085f254e8) 
thrown [s\src\hotspot\share\classfile\systemDictionary.cpp, line 256]
Event: 10.468 Thread 0x0000019c04b569f0 Exception <a 'java/lang/ClassNotFoundException'{0x0000000085f310d0}: com/android/build/gradle/internal/tasks/CompressAssetsTaskBeanInfo> (0x0000000085f310d0) 
thrown [s\src\hotspot\share\classfile\systemDictionary.cpp, line 256]
Event: 10.469 Thread 0x0000019c04b569f0 Exception <a 'java/lang/ClassNotFoundException'{0x0000000085f3c9f8}: com/android/build/gradle/internal/tasks/CompressAssetsTaskCustomizer> (0x0000000085f3c9f8) 
thrown [s\src\hotspot\share\classfile\systemDictionary.cpp, line 256]
Event: 10.470 Thread 0x0000019c04b569f0 Exception <a 'java/lang/ClassNotFoundException'{0x0000000085f5e960}: com/android/build/gradle/internal/tasks/CompressAssetsTask_DecoratedCustomizer> (0x0000000085f5e960) 
thrown [s\src\hotspot\share\classfile\systemDictionary.cpp, line 256]
Event: 10.481 Thread 0x0000019c04b569f0 Exception <a 'java/lang/ClassNotFoundException'{0x0000000085e9f390}: com/android/build/gradle/internal/tasks/ProcessJavaResTask_DecoratedBeanInfo> (0x0000000085e9f390) 
thrown [s\src\hotspot\share\classfile\systemDictionary.cpp, line 256]
Event: 10.482 Thread 0x0000019c04b569f0 Exception <a 'java/lang/ClassNotFoundException'{0x0000000085eaaf78}: com/android/build/gradle/internal/tasks/ProcessJavaResTaskBeanInfo> (0x0000000085eaaf78) 
thrown [s\src\hotspot\share\classfile\systemDictionary.cpp, line 256]
Event: 10.483 Thread 0x0000019c04b569f0 Exception <a 'java/lang/ClassNotFoundException'{0x0000000085eb5ff8}: org/gradle/api/tasks/SyncBeanInfo> (0x0000000085eb5ff8) 
thrown [s\src\hotspot\share\classfile\systemDictionary.cpp, line 256]
Event: 10.483 Thread 0x0000019c04b569f0 Exception <a 'java/lang/ClassNotFoundException'{0x0000000085ec13e0}: org/gradle/api/tasks/AbstractCopyTaskBeanInfo> (0x0000000085ec13e0) 
thrown [s\src\hotspot\share\classfile\systemDictionary.cpp, line 256]
Event: 10.484 Thread 0x0000019c04b569f0 Exception <a 'java/lang/ClassNotFoundException'{0x0000000085ecca88}: org/gradle/api/tasks/AbstractCopyTaskCustomizer> (0x0000000085ecca88) 
thrown [s\src\hotspot\share\classfile\systemDictionary.cpp, line 256]
Event: 10.487 Thread 0x0000019c04b569f0 Exception <a 'java/lang/ClassNotFoundException'{0x0000000085d45a40}: org/gradle/api/tasks/SyncCustomizer> (0x0000000085d45a40) 
thrown [s\src\hotspot\share\classfile\systemDictionary.cpp, line 256]
Event: 10.488 Thread 0x0000019c04b569f0 Exception <a 'java/lang/ClassNotFoundException'{0x0000000085d691c0}: com/android/build/gradle/internal/tasks/ProcessJavaResTaskCustomizer> (0x0000000085d691c0) 
thrown [s\src\hotspot\share\classfile\systemDictionary.cpp, line 256]
Event: 10.490 Thread 0x0000019c04b569f0 Exception <a 'java/lang/ClassNotFoundException'{0x0000000085d8d558}: com/android/build/gradle/internal/tasks/ProcessJavaResTask_DecoratedCustomizer> (0x0000000085d8d558) 
thrown [s\src\hotspot\share\classfile\systemDictionary.cpp, line 256]

VM Operations (20 events):
Event: 8.860 Executing VM operation: G1Concurrent done
Event: 9.018 Executing VM operation: HandshakeAllThreads
Event: 9.018 Executing VM operation: HandshakeAllThreads done
Event: 9.035 Executing VM operation: ICBufferFull
Event: 9.035 Executing VM operation: ICBufferFull done
Event: 9.277 Executing VM operation: HandshakeAllThreads
Event: 9.277 Executing VM operation: HandshakeAllThreads done
Event: 9.363 Executing VM operation: G1CollectForAllocation
Event: 9.370 Executing VM operation: G1CollectForAllocation done
Event: 9.798 Executing VM operation: HandshakeAllThreads
Event: 9.798 Executing VM operation: HandshakeAllThreads done
Event: 9.854 Executing VM operation: HandshakeAllThreads
Event: 9.854 Executing VM operation: HandshakeAllThreads done
Event: 9.906 Executing VM operation: ICBufferFull
Event: 9.906 Executing VM operation: ICBufferFull done
Event: 9.971 Executing VM operation: HandshakeAllThreads
Event: 9.971 Executing VM operation: HandshakeAllThreads done
Event: 10.072 Executing VM operation: G1CollectForAllocation
Event: 10.080 Executing VM operation: G1CollectForAllocation done
Event: 10.493 Executing VM operation: G1CollectForAllocation

Events (20 events):
Event: 9.842 loading class java/util/EnumMap$EnumMapIterator done
Event: 9.842 loading class java/util/EnumMap$EntryIterator done
Event: 9.842 loading class java/util/EnumMap$EntryIterator$Entry
Event: 9.842 loading class java/util/EnumMap$EntryIterator$Entry done
Event: 9.851 loading class jdk/internal/reflect/UnsafeBooleanFieldAccessorImpl
Event: 9.851 loading class jdk/internal/reflect/UnsafeBooleanFieldAccessorImpl done
Event: 10.163 loading class java/util/IdentityHashMap$KeyIterator
Event: 10.163 loading class java/util/IdentityHashMap$IdentityHashMapIterator
Event: 10.164 loading class java/util/IdentityHashMap$IdentityHashMapIterator done
Event: 10.164 loading class java/util/IdentityHashMap$KeyIterator done
Event: 10.277 loading class java/lang/ClassBeanInfo
Event: 10.277 loading class java/lang/ClassBeanInfo done
Event: 10.278 loading class java/lang/ClassBeanInfo
Event: 10.278 loading class java/lang/ClassBeanInfo done
Event: 10.278 loading class java/lang/ClassCustomizer
Event: 10.278 loading class java/lang/ClassCustomizer done
Event: 10.278 loading class java/lang/ClassCustomizer
Event: 10.278 loading class java/lang/ClassCustomizer done
Event: 10.485 loading class java/io/FilterReader
Event: 10.485 loading class java/io/FilterReader done


Dynamic libraries:
0x00007ff63efa0000 - 0x00007ff63efaa000 	C:\Program Files\Android\Android Studio\jbr\bin\java.exe
0x00007ffbd6d50000 - 0x00007ffbd6f64000 	C:\WINDOWS\SYSTEM32\ntdll.dll
0x00007ffbd5dc0000 - 0x00007ffbd5e84000 	C:\WINDOWS\System32\KERNEL32.DLL
0x00007ffbd43a0000 - 0x00007ffbd4744000 	C:\WINDOWS\System32\KERNELBASE.dll
0x00007ffbd4750000 - 0x00007ffbd4861000 	C:\WINDOWS\System32\ucrtbase.dll
0x00007ffbca320000 - 0x00007ffbca337000 	C:\Program Files\Android\Android Studio\jbr\bin\jli.dll
0x00007ffbcb390000 - 0x00007ffbcb3ab000 	C:\Program Files\Android\Android Studio\jbr\bin\VCRUNTIME140.dll
0x00007ffbd5480000 - 0x00007ffbd562a000 	C:\WINDOWS\System32\USER32.dll
0x00007ffbd4130000 - 0x00007ffbd4156000 	C:\WINDOWS\System32\win32u.dll
0x00007ffbd5630000 - 0x00007ffbd5659000 	C:\WINDOWS\System32\GDI32.dll
0x00007ffbd41e0000 - 0x00007ffbd42f9000 	C:\WINDOWS\System32\gdi32full.dll
0x00007ffbd4300000 - 0x00007ffbd439a000 	C:\WINDOWS\System32\msvcp_win.dll
0x00007ffbb8b80000 - 0x00007ffbb8e0f000 	C:\WINDOWS\WinSxS\amd64_microsoft.windows.common-controls_6595b64144ccf1df_6.0.22621.2070_none_2713e6537381f706\COMCTL32.dll
0x00007ffbd6c60000 - 0x00007ffbd6d07000 	C:\WINDOWS\System32\msvcrt.dll
0x00007ffbd5d80000 - 0x00007ffbd5db1000 	C:\WINDOWS\System32\IMM32.DLL
0x00007ffbcb2f0000 - 0x00007ffbcb2fc000 	C:\Program Files\Android\Android Studio\jbr\bin\vcruntime140_1.dll
0x00007ffba1970000 - 0x00007ffba19fd000 	C:\Program Files\Android\Android Studio\jbr\bin\msvcp140.dll
0x00007ffb5dcf0000 - 0x00007ffb5e95e000 	C:\Program Files\Android\Android Studio\jbr\bin\server\jvm.dll
0x00007ffbd5fa0000 - 0x00007ffbd6050000 	C:\WINDOWS\System32\ADVAPI32.dll
0x00007ffbd6050000 - 0x00007ffbd60f6000 	C:\WINDOWS\System32\sechost.dll
0x00007ffbd4fe0000 - 0x00007ffbd50f7000 	C:\WINDOWS\System32\RPCRT4.dll
0x00007ffbc98c0000 - 0x00007ffbc98f4000 	C:\WINDOWS\SYSTEM32\WINMM.dll
0x00007ffbcb310000 - 0x00007ffbcb319000 	C:\WINDOWS\SYSTEM32\WSOCK32.dll
0x00007ffbd6360000 - 0x00007ffbd63d1000 	C:\WINDOWS\System32\WS2_32.dll
0x00007ffbc9410000 - 0x00007ffbc941a000 	C:\WINDOWS\SYSTEM32\VERSION.dll
0x00007ffbd3210000 - 0x00007ffbd3228000 	C:\WINDOWS\SYSTEM32\kernel.appcore.dll
0x00007ffbcacf0000 - 0x00007ffbcacfa000 	C:\Program Files\Android\Android Studio\jbr\bin\jimage.dll
0x00007ffbd1b20000 - 0x00007ffbd1d4e000 	C:\WINDOWS\SYSTEM32\DBGHELP.DLL
0x00007ffbd4bc0000 - 0x00007ffbd4f4a000 	C:\WINDOWS\System32\combase.dll
0x00007ffbd5320000 - 0x00007ffbd53f7000 	C:\WINDOWS\System32\OLEAUT32.dll
0x00007ffbb7660000 - 0x00007ffbb7692000 	C:\WINDOWS\SYSTEM32\dbgcore.DLL
0x00007ffbd4160000 - 0x00007ffbd41da000 	C:\WINDOWS\System32\bcryptPrimitives.dll
0x00007ffbca460000 - 0x00007ffbca485000 	C:\Program Files\Android\Android Studio\jbr\bin\java.dll
0x00007ffbcaa90000 - 0x00007ffbcaaa8000 	C:\Program Files\Android\Android Studio\jbr\bin\zip.dll
0x00007ffbd63f0000 - 0x00007ffbd6c06000 	C:\WINDOWS\System32\SHELL32.dll
0x00007ffbd2110000 - 0x00007ffbd29fa000 	C:\WINDOWS\SYSTEM32\windows.storage.dll
0x00007ffbd1fd0000 - 0x00007ffbd210e000 	C:\WINDOWS\SYSTEM32\wintypes.dll
0x00007ffbd5660000 - 0x00007ffbd5753000 	C:\WINDOWS\System32\SHCORE.dll
0x00007ffbd5100000 - 0x00007ffbd515e000 	C:\WINDOWS\System32\shlwapi.dll
0x00007ffbd4060000 - 0x00007ffbd4086000 	C:\WINDOWS\SYSTEM32\profapi.dll
0x00007ffbca8e0000 - 0x00007ffbca8f9000 	C:\Program Files\Android\Android Studio\jbr\bin\net.dll
0x00007ffbcd440000 - 0x00007ffbcd577000 	C:\WINDOWS\SYSTEM32\WINHTTP.dll
0x00007ffbd36e0000 - 0x00007ffbd3749000 	C:\WINDOWS\system32\mswsock.dll
0x00007ffbca660000 - 0x00007ffbca676000 	C:\Program Files\Android\Android Studio\jbr\bin\nio.dll
0x00007ffbcaa70000 - 0x00007ffbcaa80000 	C:\Program Files\Android\Android Studio\jbr\bin\verify.dll
0x00007ffbbb870000 - 0x00007ffbbb897000 	C:\Users\varda maghoo\.gradle\native\68d5fa5c4cc2d200863cafc0d521ce42e7d3e7ee720ec0a83991735586a16f82\windows-amd64\native-platform.dll
0x00007ffb93c50000 - 0x00007ffb93d94000 	C:\Users\varda maghoo\.gradle\native\e376f236ea51e6404a007f0833ffe2c6e607c4080706a723a18a27aeea778392\windows-amd64\native-platform-file-events.dll
0x00007ffbcaa50000 - 0x00007ffbcaa59000 	C:\Program Files\Android\Android Studio\jbr\bin\management.dll
0x00007ffbca380000 - 0x00007ffbca38b000 	C:\Program Files\Android\Android Studio\jbr\bin\management_ext.dll
0x00007ffbd63e0000 - 0x00007ffbd63e8000 	C:\WINDOWS\System32\PSAPI.DLL
0x00007ffbd3940000 - 0x00007ffbd395b000 	C:\WINDOWS\SYSTEM32\CRYPTSP.dll
0x00007ffbd31d0000 - 0x00007ffbd3205000 	C:\WINDOWS\system32\rsaenh.dll
0x00007ffbd37d0000 - 0x00007ffbd37fc000 	C:\WINDOWS\SYSTEM32\USERENV.dll
0x00007ffbd3ad0000 - 0x00007ffbd3af8000 	C:\WINDOWS\SYSTEM32\bcrypt.dll
0x00007ffbd3930000 - 0x00007ffbd393c000 	C:\WINDOWS\SYSTEM32\CRYPTBASE.dll
0x00007ffbd2cd0000 - 0x00007ffbd2cfd000 	C:\WINDOWS\SYSTEM32\IPHLPAPI.DLL
0x00007ffbd6100000 - 0x00007ffbd6109000 	C:\WINDOWS\System32\NSI.dll
0x00007ffbc9420000 - 0x00007ffbc9439000 	C:\WINDOWS\SYSTEM32\dhcpcsvc6.DLL
0x00007ffbc8ef0000 - 0x00007ffbc8f0f000 	C:\WINDOWS\SYSTEM32\dhcpcsvc.DLL
0x00007ffbd2d00000 - 0x00007ffbd2df3000 	C:\WINDOWS\SYSTEM32\DNSAPI.dll
0x00007ffbcaa80000 - 0x00007ffbcaa88000 	C:\WINDOWS\system32\wshunix.dll

dbghelp: loaded successfully - version: 4.0.5 - missing functions: none
symbol engine: initialized successfully - sym options: 0x614 - pdb path: .;C:\Program Files\Android\Android Studio\jbr\bin;C:\WINDOWS\SYSTEM32;C:\WINDOWS\WinSxS\amd64_microsoft.windows.common-controls_6595b64144ccf1df_6.0.22621.2070_none_2713e6537381f706;C:\Program Files\Android\Android Studio\jbr\bin\server;C:\Users\varda maghoo\.gradle\native\68d5fa5c4cc2d200863cafc0d521ce42e7d3e7ee720ec0a83991735586a16f82\windows-amd64;C:\Users\varda maghoo\.gradle\native\e376f236ea51e6404a007f0833ffe2c6e607c4080706a723a18a27aeea778392\windows-amd64

VM Arguments:
jvm_args: --add-opens=java.base/java.util=ALL-UNNAMED --add-opens=java.base/java.lang=ALL-UNNAMED --add-opens=java.base/java.lang.invoke=ALL-UNNAMED --add-opens=java.prefs/java.util.prefs=ALL-UNNAMED --add-opens=java.base/java.nio.charset=ALL-UNNAMED --add-opens=java.base/java.net=ALL-UNNAMED --add-opens=java.base/java.util.concurrent.atomic=ALL-UNNAMED -Xmx2048m -Dfile.encoding=UTF-8 -Duser.country=GB -Duser.language=en -Duser.variant 
java_command: org.gradle.launcher.daemon.bootstrap.GradleDaemon 8.0
java_class_path (initial): C:\Users\varda maghoo\.gradle\wrapper\dists\gradle-8.0-bin\ca5e32bp14vu59qr306oxotwh\gradle-8.0\lib\gradle-launcher-8.0.jar
Launcher Type: SUN_STANDARD

[Global flags]
     intx CICompilerCount                          = 4                                         {product} {ergonomic}
     uint ConcGCThreads                            = 2                                         {product} {ergonomic}
     uint G1ConcRefinementThreads                  = 8                                         {product} {ergonomic}
   size_t G1HeapRegionSize                         = 1048576                                   {product} {ergonomic}
    uintx GCDrainStackTargetSize                   = 64                                        {product} {ergonomic}
   size_t InitialHeapSize                          = 132120576                                 {product} {ergonomic}
   size_t MarkStackSize                            = 4194304                                   {product} {ergonomic}
   size_t MaxHeapSize                              = 2147483648                                {product} {command line}
   size_t MaxNewSize                               = 1287651328                                {product} {ergonomic}
   size_t MinHeapDeltaBytes                        = 1048576                                   {product} {ergonomic}
   size_t MinHeapSize                              = 8388608                                   {product} {ergonomic}
    uintx NonNMethodCodeHeapSize                   = 5839372                                {pd product} {ergonomic}
    uintx NonProfiledCodeHeapSize                  = 122909434                              {pd product} {ergonomic}
    uintx ProfiledCodeHeapSize                     = 122909434                              {pd product} {ergonomic}
    uintx ReservedCodeCacheSize                    = 251658240                              {pd product} {ergonomic}
     bool SegmentedCodeCache                       = true                                      {product} {ergonomic}
   size_t SoftMaxHeapSize                          = 2147483648                             {manageable} {ergonomic}
     bool UseCompressedClassPointers               = true                           {product lp64_product} {ergonomic}
     bool UseCompressedOops                        = true                           {product lp64_product} {ergonomic}
     bool UseG1GC                                  = true                                      {product} {ergonomic}
     bool UseLargePagesIndividualAllocation        = false                                  {pd product} {ergonomic}

Logging:
Log output configuration:
 #0: stdout all=warning uptime,level,tags
 #1: stderr all=off uptime,level,tags

Environment Variables:
JAVA_HOME=C:\Java\jdk-20
PATH=C:\Program Files\Common Files\Oracle\Java\javapath;C:\WINDOWS\system32;C:\WINDOWS;C:\WINDOWS\System32\Wbem;C:\WINDOWS\System32\WindowsPowerShell\v1.0\;C:\WINDOWS\System32\OpenSSH\;C:\Program Files\Git\cmd;C:\Users\varda maghoo\AppData\Local\Programs\Python\Python310;C:\Users\varda maghoo\AppData\Local\Programs\Python\Python310\Scripts;%SPARK_HOME%\bin;%HADOOP_HOME%\bin;D:\NodeJS\;C:\Users\varda maghoo\AppData\Local\Microsoft\WindowsApps;D:\Microsoft VS Code\bin;C:\spark\spark-3.4.1-bin-hadoop3\bin;C:\Hadoop\bin;C:\Java\jdk-20\bin;C:\Users\varda maghoo\AppData\Roaming\npm
USERNAME=varda maghoo
OS=Windows_NT
PROCESSOR_IDENTIFIER=Intel64 Family 6 Model 142 Stepping 12, GenuineIntel
TMP=C:\Users\VARDAM~1\AppData\Local\Temp
TEMP=C:\Users\VARDAM~1\AppData\Local\Temp


JNI global refs:
JNI global refs: 24, weak refs: 3

JNI global refs memory usage: 843, weak refs: 841


---------------  S Y S T E M  ---------------

OS:
 Windows 11 , 64 bit Build 22621 (10.0.22621.2070)
OS uptime: 1 days 22:33 hours

CPU: total 8 (initial active 8) (4 cores per cpu, 2 threads per core) family 6 model 142 stepping 12 microcode 0xde, cx8, cmov, fxsr, ht, mmx, 3dnowpref, sse, sse2, sse3, ssse3, sse4.1, sse4.2, popcnt, lzcnt, tsc, tscinvbit, avx, avx2, aes, erms, clmul, bmi1, bmi2, adx, fma, vzeroupper, clflush, clflushopt

Memory: 4k page, system-wide physical 8025M (254M free)
TotalPageFile size 21191M (AvailPageFile size 79M)
current process WorkingSet (physical memory assigned to process): 335M, peak: 356M
current process commit charge ("private bytes"): 384M, peak: 546M

vm_info: OpenJDK 64-Bit Server VM (17.0.6+0-b2043.56-10027231) for windows-amd64 JRE (17.0.6+0-b2043.56-10027231), built on Apr 28 2023 00:43:19 by "androidbuild" with MS VC++ 16.10 / 16.11 (VS2019)

END.
